
7-Zip [64] 16.02 : Copyright (c) 1999-2016 Igor Pavlov : 2016-05-21
p7zip Version 16.02 (locale=en_US.utf8,Utf16=on,HugeFiles=on,64 bits,96 CPUs Intel(R) Xeon(R) Platinum 8268 CPU @ 2.90GHz (50657),ASM,AES-NI)

Scanning the drive for archives:
1 file, 1215031 bytes (1187 KiB)

Extracting archive: 7z2106-src.7z
--
Path = 7z2106-src.7z
Type = 7z
Physical Size = 1215031
Headers Size = 20273
Method = LZMA:23
Solid = +
Blocks = 1

Everything is Ok

Files: 1242
Size:       8186206
Compressed: 1215031
mkdir -p _o
cc      -O2 -c -Wall -Werror -Wextra  -DNDEBUG -D_REENTRANT -D_FILE_OFFSET_BITS=64 -D_LARGEFILE_SOURCE -fPIC  -o _o/7zBuf2.o ../../../../C/7zBuf2.c
cc      -O2 -c -Wall -Werror -Wextra  -DNDEBUG -D_REENTRANT -D_FILE_OFFSET_BITS=64 -D_LARGEFILE_SOURCE -fPIC  -o _o/7zStream.o ../../../../C/7zStream.c
cc      -O2 -c -Wall -Werror -Wextra  -DNDEBUG -D_REENTRANT -D_FILE_OFFSET_BITS=64 -D_LARGEFILE_SOURCE -fPIC  -o _o/Alloc.o ../../../../C/Alloc.c
cc      -O2 -c -Wall -Werror -Wextra  -DNDEBUG -D_REENTRANT -D_FILE_OFFSET_BITS=64 -D_LARGEFILE_SOURCE -fPIC  -o _o/Bcj2.o ../../../../C/Bcj2.c
cc      -O2 -c -Wall -Werror -Wextra  -DNDEBUG -D_REENTRANT -D_FILE_OFFSET_BITS=64 -D_LARGEFILE_SOURCE -fPIC  -o _o/Bcj2Enc.o ../../../../C/Bcj2Enc.c
cc      -O2 -c -Wall -Werror -Wextra  -DNDEBUG -D_REENTRANT -D_FILE_OFFSET_BITS=64 -D_LARGEFILE_SOURCE -fPIC  -o _o/Blake2s.o ../../../../C/Blake2s.c
cc      -O2 -c -Wall -Werror -Wextra  -DNDEBUG -D_REENTRANT -D_FILE_OFFSET_BITS=64 -D_LARGEFILE_SOURCE -fPIC  -o _o/Bra.o ../../../../C/Bra.c
cc      -O2 -c -Wall -Werror -Wextra  -DNDEBUG -D_REENTRANT -D_FILE_OFFSET_BITS=64 -D_LARGEFILE_SOURCE -fPIC  -o _o/Bra86.o ../../../../C/Bra86.c
cc      -O2 -c -Wall -Werror -Wextra  -DNDEBUG -D_REENTRANT -D_FILE_OFFSET_BITS=64 -D_LARGEFILE_SOURCE -fPIC  -o _o/BraIA64.o ../../../../C/BraIA64.c
cc      -O2 -c -Wall -Werror -Wextra  -DNDEBUG -D_REENTRANT -D_FILE_OFFSET_BITS=64 -D_LARGEFILE_SOURCE -fPIC  -o _o/BwtSort.o ../../../../C/BwtSort.c
cc      -O2 -c -Wall -Werror -Wextra  -DNDEBUG -D_REENTRANT -D_FILE_OFFSET_BITS=64 -D_LARGEFILE_SOURCE -fPIC  -o _o/CpuArch.o ../../../../C/CpuArch.c
cc      -O2 -c -Wall -Werror -Wextra  -DNDEBUG -D_REENTRANT -D_FILE_OFFSET_BITS=64 -D_LARGEFILE_SOURCE -fPIC  -o _o/Delta.o ../../../../C/Delta.c
cc      -O2 -c -Wall -Werror -Wextra  -DNDEBUG -D_REENTRANT -D_FILE_OFFSET_BITS=64 -D_LARGEFILE_SOURCE -fPIC  -o _o/HuffEnc.o ../../../../C/HuffEnc.c
cc      -O2 -c -Wall -Werror -Wextra  -DNDEBUG -D_REENTRANT -D_FILE_OFFSET_BITS=64 -D_LARGEFILE_SOURCE -fPIC  -o _o/LzFind.o ../../../../C/LzFind.c
cc      -O2 -c -Wall -Werror -Wextra  -DNDEBUG -D_REENTRANT -D_FILE_OFFSET_BITS=64 -D_LARGEFILE_SOURCE -fPIC  -o _o/Lzma2Dec.o ../../../../C/Lzma2Dec.c
cc      -O2 -c -Wall -Werror -Wextra  -DNDEBUG -D_REENTRANT -D_FILE_OFFSET_BITS=64 -D_LARGEFILE_SOURCE -fPIC  -o _o/Lzma2DecMt.o ../../../../C/Lzma2DecMt.c
cc      -O2 -c -Wall -Werror -Wextra  -DNDEBUG -D_REENTRANT -D_FILE_OFFSET_BITS=64 -D_LARGEFILE_SOURCE -fPIC  -o _o/Lzma2Enc.o ../../../../C/Lzma2Enc.c
cc      -O2 -c -Wall -Werror -Wextra  -DNDEBUG -D_REENTRANT -D_FILE_OFFSET_BITS=64 -D_LARGEFILE_SOURCE -fPIC  -o _o/LzmaDec.o ../../../../C/LzmaDec.c
cc      -O2 -c -Wall -Werror -Wextra  -DNDEBUG -D_REENTRANT -D_FILE_OFFSET_BITS=64 -D_LARGEFILE_SOURCE -fPIC  -o _o/LzmaEnc.o ../../../../C/LzmaEnc.c
cc      -O2 -c -Wall -Werror -Wextra  -DNDEBUG -D_REENTRANT -D_FILE_OFFSET_BITS=64 -D_LARGEFILE_SOURCE -fPIC  -o _o/MtCoder.o ../../../../C/MtCoder.c
cc      -O2 -c -Wall -Werror -Wextra  -DNDEBUG -D_REENTRANT -D_FILE_OFFSET_BITS=64 -D_LARGEFILE_SOURCE -fPIC  -o _o/MtDec.o ../../../../C/MtDec.c
cc      -O2 -c -Wall -Werror -Wextra  -DNDEBUG -D_REENTRANT -D_FILE_OFFSET_BITS=64 -D_LARGEFILE_SOURCE -fPIC  -o _o/Ppmd7.o ../../../../C/Ppmd7.c
cc      -O2 -c -Wall -Werror -Wextra  -DNDEBUG -D_REENTRANT -D_FILE_OFFSET_BITS=64 -D_LARGEFILE_SOURCE -fPIC  -o _o/Ppmd7Dec.o ../../../../C/Ppmd7Dec.c
cc      -O2 -c -Wall -Werror -Wextra  -DNDEBUG -D_REENTRANT -D_FILE_OFFSET_BITS=64 -D_LARGEFILE_SOURCE -fPIC  -o _o/Ppmd7aDec.o ../../../../C/Ppmd7aDec.c
cc      -O2 -c -Wall -Werror -Wextra  -DNDEBUG -D_REENTRANT -D_FILE_OFFSET_BITS=64 -D_LARGEFILE_SOURCE -fPIC  -o _o/Ppmd7Enc.o ../../../../C/Ppmd7Enc.c
cc      -O2 -c -Wall -Werror -Wextra  -DNDEBUG -D_REENTRANT -D_FILE_OFFSET_BITS=64 -D_LARGEFILE_SOURCE -fPIC  -o _o/Ppmd8.o ../../../../C/Ppmd8.c
cc      -O2 -c -Wall -Werror -Wextra  -DNDEBUG -D_REENTRANT -D_FILE_OFFSET_BITS=64 -D_LARGEFILE_SOURCE -fPIC  -o _o/Ppmd8Dec.o ../../../../C/Ppmd8Dec.c
cc      -O2 -c -Wall -Werror -Wextra  -DNDEBUG -D_REENTRANT -D_FILE_OFFSET_BITS=64 -D_LARGEFILE_SOURCE -fPIC  -o _o/Ppmd8Enc.o ../../../../C/Ppmd8Enc.c
cc      -O2 -c -Wall -Werror -Wextra  -DNDEBUG -D_REENTRANT -D_FILE_OFFSET_BITS=64 -D_LARGEFILE_SOURCE -fPIC  -o _o/Sort.o ../../../../C/Sort.c
cc      -O2 -c -Wall -Werror -Wextra  -DNDEBUG -D_REENTRANT -D_FILE_OFFSET_BITS=64 -D_LARGEFILE_SOURCE -fPIC  -o _o/Xz.o ../../../../C/Xz.c
cc      -O2 -c -Wall -Werror -Wextra  -DNDEBUG -D_REENTRANT -D_FILE_OFFSET_BITS=64 -D_LARGEFILE_SOURCE -fPIC  -o _o/XzDec.o ../../../../C/XzDec.c
cc      -O2 -c -Wall -Werror -Wextra  -DNDEBUG -D_REENTRANT -D_FILE_OFFSET_BITS=64 -D_LARGEFILE_SOURCE -fPIC  -o _o/XzEnc.o ../../../../C/XzEnc.c
cc      -O2 -c -Wall -Werror -Wextra  -DNDEBUG -D_REENTRANT -D_FILE_OFFSET_BITS=64 -D_LARGEFILE_SOURCE -fPIC  -o _o/XzIn.o ../../../../C/XzIn.c
cc      -O2 -c -Wall -Werror -Wextra  -DNDEBUG -D_REENTRANT -D_FILE_OFFSET_BITS=64 -D_LARGEFILE_SOURCE -fPIC  -o _o/XzCrc64.o ../../../../C/XzCrc64.c
cc      -O2 -c -Wall -Werror -Wextra  -DNDEBUG -D_REENTRANT -D_FILE_OFFSET_BITS=64 -D_LARGEFILE_SOURCE -fPIC  -o _o/XzCrc64Opt.o ../../../../C/XzCrc64Opt.c
cc      -O2 -c -Wall -Werror -Wextra  -DNDEBUG -D_REENTRANT -D_FILE_OFFSET_BITS=64 -D_LARGEFILE_SOURCE -fPIC  -o _o/7zCrc.o ../../../../C/7zCrc.c
cc      -O2 -c -Wall -Werror -Wextra  -DNDEBUG -D_REENTRANT -D_FILE_OFFSET_BITS=64 -D_LARGEFILE_SOURCE -fPIC  -o _o/7zCrcOpt.o ../../../../C/7zCrcOpt.c
cc      -O2 -c -Wall -Werror -Wextra  -DNDEBUG -D_REENTRANT -D_FILE_OFFSET_BITS=64 -D_LARGEFILE_SOURCE -fPIC  -o _o/Aes.o ../../../../C/Aes.c
cc      -O2 -c -Wall -Werror -Wextra  -DNDEBUG -D_REENTRANT -D_FILE_OFFSET_BITS=64 -D_LARGEFILE_SOURCE -fPIC  -o _o/AesOpt.o ../../../../C/AesOpt.c
cc      -O2 -c -Wall -Werror -Wextra  -DNDEBUG -D_REENTRANT -D_FILE_OFFSET_BITS=64 -D_LARGEFILE_SOURCE -fPIC  -o _o/Sha256.o ../../../../C/Sha256.c
cc      -O2 -c -Wall -Werror -Wextra  -DNDEBUG -D_REENTRANT -D_FILE_OFFSET_BITS=64 -D_LARGEFILE_SOURCE -fPIC  -o _o/Sha256Opt.o ../../../../C/Sha256Opt.c
cc      -O2 -c -Wall -Werror -Wextra  -DNDEBUG -D_REENTRANT -D_FILE_OFFSET_BITS=64 -D_LARGEFILE_SOURCE -fPIC  -o _o/Sha1.o ../../../../C/Sha1.c
cc      -O2 -c -Wall -Werror -Wextra  -DNDEBUG -D_REENTRANT -D_FILE_OFFSET_BITS=64 -D_LARGEFILE_SOURCE -fPIC  -o _o/Sha1Opt.o ../../../../C/Sha1Opt.c
cc      -O2 -c -Wall -Werror -Wextra  -DNDEBUG -D_REENTRANT -D_FILE_OFFSET_BITS=64 -D_LARGEFILE_SOURCE -fPIC  -o _o/LzFindMt.o ../../../../C/LzFindMt.c
cc      -O2 -c -Wall -Werror -Wextra  -DNDEBUG -D_REENTRANT -D_FILE_OFFSET_BITS=64 -D_LARGEFILE_SOURCE -fPIC  -o _o/LzFindOpt.o ../../../../C/LzFindOpt.c
g++      -O2 -c -Wall -Werror -Wextra  -DNDEBUG -D_REENTRANT -D_FILE_OFFSET_BITS=64 -D_LARGEFILE_SOURCE -fPIC   -o _o/StreamBinder.o  ../../Common/StreamBinder.cpp
g++      -O2 -c -Wall -Werror -Wextra  -DNDEBUG -D_REENTRANT -D_FILE_OFFSET_BITS=64 -D_LARGEFILE_SOURCE -fPIC   -o _o/Synchronization.o  ../../../Windows/Synchronization.cpp
g++      -O2 -c -Wall -Werror -Wextra  -DNDEBUG -D_REENTRANT -D_FILE_OFFSET_BITS=64 -D_LARGEFILE_SOURCE -fPIC   -o _o/VirtThread.o  ../../Common/VirtThread.cpp
g++      -O2 -c -Wall -Werror -Wextra  -DNDEBUG -D_REENTRANT -D_FILE_OFFSET_BITS=64 -D_LARGEFILE_SOURCE -fPIC   -o _o/MemBlocks.o  ../../Common/MemBlocks.cpp
g++      -O2 -c -Wall -Werror -Wextra  -DNDEBUG -D_REENTRANT -D_FILE_OFFSET_BITS=64 -D_LARGEFILE_SOURCE -fPIC   -o _o/OutMemStream.o  ../../Common/OutMemStream.cpp
g++      -O2 -c -Wall -Werror -Wextra  -DNDEBUG -D_REENTRANT -D_FILE_OFFSET_BITS=64 -D_LARGEFILE_SOURCE -fPIC   -o _o/ProgressMt.o  ../../Common/ProgressMt.cpp
cc      -O2 -c -Wall -Werror -Wextra  -DNDEBUG -D_REENTRANT -D_FILE_OFFSET_BITS=64 -D_LARGEFILE_SOURCE -fPIC  -o _o/Threads.o ../../../../C/Threads.c
g++      -O2 -c -Wall -Werror -Wextra  -DNDEBUG -D_REENTRANT -D_FILE_OFFSET_BITS=64 -D_LARGEFILE_SOURCE -fPIC   -o _o/CRC.o  ../../../Common/CRC.cpp
g++      -O2 -c -Wall -Werror -Wextra  -DNDEBUG -D_REENTRANT -D_FILE_OFFSET_BITS=64 -D_LARGEFILE_SOURCE -fPIC   -o _o/CrcReg.o  ../../../Common/CrcReg.cpp
g++      -O2 -c -Wall -Werror -Wextra  -DNDEBUG -D_REENTRANT -D_FILE_OFFSET_BITS=64 -D_LARGEFILE_SOURCE -fPIC   -o _o/DynLimBuf.o  ../../../Common/DynLimBuf.cpp
g++      -O2 -c -Wall -Werror -Wextra  -DNDEBUG -D_REENTRANT -D_FILE_OFFSET_BITS=64 -D_LARGEFILE_SOURCE -fPIC   -o _o/IntToString.o  ../../../Common/IntToString.cpp
g++      -O2 -c -Wall -Werror -Wextra  -DNDEBUG -D_REENTRANT -D_FILE_OFFSET_BITS=64 -D_LARGEFILE_SOURCE -fPIC   -o _o/LzFindPrepare.o  ../../../Common/LzFindPrepare.cpp
g++      -O2 -c -Wall -Werror -Wextra  -DNDEBUG -D_REENTRANT -D_FILE_OFFSET_BITS=64 -D_LARGEFILE_SOURCE -fPIC   -o _o/MyMap.o  ../../../Common/MyMap.cpp
g++      -O2 -c -Wall -Werror -Wextra  -DNDEBUG -D_REENTRANT -D_FILE_OFFSET_BITS=64 -D_LARGEFILE_SOURCE -fPIC   -o _o/MyString.o  ../../../Common/MyString.cpp
g++      -O2 -c -Wall -Werror -Wextra  -DNDEBUG -D_REENTRANT -D_FILE_OFFSET_BITS=64 -D_LARGEFILE_SOURCE -fPIC   -o _o/MyVector.o  ../../../Common/MyVector.cpp
g++      -O2 -c -Wall -Werror -Wextra  -DNDEBUG -D_REENTRANT -D_FILE_OFFSET_BITS=64 -D_LARGEFILE_SOURCE -fPIC   -o _o/MyXml.o  ../../../Common/MyXml.cpp
g++      -O2 -c -Wall -Werror -Wextra  -DNDEBUG -D_REENTRANT -D_FILE_OFFSET_BITS=64 -D_LARGEFILE_SOURCE -fPIC   -o _o/NewHandler.o  ../../../Common/NewHandler.cpp
g++      -O2 -c -Wall -Werror -Wextra  -DNDEBUG -D_REENTRANT -D_FILE_OFFSET_BITS=64 -D_LARGEFILE_SOURCE -fPIC   -o _o/Sha1Prepare.o  ../../../Common/Sha1Prepare.cpp
g++      -O2 -c -Wall -Werror -Wextra  -DNDEBUG -D_REENTRANT -D_FILE_OFFSET_BITS=64 -D_LARGEFILE_SOURCE -fPIC   -o _o/Sha1Reg.o  ../../../Common/Sha1Reg.cpp
g++      -O2 -c -Wall -Werror -Wextra  -DNDEBUG -D_REENTRANT -D_FILE_OFFSET_BITS=64 -D_LARGEFILE_SOURCE -fPIC   -o _o/Sha256Prepare.o  ../../../Common/Sha256Prepare.cpp
g++      -O2 -c -Wall -Werror -Wextra  -DNDEBUG -D_REENTRANT -D_FILE_OFFSET_BITS=64 -D_LARGEFILE_SOURCE -fPIC   -o _o/Sha256Reg.o  ../../../Common/Sha256Reg.cpp
g++      -O2 -c -Wall -Werror -Wextra  -DNDEBUG -D_REENTRANT -D_FILE_OFFSET_BITS=64 -D_LARGEFILE_SOURCE -fPIC   -o _o/StringConvert.o  ../../../Common/StringConvert.cpp
g++      -O2 -c -Wall -Werror -Wextra  -DNDEBUG -D_REENTRANT -D_FILE_OFFSET_BITS=64 -D_LARGEFILE_SOURCE -fPIC   -o _o/StringToInt.o  ../../../Common/StringToInt.cpp
g++      -O2 -c -Wall -Werror -Wextra  -DNDEBUG -D_REENTRANT -D_FILE_OFFSET_BITS=64 -D_LARGEFILE_SOURCE -fPIC   -o _o/UTFConvert.o  ../../../Common/UTFConvert.cpp
g++      -O2 -c -Wall -Werror -Wextra  -DNDEBUG -D_REENTRANT -D_FILE_OFFSET_BITS=64 -D_LARGEFILE_SOURCE -fPIC   -o _o/Wildcard.o  ../../../Common/Wildcard.cpp
g++      -O2 -c -Wall -Werror -Wextra  -DNDEBUG -D_REENTRANT -D_FILE_OFFSET_BITS=64 -D_LARGEFILE_SOURCE -fPIC   -o _o/XzCrc64Init.o  ../../../Common/XzCrc64Init.cpp
g++      -O2 -c -Wall -Werror -Wextra  -DNDEBUG -D_REENTRANT -D_FILE_OFFSET_BITS=64 -D_LARGEFILE_SOURCE -fPIC   -o _o/XzCrc64Reg.o  ../../../Common/XzCrc64Reg.cpp
g++      -O2 -c -Wall -Werror -Wextra  -DNDEBUG -D_REENTRANT -D_FILE_OFFSET_BITS=64 -D_LARGEFILE_SOURCE -fPIC   -o _o/FileDir.o  ../../../Windows/FileDir.cpp
g++      -O2 -c -Wall -Werror -Wextra  -DNDEBUG -D_REENTRANT -D_FILE_OFFSET_BITS=64 -D_LARGEFILE_SOURCE -fPIC   -o _o/FileFind.o  ../../../Windows/FileFind.cpp
g++      -O2 -c -Wall -Werror -Wextra  -DNDEBUG -D_REENTRANT -D_FILE_OFFSET_BITS=64 -D_LARGEFILE_SOURCE -fPIC   -o _o/FileIO.o  ../../../Windows/FileIO.cpp
g++      -O2 -c -Wall -Werror -Wextra  -DNDEBUG -D_REENTRANT -D_FILE_OFFSET_BITS=64 -D_LARGEFILE_SOURCE -fPIC   -o _o/FileName.o  ../../../Windows/FileName.cpp
g++      -O2 -c -Wall -Werror -Wextra  -DNDEBUG -D_REENTRANT -D_FILE_OFFSET_BITS=64 -D_LARGEFILE_SOURCE -fPIC   -o _o/PropVariant.o  ../../../Windows/PropVariant.cpp
g++      -O2 -c -Wall -Werror -Wextra  -DNDEBUG -D_REENTRANT -D_FILE_OFFSET_BITS=64 -D_LARGEFILE_SOURCE -fPIC   -o _o/PropVariantUtils.o  ../../../Windows/PropVariantUtils.cpp
g++      -O2 -c -Wall -Werror -Wextra  -DNDEBUG -D_REENTRANT -D_FILE_OFFSET_BITS=64 -D_LARGEFILE_SOURCE -fPIC   -o _o/System.o  ../../../Windows/System.cpp
g++      -O2 -c -Wall -Werror -Wextra  -DNDEBUG -D_REENTRANT -D_FILE_OFFSET_BITS=64 -D_LARGEFILE_SOURCE -fPIC   -o _o/TimeUtils.o  ../../../Windows/TimeUtils.cpp
g++      -O2 -c -Wall -Werror -Wextra  -DNDEBUG -D_REENTRANT -D_FILE_OFFSET_BITS=64 -D_LARGEFILE_SOURCE -fPIC   -o _o/ApmHandler.o  ../../Archive/ApmHandler.cpp
g++      -O2 -c -Wall -Werror -Wextra  -DNDEBUG -D_REENTRANT -D_FILE_OFFSET_BITS=64 -D_LARGEFILE_SOURCE -fPIC   -o _o/ArHandler.o  ../../Archive/ArHandler.cpp
g++      -O2 -c -Wall -Werror -Wextra  -DNDEBUG -D_REENTRANT -D_FILE_OFFSET_BITS=64 -D_LARGEFILE_SOURCE -fPIC   -o _o/ArjHandler.o  ../../Archive/ArjHandler.cpp
g++      -O2 -c -Wall -Werror -Wextra  -DNDEBUG -D_REENTRANT -D_FILE_OFFSET_BITS=64 -D_LARGEFILE_SOURCE -fPIC   -o _o/Base64Handler.o  ../../Archive/Base64Handler.cpp
g++      -O2 -c -Wall -Werror -Wextra  -DNDEBUG -D_REENTRANT -D_FILE_OFFSET_BITS=64 -D_LARGEFILE_SOURCE -fPIC   -o _o/Bz2Handler.o  ../../Archive/Bz2Handler.cpp
g++      -O2 -c -Wall -Werror -Wextra  -DNDEBUG -D_REENTRANT -D_FILE_OFFSET_BITS=64 -D_LARGEFILE_SOURCE -fPIC   -o _o/ComHandler.o  ../../Archive/ComHandler.cpp
g++      -O2 -c -Wall -Werror -Wextra  -DNDEBUG -D_REENTRANT -D_FILE_OFFSET_BITS=64 -D_LARGEFILE_SOURCE -fPIC   -o _o/CpioHandler.o  ../../Archive/CpioHandler.cpp
g++      -O2 -c -Wall -Werror -Wextra  -DNDEBUG -D_REENTRANT -D_FILE_OFFSET_BITS=64 -D_LARGEFILE_SOURCE -fPIC   -o _o/CramfsHandler.o  ../../Archive/CramfsHandler.cpp
g++      -O2 -c -Wall -Werror -Wextra  -DNDEBUG -D_REENTRANT -D_FILE_OFFSET_BITS=64 -D_LARGEFILE_SOURCE -fPIC   -o _o/DeflateProps.o  ../../Archive/DeflateProps.cpp
g++      -O2 -c -Wall -Werror -Wextra  -DNDEBUG -D_REENTRANT -D_FILE_OFFSET_BITS=64 -D_LARGEFILE_SOURCE -fPIC   -o _o/DmgHandler.o  ../../Archive/DmgHandler.cpp
g++      -O2 -c -Wall -Werror -Wextra  -DNDEBUG -D_REENTRANT -D_FILE_OFFSET_BITS=64 -D_LARGEFILE_SOURCE -fPIC   -o _o/ElfHandler.o  ../../Archive/ElfHandler.cpp
g++      -O2 -c -Wall -Werror -Wextra  -DNDEBUG -D_REENTRANT -D_FILE_OFFSET_BITS=64 -D_LARGEFILE_SOURCE -fPIC   -o _o/ExtHandler.o  ../../Archive/ExtHandler.cpp
g++      -O2 -c -Wall -Werror -Wextra  -DNDEBUG -D_REENTRANT -D_FILE_OFFSET_BITS=64 -D_LARGEFILE_SOURCE -fPIC   -o _o/FatHandler.o  ../../Archive/FatHandler.cpp
g++      -O2 -c -Wall -Werror -Wextra  -DNDEBUG -D_REENTRANT -D_FILE_OFFSET_BITS=64 -D_LARGEFILE_SOURCE -fPIC   -o _o/FlvHandler.o  ../../Archive/FlvHandler.cpp
g++      -O2 -c -Wall -Werror -Wextra  -DNDEBUG -D_REENTRANT -D_FILE_OFFSET_BITS=64 -D_LARGEFILE_SOURCE -fPIC   -o _o/GzHandler.o  ../../Archive/GzHandler.cpp
g++      -O2 -c -Wall -Werror -Wextra  -DNDEBUG -D_REENTRANT -D_FILE_OFFSET_BITS=64 -D_LARGEFILE_SOURCE -fPIC   -o _o/GptHandler.o  ../../Archive/GptHandler.cpp
g++      -O2 -c -Wall -Werror -Wextra  -DNDEBUG -D_REENTRANT -D_FILE_OFFSET_BITS=64 -D_LARGEFILE_SOURCE -fPIC   -o _o/HandlerCont.o  ../../Archive/HandlerCont.cpp
g++      -O2 -c -Wall -Werror -Wextra  -DNDEBUG -D_REENTRANT -D_FILE_OFFSET_BITS=64 -D_LARGEFILE_SOURCE -fPIC   -o _o/HfsHandler.o  ../../Archive/HfsHandler.cpp
g++      -O2 -c -Wall -Werror -Wextra  -DNDEBUG -D_REENTRANT -D_FILE_OFFSET_BITS=64 -D_LARGEFILE_SOURCE -fPIC   -o _o/IhexHandler.o  ../../Archive/IhexHandler.cpp
g++      -O2 -c -Wall -Werror -Wextra  -DNDEBUG -D_REENTRANT -D_FILE_OFFSET_BITS=64 -D_LARGEFILE_SOURCE -fPIC   -o _o/LzhHandler.o  ../../Archive/LzhHandler.cpp
g++      -O2 -c -Wall -Werror -Wextra  -DNDEBUG -D_REENTRANT -D_FILE_OFFSET_BITS=64 -D_LARGEFILE_SOURCE -fPIC   -o _o/LzmaHandler.o  ../../Archive/LzmaHandler.cpp
g++      -O2 -c -Wall -Werror -Wextra  -DNDEBUG -D_REENTRANT -D_FILE_OFFSET_BITS=64 -D_LARGEFILE_SOURCE -fPIC   -o _o/MachoHandler.o  ../../Archive/MachoHandler.cpp
g++      -O2 -c -Wall -Werror -Wextra  -DNDEBUG -D_REENTRANT -D_FILE_OFFSET_BITS=64 -D_LARGEFILE_SOURCE -fPIC   -o _o/MbrHandler.o  ../../Archive/MbrHandler.cpp
g++      -O2 -c -Wall -Werror -Wextra  -DNDEBUG -D_REENTRANT -D_FILE_OFFSET_BITS=64 -D_LARGEFILE_SOURCE -fPIC   -o _o/MslzHandler.o  ../../Archive/MslzHandler.cpp
g++      -O2 -c -Wall -Werror -Wextra  -DNDEBUG -D_REENTRANT -D_FILE_OFFSET_BITS=64 -D_LARGEFILE_SOURCE -fPIC   -o _o/MubHandler.o  ../../Archive/MubHandler.cpp
g++      -O2 -c -Wall -Werror -Wextra  -DNDEBUG -D_REENTRANT -D_FILE_OFFSET_BITS=64 -D_LARGEFILE_SOURCE -fPIC   -o _o/NtfsHandler.o  ../../Archive/NtfsHandler.cpp
g++      -O2 -c -Wall -Werror -Wextra  -DNDEBUG -D_REENTRANT -D_FILE_OFFSET_BITS=64 -D_LARGEFILE_SOURCE -fPIC   -o _o/PeHandler.o  ../../Archive/PeHandler.cpp
g++      -O2 -c -Wall -Werror -Wextra  -DNDEBUG -D_REENTRANT -D_FILE_OFFSET_BITS=64 -D_LARGEFILE_SOURCE -fPIC   -o _o/PpmdHandler.o  ../../Archive/PpmdHandler.cpp
g++      -O2 -c -Wall -Werror -Wextra  -DNDEBUG -D_REENTRANT -D_FILE_OFFSET_BITS=64 -D_LARGEFILE_SOURCE -fPIC   -o _o/QcowHandler.o  ../../Archive/QcowHandler.cpp
g++      -O2 -c -Wall -Werror -Wextra  -DNDEBUG -D_REENTRANT -D_FILE_OFFSET_BITS=64 -D_LARGEFILE_SOURCE -fPIC   -o _o/RpmHandler.o  ../../Archive/RpmHandler.cpp
g++      -O2 -c -Wall -Werror -Wextra  -DNDEBUG -D_REENTRANT -D_FILE_OFFSET_BITS=64 -D_LARGEFILE_SOURCE -fPIC   -o _o/SplitHandler.o  ../../Archive/SplitHandler.cpp
g++      -O2 -c -Wall -Werror -Wextra  -DNDEBUG -D_REENTRANT -D_FILE_OFFSET_BITS=64 -D_LARGEFILE_SOURCE -fPIC   -o _o/SquashfsHandler.o  ../../Archive/SquashfsHandler.cpp
g++      -O2 -c -Wall -Werror -Wextra  -DNDEBUG -D_REENTRANT -D_FILE_OFFSET_BITS=64 -D_LARGEFILE_SOURCE -fPIC   -o _o/SwfHandler.o  ../../Archive/SwfHandler.cpp
g++      -O2 -c -Wall -Werror -Wextra  -DNDEBUG -D_REENTRANT -D_FILE_OFFSET_BITS=64 -D_LARGEFILE_SOURCE -fPIC   -o _o/UefiHandler.o  ../../Archive/UefiHandler.cpp
g++      -O2 -c -Wall -Werror -Wextra  -DNDEBUG -D_REENTRANT -D_FILE_OFFSET_BITS=64 -D_LARGEFILE_SOURCE -fPIC   -o _o/VdiHandler.o  ../../Archive/VdiHandler.cpp
g++      -O2 -c -Wall -Werror -Wextra  -DNDEBUG -D_REENTRANT -D_FILE_OFFSET_BITS=64 -D_LARGEFILE_SOURCE -fPIC   -o _o/VhdHandler.o  ../../Archive/VhdHandler.cpp
g++      -O2 -c -Wall -Werror -Wextra  -DNDEBUG -D_REENTRANT -D_FILE_OFFSET_BITS=64 -D_LARGEFILE_SOURCE -fPIC   -o _o/VmdkHandler.o  ../../Archive/VmdkHandler.cpp
g++      -O2 -c -Wall -Werror -Wextra  -DNDEBUG -D_REENTRANT -D_FILE_OFFSET_BITS=64 -D_LARGEFILE_SOURCE -fPIC   -o _o/XarHandler.o  ../../Archive/XarHandler.cpp
g++      -O2 -c -Wall -Werror -Wextra  -DNDEBUG -D_REENTRANT -D_FILE_OFFSET_BITS=64 -D_LARGEFILE_SOURCE -fPIC   -o _o/XzHandler.o  ../../Archive/XzHandler.cpp
g++      -O2 -c -Wall -Werror -Wextra  -DNDEBUG -D_REENTRANT -D_FILE_OFFSET_BITS=64 -D_LARGEFILE_SOURCE -fPIC   -o _o/ZHandler.o  ../../Archive/ZHandler.cpp
g++      -O2 -c -Wall -Werror -Wextra  -DNDEBUG -D_REENTRANT -D_FILE_OFFSET_BITS=64 -D_LARGEFILE_SOURCE -fPIC   -o _o/CoderMixer2.o  ../../Archive/Common/CoderMixer2.cpp
g++      -O2 -c -Wall -Werror -Wextra  -DNDEBUG -D_REENTRANT -D_FILE_OFFSET_BITS=64 -D_LARGEFILE_SOURCE -fPIC   -o _o/DummyOutStream.o  ../../Archive/Common/DummyOutStream.cpp
g++      -O2 -c -Wall -Werror -Wextra  -DNDEBUG -D_REENTRANT -D_FILE_OFFSET_BITS=64 -D_LARGEFILE_SOURCE -fPIC   -o _o/FindSignature.o  ../../Archive/Common/FindSignature.cpp
g++      -O2 -c -Wall -Werror -Wextra  -DNDEBUG -D_REENTRANT -D_FILE_OFFSET_BITS=64 -D_LARGEFILE_SOURCE -fPIC   -o _o/InStreamWithCRC.o  ../../Archive/Common/InStreamWithCRC.cpp
g++      -O2 -c -Wall -Werror -Wextra  -DNDEBUG -D_REENTRANT -D_FILE_OFFSET_BITS=64 -D_LARGEFILE_SOURCE -fPIC   -o _o/ItemNameUtils.o  ../../Archive/Common/ItemNameUtils.cpp
g++      -O2 -c -Wall -Werror -Wextra  -DNDEBUG -D_REENTRANT -D_FILE_OFFSET_BITS=64 -D_LARGEFILE_SOURCE -fPIC   -o _o/MultiStream.o  ../../Archive/Common/MultiStream.cpp
g++      -O2 -c -Wall -Werror -Wextra  -DNDEBUG -D_REENTRANT -D_FILE_OFFSET_BITS=64 -D_LARGEFILE_SOURCE -fPIC   -o _o/OutStreamWithCRC.o  ../../Archive/Common/OutStreamWithCRC.cpp
g++      -O2 -c -Wall -Werror -Wextra  -DNDEBUG -D_REENTRANT -D_FILE_OFFSET_BITS=64 -D_LARGEFILE_SOURCE -fPIC   -o _o/OutStreamWithSha1.o  ../../Archive/Common/OutStreamWithSha1.cpp
g++      -O2 -c -Wall -Werror -Wextra  -DNDEBUG -D_REENTRANT -D_FILE_OFFSET_BITS=64 -D_LARGEFILE_SOURCE -fPIC   -o _o/HandlerOut.o  ../../Archive/Common/HandlerOut.cpp
g++      -O2 -c -Wall -Werror -Wextra  -DNDEBUG -D_REENTRANT -D_FILE_OFFSET_BITS=64 -D_LARGEFILE_SOURCE -fPIC   -o _o/ParseProperties.o  ../../Archive/Common/ParseProperties.cpp
g++      -O2 -c -Wall -Werror -Wextra  -DNDEBUG -D_REENTRANT -D_FILE_OFFSET_BITS=64 -D_LARGEFILE_SOURCE -fPIC   -o _o/7zCompressionMode.o  ../../Archive/7z/7zCompressionMode.cpp
g++      -O2 -c -Wall -Werror -Wextra  -DNDEBUG -D_REENTRANT -D_FILE_OFFSET_BITS=64 -D_LARGEFILE_SOURCE -fPIC   -o _o/7zDecode.o  ../../Archive/7z/7zDecode.cpp
g++      -O2 -c -Wall -Werror -Wextra  -DNDEBUG -D_REENTRANT -D_FILE_OFFSET_BITS=64 -D_LARGEFILE_SOURCE -fPIC   -o _o/7zEncode.o  ../../Archive/7z/7zEncode.cpp
g++      -O2 -c -Wall -Werror -Wextra  -DNDEBUG -D_REENTRANT -D_FILE_OFFSET_BITS=64 -D_LARGEFILE_SOURCE -fPIC   -o _o/7zExtract.o  ../../Archive/7z/7zExtract.cpp
g++      -O2 -c -Wall -Werror -Wextra  -DNDEBUG -D_REENTRANT -D_FILE_OFFSET_BITS=64 -D_LARGEFILE_SOURCE -fPIC   -o _o/7zFolderInStream.o  ../../Archive/7z/7zFolderInStream.cpp
g++      -O2 -c -Wall -Werror -Wextra  -DNDEBUG -D_REENTRANT -D_FILE_OFFSET_BITS=64 -D_LARGEFILE_SOURCE -fPIC   -o _o/7zHandler.o  ../../Archive/7z/7zHandler.cpp
g++      -O2 -c -Wall -Werror -Wextra  -DNDEBUG -D_REENTRANT -D_FILE_OFFSET_BITS=64 -D_LARGEFILE_SOURCE -fPIC   -o _o/7zHandlerOut.o  ../../Archive/7z/7zHandlerOut.cpp
g++      -O2 -c -Wall -Werror -Wextra  -DNDEBUG -D_REENTRANT -D_FILE_OFFSET_BITS=64 -D_LARGEFILE_SOURCE -fPIC   -o _o/7zHeader.o  ../../Archive/7z/7zHeader.cpp
g++      -O2 -c -Wall -Werror -Wextra  -DNDEBUG -D_REENTRANT -D_FILE_OFFSET_BITS=64 -D_LARGEFILE_SOURCE -fPIC   -o _o/7zIn.o  ../../Archive/7z/7zIn.cpp
g++      -O2 -c -Wall -Werror -Wextra  -DNDEBUG -D_REENTRANT -D_FILE_OFFSET_BITS=64 -D_LARGEFILE_SOURCE -fPIC   -o _o/7zOut.o  ../../Archive/7z/7zOut.cpp
g++      -O2 -c -Wall -Werror -Wextra  -DNDEBUG -D_REENTRANT -D_FILE_OFFSET_BITS=64 -D_LARGEFILE_SOURCE -fPIC   -o _o/7zProperties.o  ../../Archive/7z/7zProperties.cpp
g++      -O2 -c -Wall -Werror -Wextra  -DNDEBUG -D_REENTRANT -D_FILE_OFFSET_BITS=64 -D_LARGEFILE_SOURCE -fPIC   -o _o/7zSpecStream.o  ../../Archive/7z/7zSpecStream.cpp
g++      -O2 -c -Wall -Werror -Wextra  -DNDEBUG -D_REENTRANT -D_FILE_OFFSET_BITS=64 -D_LARGEFILE_SOURCE -fPIC   -o _o/7zUpdate.o  ../../Archive/7z/7zUpdate.cpp
g++      -O2 -c -Wall -Werror -Wextra  -DNDEBUG -D_REENTRANT -D_FILE_OFFSET_BITS=64 -D_LARGEFILE_SOURCE -fPIC   -o _o/7zRegister.o  ../../Archive/7z/7zRegister.cpp
g++      -O2 -c -Wall -Werror -Wextra  -DNDEBUG -D_REENTRANT -D_FILE_OFFSET_BITS=64 -D_LARGEFILE_SOURCE -fPIC   -o _o/CabBlockInStream.o  ../../Archive/Cab/CabBlockInStream.cpp
g++      -O2 -c -Wall -Werror -Wextra  -DNDEBUG -D_REENTRANT -D_FILE_OFFSET_BITS=64 -D_LARGEFILE_SOURCE -fPIC   -o _o/CabHandler.o  ../../Archive/Cab/CabHandler.cpp
g++      -O2 -c -Wall -Werror -Wextra  -DNDEBUG -D_REENTRANT -D_FILE_OFFSET_BITS=64 -D_LARGEFILE_SOURCE -fPIC   -o _o/CabHeader.o  ../../Archive/Cab/CabHeader.cpp
g++      -O2 -c -Wall -Werror -Wextra  -DNDEBUG -D_REENTRANT -D_FILE_OFFSET_BITS=64 -D_LARGEFILE_SOURCE -fPIC   -o _o/CabIn.o  ../../Archive/Cab/CabIn.cpp
g++      -O2 -c -Wall -Werror -Wextra  -DNDEBUG -D_REENTRANT -D_FILE_OFFSET_BITS=64 -D_LARGEFILE_SOURCE -fPIC   -o _o/CabRegister.o  ../../Archive/Cab/CabRegister.cpp
g++      -O2 -c -Wall -Werror -Wextra  -DNDEBUG -D_REENTRANT -D_FILE_OFFSET_BITS=64 -D_LARGEFILE_SOURCE -fPIC   -o _o/ChmHandler.o  ../../Archive/Chm/ChmHandler.cpp
g++      -O2 -c -Wall -Werror -Wextra  -DNDEBUG -D_REENTRANT -D_FILE_OFFSET_BITS=64 -D_LARGEFILE_SOURCE -fPIC   -o _o/ChmIn.o  ../../Archive/Chm/ChmIn.cpp
g++      -O2 -c -Wall -Werror -Wextra  -DNDEBUG -D_REENTRANT -D_FILE_OFFSET_BITS=64 -D_LARGEFILE_SOURCE -fPIC   -o _o/IsoHandler.o  ../../Archive/Iso/IsoHandler.cpp
g++      -O2 -c -Wall -Werror -Wextra  -DNDEBUG -D_REENTRANT -D_FILE_OFFSET_BITS=64 -D_LARGEFILE_SOURCE -fPIC   -o _o/IsoHeader.o  ../../Archive/Iso/IsoHeader.cpp
g++      -O2 -c -Wall -Werror -Wextra  -DNDEBUG -D_REENTRANT -D_FILE_OFFSET_BITS=64 -D_LARGEFILE_SOURCE -fPIC   -o _o/IsoIn.o  ../../Archive/Iso/IsoIn.cpp
g++      -O2 -c -Wall -Werror -Wextra  -DNDEBUG -D_REENTRANT -D_FILE_OFFSET_BITS=64 -D_LARGEFILE_SOURCE -fPIC   -o _o/IsoRegister.o  ../../Archive/Iso/IsoRegister.cpp
g++      -O2 -c -Wall -Werror -Wextra  -DNDEBUG -D_REENTRANT -D_FILE_OFFSET_BITS=64 -D_LARGEFILE_SOURCE -fPIC   -o _o/NsisDecode.o  ../../Archive/Nsis/NsisDecode.cpp
g++      -O2 -c -Wall -Werror -Wextra  -DNDEBUG -D_REENTRANT -D_FILE_OFFSET_BITS=64 -D_LARGEFILE_SOURCE -fPIC   -o _o/NsisHandler.o  ../../Archive/Nsis/NsisHandler.cpp
g++      -O2 -c -Wall -Werror -Wextra  -DNDEBUG -D_REENTRANT -D_FILE_OFFSET_BITS=64 -D_LARGEFILE_SOURCE -fPIC   -o _o/NsisIn.o  ../../Archive/Nsis/NsisIn.cpp
g++      -O2 -c -Wall -Werror -Wextra  -DNDEBUG -D_REENTRANT -D_FILE_OFFSET_BITS=64 -D_LARGEFILE_SOURCE -fPIC   -o _o/NsisRegister.o  ../../Archive/Nsis/NsisRegister.cpp
g++      -O2 -c -Wall -Werror -Wextra  -DNDEBUG -D_REENTRANT -D_FILE_OFFSET_BITS=64 -D_LARGEFILE_SOURCE -fPIC   -o _o/RarHandler.o  ../../Archive/Rar/RarHandler.cpp
g++      -O2 -c -Wall -Werror -Wextra  -DNDEBUG -D_REENTRANT -D_FILE_OFFSET_BITS=64 -D_LARGEFILE_SOURCE -fPIC   -o _o/Rar5Handler.o  ../../Archive/Rar/Rar5Handler.cpp
g++      -O2 -c -Wall -Werror -Wextra  -DNDEBUG -D_REENTRANT -D_FILE_OFFSET_BITS=64 -D_LARGEFILE_SOURCE -fPIC   -o _o/TarHandler.o  ../../Archive/Tar/TarHandler.cpp
g++      -O2 -c -Wall -Werror -Wextra  -DNDEBUG -D_REENTRANT -D_FILE_OFFSET_BITS=64 -D_LARGEFILE_SOURCE -fPIC   -o _o/TarHandlerOut.o  ../../Archive/Tar/TarHandlerOut.cpp
g++      -O2 -c -Wall -Werror -Wextra  -DNDEBUG -D_REENTRANT -D_FILE_OFFSET_BITS=64 -D_LARGEFILE_SOURCE -fPIC   -o _o/TarHeader.o  ../../Archive/Tar/TarHeader.cpp
g++      -O2 -c -Wall -Werror -Wextra  -DNDEBUG -D_REENTRANT -D_FILE_OFFSET_BITS=64 -D_LARGEFILE_SOURCE -fPIC   -o _o/TarIn.o  ../../Archive/Tar/TarIn.cpp
g++      -O2 -c -Wall -Werror -Wextra  -DNDEBUG -D_REENTRANT -D_FILE_OFFSET_BITS=64 -D_LARGEFILE_SOURCE -fPIC   -o _o/TarOut.o  ../../Archive/Tar/TarOut.cpp
g++      -O2 -c -Wall -Werror -Wextra  -DNDEBUG -D_REENTRANT -D_FILE_OFFSET_BITS=64 -D_LARGEFILE_SOURCE -fPIC   -o _o/TarUpdate.o  ../../Archive/Tar/TarUpdate.cpp
g++      -O2 -c -Wall -Werror -Wextra  -DNDEBUG -D_REENTRANT -D_FILE_OFFSET_BITS=64 -D_LARGEFILE_SOURCE -fPIC   -o _o/TarRegister.o  ../../Archive/Tar/TarRegister.cpp
g++      -O2 -c -Wall -Werror -Wextra  -DNDEBUG -D_REENTRANT -D_FILE_OFFSET_BITS=64 -D_LARGEFILE_SOURCE -fPIC   -o _o/UdfHandler.o  ../../Archive/Udf/UdfHandler.cpp
g++      -O2 -c -Wall -Werror -Wextra  -DNDEBUG -D_REENTRANT -D_FILE_OFFSET_BITS=64 -D_LARGEFILE_SOURCE -fPIC   -o _o/UdfIn.o  ../../Archive/Udf/UdfIn.cpp
g++      -O2 -c -Wall -Werror -Wextra  -DNDEBUG -D_REENTRANT -D_FILE_OFFSET_BITS=64 -D_LARGEFILE_SOURCE -fPIC   -o _o/WimHandler.o  ../../Archive/Wim/WimHandler.cpp
g++      -O2 -c -Wall -Werror -Wextra  -DNDEBUG -D_REENTRANT -D_FILE_OFFSET_BITS=64 -D_LARGEFILE_SOURCE -fPIC   -o _o/WimHandlerOut.o  ../../Archive/Wim/WimHandlerOut.cpp
g++      -O2 -c -Wall -Werror -Wextra  -DNDEBUG -D_REENTRANT -D_FILE_OFFSET_BITS=64 -D_LARGEFILE_SOURCE -fPIC   -o _o/WimIn.o  ../../Archive/Wim/WimIn.cpp
g++      -O2 -c -Wall -Werror -Wextra  -DNDEBUG -D_REENTRANT -D_FILE_OFFSET_BITS=64 -D_LARGEFILE_SOURCE -fPIC   -o _o/WimRegister.o  ../../Archive/Wim/WimRegister.cpp
g++      -O2 -c -Wall -Werror -Wextra  -DNDEBUG -D_REENTRANT -D_FILE_OFFSET_BITS=64 -D_LARGEFILE_SOURCE -fPIC   -o _o/ZipAddCommon.o  ../../Archive/Zip/ZipAddCommon.cpp
g++      -O2 -c -Wall -Werror -Wextra  -DNDEBUG -D_REENTRANT -D_FILE_OFFSET_BITS=64 -D_LARGEFILE_SOURCE -fPIC   -o _o/ZipHandler.o  ../../Archive/Zip/ZipHandler.cpp
g++      -O2 -c -Wall -Werror -Wextra  -DNDEBUG -D_REENTRANT -D_FILE_OFFSET_BITS=64 -D_LARGEFILE_SOURCE -fPIC   -o _o/ZipHandlerOut.o  ../../Archive/Zip/ZipHandlerOut.cpp
g++      -O2 -c -Wall -Werror -Wextra  -DNDEBUG -D_REENTRANT -D_FILE_OFFSET_BITS=64 -D_LARGEFILE_SOURCE -fPIC   -o _o/ZipIn.o  ../../Archive/Zip/ZipIn.cpp
g++      -O2 -c -Wall -Werror -Wextra  -DNDEBUG -D_REENTRANT -D_FILE_OFFSET_BITS=64 -D_LARGEFILE_SOURCE -fPIC   -o _o/ZipItem.o  ../../Archive/Zip/ZipItem.cpp
g++      -O2 -c -Wall -Werror -Wextra  -DNDEBUG -D_REENTRANT -D_FILE_OFFSET_BITS=64 -D_LARGEFILE_SOURCE -fPIC   -o _o/ZipOut.o  ../../Archive/Zip/ZipOut.cpp
g++      -O2 -c -Wall -Werror -Wextra  -DNDEBUG -D_REENTRANT -D_FILE_OFFSET_BITS=64 -D_LARGEFILE_SOURCE -fPIC   -o _o/ZipUpdate.o  ../../Archive/Zip/ZipUpdate.cpp
g++      -O2 -c -Wall -Werror -Wextra  -DNDEBUG -D_REENTRANT -D_FILE_OFFSET_BITS=64 -D_LARGEFILE_SOURCE -fPIC   -o _o/ZipRegister.o  ../../Archive/Zip/ZipRegister.cpp
g++      -O2 -c -Wall -Werror -Wextra  -DNDEBUG -D_REENTRANT -D_FILE_OFFSET_BITS=64 -D_LARGEFILE_SOURCE -fPIC   -o _o/Bcj2Coder.o  ../../Compress/Bcj2Coder.cpp
g++      -O2 -c -Wall -Werror -Wextra  -DNDEBUG -D_REENTRANT -D_FILE_OFFSET_BITS=64 -D_LARGEFILE_SOURCE -fPIC   -o _o/Bcj2Register.o  ../../Compress/Bcj2Register.cpp
g++      -O2 -c -Wall -Werror -Wextra  -DNDEBUG -D_REENTRANT -D_FILE_OFFSET_BITS=64 -D_LARGEFILE_SOURCE -fPIC   -o _o/BcjCoder.o  ../../Compress/BcjCoder.cpp
g++      -O2 -c -Wall -Werror -Wextra  -DNDEBUG -D_REENTRANT -D_FILE_OFFSET_BITS=64 -D_LARGEFILE_SOURCE -fPIC   -o _o/BcjRegister.o  ../../Compress/BcjRegister.cpp
g++      -O2 -c -Wall -Werror -Wextra  -DNDEBUG -D_REENTRANT -D_FILE_OFFSET_BITS=64 -D_LARGEFILE_SOURCE -fPIC   -o _o/BitlDecoder.o  ../../Compress/BitlDecoder.cpp
g++      -O2 -c -Wall -Werror -Wextra  -DNDEBUG -D_REENTRANT -D_FILE_OFFSET_BITS=64 -D_LARGEFILE_SOURCE -fPIC   -o _o/BranchMisc.o  ../../Compress/BranchMisc.cpp
g++      -O2 -c -Wall -Werror -Wextra  -DNDEBUG -D_REENTRANT -D_FILE_OFFSET_BITS=64 -D_LARGEFILE_SOURCE -fPIC   -o _o/BranchRegister.o  ../../Compress/BranchRegister.cpp
g++      -O2 -c -Wall -Werror -Wextra  -DNDEBUG -D_REENTRANT -D_FILE_OFFSET_BITS=64 -D_LARGEFILE_SOURCE -fPIC   -o _o/ByteSwap.o  ../../Compress/ByteSwap.cpp
g++      -O2 -c -Wall -Werror -Wextra  -DNDEBUG -D_REENTRANT -D_FILE_OFFSET_BITS=64 -D_LARGEFILE_SOURCE -fPIC   -o _o/BZip2Crc.o  ../../Compress/BZip2Crc.cpp
g++      -O2 -c -Wall -Werror -Wextra  -DNDEBUG -D_REENTRANT -D_FILE_OFFSET_BITS=64 -D_LARGEFILE_SOURCE -fPIC   -o _o/BZip2Decoder.o  ../../Compress/BZip2Decoder.cpp
g++      -O2 -c -Wall -Werror -Wextra  -DNDEBUG -D_REENTRANT -D_FILE_OFFSET_BITS=64 -D_LARGEFILE_SOURCE -fPIC   -o _o/BZip2Encoder.o  ../../Compress/BZip2Encoder.cpp
g++      -O2 -c -Wall -Werror -Wextra  -DNDEBUG -D_REENTRANT -D_FILE_OFFSET_BITS=64 -D_LARGEFILE_SOURCE -fPIC   -o _o/BZip2Register.o  ../../Compress/BZip2Register.cpp
g++      -O2 -c -Wall -Werror -Wextra  -DNDEBUG -D_REENTRANT -D_FILE_OFFSET_BITS=64 -D_LARGEFILE_SOURCE -fPIC   -o _o/CopyCoder.o  ../../Compress/CopyCoder.cpp
g++      -O2 -c -Wall -Werror -Wextra  -DNDEBUG -D_REENTRANT -D_FILE_OFFSET_BITS=64 -D_LARGEFILE_SOURCE -fPIC   -o _o/CopyRegister.o  ../../Compress/CopyRegister.cpp
g++      -O2 -c -Wall -Werror -Wextra  -DNDEBUG -D_REENTRANT -D_FILE_OFFSET_BITS=64 -D_LARGEFILE_SOURCE -fPIC   -o _o/Deflate64Register.o  ../../Compress/Deflate64Register.cpp
g++      -O2 -c -Wall -Werror -Wextra  -DNDEBUG -D_REENTRANT -D_FILE_OFFSET_BITS=64 -D_LARGEFILE_SOURCE -fPIC   -o _o/DeflateDecoder.o  ../../Compress/DeflateDecoder.cpp
g++      -O2 -c -Wall -Werror -Wextra  -DNDEBUG -D_REENTRANT -D_FILE_OFFSET_BITS=64 -D_LARGEFILE_SOURCE -fPIC   -o _o/DeflateEncoder.o  ../../Compress/DeflateEncoder.cpp
g++      -O2 -c -Wall -Werror -Wextra  -DNDEBUG -D_REENTRANT -D_FILE_OFFSET_BITS=64 -D_LARGEFILE_SOURCE -fPIC   -o _o/DeflateRegister.o  ../../Compress/DeflateRegister.cpp
g++      -O2 -c -Wall -Werror -Wextra  -DNDEBUG -D_REENTRANT -D_FILE_OFFSET_BITS=64 -D_LARGEFILE_SOURCE -fPIC   -o _o/DeltaFilter.o  ../../Compress/DeltaFilter.cpp
g++      -O2 -c -Wall -Werror -Wextra  -DNDEBUG -D_REENTRANT -D_FILE_OFFSET_BITS=64 -D_LARGEFILE_SOURCE -fPIC   -o _o/ImplodeDecoder.o  ../../Compress/ImplodeDecoder.cpp
g++      -O2 -c -Wall -Werror -Wextra  -DNDEBUG -D_REENTRANT -D_FILE_OFFSET_BITS=64 -D_LARGEFILE_SOURCE -fPIC   -o _o/LzfseDecoder.o  ../../Compress/LzfseDecoder.cpp
g++      -O2 -c -Wall -Werror -Wextra  -DNDEBUG -D_REENTRANT -D_FILE_OFFSET_BITS=64 -D_LARGEFILE_SOURCE -fPIC   -o _o/LzhDecoder.o  ../../Compress/LzhDecoder.cpp
g++      -O2 -c -Wall -Werror -Wextra  -DNDEBUG -D_REENTRANT -D_FILE_OFFSET_BITS=64 -D_LARGEFILE_SOURCE -fPIC   -o _o/Lzma2Decoder.o  ../../Compress/Lzma2Decoder.cpp
g++      -O2 -c -Wall -Werror -Wextra  -DNDEBUG -D_REENTRANT -D_FILE_OFFSET_BITS=64 -D_LARGEFILE_SOURCE -fPIC   -o _o/Lzma2Encoder.o  ../../Compress/Lzma2Encoder.cpp
g++      -O2 -c -Wall -Werror -Wextra  -DNDEBUG -D_REENTRANT -D_FILE_OFFSET_BITS=64 -D_LARGEFILE_SOURCE -fPIC   -o _o/Lzma2Register.o  ../../Compress/Lzma2Register.cpp
g++      -O2 -c -Wall -Werror -Wextra  -DNDEBUG -D_REENTRANT -D_FILE_OFFSET_BITS=64 -D_LARGEFILE_SOURCE -fPIC   -o _o/LzmaDecoder.o  ../../Compress/LzmaDecoder.cpp
g++      -O2 -c -Wall -Werror -Wextra  -DNDEBUG -D_REENTRANT -D_FILE_OFFSET_BITS=64 -D_LARGEFILE_SOURCE -fPIC   -o _o/LzmaEncoder.o  ../../Compress/LzmaEncoder.cpp
g++      -O2 -c -Wall -Werror -Wextra  -DNDEBUG -D_REENTRANT -D_FILE_OFFSET_BITS=64 -D_LARGEFILE_SOURCE -fPIC   -o _o/LzmaRegister.o  ../../Compress/LzmaRegister.cpp
g++      -O2 -c -Wall -Werror -Wextra  -DNDEBUG -D_REENTRANT -D_FILE_OFFSET_BITS=64 -D_LARGEFILE_SOURCE -fPIC   -o _o/LzmsDecoder.o  ../../Compress/LzmsDecoder.cpp
g++      -O2 -c -Wall -Werror -Wextra  -DNDEBUG -D_REENTRANT -D_FILE_OFFSET_BITS=64 -D_LARGEFILE_SOURCE -fPIC   -o _o/LzOutWindow.o  ../../Compress/LzOutWindow.cpp
g++      -O2 -c -Wall -Werror -Wextra  -DNDEBUG -D_REENTRANT -D_FILE_OFFSET_BITS=64 -D_LARGEFILE_SOURCE -fPIC   -o _o/LzxDecoder.o  ../../Compress/LzxDecoder.cpp
g++      -O2 -c -Wall -Werror -Wextra  -DNDEBUG -D_REENTRANT -D_FILE_OFFSET_BITS=64 -D_LARGEFILE_SOURCE -fPIC   -o _o/PpmdDecoder.o  ../../Compress/PpmdDecoder.cpp
g++      -O2 -c -Wall -Werror -Wextra  -DNDEBUG -D_REENTRANT -D_FILE_OFFSET_BITS=64 -D_LARGEFILE_SOURCE -fPIC   -o _o/PpmdEncoder.o  ../../Compress/PpmdEncoder.cpp
g++      -O2 -c -Wall -Werror -Wextra  -DNDEBUG -D_REENTRANT -D_FILE_OFFSET_BITS=64 -D_LARGEFILE_SOURCE -fPIC   -o _o/PpmdRegister.o  ../../Compress/PpmdRegister.cpp
g++      -O2 -c -Wall -Werror -Wextra  -DNDEBUG -D_REENTRANT -D_FILE_OFFSET_BITS=64 -D_LARGEFILE_SOURCE -fPIC   -o _o/PpmdZip.o  ../../Compress/PpmdZip.cpp
g++      -O2 -c -Wall -Werror -Wextra  -DNDEBUG -D_REENTRANT -D_FILE_OFFSET_BITS=64 -D_LARGEFILE_SOURCE -fPIC   -o _o/QuantumDecoder.o  ../../Compress/QuantumDecoder.cpp
g++      -O2 -c -Wall -Werror -Wextra  -DNDEBUG -D_REENTRANT -D_FILE_OFFSET_BITS=64 -D_LARGEFILE_SOURCE -fPIC   -o _o/Rar1Decoder.o  ../../Compress/Rar1Decoder.cpp
g++      -O2 -c -Wall -Werror -Wextra  -DNDEBUG -D_REENTRANT -D_FILE_OFFSET_BITS=64 -D_LARGEFILE_SOURCE -fPIC   -o _o/Rar2Decoder.o  ../../Compress/Rar2Decoder.cpp
g++      -O2 -c -Wall -Werror -Wextra  -DNDEBUG -D_REENTRANT -D_FILE_OFFSET_BITS=64 -D_LARGEFILE_SOURCE -fPIC   -o _o/Rar3Decoder.o  ../../Compress/Rar3Decoder.cpp
g++      -O2 -c -Wall -Werror -Wextra  -DNDEBUG -D_REENTRANT -D_FILE_OFFSET_BITS=64 -D_LARGEFILE_SOURCE -fPIC   -o _o/Rar3Vm.o  ../../Compress/Rar3Vm.cpp
g++      -O2 -c -Wall -Werror -Wextra  -DNDEBUG -D_REENTRANT -D_FILE_OFFSET_BITS=64 -D_LARGEFILE_SOURCE -fPIC   -o _o/Rar5Decoder.o  ../../Compress/Rar5Decoder.cpp
g++      -O2 -c -Wall -Werror -Wextra  -DNDEBUG -D_REENTRANT -D_FILE_OFFSET_BITS=64 -D_LARGEFILE_SOURCE -fPIC   -o _o/RarCodecsRegister.o  ../../Compress/RarCodecsRegister.cpp
g++      -O2 -c -Wall -Werror -Wextra  -DNDEBUG -D_REENTRANT -D_FILE_OFFSET_BITS=64 -D_LARGEFILE_SOURCE -fPIC   -o _o/ShrinkDecoder.o  ../../Compress/ShrinkDecoder.cpp
g++      -O2 -c -Wall -Werror -Wextra  -DNDEBUG -D_REENTRANT -D_FILE_OFFSET_BITS=64 -D_LARGEFILE_SOURCE -fPIC   -o _o/XpressDecoder.o  ../../Compress/XpressDecoder.cpp
g++      -O2 -c -Wall -Werror -Wextra  -DNDEBUG -D_REENTRANT -D_FILE_OFFSET_BITS=64 -D_LARGEFILE_SOURCE -fPIC   -o _o/XzDecoder.o  ../../Compress/XzDecoder.cpp
g++      -O2 -c -Wall -Werror -Wextra  -DNDEBUG -D_REENTRANT -D_FILE_OFFSET_BITS=64 -D_LARGEFILE_SOURCE -fPIC   -o _o/XzEncoder.o  ../../Compress/XzEncoder.cpp
g++      -O2 -c -Wall -Werror -Wextra  -DNDEBUG -D_REENTRANT -D_FILE_OFFSET_BITS=64 -D_LARGEFILE_SOURCE -fPIC   -o _o/ZlibDecoder.o  ../../Compress/ZlibDecoder.cpp
g++      -O2 -c -Wall -Werror -Wextra  -DNDEBUG -D_REENTRANT -D_FILE_OFFSET_BITS=64 -D_LARGEFILE_SOURCE -fPIC   -o _o/ZlibEncoder.o  ../../Compress/ZlibEncoder.cpp
g++      -O2 -c -Wall -Werror -Wextra  -DNDEBUG -D_REENTRANT -D_FILE_OFFSET_BITS=64 -D_LARGEFILE_SOURCE -fPIC   -o _o/ZDecoder.o  ../../Compress/ZDecoder.cpp
g++      -O2 -c -Wall -Werror -Wextra  -DNDEBUG -D_REENTRANT -D_FILE_OFFSET_BITS=64 -D_LARGEFILE_SOURCE -fPIC   -o _o/7zAes.o  ../../Crypto/7zAes.cpp
g++      -O2 -c -Wall -Werror -Wextra  -DNDEBUG -D_REENTRANT -D_FILE_OFFSET_BITS=64 -D_LARGEFILE_SOURCE -fPIC   -o _o/7zAesRegister.o  ../../Crypto/7zAesRegister.cpp
g++      -O2 -c -Wall -Werror -Wextra  -DNDEBUG -D_REENTRANT -D_FILE_OFFSET_BITS=64 -D_LARGEFILE_SOURCE -fPIC   -o _o/HmacSha1.o  ../../Crypto/HmacSha1.cpp
g++      -O2 -c -Wall -Werror -Wextra  -DNDEBUG -D_REENTRANT -D_FILE_OFFSET_BITS=64 -D_LARGEFILE_SOURCE -fPIC   -o _o/HmacSha256.o  ../../Crypto/HmacSha256.cpp
g++      -O2 -c -Wall -Werror -Wextra  -DNDEBUG -D_REENTRANT -D_FILE_OFFSET_BITS=64 -D_LARGEFILE_SOURCE -fPIC   -o _o/MyAes.o  ../../Crypto/MyAes.cpp
g++      -O2 -c -Wall -Werror -Wextra  -DNDEBUG -D_REENTRANT -D_FILE_OFFSET_BITS=64 -D_LARGEFILE_SOURCE -fPIC   -o _o/MyAesReg.o  ../../Crypto/MyAesReg.cpp
g++      -O2 -c -Wall -Werror -Wextra  -DNDEBUG -D_REENTRANT -D_FILE_OFFSET_BITS=64 -D_LARGEFILE_SOURCE -fPIC   -o _o/Pbkdf2HmacSha1.o  ../../Crypto/Pbkdf2HmacSha1.cpp
g++      -O2 -c -Wall -Werror -Wextra  -DNDEBUG -D_REENTRANT -D_FILE_OFFSET_BITS=64 -D_LARGEFILE_SOURCE -fPIC   -o _o/RandGen.o  ../../Crypto/RandGen.cpp
g++      -O2 -c -Wall -Werror -Wextra  -DNDEBUG -D_REENTRANT -D_FILE_OFFSET_BITS=64 -D_LARGEFILE_SOURCE -fPIC   -o _o/Rar20Crypto.o  ../../Crypto/Rar20Crypto.cpp
g++      -O2 -c -Wall -Werror -Wextra  -DNDEBUG -D_REENTRANT -D_FILE_OFFSET_BITS=64 -D_LARGEFILE_SOURCE -fPIC   -o _o/Rar5Aes.o  ../../Crypto/Rar5Aes.cpp
g++      -O2 -c -Wall -Werror -Wextra  -DNDEBUG -D_REENTRANT -D_FILE_OFFSET_BITS=64 -D_LARGEFILE_SOURCE -fPIC   -o _o/RarAes.o  ../../Crypto/RarAes.cpp
g++      -O2 -c -Wall -Werror -Wextra  -DNDEBUG -D_REENTRANT -D_FILE_OFFSET_BITS=64 -D_LARGEFILE_SOURCE -fPIC   -o _o/WzAes.o  ../../Crypto/WzAes.cpp
g++      -O2 -c -Wall -Werror -Wextra  -DNDEBUG -D_REENTRANT -D_FILE_OFFSET_BITS=64 -D_LARGEFILE_SOURCE -fPIC   -o _o/ZipCrypto.o  ../../Crypto/ZipCrypto.cpp
g++      -O2 -c -Wall -Werror -Wextra  -DNDEBUG -D_REENTRANT -D_FILE_OFFSET_BITS=64 -D_LARGEFILE_SOURCE -fPIC   -o _o/ZipStrong.o  ../../Crypto/ZipStrong.cpp
g++      -O2 -c -Wall -Werror -Wextra  -DNDEBUG -D_REENTRANT -D_FILE_OFFSET_BITS=64 -D_LARGEFILE_SOURCE -fPIC   -o _o/CreateCoder.o  ../../Common/CreateCoder.cpp
g++      -O2 -c -Wall -Werror -Wextra  -DNDEBUG -D_REENTRANT -D_FILE_OFFSET_BITS=64 -D_LARGEFILE_SOURCE -fPIC   -o _o/CWrappers.o  ../../Common/CWrappers.cpp
g++      -O2 -c -Wall -Werror -Wextra  -DNDEBUG -D_REENTRANT -D_FILE_OFFSET_BITS=64 -D_LARGEFILE_SOURCE -fPIC   -o _o/InBuffer.o  ../../Common/InBuffer.cpp
g++      -O2 -c -Wall -Werror -Wextra  -DNDEBUG -D_REENTRANT -D_FILE_OFFSET_BITS=64 -D_LARGEFILE_SOURCE -fPIC   -o _o/InOutTempBuffer.o  ../../Common/InOutTempBuffer.cpp
g++      -O2 -c -Wall -Werror -Wextra  -DNDEBUG -D_REENTRANT -D_FILE_OFFSET_BITS=64 -D_LARGEFILE_SOURCE -fPIC   -o _o/FilterCoder.o  ../../Common/FilterCoder.cpp
g++      -O2 -c -Wall -Werror -Wextra  -DNDEBUG -D_REENTRANT -D_FILE_OFFSET_BITS=64 -D_LARGEFILE_SOURCE -fPIC   -o _o/LimitedStreams.o  ../../Common/LimitedStreams.cpp
g++      -O2 -c -Wall -Werror -Wextra  -DNDEBUG -D_REENTRANT -D_FILE_OFFSET_BITS=64 -D_LARGEFILE_SOURCE -fPIC   -o _o/LockedStream.o  ../../Common/LockedStream.cpp
g++      -O2 -c -Wall -Werror -Wextra  -DNDEBUG -D_REENTRANT -D_FILE_OFFSET_BITS=64 -D_LARGEFILE_SOURCE -fPIC   -o _o/MethodId.o  ../../Common/MethodId.cpp
g++      -O2 -c -Wall -Werror -Wextra  -DNDEBUG -D_REENTRANT -D_FILE_OFFSET_BITS=64 -D_LARGEFILE_SOURCE -fPIC   -o _o/MethodProps.o  ../../Common/MethodProps.cpp
g++      -O2 -c -Wall -Werror -Wextra  -DNDEBUG -D_REENTRANT -D_FILE_OFFSET_BITS=64 -D_LARGEFILE_SOURCE -fPIC   -o _o/OffsetStream.o  ../../Common/OffsetStream.cpp
g++      -O2 -c -Wall -Werror -Wextra  -DNDEBUG -D_REENTRANT -D_FILE_OFFSET_BITS=64 -D_LARGEFILE_SOURCE -fPIC   -o _o/OutBuffer.o  ../../Common/OutBuffer.cpp
g++      -O2 -c -Wall -Werror -Wextra  -DNDEBUG -D_REENTRANT -D_FILE_OFFSET_BITS=64 -D_LARGEFILE_SOURCE -fPIC   -o _o/ProgressUtils.o  ../../Common/ProgressUtils.cpp
g++      -O2 -c -Wall -Werror -Wextra  -DNDEBUG -D_REENTRANT -D_FILE_OFFSET_BITS=64 -D_LARGEFILE_SOURCE -fPIC   -o _o/PropId.o  ../../Common/PropId.cpp
g++      -O2 -c -Wall -Werror -Wextra  -DNDEBUG -D_REENTRANT -D_FILE_OFFSET_BITS=64 -D_LARGEFILE_SOURCE -fPIC   -o _o/StreamObjects.o  ../../Common/StreamObjects.cpp
g++      -O2 -c -Wall -Werror -Wextra  -DNDEBUG -D_REENTRANT -D_FILE_OFFSET_BITS=64 -D_LARGEFILE_SOURCE -fPIC   -o _o/StreamUtils.o  ../../Common/StreamUtils.cpp
g++      -O2 -c -Wall -Werror -Wextra  -DNDEBUG -D_REENTRANT -D_FILE_OFFSET_BITS=64 -D_LARGEFILE_SOURCE -fPIC   -o _o/UniqBlocks.o  ../../Common/UniqBlocks.cpp
g++      -O2 -c -Wall -Werror -Wextra  -DNDEBUG -D_REENTRANT -D_FILE_OFFSET_BITS=64 -D_LARGEFILE_SOURCE -fPIC   -o _o/MyWindows.o  ../../../Common/MyWindows.cpp
g++      -O2 -c -Wall -Werror -Wextra  -DNDEBUG -D_REENTRANT -D_FILE_OFFSET_BITS=64 -D_LARGEFILE_SOURCE -fPIC   -o _o/CommandLineParser.o  ../../../Common/CommandLineParser.cpp
g++      -O2 -c -Wall -Werror -Wextra  -DNDEBUG -D_REENTRANT -D_FILE_OFFSET_BITS=64 -D_LARGEFILE_SOURCE -fPIC   -o _o/ListFileUtils.o  ../../../Common/ListFileUtils.cpp
g++      -O2 -c -Wall -Werror -Wextra  -DNDEBUG -D_REENTRANT -D_FILE_OFFSET_BITS=64 -D_LARGEFILE_SOURCE -fPIC   -o _o/StdInStream.o  ../../../Common/StdInStream.cpp
g++      -O2 -c -Wall -Werror -Wextra  -DNDEBUG -D_REENTRANT -D_FILE_OFFSET_BITS=64 -D_LARGEFILE_SOURCE -fPIC   -o _o/StdOutStream.o  ../../../Common/StdOutStream.cpp
g++      -O2 -c -Wall -Werror -Wextra  -DNDEBUG -D_REENTRANT -D_FILE_OFFSET_BITS=64 -D_LARGEFILE_SOURCE -fPIC   -o _o/ErrorMsg.o  ../../../Windows/ErrorMsg.cpp
g++      -O2 -c -Wall -Werror -Wextra  -DNDEBUG -D_REENTRANT -D_FILE_OFFSET_BITS=64 -D_LARGEFILE_SOURCE -fPIC   -o _o/FileLink.o  ../../../Windows/FileLink.cpp
g++      -O2 -c -Wall -Werror -Wextra  -DNDEBUG -D_REENTRANT -D_FILE_OFFSET_BITS=64 -D_LARGEFILE_SOURCE -fPIC   -o _o/PropVariantConv.o  ../../../Windows/PropVariantConv.cpp
g++      -O2 -c -Wall -Werror -Wextra  -DNDEBUG -D_REENTRANT -D_FILE_OFFSET_BITS=64 -D_LARGEFILE_SOURCE -fPIC   -o _o/SystemInfo.o  ../../../Windows/SystemInfo.cpp
g++      -O2 -c -Wall -Werror -Wextra  -DNDEBUG -D_REENTRANT -D_FILE_OFFSET_BITS=64 -D_LARGEFILE_SOURCE -fPIC   -o _o/FilePathAutoRename.o  ../../Common/FilePathAutoRename.cpp
g++      -O2 -c -Wall -Werror -Wextra  -DNDEBUG -D_REENTRANT -D_FILE_OFFSET_BITS=64 -D_LARGEFILE_SOURCE -fPIC   -o _o/FileStreams.o  ../../Common/FileStreams.cpp
g++      -O2 -c -Wall -Werror -Wextra  -DNDEBUG -D_REENTRANT -D_FILE_OFFSET_BITS=64 -D_LARGEFILE_SOURCE -fPIC   -o _o/ArchiveCommandLine.o  ../../UI/Common/ArchiveCommandLine.cpp
g++      -O2 -c -Wall -Werror -Wextra  -DNDEBUG -D_REENTRANT -D_FILE_OFFSET_BITS=64 -D_LARGEFILE_SOURCE -fPIC   -o _o/ArchiveExtractCallback.o  ../../UI/Common/ArchiveExtractCallback.cpp
g++      -O2 -c -Wall -Werror -Wextra  -DNDEBUG -D_REENTRANT -D_FILE_OFFSET_BITS=64 -D_LARGEFILE_SOURCE -fPIC   -o _o/ArchiveOpenCallback.o  ../../UI/Common/ArchiveOpenCallback.cpp
g++      -O2 -c -Wall -Werror -Wextra  -DNDEBUG -D_REENTRANT -D_FILE_OFFSET_BITS=64 -D_LARGEFILE_SOURCE -fPIC   -o _o/Bench.o  ../../UI/Common/Bench.cpp
g++      -O2 -c -Wall -Werror -Wextra  -DNDEBUG -D_REENTRANT -D_FILE_OFFSET_BITS=64 -D_LARGEFILE_SOURCE -fPIC   -o _o/DefaultName.o  ../../UI/Common/DefaultName.cpp
g++      -O2 -c -Wall -Werror -Wextra  -DNDEBUG -D_REENTRANT -D_FILE_OFFSET_BITS=64 -D_LARGEFILE_SOURCE -fPIC   -o _o/EnumDirItems.o  ../../UI/Common/EnumDirItems.cpp
g++      -O2 -c -Wall -Werror -Wextra  -DNDEBUG -D_REENTRANT -D_FILE_OFFSET_BITS=64 -D_LARGEFILE_SOURCE -fPIC   -o _o/Extract.o  ../../UI/Common/Extract.cpp
g++      -O2 -c -Wall -Werror -Wextra  -DNDEBUG -D_REENTRANT -D_FILE_OFFSET_BITS=64 -D_LARGEFILE_SOURCE -fPIC   -o _o/ExtractingFilePath.o  ../../UI/Common/ExtractingFilePath.cpp
g++      -O2 -c -Wall -Werror -Wextra  -DNDEBUG -D_REENTRANT -D_FILE_OFFSET_BITS=64 -D_LARGEFILE_SOURCE -fPIC   -o _o/HashCalc.o  ../../UI/Common/HashCalc.cpp
g++      -O2 -c -Wall -Werror -Wextra  -DNDEBUG -D_REENTRANT -D_FILE_OFFSET_BITS=64 -D_LARGEFILE_SOURCE -fPIC   -o _o/LoadCodecs.o  ../../UI/Common/LoadCodecs.cpp
g++      -O2 -c -Wall -Werror -Wextra  -DNDEBUG -D_REENTRANT -D_FILE_OFFSET_BITS=64 -D_LARGEFILE_SOURCE -fPIC   -o _o/OpenArchive.o  ../../UI/Common/OpenArchive.cpp
g++      -O2 -c -Wall -Werror -Wextra  -DNDEBUG -D_REENTRANT -D_FILE_OFFSET_BITS=64 -D_LARGEFILE_SOURCE -fPIC   -o _o/PropIDUtils.o  ../../UI/Common/PropIDUtils.cpp
g++      -O2 -c -Wall -Werror -Wextra  -DNDEBUG -D_REENTRANT -D_FILE_OFFSET_BITS=64 -D_LARGEFILE_SOURCE -fPIC   -o _o/SetProperties.o  ../../UI/Common/SetProperties.cpp
g++      -O2 -c -Wall -Werror -Wextra  -DNDEBUG -D_REENTRANT -D_FILE_OFFSET_BITS=64 -D_LARGEFILE_SOURCE -fPIC   -o _o/SortUtils.o  ../../UI/Common/SortUtils.cpp
g++      -O2 -c -Wall -Werror -Wextra  -DNDEBUG -D_REENTRANT -D_FILE_OFFSET_BITS=64 -D_LARGEFILE_SOURCE -fPIC   -o _o/TempFiles.o  ../../UI/Common/TempFiles.cpp
g++      -O2 -c -Wall -Werror -Wextra  -DNDEBUG -D_REENTRANT -D_FILE_OFFSET_BITS=64 -D_LARGEFILE_SOURCE -fPIC   -o _o/Update.o  ../../UI/Common/Update.cpp
g++      -O2 -c -Wall -Werror -Wextra  -DNDEBUG -D_REENTRANT -D_FILE_OFFSET_BITS=64 -D_LARGEFILE_SOURCE -fPIC   -o _o/UpdateAction.o  ../../UI/Common/UpdateAction.cpp
g++      -O2 -c -Wall -Werror -Wextra  -DNDEBUG -D_REENTRANT -D_FILE_OFFSET_BITS=64 -D_LARGEFILE_SOURCE -fPIC   -o _o/UpdateCallback.o  ../../UI/Common/UpdateCallback.cpp
g++      -O2 -c -Wall -Werror -Wextra  -DNDEBUG -D_REENTRANT -D_FILE_OFFSET_BITS=64 -D_LARGEFILE_SOURCE -fPIC   -o _o/UpdatePair.o  ../../UI/Common/UpdatePair.cpp
g++      -O2 -c -Wall -Werror -Wextra  -DNDEBUG -D_REENTRANT -D_FILE_OFFSET_BITS=64 -D_LARGEFILE_SOURCE -fPIC   -o _o/UpdateProduce.o  ../../UI/Common/UpdateProduce.cpp
g++      -O2 -c -Wall -Werror -Wextra  -DNDEBUG -D_REENTRANT -D_FILE_OFFSET_BITS=64 -D_LARGEFILE_SOURCE -fPIC   -o _o/BenchCon.o  ../../UI/Console/BenchCon.cpp
g++      -O2 -c -Wall -Werror -Wextra  -DNDEBUG -D_REENTRANT -D_FILE_OFFSET_BITS=64 -D_LARGEFILE_SOURCE -fPIC   -o _o/ConsoleClose.o  ../../UI/Console/ConsoleClose.cpp
g++      -O2 -c -Wall -Werror -Wextra  -DNDEBUG -D_REENTRANT -D_FILE_OFFSET_BITS=64 -D_LARGEFILE_SOURCE -fPIC   -o _o/ExtractCallbackConsole.o  ../../UI/Console/ExtractCallbackConsole.cpp
g++      -O2 -c -Wall -Werror -Wextra  -DNDEBUG -D_REENTRANT -D_FILE_OFFSET_BITS=64 -D_LARGEFILE_SOURCE -fPIC   -o _o/HashCon.o  ../../UI/Console/HashCon.cpp
g++      -O2 -c -Wall -Werror -Wextra  -DNDEBUG -D_REENTRANT -D_FILE_OFFSET_BITS=64 -D_LARGEFILE_SOURCE -fPIC   -o _o/List.o  ../../UI/Console/List.cpp
g++      -O2 -c -Wall -Werror -Wextra  -DNDEBUG -D_REENTRANT -D_FILE_OFFSET_BITS=64 -D_LARGEFILE_SOURCE -fPIC   -o _o/Main.o  -DPROG_VARIANT_Z  ../../UI/Console/Main.cpp
g++      -O2 -c -Wall -Werror -Wextra  -DNDEBUG -D_REENTRANT -D_FILE_OFFSET_BITS=64 -D_LARGEFILE_SOURCE -fPIC   -o _o/MainAr.o  ../../UI/Console/MainAr.cpp
g++      -O2 -c -Wall -Werror -Wextra  -DNDEBUG -D_REENTRANT -D_FILE_OFFSET_BITS=64 -D_LARGEFILE_SOURCE -fPIC   -o _o/OpenCallbackConsole.o  ../../UI/Console/OpenCallbackConsole.cpp
g++      -O2 -c -Wall -Werror -Wextra  -DNDEBUG -D_REENTRANT -D_FILE_OFFSET_BITS=64 -D_LARGEFILE_SOURCE -fPIC   -o _o/PercentPrinter.o  ../../UI/Console/PercentPrinter.cpp
g++      -O2 -c -Wall -Werror -Wextra  -DNDEBUG -D_REENTRANT -D_FILE_OFFSET_BITS=64 -D_LARGEFILE_SOURCE -fPIC   -o _o/UpdateCallbackConsole.o  ../../UI/Console/UpdateCallbackConsole.cpp
g++      -O2 -c -Wall -Werror -Wextra  -DNDEBUG -D_REENTRANT -D_FILE_OFFSET_BITS=64 -D_LARGEFILE_SOURCE -fPIC   -o _o/UserInputUtils.o  ../../UI/Console/UserInputUtils.cpp
g++ -o _o/7zz -s  -DNDEBUG    _o/7zBuf2.o _o/7zStream.o _o/Alloc.o _o/Bcj2.o _o/Bcj2Enc.o _o/Blake2s.o _o/Bra.o _o/Bra86.o _o/BraIA64.o _o/BwtSort.o _o/CpuArch.o _o/Delta.o _o/HuffEnc.o _o/LzFind.o _o/Lzma2Dec.o _o/Lzma2DecMt.o _o/Lzma2Enc.o _o/LzmaDec.o _o/LzmaEnc.o _o/MtCoder.o _o/MtDec.o _o/Ppmd7.o _o/Ppmd7Dec.o _o/Ppmd7aDec.o _o/Ppmd7Enc.o _o/Ppmd8.o _o/Ppmd8Dec.o _o/Ppmd8Enc.o _o/Sort.o _o/Xz.o _o/XzDec.o _o/XzEnc.o _o/XzIn.o _o/XzCrc64.o _o/XzCrc64Opt.o _o/7zCrc.o _o/7zCrcOpt.o _o/Aes.o _o/AesOpt.o _o/Sha256.o _o/Sha256Opt.o _o/Sha1.o _o/Sha1Opt.o  _o/LzFindMt.o _o/LzFindOpt.o _o/StreamBinder.o _o/Synchronization.o _o/VirtThread.o _o/MemBlocks.o _o/OutMemStream.o _o/ProgressMt.o _o/Threads.o  _o/CRC.o _o/CrcReg.o _o/DynLimBuf.o _o/IntToString.o _o/LzFindPrepare.o _o/MyMap.o _o/MyString.o _o/MyVector.o _o/MyXml.o _o/NewHandler.o _o/Sha1Prepare.o _o/Sha1Reg.o _o/Sha256Prepare.o _o/Sha256Reg.o _o/StringConvert.o _o/StringToInt.o _o/UTFConvert.o _o/Wildcard.o _o/XzCrc64Init.o _o/XzCrc64Reg.o  _o/FileDir.o _o/FileFind.o _o/FileIO.o _o/FileName.o _o/PropVariant.o _o/PropVariantUtils.o _o/System.o _o/TimeUtils.o  _o/ApmHandler.o _o/ArHandler.o _o/ArjHandler.o _o/Base64Handler.o _o/Bz2Handler.o _o/ComHandler.o _o/CpioHandler.o _o/CramfsHandler.o _o/DeflateProps.o _o/DmgHandler.o _o/ElfHandler.o _o/ExtHandler.o _o/FatHandler.o _o/FlvHandler.o _o/GzHandler.o _o/GptHandler.o _o/HandlerCont.o _o/HfsHandler.o _o/IhexHandler.o _o/LzhHandler.o _o/LzmaHandler.o _o/MachoHandler.o _o/MbrHandler.o _o/MslzHandler.o _o/MubHandler.o _o/NtfsHandler.o _o/PeHandler.o _o/PpmdHandler.o _o/QcowHandler.o _o/RpmHandler.o _o/SplitHandler.o _o/SquashfsHandler.o _o/SwfHandler.o _o/UefiHandler.o _o/VdiHandler.o _o/VhdHandler.o _o/VmdkHandler.o _o/XarHandler.o _o/XzHandler.o _o/ZHandler.o  _o/CoderMixer2.o _o/DummyOutStream.o _o/FindSignature.o _o/InStreamWithCRC.o _o/ItemNameUtils.o _o/MultiStream.o _o/OutStreamWithCRC.o _o/OutStreamWithSha1.o _o/HandlerOut.o _o/ParseProperties.o  _o/7zCompressionMode.o _o/7zDecode.o _o/7zEncode.o _o/7zExtract.o _o/7zFolderInStream.o _o/7zHandler.o _o/7zHandlerOut.o _o/7zHeader.o _o/7zIn.o _o/7zOut.o _o/7zProperties.o _o/7zSpecStream.o _o/7zUpdate.o _o/7zRegister.o  _o/CabBlockInStream.o _o/CabHandler.o _o/CabHeader.o _o/CabIn.o _o/CabRegister.o  _o/ChmHandler.o _o/ChmIn.o   _o/IsoHandler.o _o/IsoHeader.o _o/IsoIn.o _o/IsoRegister.o  _o/NsisDecode.o _o/NsisHandler.o _o/NsisIn.o _o/NsisRegister.o  _o/RarHandler.o _o/Rar5Handler.o  _o/TarHandler.o _o/TarHandlerOut.o _o/TarHeader.o _o/TarIn.o _o/TarOut.o _o/TarUpdate.o _o/TarRegister.o  _o/UdfHandler.o _o/UdfIn.o  _o/WimHandler.o _o/WimHandlerOut.o _o/WimIn.o _o/WimRegister.o  _o/ZipAddCommon.o _o/ZipHandler.o _o/ZipHandlerOut.o _o/ZipIn.o _o/ZipItem.o _o/ZipOut.o _o/ZipUpdate.o _o/ZipRegister.o  _o/Bcj2Coder.o _o/Bcj2Register.o _o/BcjCoder.o _o/BcjRegister.o _o/BitlDecoder.o _o/BranchMisc.o _o/BranchRegister.o _o/ByteSwap.o _o/BZip2Crc.o _o/BZip2Decoder.o _o/BZip2Encoder.o _o/BZip2Register.o _o/CopyCoder.o _o/CopyRegister.o _o/Deflate64Register.o _o/DeflateDecoder.o _o/DeflateEncoder.o _o/DeflateRegister.o _o/DeltaFilter.o _o/ImplodeDecoder.o _o/LzfseDecoder.o _o/LzhDecoder.o _o/Lzma2Decoder.o _o/Lzma2Encoder.o _o/Lzma2Register.o _o/LzmaDecoder.o _o/LzmaEncoder.o _o/LzmaRegister.o _o/LzmsDecoder.o _o/LzOutWindow.o _o/LzxDecoder.o _o/PpmdDecoder.o _o/PpmdEncoder.o _o/PpmdRegister.o _o/PpmdZip.o _o/QuantumDecoder.o _o/Rar1Decoder.o _o/Rar2Decoder.o _o/Rar3Decoder.o _o/Rar3Vm.o _o/Rar5Decoder.o _o/RarCodecsRegister.o _o/ShrinkDecoder.o _o/XpressDecoder.o _o/XzDecoder.o _o/XzEncoder.o _o/ZlibDecoder.o _o/ZlibEncoder.o _o/ZDecoder.o  _o/7zAes.o _o/7zAesRegister.o _o/HmacSha1.o _o/HmacSha256.o _o/MyAes.o _o/MyAesReg.o _o/Pbkdf2HmacSha1.o _o/RandGen.o _o/Rar20Crypto.o _o/Rar5Aes.o _o/RarAes.o _o/WzAes.o _o/ZipCrypto.o _o/ZipStrong.o  _o/CreateCoder.o _o/CWrappers.o _o/InBuffer.o _o/InOutTempBuffer.o _o/FilterCoder.o _o/LimitedStreams.o _o/LockedStream.o _o/MethodId.o _o/MethodProps.o _o/OffsetStream.o _o/OutBuffer.o _o/ProgressUtils.o _o/PropId.o _o/StreamObjects.o _o/StreamUtils.o _o/UniqBlocks.o   _o/MyWindows.o  _o/CommandLineParser.o _o/ListFileUtils.o _o/StdInStream.o _o/StdOutStream.o  _o/ErrorMsg.o _o/FileLink.o _o/PropVariantConv.o _o/SystemInfo.o  _o/FilePathAutoRename.o _o/FileStreams.o  _o/ArchiveCommandLine.o _o/ArchiveExtractCallback.o _o/ArchiveOpenCallback.o _o/Bench.o _o/DefaultName.o _o/EnumDirItems.o _o/Extract.o _o/ExtractingFilePath.o _o/HashCalc.o _o/LoadCodecs.o _o/OpenArchive.o _o/PropIDUtils.o _o/SetProperties.o _o/SortUtils.o _o/TempFiles.o _o/Update.o _o/UpdateAction.o _o/UpdateCallback.o _o/UpdatePair.o _o/UpdateProduce.o  _o/BenchCon.o _o/ConsoleClose.o _o/ExtractCallbackConsole.o _o/HashCon.o _o/List.o _o/Main.o _o/MainAr.o _o/OpenCallbackConsole.o _o/PercentPrinter.o _o/UpdateCallbackConsole.o _o/UserInputUtils.o    -lpthread -ldl
