The system is: Linux - 5.4.0-99-generic - x86_64
Compiling the C compiler identification source file "CMakeCCompilerId.c" succeeded.
Compiler: /tmp/pts-compiler-mask-svt-vp91.3.0/gcc 
Build flags: -O3;-fcommon;
Id flags:  

The output was:
0


Compilation of the C compiler identification source "CMakeCCompilerId.c" produced "a.out"

The C compiler identification is GNU, found in "/var/lib/phoronix-test-suite/installed-tests/pts/svt-vp9-1.3.0/SVT-VP9-0.3.0/Build/linux/Release/CMakeFiles/3.16.3/CompilerIdC/a.out"

Checking whether the ASM_NASM compiler is YASM using "--version" matched "(yasm)":
yasm 1.3.0
Compiled on Apr  1 2020.
Copyright (c) 2001-2014 Peter Johnson and other Yasm developers.
Run yasm --license for licensing overview and summary.
Determining if the C compiler works passed with the following output:
Change Dir: /var/lib/phoronix-test-suite/installed-tests/pts/svt-vp9-1.3.0/SVT-VP9-0.3.0/Build/linux/Release/CMakeFiles/CMakeTmp

Run Build Command(s):/usr/bin/make cmTC_c94f8/fast && /usr/bin/make -f CMakeFiles/cmTC_c94f8.dir/build.make CMakeFiles/cmTC_c94f8.dir/build
make[1]: Entering directory '/var/lib/phoronix-test-suite/installed-tests/pts/svt-vp9-1.3.0/SVT-VP9-0.3.0/Build/linux/Release/CMakeFiles/CMakeTmp'
Building C object CMakeFiles/cmTC_c94f8.dir/testCCompiler.c.o
/tmp/pts-compiler-mask-svt-vp91.3.0/gcc   -O3 -fcommon    -o CMakeFiles/cmTC_c94f8.dir/testCCompiler.c.o   -c /var/lib/phoronix-test-suite/installed-tests/pts/svt-vp9-1.3.0/SVT-VP9-0.3.0/Build/linux/Release/CMakeFiles/CMakeTmp/testCCompiler.c
Linking C executable cmTC_c94f8
/usr/bin/cmake -E cmake_link_script CMakeFiles/cmTC_c94f8.dir/link.txt --verbose=1
/tmp/pts-compiler-mask-svt-vp91.3.0/gcc -O3 -fcommon     -rdynamic CMakeFiles/cmTC_c94f8.dir/testCCompiler.c.o  -o cmTC_c94f8 
make[1]: Leaving directory '/var/lib/phoronix-test-suite/installed-tests/pts/svt-vp9-1.3.0/SVT-VP9-0.3.0/Build/linux/Release/CMakeFiles/CMakeTmp'



Detecting C compiler ABI info compiled with the following output:
Change Dir: /var/lib/phoronix-test-suite/installed-tests/pts/svt-vp9-1.3.0/SVT-VP9-0.3.0/Build/linux/Release/CMakeFiles/CMakeTmp

Run Build Command(s):/usr/bin/make cmTC_9e7cd/fast && /usr/bin/make -f CMakeFiles/cmTC_9e7cd.dir/build.make CMakeFiles/cmTC_9e7cd.dir/build
make[1]: Entering directory '/var/lib/phoronix-test-suite/installed-tests/pts/svt-vp9-1.3.0/SVT-VP9-0.3.0/Build/linux/Release/CMakeFiles/CMakeTmp'
Building C object CMakeFiles/cmTC_9e7cd.dir/CMakeCCompilerABI.c.o
/tmp/pts-compiler-mask-svt-vp91.3.0/gcc   -O3 -fcommon    -v -o CMakeFiles/cmTC_9e7cd.dir/CMakeCCompilerABI.c.o   -c /usr/share/cmake-3.16/Modules/CMakeCCompilerABI.c
Using built-in specs.
COLLECT_GCC=/usr/bin/gcc
OFFLOAD_TARGET_NAMES=nvptx-none:hsa
OFFLOAD_TARGET_DEFAULT=1
Target: x86_64-linux-gnu
Configured with: ../src/configure -v --with-pkgversion='Ubuntu 9.3.0-17ubuntu1~20.04' --with-bugurl=file:///usr/share/doc/gcc-9/README.Bugs --enable-languages=c,ada,c++,go,brig,d,fortran,objc,obj-c++,gm2 --prefix=/usr --with-gcc-major-version-only --program-suffix=-9 --program-prefix=x86_64-linux-gnu- --enable-shared --enable-linker-build-id --libexecdir=/usr/lib --without-included-gettext --enable-threads=posix --libdir=/usr/lib --enable-nls --enable-clocale=gnu --enable-libstdcxx-debug --enable-libstdcxx-time=yes --with-default-libstdcxx-abi=new --enable-gnu-unique-object --disable-vtable-verify --enable-plugin --enable-default-pie --with-system-zlib --with-target-system-zlib=auto --enable-objc-gc=auto --enable-multiarch --disable-werror --with-arch-32=i686 --with-abi=m64 --with-multilib-list=m32,m64,mx32 --enable-multilib --with-tune=generic --enable-offload-targets=nvptx-none=/build/gcc-9-HskZEa/gcc-9-9.3.0/debian/tmp-nvptx/usr,hsa --without-cuda-driver --enable-checking=release --build=x86_64-linux-gnu --host=x86_64-linux-gnu --target=x86_64-linux-gnu
Thread model: posix
gcc version 9.3.0 (Ubuntu 9.3.0-17ubuntu1~20.04) 
COLLECT_GCC_OPTIONS='-O3' '-fcommon' '-v' '-o' 'CMakeFiles/cmTC_9e7cd.dir/CMakeCCompilerABI.c.o' '-c' '-mtune=generic' '-march=x86-64'
 /usr/lib/gcc/x86_64-linux-gnu/9/cc1 -quiet -v -imultiarch x86_64-linux-gnu /usr/share/cmake-3.16/Modules/CMakeCCompilerABI.c -quiet -dumpbase CMakeCCompilerABI.c -mtune=generic -march=x86-64 -auxbase-strip CMakeFiles/cmTC_9e7cd.dir/CMakeCCompilerABI.c.o -O3 -version -fcommon -fasynchronous-unwind-tables -fstack-protector-strong -Wformat -Wformat-security -fstack-clash-protection -fcf-protection -o /tmp/ccDa9tWQ.s
GNU C17 (Ubuntu 9.3.0-17ubuntu1~20.04) version 9.3.0 (x86_64-linux-gnu)
	compiled by GNU C version 9.3.0, GMP version 6.2.0, MPFR version 4.0.2, MPC version 1.1.0, isl version isl-0.22.1-GMP

GGC heuristics: --param ggc-min-expand=100 --param ggc-min-heapsize=131072
ignoring nonexistent directory "/usr/local/include/x86_64-linux-gnu"
ignoring nonexistent directory "/usr/lib/gcc/x86_64-linux-gnu/9/include-fixed"
ignoring nonexistent directory "/usr/lib/gcc/x86_64-linux-gnu/9/../../../../x86_64-linux-gnu/include"
#include "..." search starts here:
#include <...> search starts here:
 /usr/lib/gcc/x86_64-linux-gnu/9/include
 /usr/local/include
 /usr/include/x86_64-linux-gnu
 /usr/include
End of search list.
GNU C17 (Ubuntu 9.3.0-17ubuntu1~20.04) version 9.3.0 (x86_64-linux-gnu)
	compiled by GNU C version 9.3.0, GMP version 6.2.0, MPFR version 4.0.2, MPC version 1.1.0, isl version isl-0.22.1-GMP

GGC heuristics: --param ggc-min-expand=100 --param ggc-min-heapsize=131072
Compiler executable checksum: bbf13931d8de1abe14040c9909cb6969
COLLECT_GCC_OPTIONS='-O3' '-fcommon' '-v' '-o' 'CMakeFiles/cmTC_9e7cd.dir/CMakeCCompilerABI.c.o' '-c' '-mtune=generic' '-march=x86-64'
 as -v --64 -o CMakeFiles/cmTC_9e7cd.dir/CMakeCCompilerABI.c.o /tmp/ccDa9tWQ.s
GNU assembler version 2.34 (x86_64-linux-gnu) using BFD version (GNU Binutils for Ubuntu) 2.34
COMPILER_PATH=/usr/lib/gcc/x86_64-linux-gnu/9/:/usr/lib/gcc/x86_64-linux-gnu/9/:/usr/lib/gcc/x86_64-linux-gnu/:/usr/lib/gcc/x86_64-linux-gnu/9/:/usr/lib/gcc/x86_64-linux-gnu/
LIBRARY_PATH=/usr/lib/gcc/x86_64-linux-gnu/9/:/usr/lib/gcc/x86_64-linux-gnu/9/../../../x86_64-linux-gnu/:/usr/lib/gcc/x86_64-linux-gnu/9/../../../../lib/:/lib/x86_64-linux-gnu/:/lib/../lib/:/usr/lib/x86_64-linux-gnu/:/usr/lib/../lib/:/usr/lib/gcc/x86_64-linux-gnu/9/../../../:/lib/:/usr/lib/
COLLECT_GCC_OPTIONS='-O3' '-fcommon' '-v' '-o' 'CMakeFiles/cmTC_9e7cd.dir/CMakeCCompilerABI.c.o' '-c' '-mtune=generic' '-march=x86-64'
Linking C executable cmTC_9e7cd
/usr/bin/cmake -E cmake_link_script CMakeFiles/cmTC_9e7cd.dir/link.txt --verbose=1
/tmp/pts-compiler-mask-svt-vp91.3.0/gcc -O3 -fcommon    -v -rdynamic CMakeFiles/cmTC_9e7cd.dir/CMakeCCompilerABI.c.o  -o cmTC_9e7cd 
Using built-in specs.
COLLECT_GCC=/usr/bin/gcc
COLLECT_LTO_WRAPPER=/usr/lib/gcc/x86_64-linux-gnu/9/lto-wrapper
OFFLOAD_TARGET_NAMES=nvptx-none:hsa
OFFLOAD_TARGET_DEFAULT=1
Target: x86_64-linux-gnu
Configured with: ../src/configure -v --with-pkgversion='Ubuntu 9.3.0-17ubuntu1~20.04' --with-bugurl=file:///usr/share/doc/gcc-9/README.Bugs --enable-languages=c,ada,c++,go,brig,d,fortran,objc,obj-c++,gm2 --prefix=/usr --with-gcc-major-version-only --program-suffix=-9 --program-prefix=x86_64-linux-gnu- --enable-shared --enable-linker-build-id --libexecdir=/usr/lib --without-included-gettext --enable-threads=posix --libdir=/usr/lib --enable-nls --enable-clocale=gnu --enable-libstdcxx-debug --enable-libstdcxx-time=yes --with-default-libstdcxx-abi=new --enable-gnu-unique-object --disable-vtable-verify --enable-plugin --enable-default-pie --with-system-zlib --with-target-system-zlib=auto --enable-objc-gc=auto --enable-multiarch --disable-werror --with-arch-32=i686 --with-abi=m64 --with-multilib-list=m32,m64,mx32 --enable-multilib --with-tune=generic --enable-offload-targets=nvptx-none=/build/gcc-9-HskZEa/gcc-9-9.3.0/debian/tmp-nvptx/usr,hsa --without-cuda-driver --enable-checking=release --build=x86_64-linux-gnu --host=x86_64-linux-gnu --target=x86_64-linux-gnu
Thread model: posix
gcc version 9.3.0 (Ubuntu 9.3.0-17ubuntu1~20.04) 
COMPILER_PATH=/usr/lib/gcc/x86_64-linux-gnu/9/:/usr/lib/gcc/x86_64-linux-gnu/9/:/usr/lib/gcc/x86_64-linux-gnu/:/usr/lib/gcc/x86_64-linux-gnu/9/:/usr/lib/gcc/x86_64-linux-gnu/
LIBRARY_PATH=/usr/lib/gcc/x86_64-linux-gnu/9/:/usr/lib/gcc/x86_64-linux-gnu/9/../../../x86_64-linux-gnu/:/usr/lib/gcc/x86_64-linux-gnu/9/../../../../lib/:/lib/x86_64-linux-gnu/:/lib/../lib/:/usr/lib/x86_64-linux-gnu/:/usr/lib/../lib/:/usr/lib/gcc/x86_64-linux-gnu/9/../../../:/lib/:/usr/lib/
COLLECT_GCC_OPTIONS='-O3' '-fcommon' '-v' '-rdynamic' '-o' 'cmTC_9e7cd' '-mtune=generic' '-march=x86-64'
 /usr/lib/gcc/x86_64-linux-gnu/9/collect2 -plugin /usr/lib/gcc/x86_64-linux-gnu/9/liblto_plugin.so -plugin-opt=/usr/lib/gcc/x86_64-linux-gnu/9/lto-wrapper -plugin-opt=-fresolution=/tmp/ccYeKN0N.res -plugin-opt=-pass-through=-lgcc -plugin-opt=-pass-through=-lgcc_s -plugin-opt=-pass-through=-lc -plugin-opt=-pass-through=-lgcc -plugin-opt=-pass-through=-lgcc_s --build-id --eh-frame-hdr -m elf_x86_64 --hash-style=gnu --as-needed -export-dynamic -dynamic-linker /lib64/ld-linux-x86-64.so.2 -pie -z now -z relro -o cmTC_9e7cd /usr/lib/gcc/x86_64-linux-gnu/9/../../../x86_64-linux-gnu/Scrt1.o /usr/lib/gcc/x86_64-linux-gnu/9/../../../x86_64-linux-gnu/crti.o /usr/lib/gcc/x86_64-linux-gnu/9/crtbeginS.o -L/usr/lib/gcc/x86_64-linux-gnu/9 -L/usr/lib/gcc/x86_64-linux-gnu/9/../../../x86_64-linux-gnu -L/usr/lib/gcc/x86_64-linux-gnu/9/../../../../lib -L/lib/x86_64-linux-gnu -L/lib/../lib -L/usr/lib/x86_64-linux-gnu -L/usr/lib/../lib -L/usr/lib/gcc/x86_64-linux-gnu/9/../../.. CMakeFiles/cmTC_9e7cd.dir/CMakeCCompilerABI.c.o -lgcc --push-state --as-needed -lgcc_s --pop-state -lc -lgcc --push-state --as-needed -lgcc_s --pop-state /usr/lib/gcc/x86_64-linux-gnu/9/crtendS.o /usr/lib/gcc/x86_64-linux-gnu/9/../../../x86_64-linux-gnu/crtn.o
COLLECT_GCC_OPTIONS='-O3' '-fcommon' '-v' '-rdynamic' '-o' 'cmTC_9e7cd' '-mtune=generic' '-march=x86-64'
make[1]: Leaving directory '/var/lib/phoronix-test-suite/installed-tests/pts/svt-vp9-1.3.0/SVT-VP9-0.3.0/Build/linux/Release/CMakeFiles/CMakeTmp'



Parsed C implicit include dir info from above output: rv=done
  found start of include info
  found start of implicit include info
    add: [/usr/lib/gcc/x86_64-linux-gnu/9/include]
    add: [/usr/local/include]
    add: [/usr/include/x86_64-linux-gnu]
    add: [/usr/include]
  end of search list found
  collapse include dir [/usr/lib/gcc/x86_64-linux-gnu/9/include] ==> [/usr/lib/gcc/x86_64-linux-gnu/9/include]
  collapse include dir [/usr/local/include] ==> [/usr/local/include]
  collapse include dir [/usr/include/x86_64-linux-gnu] ==> [/usr/include/x86_64-linux-gnu]
  collapse include dir [/usr/include] ==> [/usr/include]
  implicit include dirs: [/usr/lib/gcc/x86_64-linux-gnu/9/include;/usr/local/include;/usr/include/x86_64-linux-gnu;/usr/include]


Parsed C implicit link information from above output:
  link line regex: [^( *|.*[/\])(ld|CMAKE_LINK_STARTFILE-NOTFOUND|([^/\]+-)?ld|collect2)[^/\]*( |$)]
  ignore line: [Change Dir: /var/lib/phoronix-test-suite/installed-tests/pts/svt-vp9-1.3.0/SVT-VP9-0.3.0/Build/linux/Release/CMakeFiles/CMakeTmp]
  ignore line: []
  ignore line: [Run Build Command(s):/usr/bin/make cmTC_9e7cd/fast && /usr/bin/make -f CMakeFiles/cmTC_9e7cd.dir/build.make CMakeFiles/cmTC_9e7cd.dir/build]
  ignore line: [make[1]: Entering directory '/var/lib/phoronix-test-suite/installed-tests/pts/svt-vp9-1.3.0/SVT-VP9-0.3.0/Build/linux/Release/CMakeFiles/CMakeTmp']
  ignore line: [Building C object CMakeFiles/cmTC_9e7cd.dir/CMakeCCompilerABI.c.o]
  ignore line: [/tmp/pts-compiler-mask-svt-vp91.3.0/gcc   -O3 -fcommon    -v -o CMakeFiles/cmTC_9e7cd.dir/CMakeCCompilerABI.c.o   -c /usr/share/cmake-3.16/Modules/CMakeCCompilerABI.c]
  ignore line: [Using built-in specs.]
  ignore line: [COLLECT_GCC=/usr/bin/gcc]
  ignore line: [OFFLOAD_TARGET_NAMES=nvptx-none:hsa]
  ignore line: [OFFLOAD_TARGET_DEFAULT=1]
  ignore line: [Target: x86_64-linux-gnu]
  ignore line: [Configured with: ../src/configure -v --with-pkgversion='Ubuntu 9.3.0-17ubuntu1~20.04' --with-bugurl=file:///usr/share/doc/gcc-9/README.Bugs --enable-languages=c ada c++ go brig d fortran objc obj-c++ gm2 --prefix=/usr --with-gcc-major-version-only --program-suffix=-9 --program-prefix=x86_64-linux-gnu- --enable-shared --enable-linker-build-id --libexecdir=/usr/lib --without-included-gettext --enable-threads=posix --libdir=/usr/lib --enable-nls --enable-clocale=gnu --enable-libstdcxx-debug --enable-libstdcxx-time=yes --with-default-libstdcxx-abi=new --enable-gnu-unique-object --disable-vtable-verify --enable-plugin --enable-default-pie --with-system-zlib --with-target-system-zlib=auto --enable-objc-gc=auto --enable-multiarch --disable-werror --with-arch-32=i686 --with-abi=m64 --with-multilib-list=m32 m64 mx32 --enable-multilib --with-tune=generic --enable-offload-targets=nvptx-none=/build/gcc-9-HskZEa/gcc-9-9.3.0/debian/tmp-nvptx/usr hsa --without-cuda-driver --enable-checking=release --build=x86_64-linux-gnu --host=x86_64-linux-gnu --target=x86_64-linux-gnu]
  ignore line: [Thread model: posix]
  ignore line: [gcc version 9.3.0 (Ubuntu 9.3.0-17ubuntu1~20.04) ]
  ignore line: [COLLECT_GCC_OPTIONS='-O3' '-fcommon' '-v' '-o' 'CMakeFiles/cmTC_9e7cd.dir/CMakeCCompilerABI.c.o' '-c' '-mtune=generic' '-march=x86-64']
  ignore line: [ /usr/lib/gcc/x86_64-linux-gnu/9/cc1 -quiet -v -imultiarch x86_64-linux-gnu /usr/share/cmake-3.16/Modules/CMakeCCompilerABI.c -quiet -dumpbase CMakeCCompilerABI.c -mtune=generic -march=x86-64 -auxbase-strip CMakeFiles/cmTC_9e7cd.dir/CMakeCCompilerABI.c.o -O3 -version -fcommon -fasynchronous-unwind-tables -fstack-protector-strong -Wformat -Wformat-security -fstack-clash-protection -fcf-protection -o /tmp/ccDa9tWQ.s]
  ignore line: [GNU C17 (Ubuntu 9.3.0-17ubuntu1~20.04) version 9.3.0 (x86_64-linux-gnu)]
  ignore line: [	compiled by GNU C version 9.3.0  GMP version 6.2.0  MPFR version 4.0.2  MPC version 1.1.0  isl version isl-0.22.1-GMP]
  ignore line: []
  ignore line: [GGC heuristics: --param ggc-min-expand=100 --param ggc-min-heapsize=131072]
  ignore line: [ignoring nonexistent directory "/usr/local/include/x86_64-linux-gnu"]
  ignore line: [ignoring nonexistent directory "/usr/lib/gcc/x86_64-linux-gnu/9/include-fixed"]
  ignore line: [ignoring nonexistent directory "/usr/lib/gcc/x86_64-linux-gnu/9/../../../../x86_64-linux-gnu/include"]
  ignore line: [#include "..." search starts here:]
  ignore line: [#include <...> search starts here:]
  ignore line: [ /usr/lib/gcc/x86_64-linux-gnu/9/include]
  ignore line: [ /usr/local/include]
  ignore line: [ /usr/include/x86_64-linux-gnu]
  ignore line: [ /usr/include]
  ignore line: [End of search list.]
  ignore line: [GNU C17 (Ubuntu 9.3.0-17ubuntu1~20.04) version 9.3.0 (x86_64-linux-gnu)]
  ignore line: [	compiled by GNU C version 9.3.0  GMP version 6.2.0  MPFR version 4.0.2  MPC version 1.1.0  isl version isl-0.22.1-GMP]
  ignore line: []
  ignore line: [GGC heuristics: --param ggc-min-expand=100 --param ggc-min-heapsize=131072]
  ignore line: [Compiler executable checksum: bbf13931d8de1abe14040c9909cb6969]
  ignore line: [COLLECT_GCC_OPTIONS='-O3' '-fcommon' '-v' '-o' 'CMakeFiles/cmTC_9e7cd.dir/CMakeCCompilerABI.c.o' '-c' '-mtune=generic' '-march=x86-64']
  ignore line: [ as -v --64 -o CMakeFiles/cmTC_9e7cd.dir/CMakeCCompilerABI.c.o /tmp/ccDa9tWQ.s]
  ignore line: [GNU assembler version 2.34 (x86_64-linux-gnu) using BFD version (GNU Binutils for Ubuntu) 2.34]
  ignore line: [COMPILER_PATH=/usr/lib/gcc/x86_64-linux-gnu/9/:/usr/lib/gcc/x86_64-linux-gnu/9/:/usr/lib/gcc/x86_64-linux-gnu/:/usr/lib/gcc/x86_64-linux-gnu/9/:/usr/lib/gcc/x86_64-linux-gnu/]
  ignore line: [LIBRARY_PATH=/usr/lib/gcc/x86_64-linux-gnu/9/:/usr/lib/gcc/x86_64-linux-gnu/9/../../../x86_64-linux-gnu/:/usr/lib/gcc/x86_64-linux-gnu/9/../../../../lib/:/lib/x86_64-linux-gnu/:/lib/../lib/:/usr/lib/x86_64-linux-gnu/:/usr/lib/../lib/:/usr/lib/gcc/x86_64-linux-gnu/9/../../../:/lib/:/usr/lib/]
  ignore line: [COLLECT_GCC_OPTIONS='-O3' '-fcommon' '-v' '-o' 'CMakeFiles/cmTC_9e7cd.dir/CMakeCCompilerABI.c.o' '-c' '-mtune=generic' '-march=x86-64']
  ignore line: [Linking C executable cmTC_9e7cd]
  ignore line: [/usr/bin/cmake -E cmake_link_script CMakeFiles/cmTC_9e7cd.dir/link.txt --verbose=1]
  ignore line: [/tmp/pts-compiler-mask-svt-vp91.3.0/gcc -O3 -fcommon    -v -rdynamic CMakeFiles/cmTC_9e7cd.dir/CMakeCCompilerABI.c.o  -o cmTC_9e7cd ]
  ignore line: [Using built-in specs.]
  ignore line: [COLLECT_GCC=/usr/bin/gcc]
  ignore line: [COLLECT_LTO_WRAPPER=/usr/lib/gcc/x86_64-linux-gnu/9/lto-wrapper]
  ignore line: [OFFLOAD_TARGET_NAMES=nvptx-none:hsa]
  ignore line: [OFFLOAD_TARGET_DEFAULT=1]
  ignore line: [Target: x86_64-linux-gnu]
  ignore line: [Configured with: ../src/configure -v --with-pkgversion='Ubuntu 9.3.0-17ubuntu1~20.04' --with-bugurl=file:///usr/share/doc/gcc-9/README.Bugs --enable-languages=c ada c++ go brig d fortran objc obj-c++ gm2 --prefix=/usr --with-gcc-major-version-only --program-suffix=-9 --program-prefix=x86_64-linux-gnu- --enable-shared --enable-linker-build-id --libexecdir=/usr/lib --without-included-gettext --enable-threads=posix --libdir=/usr/lib --enable-nls --enable-clocale=gnu --enable-libstdcxx-debug --enable-libstdcxx-time=yes --with-default-libstdcxx-abi=new --enable-gnu-unique-object --disable-vtable-verify --enable-plugin --enable-default-pie --with-system-zlib --with-target-system-zlib=auto --enable-objc-gc=auto --enable-multiarch --disable-werror --with-arch-32=i686 --with-abi=m64 --with-multilib-list=m32 m64 mx32 --enable-multilib --with-tune=generic --enable-offload-targets=nvptx-none=/build/gcc-9-HskZEa/gcc-9-9.3.0/debian/tmp-nvptx/usr hsa --without-cuda-driver --enable-checking=release --build=x86_64-linux-gnu --host=x86_64-linux-gnu --target=x86_64-linux-gnu]
  ignore line: [Thread model: posix]
  ignore line: [gcc version 9.3.0 (Ubuntu 9.3.0-17ubuntu1~20.04) ]
  ignore line: [COMPILER_PATH=/usr/lib/gcc/x86_64-linux-gnu/9/:/usr/lib/gcc/x86_64-linux-gnu/9/:/usr/lib/gcc/x86_64-linux-gnu/:/usr/lib/gcc/x86_64-linux-gnu/9/:/usr/lib/gcc/x86_64-linux-gnu/]
  ignore line: [LIBRARY_PATH=/usr/lib/gcc/x86_64-linux-gnu/9/:/usr/lib/gcc/x86_64-linux-gnu/9/../../../x86_64-linux-gnu/:/usr/lib/gcc/x86_64-linux-gnu/9/../../../../lib/:/lib/x86_64-linux-gnu/:/lib/../lib/:/usr/lib/x86_64-linux-gnu/:/usr/lib/../lib/:/usr/lib/gcc/x86_64-linux-gnu/9/../../../:/lib/:/usr/lib/]
  ignore line: [COLLECT_GCC_OPTIONS='-O3' '-fcommon' '-v' '-rdynamic' '-o' 'cmTC_9e7cd' '-mtune=generic' '-march=x86-64']
  link line: [ /usr/lib/gcc/x86_64-linux-gnu/9/collect2 -plugin /usr/lib/gcc/x86_64-linux-gnu/9/liblto_plugin.so -plugin-opt=/usr/lib/gcc/x86_64-linux-gnu/9/lto-wrapper -plugin-opt=-fresolution=/tmp/ccYeKN0N.res -plugin-opt=-pass-through=-lgcc -plugin-opt=-pass-through=-lgcc_s -plugin-opt=-pass-through=-lc -plugin-opt=-pass-through=-lgcc -plugin-opt=-pass-through=-lgcc_s --build-id --eh-frame-hdr -m elf_x86_64 --hash-style=gnu --as-needed -export-dynamic -dynamic-linker /lib64/ld-linux-x86-64.so.2 -pie -z now -z relro -o cmTC_9e7cd /usr/lib/gcc/x86_64-linux-gnu/9/../../../x86_64-linux-gnu/Scrt1.o /usr/lib/gcc/x86_64-linux-gnu/9/../../../x86_64-linux-gnu/crti.o /usr/lib/gcc/x86_64-linux-gnu/9/crtbeginS.o -L/usr/lib/gcc/x86_64-linux-gnu/9 -L/usr/lib/gcc/x86_64-linux-gnu/9/../../../x86_64-linux-gnu -L/usr/lib/gcc/x86_64-linux-gnu/9/../../../../lib -L/lib/x86_64-linux-gnu -L/lib/../lib -L/usr/lib/x86_64-linux-gnu -L/usr/lib/../lib -L/usr/lib/gcc/x86_64-linux-gnu/9/../../.. CMakeFiles/cmTC_9e7cd.dir/CMakeCCompilerABI.c.o -lgcc --push-state --as-needed -lgcc_s --pop-state -lc -lgcc --push-state --as-needed -lgcc_s --pop-state /usr/lib/gcc/x86_64-linux-gnu/9/crtendS.o /usr/lib/gcc/x86_64-linux-gnu/9/../../../x86_64-linux-gnu/crtn.o]
    arg [/usr/lib/gcc/x86_64-linux-gnu/9/collect2] ==> ignore
    arg [-plugin] ==> ignore
    arg [/usr/lib/gcc/x86_64-linux-gnu/9/liblto_plugin.so] ==> ignore
    arg [-plugin-opt=/usr/lib/gcc/x86_64-linux-gnu/9/lto-wrapper] ==> ignore
    arg [-plugin-opt=-fresolution=/tmp/ccYeKN0N.res] ==> ignore
    arg [-plugin-opt=-pass-through=-lgcc] ==> ignore
    arg [-plugin-opt=-pass-through=-lgcc_s] ==> ignore
    arg [-plugin-opt=-pass-through=-lc] ==> ignore
    arg [-plugin-opt=-pass-through=-lgcc] ==> ignore
    arg [-plugin-opt=-pass-through=-lgcc_s] ==> ignore
    arg [--build-id] ==> ignore
    arg [--eh-frame-hdr] ==> ignore
    arg [-m] ==> ignore
    arg [elf_x86_64] ==> ignore
    arg [--hash-style=gnu] ==> ignore
    arg [--as-needed] ==> ignore
    arg [-export-dynamic] ==> ignore
    arg [-dynamic-linker] ==> ignore
    arg [/lib64/ld-linux-x86-64.so.2] ==> ignore
    arg [-pie] ==> ignore
    arg [-znow] ==> ignore
    arg [-zrelro] ==> ignore
    arg [-o] ==> ignore
    arg [cmTC_9e7cd] ==> ignore
    arg [/usr/lib/gcc/x86_64-linux-gnu/9/../../../x86_64-linux-gnu/Scrt1.o] ==> ignore
    arg [/usr/lib/gcc/x86_64-linux-gnu/9/../../../x86_64-linux-gnu/crti.o] ==> ignore
    arg [/usr/lib/gcc/x86_64-linux-gnu/9/crtbeginS.o] ==> ignore
    arg [-L/usr/lib/gcc/x86_64-linux-gnu/9] ==> dir [/usr/lib/gcc/x86_64-linux-gnu/9]
    arg [-L/usr/lib/gcc/x86_64-linux-gnu/9/../../../x86_64-linux-gnu] ==> dir [/usr/lib/gcc/x86_64-linux-gnu/9/../../../x86_64-linux-gnu]
    arg [-L/usr/lib/gcc/x86_64-linux-gnu/9/../../../../lib] ==> dir [/usr/lib/gcc/x86_64-linux-gnu/9/../../../../lib]
    arg [-L/lib/x86_64-linux-gnu] ==> dir [/lib/x86_64-linux-gnu]
    arg [-L/lib/../lib] ==> dir [/lib/../lib]
    arg [-L/usr/lib/x86_64-linux-gnu] ==> dir [/usr/lib/x86_64-linux-gnu]
    arg [-L/usr/lib/../lib] ==> dir [/usr/lib/../lib]
    arg [-L/usr/lib/gcc/x86_64-linux-gnu/9/../../..] ==> dir [/usr/lib/gcc/x86_64-linux-gnu/9/../../..]
    arg [CMakeFiles/cmTC_9e7cd.dir/CMakeCCompilerABI.c.o] ==> ignore
    arg [-lgcc] ==> lib [gcc]
    arg [--push-state] ==> ignore
    arg [--as-needed] ==> ignore
    arg [-lgcc_s] ==> lib [gcc_s]
    arg [--pop-state] ==> ignore
    arg [-lc] ==> lib [c]
    arg [-lgcc] ==> lib [gcc]
    arg [--push-state] ==> ignore
    arg [--as-needed] ==> ignore
    arg [-lgcc_s] ==> lib [gcc_s]
    arg [--pop-state] ==> ignore
    arg [/usr/lib/gcc/x86_64-linux-gnu/9/crtendS.o] ==> ignore
    arg [/usr/lib/gcc/x86_64-linux-gnu/9/../../../x86_64-linux-gnu/crtn.o] ==> ignore
  collapse library dir [/usr/lib/gcc/x86_64-linux-gnu/9] ==> [/usr/lib/gcc/x86_64-linux-gnu/9]
  collapse library dir [/usr/lib/gcc/x86_64-linux-gnu/9/../../../x86_64-linux-gnu] ==> [/usr/lib/x86_64-linux-gnu]
  collapse library dir [/usr/lib/gcc/x86_64-linux-gnu/9/../../../../lib] ==> [/usr/lib]
  collapse library dir [/lib/x86_64-linux-gnu] ==> [/lib/x86_64-linux-gnu]
  collapse library dir [/lib/../lib] ==> [/lib]
  collapse library dir [/usr/lib/x86_64-linux-gnu] ==> [/usr/lib/x86_64-linux-gnu]
  collapse library dir [/usr/lib/../lib] ==> [/usr/lib]
  collapse library dir [/usr/lib/gcc/x86_64-linux-gnu/9/../../..] ==> [/usr/lib]
  implicit libs: [gcc;gcc_s;c;gcc;gcc_s]
  implicit dirs: [/usr/lib/gcc/x86_64-linux-gnu/9;/usr/lib/x86_64-linux-gnu;/usr/lib;/lib/x86_64-linux-gnu;/lib]
  implicit fwks: []


Performing C SOURCE FILE Test C_FLAG_Wall succeeded with the following output:
Change Dir: /var/lib/phoronix-test-suite/installed-tests/pts/svt-vp9-1.3.0/SVT-VP9-0.3.0/Build/linux/Release/CMakeFiles/CMakeTmp

Run Build Command(s):/usr/bin/make cmTC_3737b/fast && /usr/bin/make -f CMakeFiles/cmTC_3737b.dir/build.make CMakeFiles/cmTC_3737b.dir/build
make[1]: Entering directory '/var/lib/phoronix-test-suite/installed-tests/pts/svt-vp9-1.3.0/SVT-VP9-0.3.0/Build/linux/Release/CMakeFiles/CMakeTmp'
Building C object CMakeFiles/cmTC_3737b.dir/src.c.o
/tmp/pts-compiler-mask-svt-vp91.3.0/gcc   -O3 -fcommon -DC_FLAG_Wall -fPIE   -Wall -o CMakeFiles/cmTC_3737b.dir/src.c.o   -c /var/lib/phoronix-test-suite/installed-tests/pts/svt-vp9-1.3.0/SVT-VP9-0.3.0/Build/linux/Release/CMakeFiles/CMakeTmp/src.c
Linking C executable cmTC_3737b
/usr/bin/cmake -E cmake_link_script CMakeFiles/cmTC_3737b.dir/link.txt --verbose=1
/tmp/pts-compiler-mask-svt-vp91.3.0/gcc -O3 -fcommon -DC_FLAG_Wall    -rdynamic CMakeFiles/cmTC_3737b.dir/src.c.o  -o cmTC_3737b 
make[1]: Leaving directory '/var/lib/phoronix-test-suite/installed-tests/pts/svt-vp9-1.3.0/SVT-VP9-0.3.0/Build/linux/Release/CMakeFiles/CMakeTmp'


Source file was:
int main(void) { return 0; }
Performing C SOURCE FILE Test C_FLAG_Wextra succeeded with the following output:
Change Dir: /var/lib/phoronix-test-suite/installed-tests/pts/svt-vp9-1.3.0/SVT-VP9-0.3.0/Build/linux/Release/CMakeFiles/CMakeTmp

Run Build Command(s):/usr/bin/make cmTC_a2cda/fast && /usr/bin/make -f CMakeFiles/cmTC_a2cda.dir/build.make CMakeFiles/cmTC_a2cda.dir/build
make[1]: Entering directory '/var/lib/phoronix-test-suite/installed-tests/pts/svt-vp9-1.3.0/SVT-VP9-0.3.0/Build/linux/Release/CMakeFiles/CMakeTmp'
Building C object CMakeFiles/cmTC_a2cda.dir/src.c.o
/tmp/pts-compiler-mask-svt-vp91.3.0/gcc   -O3 -fcommon -Wall -DC_FLAG_Wextra -fPIE   -Wextra -o CMakeFiles/cmTC_a2cda.dir/src.c.o   -c /var/lib/phoronix-test-suite/installed-tests/pts/svt-vp9-1.3.0/SVT-VP9-0.3.0/Build/linux/Release/CMakeFiles/CMakeTmp/src.c
Linking C executable cmTC_a2cda
/usr/bin/cmake -E cmake_link_script CMakeFiles/cmTC_a2cda.dir/link.txt --verbose=1
/tmp/pts-compiler-mask-svt-vp91.3.0/gcc -O3 -fcommon -Wall -DC_FLAG_Wextra    -rdynamic CMakeFiles/cmTC_a2cda.dir/src.c.o  -o cmTC_a2cda 
make[1]: Leaving directory '/var/lib/phoronix-test-suite/installed-tests/pts/svt-vp9-1.3.0/SVT-VP9-0.3.0/Build/linux/Release/CMakeFiles/CMakeTmp'


Source file was:
int main(void) { return 0; }
Performing C SOURCE FILE Test C_FLAG_Wformat succeeded with the following output:
Change Dir: /var/lib/phoronix-test-suite/installed-tests/pts/svt-vp9-1.3.0/SVT-VP9-0.3.0/Build/linux/Release/CMakeFiles/CMakeTmp

Run Build Command(s):/usr/bin/make cmTC_23550/fast && /usr/bin/make -f CMakeFiles/cmTC_23550.dir/build.make CMakeFiles/cmTC_23550.dir/build
make[1]: Entering directory '/var/lib/phoronix-test-suite/installed-tests/pts/svt-vp9-1.3.0/SVT-VP9-0.3.0/Build/linux/Release/CMakeFiles/CMakeTmp'
Building C object CMakeFiles/cmTC_23550.dir/src.c.o
/tmp/pts-compiler-mask-svt-vp91.3.0/gcc   -O3 -fcommon -Wall -Wextra -DC_FLAG_Wformat -fPIE   -Wformat -o CMakeFiles/cmTC_23550.dir/src.c.o   -c /var/lib/phoronix-test-suite/installed-tests/pts/svt-vp9-1.3.0/SVT-VP9-0.3.0/Build/linux/Release/CMakeFiles/CMakeTmp/src.c
Linking C executable cmTC_23550
/usr/bin/cmake -E cmake_link_script CMakeFiles/cmTC_23550.dir/link.txt --verbose=1
/tmp/pts-compiler-mask-svt-vp91.3.0/gcc -O3 -fcommon -Wall -Wextra -DC_FLAG_Wformat    -rdynamic CMakeFiles/cmTC_23550.dir/src.c.o  -o cmTC_23550 
make[1]: Leaving directory '/var/lib/phoronix-test-suite/installed-tests/pts/svt-vp9-1.3.0/SVT-VP9-0.3.0/Build/linux/Release/CMakeFiles/CMakeTmp'


Source file was:
int main(void) { return 0; }
Performing C SOURCE FILE Test C_FLAG_Wformat_security succeeded with the following output:
Change Dir: /var/lib/phoronix-test-suite/installed-tests/pts/svt-vp9-1.3.0/SVT-VP9-0.3.0/Build/linux/Release/CMakeFiles/CMakeTmp

Run Build Command(s):/usr/bin/make cmTC_b0c7f/fast && /usr/bin/make -f CMakeFiles/cmTC_b0c7f.dir/build.make CMakeFiles/cmTC_b0c7f.dir/build
make[1]: Entering directory '/var/lib/phoronix-test-suite/installed-tests/pts/svt-vp9-1.3.0/SVT-VP9-0.3.0/Build/linux/Release/CMakeFiles/CMakeTmp'
Building C object CMakeFiles/cmTC_b0c7f.dir/src.c.o
/tmp/pts-compiler-mask-svt-vp91.3.0/gcc   -O3 -fcommon -Wall -Wextra -Wformat -DC_FLAG_Wformat_security -fPIE   -Wformat-security -o CMakeFiles/cmTC_b0c7f.dir/src.c.o   -c /var/lib/phoronix-test-suite/installed-tests/pts/svt-vp9-1.3.0/SVT-VP9-0.3.0/Build/linux/Release/CMakeFiles/CMakeTmp/src.c
Linking C executable cmTC_b0c7f
/usr/bin/cmake -E cmake_link_script CMakeFiles/cmTC_b0c7f.dir/link.txt --verbose=1
/tmp/pts-compiler-mask-svt-vp91.3.0/gcc -O3 -fcommon -Wall -Wextra -Wformat -DC_FLAG_Wformat_security    -rdynamic CMakeFiles/cmTC_b0c7f.dir/src.c.o  -o cmTC_b0c7f 
make[1]: Leaving directory '/var/lib/phoronix-test-suite/installed-tests/pts/svt-vp9-1.3.0/SVT-VP9-0.3.0/Build/linux/Release/CMakeFiles/CMakeTmp'


Source file was:
int main(void) { return 0; }
Performing C SOURCE FILE Test C_FLAG_fPIE succeeded with the following output:
Change Dir: /var/lib/phoronix-test-suite/installed-tests/pts/svt-vp9-1.3.0/SVT-VP9-0.3.0/Build/linux/Release/CMakeFiles/CMakeTmp

Run Build Command(s):/usr/bin/make cmTC_7b5f8/fast && /usr/bin/make -f CMakeFiles/cmTC_7b5f8.dir/build.make CMakeFiles/cmTC_7b5f8.dir/build
make[1]: Entering directory '/var/lib/phoronix-test-suite/installed-tests/pts/svt-vp9-1.3.0/SVT-VP9-0.3.0/Build/linux/Release/CMakeFiles/CMakeTmp'
Building C object CMakeFiles/cmTC_7b5f8.dir/src.c.o
/tmp/pts-compiler-mask-svt-vp91.3.0/gcc   -O3 -fcommon -Wall -Wextra -Wformat -Wformat-security -DC_FLAG_fPIE -fPIE   -fPIE -o CMakeFiles/cmTC_7b5f8.dir/src.c.o   -c /var/lib/phoronix-test-suite/installed-tests/pts/svt-vp9-1.3.0/SVT-VP9-0.3.0/Build/linux/Release/CMakeFiles/CMakeTmp/src.c
Linking C executable cmTC_7b5f8
/usr/bin/cmake -E cmake_link_script CMakeFiles/cmTC_7b5f8.dir/link.txt --verbose=1
/tmp/pts-compiler-mask-svt-vp91.3.0/gcc -O3 -fcommon -Wall -Wextra -Wformat -Wformat-security -DC_FLAG_fPIE    -rdynamic CMakeFiles/cmTC_7b5f8.dir/src.c.o  -o cmTC_7b5f8 
make[1]: Leaving directory '/var/lib/phoronix-test-suite/installed-tests/pts/svt-vp9-1.3.0/SVT-VP9-0.3.0/Build/linux/Release/CMakeFiles/CMakeTmp'


Source file was:
int main(void) { return 0; }
Performing C SOURCE FILE Test C_FLAG_fPIC succeeded with the following output:
Change Dir: /var/lib/phoronix-test-suite/installed-tests/pts/svt-vp9-1.3.0/SVT-VP9-0.3.0/Build/linux/Release/CMakeFiles/CMakeTmp

Run Build Command(s):/usr/bin/make cmTC_13667/fast && /usr/bin/make -f CMakeFiles/cmTC_13667.dir/build.make CMakeFiles/cmTC_13667.dir/build
make[1]: Entering directory '/var/lib/phoronix-test-suite/installed-tests/pts/svt-vp9-1.3.0/SVT-VP9-0.3.0/Build/linux/Release/CMakeFiles/CMakeTmp'
Building C object CMakeFiles/cmTC_13667.dir/src.c.o
/tmp/pts-compiler-mask-svt-vp91.3.0/gcc   -O3 -fcommon -Wall -Wextra -Wformat -Wformat-security -fPIE -DC_FLAG_fPIC -fPIE   -fPIC -o CMakeFiles/cmTC_13667.dir/src.c.o   -c /var/lib/phoronix-test-suite/installed-tests/pts/svt-vp9-1.3.0/SVT-VP9-0.3.0/Build/linux/Release/CMakeFiles/CMakeTmp/src.c
Linking C executable cmTC_13667
/usr/bin/cmake -E cmake_link_script CMakeFiles/cmTC_13667.dir/link.txt --verbose=1
/tmp/pts-compiler-mask-svt-vp91.3.0/gcc -O3 -fcommon -Wall -Wextra -Wformat -Wformat-security -fPIE -DC_FLAG_fPIC    -rdynamic CMakeFiles/cmTC_13667.dir/src.c.o  -o cmTC_13667 
make[1]: Leaving directory '/var/lib/phoronix-test-suite/installed-tests/pts/svt-vp9-1.3.0/SVT-VP9-0.3.0/Build/linux/Release/CMakeFiles/CMakeTmp'


Source file was:
int main(void) { return 0; }
Performing C SOURCE FILE Test C_FLAG_D_FORTIFY_SOURCE_2 succeeded with the following output:
Change Dir: /var/lib/phoronix-test-suite/installed-tests/pts/svt-vp9-1.3.0/SVT-VP9-0.3.0/Build/linux/Release/CMakeFiles/CMakeTmp

Run Build Command(s):/usr/bin/make cmTC_9b418/fast && /usr/bin/make -f CMakeFiles/cmTC_9b418.dir/build.make CMakeFiles/cmTC_9b418.dir/build
make[1]: Entering directory '/var/lib/phoronix-test-suite/installed-tests/pts/svt-vp9-1.3.0/SVT-VP9-0.3.0/Build/linux/Release/CMakeFiles/CMakeTmp'
Building C object CMakeFiles/cmTC_9b418.dir/src.c.o
/tmp/pts-compiler-mask-svt-vp91.3.0/gcc -D_FORTIFY_SOURCE=2  -O3 -fcommon -Wall -Wextra -Wformat -Wformat-security -fPIE -fPIC -DC_FLAG_D_FORTIFY_SOURCE_2 -fPIE   -o CMakeFiles/cmTC_9b418.dir/src.c.o   -c /var/lib/phoronix-test-suite/installed-tests/pts/svt-vp9-1.3.0/SVT-VP9-0.3.0/Build/linux/Release/CMakeFiles/CMakeTmp/src.c
Linking C executable cmTC_9b418
/usr/bin/cmake -E cmake_link_script CMakeFiles/cmTC_9b418.dir/link.txt --verbose=1
/tmp/pts-compiler-mask-svt-vp91.3.0/gcc -O3 -fcommon -Wall -Wextra -Wformat -Wformat-security -fPIE -fPIC -DC_FLAG_D_FORTIFY_SOURCE_2    -rdynamic CMakeFiles/cmTC_9b418.dir/src.c.o  -o cmTC_9b418 
make[1]: Leaving directory '/var/lib/phoronix-test-suite/installed-tests/pts/svt-vp9-1.3.0/SVT-VP9-0.3.0/Build/linux/Release/CMakeFiles/CMakeTmp'


Source file was:
int main(void) { return 0; }
Performing C SOURCE FILE Test C_FLAG_fvisibility_hidden succeeded with the following output:
Change Dir: /var/lib/phoronix-test-suite/installed-tests/pts/svt-vp9-1.3.0/SVT-VP9-0.3.0/Build/linux/Release/CMakeFiles/CMakeTmp

Run Build Command(s):/usr/bin/make cmTC_10d19/fast && /usr/bin/make -f CMakeFiles/cmTC_10d19.dir/build.make CMakeFiles/cmTC_10d19.dir/build
make[1]: Entering directory '/var/lib/phoronix-test-suite/installed-tests/pts/svt-vp9-1.3.0/SVT-VP9-0.3.0/Build/linux/Release/CMakeFiles/CMakeTmp'
Building C object CMakeFiles/cmTC_10d19.dir/src.c.o
/tmp/pts-compiler-mask-svt-vp91.3.0/gcc   -O3 -fcommon -Wall -Wextra -Wformat -Wformat-security -fPIE -fPIC -D_FORTIFY_SOURCE=2 -DC_FLAG_fvisibility_hidden -fPIE   -fvisibility=hidden -o CMakeFiles/cmTC_10d19.dir/src.c.o   -c /var/lib/phoronix-test-suite/installed-tests/pts/svt-vp9-1.3.0/SVT-VP9-0.3.0/Build/linux/Release/CMakeFiles/CMakeTmp/src.c
Linking C executable cmTC_10d19
/usr/bin/cmake -E cmake_link_script CMakeFiles/cmTC_10d19.dir/link.txt --verbose=1
/tmp/pts-compiler-mask-svt-vp91.3.0/gcc -O3 -fcommon -Wall -Wextra -Wformat -Wformat-security -fPIE -fPIC -D_FORTIFY_SOURCE=2 -DC_FLAG_fvisibility_hidden    -rdynamic CMakeFiles/cmTC_10d19.dir/src.c.o  -o cmTC_10d19 
make[1]: Leaving directory '/var/lib/phoronix-test-suite/installed-tests/pts/svt-vp9-1.3.0/SVT-VP9-0.3.0/Build/linux/Release/CMakeFiles/CMakeTmp'


Source file was:
int main(void) { return 0; }
Performing C SOURCE FILE Test C_FLAG_fstack_protector_strong succeeded with the following output:
Change Dir: /var/lib/phoronix-test-suite/installed-tests/pts/svt-vp9-1.3.0/SVT-VP9-0.3.0/Build/linux/Release/CMakeFiles/CMakeTmp

Run Build Command(s):/usr/bin/make cmTC_21a1d/fast && /usr/bin/make -f CMakeFiles/cmTC_21a1d.dir/build.make CMakeFiles/cmTC_21a1d.dir/build
make[1]: Entering directory '/var/lib/phoronix-test-suite/installed-tests/pts/svt-vp9-1.3.0/SVT-VP9-0.3.0/Build/linux/Release/CMakeFiles/CMakeTmp'
Building C object CMakeFiles/cmTC_21a1d.dir/src.c.o
/tmp/pts-compiler-mask-svt-vp91.3.0/gcc   -O3 -fcommon -Wall -Wextra -Wformat -Wformat-security -fPIE -fPIC -D_FORTIFY_SOURCE=2 -fvisibility=hidden -DC_FLAG_fstack_protector_strong -fPIE   -fstack-protector-strong -o CMakeFiles/cmTC_21a1d.dir/src.c.o   -c /var/lib/phoronix-test-suite/installed-tests/pts/svt-vp9-1.3.0/SVT-VP9-0.3.0/Build/linux/Release/CMakeFiles/CMakeTmp/src.c
Linking C executable cmTC_21a1d
/usr/bin/cmake -E cmake_link_script CMakeFiles/cmTC_21a1d.dir/link.txt --verbose=1
/tmp/pts-compiler-mask-svt-vp91.3.0/gcc -O3 -fcommon -Wall -Wextra -Wformat -Wformat-security -fPIE -fPIC -D_FORTIFY_SOURCE=2 -fvisibility=hidden -DC_FLAG_fstack_protector_strong    -rdynamic CMakeFiles/cmTC_21a1d.dir/src.c.o  -o cmTC_21a1d 
make[1]: Leaving directory '/var/lib/phoronix-test-suite/installed-tests/pts/svt-vp9-1.3.0/SVT-VP9-0.3.0/Build/linux/Release/CMakeFiles/CMakeTmp'


Source file was:
int main(void) { return 0; }
Performing C SOURCE FILE Test C_FLAG_msse2 succeeded with the following output:
Change Dir: /var/lib/phoronix-test-suite/installed-tests/pts/svt-vp9-1.3.0/SVT-VP9-0.3.0/Build/linux/Release/CMakeFiles/CMakeTmp

Run Build Command(s):/usr/bin/make cmTC_2db64/fast && /usr/bin/make -f CMakeFiles/cmTC_2db64.dir/build.make CMakeFiles/cmTC_2db64.dir/build
make[1]: Entering directory '/var/lib/phoronix-test-suite/installed-tests/pts/svt-vp9-1.3.0/SVT-VP9-0.3.0/Build/linux/Release/CMakeFiles/CMakeTmp'
Building C object CMakeFiles/cmTC_2db64.dir/src.c.o
/tmp/pts-compiler-mask-svt-vp91.3.0/gcc   -O3 -fcommon -Wall -Wextra -Wformat -Wformat-security -fPIE -fPIC -D_FORTIFY_SOURCE=2 -fvisibility=hidden -fstack-protector-strong -DC_FLAG_msse2 -fPIE   -msse2 -o CMakeFiles/cmTC_2db64.dir/src.c.o   -c /var/lib/phoronix-test-suite/installed-tests/pts/svt-vp9-1.3.0/SVT-VP9-0.3.0/Build/linux/Release/CMakeFiles/CMakeTmp/src.c
Linking C executable cmTC_2db64
/usr/bin/cmake -E cmake_link_script CMakeFiles/cmTC_2db64.dir/link.txt --verbose=1
/tmp/pts-compiler-mask-svt-vp91.3.0/gcc -O3 -fcommon -Wall -Wextra -Wformat -Wformat-security -fPIE -fPIC -D_FORTIFY_SOURCE=2 -fvisibility=hidden -fstack-protector-strong -DC_FLAG_msse2    -rdynamic CMakeFiles/cmTC_2db64.dir/src.c.o  -o cmTC_2db64 
make[1]: Leaving directory '/var/lib/phoronix-test-suite/installed-tests/pts/svt-vp9-1.3.0/SVT-VP9-0.3.0/Build/linux/Release/CMakeFiles/CMakeTmp'


Source file was:
int main(void) { return 0; }
Performing C SOURCE FILE Test C_FLAG_mssse3 succeeded with the following output:
Change Dir: /var/lib/phoronix-test-suite/installed-tests/pts/svt-vp9-1.3.0/SVT-VP9-0.3.0/Build/linux/Release/CMakeFiles/CMakeTmp

Run Build Command(s):/usr/bin/make cmTC_2ea91/fast && /usr/bin/make -f CMakeFiles/cmTC_2ea91.dir/build.make CMakeFiles/cmTC_2ea91.dir/build
make[1]: Entering directory '/var/lib/phoronix-test-suite/installed-tests/pts/svt-vp9-1.3.0/SVT-VP9-0.3.0/Build/linux/Release/CMakeFiles/CMakeTmp'
Building C object CMakeFiles/cmTC_2ea91.dir/src.c.o
/tmp/pts-compiler-mask-svt-vp91.3.0/gcc   -O3 -fcommon -Wall -Wextra -Wformat -Wformat-security -fPIE -fPIC -D_FORTIFY_SOURCE=2 -fvisibility=hidden -fstack-protector-strong -DC_FLAG_mssse3 -fPIE   -mssse3 -o CMakeFiles/cmTC_2ea91.dir/src.c.o   -c /var/lib/phoronix-test-suite/installed-tests/pts/svt-vp9-1.3.0/SVT-VP9-0.3.0/Build/linux/Release/CMakeFiles/CMakeTmp/src.c
Linking C executable cmTC_2ea91
/usr/bin/cmake -E cmake_link_script CMakeFiles/cmTC_2ea91.dir/link.txt --verbose=1
/tmp/pts-compiler-mask-svt-vp91.3.0/gcc -O3 -fcommon -Wall -Wextra -Wformat -Wformat-security -fPIE -fPIC -D_FORTIFY_SOURCE=2 -fvisibility=hidden -fstack-protector-strong -DC_FLAG_mssse3    -rdynamic CMakeFiles/cmTC_2ea91.dir/src.c.o  -o cmTC_2ea91 
make[1]: Leaving directory '/var/lib/phoronix-test-suite/installed-tests/pts/svt-vp9-1.3.0/SVT-VP9-0.3.0/Build/linux/Release/CMakeFiles/CMakeTmp'


Source file was:
int main(void) { return 0; }
Performing C SOURCE FILE Test C_FLAG_msse4_1 succeeded with the following output:
Change Dir: /var/lib/phoronix-test-suite/installed-tests/pts/svt-vp9-1.3.0/SVT-VP9-0.3.0/Build/linux/Release/CMakeFiles/CMakeTmp

Run Build Command(s):/usr/bin/make cmTC_02ac3/fast && /usr/bin/make -f CMakeFiles/cmTC_02ac3.dir/build.make CMakeFiles/cmTC_02ac3.dir/build
make[1]: Entering directory '/var/lib/phoronix-test-suite/installed-tests/pts/svt-vp9-1.3.0/SVT-VP9-0.3.0/Build/linux/Release/CMakeFiles/CMakeTmp'
Building C object CMakeFiles/cmTC_02ac3.dir/src.c.o
/tmp/pts-compiler-mask-svt-vp91.3.0/gcc   -O3 -fcommon -Wall -Wextra -Wformat -Wformat-security -fPIE -fPIC -D_FORTIFY_SOURCE=2 -fvisibility=hidden -fstack-protector-strong -DC_FLAG_msse4_1 -fPIE   -msse4.1 -o CMakeFiles/cmTC_02ac3.dir/src.c.o   -c /var/lib/phoronix-test-suite/installed-tests/pts/svt-vp9-1.3.0/SVT-VP9-0.3.0/Build/linux/Release/CMakeFiles/CMakeTmp/src.c
Linking C executable cmTC_02ac3
/usr/bin/cmake -E cmake_link_script CMakeFiles/cmTC_02ac3.dir/link.txt --verbose=1
/tmp/pts-compiler-mask-svt-vp91.3.0/gcc -O3 -fcommon -Wall -Wextra -Wformat -Wformat-security -fPIE -fPIC -D_FORTIFY_SOURCE=2 -fvisibility=hidden -fstack-protector-strong -DC_FLAG_msse4_1    -rdynamic CMakeFiles/cmTC_02ac3.dir/src.c.o  -o cmTC_02ac3 
make[1]: Leaving directory '/var/lib/phoronix-test-suite/installed-tests/pts/svt-vp9-1.3.0/SVT-VP9-0.3.0/Build/linux/Release/CMakeFiles/CMakeTmp'


Source file was:
int main(void) { return 0; }
Performing C SOURCE FILE Test C_FLAG_mavx2 succeeded with the following output:
Change Dir: /var/lib/phoronix-test-suite/installed-tests/pts/svt-vp9-1.3.0/SVT-VP9-0.3.0/Build/linux/Release/CMakeFiles/CMakeTmp

Run Build Command(s):/usr/bin/make cmTC_1749f/fast && /usr/bin/make -f CMakeFiles/cmTC_1749f.dir/build.make CMakeFiles/cmTC_1749f.dir/build
make[1]: Entering directory '/var/lib/phoronix-test-suite/installed-tests/pts/svt-vp9-1.3.0/SVT-VP9-0.3.0/Build/linux/Release/CMakeFiles/CMakeTmp'
Building C object CMakeFiles/cmTC_1749f.dir/src.c.o
/tmp/pts-compiler-mask-svt-vp91.3.0/gcc   -O3 -fcommon -Wall -Wextra -Wformat -Wformat-security -fPIE -fPIC -D_FORTIFY_SOURCE=2 -fvisibility=hidden -fstack-protector-strong -DC_FLAG_mavx2 -fPIE   -mavx2 -o CMakeFiles/cmTC_1749f.dir/src.c.o   -c /var/lib/phoronix-test-suite/installed-tests/pts/svt-vp9-1.3.0/SVT-VP9-0.3.0/Build/linux/Release/CMakeFiles/CMakeTmp/src.c
Linking C executable cmTC_1749f
/usr/bin/cmake -E cmake_link_script CMakeFiles/cmTC_1749f.dir/link.txt --verbose=1
/tmp/pts-compiler-mask-svt-vp91.3.0/gcc -O3 -fcommon -Wall -Wextra -Wformat -Wformat-security -fPIE -fPIC -D_FORTIFY_SOURCE=2 -fvisibility=hidden -fstack-protector-strong -DC_FLAG_mavx2    -rdynamic CMakeFiles/cmTC_1749f.dir/src.c.o  -o cmTC_1749f 
make[1]: Leaving directory '/var/lib/phoronix-test-suite/installed-tests/pts/svt-vp9-1.3.0/SVT-VP9-0.3.0/Build/linux/Release/CMakeFiles/CMakeTmp'


Source file was:
int main(void) { return 0; }
