Checking whether the ASM_NASM compiler is GNU using "--version" did not match "(GNU assembler)|(GCC)|(Free Software Foundation)":
yasm 1.3.0
Compiled on Apr  1 2020.
Copyright (c) 2001-2014 Peter Johnson and other Yasm developers.
Run yasm --license for licensing overview and summary.
Checking whether the ASM_NASM compiler is Clang using "--version" did not match "(clang version)":
yasm 1.3.0
Compiled on Apr  1 2020.
Copyright (c) 2001-2014 Peter Johnson and other Yasm developers.
Run yasm --license for licensing overview and summary.
Checking whether the ASM_NASM compiler is AppleClang using "--version" did not match "(Apple LLVM version)":
yasm 1.3.0
Compiled on Apr  1 2020.
Copyright (c) 2001-2014 Peter Johnson and other Yasm developers.
Run yasm --license for licensing overview and summary.
Checking whether the ASM_NASM compiler is ARMClang using "--version" did not match "armclang":
yasm 1.3.0
Compiled on Apr  1 2020.
Copyright (c) 2001-2014 Peter Johnson and other Yasm developers.
Run yasm --license for licensing overview and summary.
Checking whether the ASM_NASM compiler is HP using "-V" did not match "HP C":
yasm: warning: unrecognized option `-V'
yasm: No input files specified
Checking whether the ASM_NASM compiler is Intel using "--version" did not match "(ICC)":
yasm 1.3.0
Compiled on Apr  1 2020.
Copyright (c) 2001-2014 Peter Johnson and other Yasm developers.
Run yasm --license for licensing overview and summary.
Checking whether the ASM_NASM compiler is SunPro using "-V" did not match "Sun C":
yasm: warning: unrecognized option `-V'
yasm: No input files specified
Checking whether the ASM_NASM compiler is XL using "-qversion" did not match "XL C":
yasm: warning: unrecognized option `-qversion'
yasm: No input files specified
Checking whether the ASM_NASM compiler is MSVC using "-?" did not match "Microsoft":
yasm: warning: unrecognized option `-?'
yasm: No input files specified
Checking whether the ASM_NASM compiler is TI using "-h" did not match "Texas Instruments":
usage: yasm [option]* file
Options:
    --version               show version text
    --license               show license text
    -h, --help              show help text
    --arch=<arch>           select architecture (list with -a help)
     -a <arch>
    --parser=<parser>       select parser (list with -p help)
     -p <parser>
    --preproc=<preproc>     select preprocessor (list with -r help)
     -r <preproc>
    --oformat=<format>      select object format (list with -f help)
     -f <format>
    --dformat=<debug>       select debugging format (list with -g help)
     -g <debug>
    --lformat=<list>        select list format (list with -L help)
     -L <list>
    --list=<listfile>       name of list-file output
     -l <listfile>
    --objfile=<filename>    name of object-file output
     -o <filename>
    --mapfile=<filename>    name of map-file output
    --machine=<machine>     select machine (list with -m help)
     -m <machine>
    --force-strict          treat all sized operands as if `strict' was used
    -w                      inhibits warning messages
    -W                      enables/disables warning
    -M                      generate Makefile dependencies on stdout
    -E <file>               redirect error messages to file
    -s                      redirect error messages to stdout
    -e, --preproc-only      preprocess only (writes output to stdout by default)
    -i <path>               add include path
    -I <path>               add include path
    -P <filename>           pre-include file
    -d <macro[=value]>      pre-define a macro, optionally to value
    -D <macro[=value]>      pre-define a macro, optionally to value
    -u <macro>              undefine a macro
    -U <macro>              undefine a macro
    -X <style>              select error/warning message style (`gnu' or `vc')
    --prefix=<prefix>       prepend argument to name of all external symbols
    --suffix=<suffix>       append argument to name of all external symbols
    --postfix=<suffix>      append argument to name of all external symbols

Files are asm sources to be assembled.

Sample invocation:
   yasm -f elf -o object.o source.asm

Report bugs to bug-yasm@tortall.net
Checking whether the ASM_NASM compiler is IAR using "" did not match "IAR Assembler":
yasm: No input files specified
Checking whether the ASM_NASM compiler is ARMCC using "" did not match "(ARM Compiler)|(ARM Assembler)":
yasm: No input files specified
Checking whether the ASM_NASM compiler is NASM using "-v" did not match "(NASM version)":
yasm: warning: unrecognized option `-v'
yasm: No input files specified
Performing C SOURCE FILE Test C_FLAG_GS failed with the following output:
Change Dir: /var/lib/phoronix-test-suite/installed-tests/pts/svt-vp9-1.3.0/SVT-VP9-0.3.0/Build/linux/Release/CMakeFiles/CMakeTmp

Run Build Command(s):/usr/bin/make cmTC_fb1e6/fast && /usr/bin/make -f CMakeFiles/cmTC_fb1e6.dir/build.make CMakeFiles/cmTC_fb1e6.dir/build
make[1]: Entering directory '/var/lib/phoronix-test-suite/installed-tests/pts/svt-vp9-1.3.0/SVT-VP9-0.3.0/Build/linux/Release/CMakeFiles/CMakeTmp'
Building C object CMakeFiles/cmTC_fb1e6.dir/src.c.o
/tmp/pts-compiler-mask-svt-vp91.3.0/gcc   -O3 -fcommon -Wall -Wextra -Wformat -Wformat-security -fPIE -fPIC -D_FORTIFY_SOURCE=2 -fvisibility=hidden -DC_FLAG_GS -fPIE   /GS -o CMakeFiles/cmTC_fb1e6.dir/src.c.o   -c /var/lib/phoronix-test-suite/installed-tests/pts/svt-vp9-1.3.0/SVT-VP9-0.3.0/Build/linux/Release/CMakeFiles/CMakeTmp/src.c
gcc: error: /GS: No such file or directory
make[1]: *** [CMakeFiles/cmTC_fb1e6.dir/build.make:66: CMakeFiles/cmTC_fb1e6.dir/src.c.o] Error 1
make[1]: Leaving directory '/var/lib/phoronix-test-suite/installed-tests/pts/svt-vp9-1.3.0/SVT-VP9-0.3.0/Build/linux/Release/CMakeFiles/CMakeTmp'
make: *** [Makefile:121: cmTC_fb1e6/fast] Error 2


Source file was:
int main(void) { return 0; }
Performing C SOURCE FILE Test C_FLAG_sdl failed with the following output:
Change Dir: /var/lib/phoronix-test-suite/installed-tests/pts/svt-vp9-1.3.0/SVT-VP9-0.3.0/Build/linux/Release/CMakeFiles/CMakeTmp

Run Build Command(s):/usr/bin/make cmTC_90733/fast && /usr/bin/make -f CMakeFiles/cmTC_90733.dir/build.make CMakeFiles/cmTC_90733.dir/build
make[1]: Entering directory '/var/lib/phoronix-test-suite/installed-tests/pts/svt-vp9-1.3.0/SVT-VP9-0.3.0/Build/linux/Release/CMakeFiles/CMakeTmp'
Building C object CMakeFiles/cmTC_90733.dir/src.c.o
/tmp/pts-compiler-mask-svt-vp91.3.0/gcc   -O3 -fcommon -Wall -Wextra -Wformat -Wformat-security -fPIE -fPIC -D_FORTIFY_SOURCE=2 -fvisibility=hidden -DC_FLAG_sdl -fPIE   /sdl -o CMakeFiles/cmTC_90733.dir/src.c.o   -c /var/lib/phoronix-test-suite/installed-tests/pts/svt-vp9-1.3.0/SVT-VP9-0.3.0/Build/linux/Release/CMakeFiles/CMakeTmp/src.c
gcc: error: /sdl: No such file or directory
make[1]: *** [CMakeFiles/cmTC_90733.dir/build.make:66: CMakeFiles/cmTC_90733.dir/src.c.o] Error 1
make[1]: Leaving directory '/var/lib/phoronix-test-suite/installed-tests/pts/svt-vp9-1.3.0/SVT-VP9-0.3.0/Build/linux/Release/CMakeFiles/CMakeTmp'
make: *** [Makefile:121: cmTC_90733/fast] Error 2


Source file was:
int main(void) { return 0; }
