-- The C compiler identification is GNU 9.3.0
-- The CXX compiler identification is GNU 9.3.0
-- Check for working C compiler: /tmp/pts-compiler-mask-leveldb1.0.2/cc
-- Check for working C compiler: /tmp/pts-compiler-mask-leveldb1.0.2/cc -- works
-- Detecting C compiler ABI info
-- Detecting C compiler ABI info - done
-- Detecting C compile features
-- Detecting C compile features - done
-- Check for working CXX compiler: /tmp/pts-compiler-mask-leveldb1.0.2/c++
-- Check for working CXX compiler: /tmp/pts-compiler-mask-leveldb1.0.2/c++ -- works
-- Detecting CXX compiler ABI info
-- Detecting CXX compiler ABI info - done
-- Detecting CXX compile features
-- Detecting CXX compile features - done
-- Check if the system is big endian
-- Searching 16 bit integer
-- Looking for sys/types.h
-- Looking for sys/types.h - found
-- Looking for stdint.h
-- Looking for stdint.h - found
-- Looking for stddef.h
-- Looking for stddef.h - found
-- Check size of unsigned short
-- Check size of unsigned short - done
-- Using unsigned short
-- Check if the system is big endian - little endian
-- Looking for unistd.h
-- Looking for unistd.h - found
-- Looking for crc32c_value in crc32c
-- Looking for crc32c_value in crc32c - not found
-- Looking for snappy_compress in snappy
-- Looking for snappy_compress in snappy - found
-- Looking for malloc in tcmalloc
-- Looking for malloc in tcmalloc - found
-- Looking for fdatasync
-- Looking for fdatasync - found
-- Looking for F_FULLFSYNC
-- Looking for F_FULLFSYNC - not found
-- Performing Test HAVE_CLANG_THREAD_SAFETY
-- Performing Test HAVE_CLANG_THREAD_SAFETY - Failed
-- Performing Test HAVE_CXX17_HAS_INCLUDE
-- Performing Test HAVE_CXX17_HAS_INCLUDE - Success
-- Looking for pthread.h
-- Looking for pthread.h - found
-- Performing Test CMAKE_HAVE_LIBC_PTHREAD
-- Performing Test CMAKE_HAVE_LIBC_PTHREAD - Failed
-- Looking for pthread_create in pthreads
-- Looking for pthread_create in pthreads - not found
-- Looking for pthread_create in pthread
-- Looking for pthread_create in pthread - found
-- Found Threads: TRUE  
-- Looking for sqlite3_open in sqlite3
-- Looking for sqlite3_open in sqlite3 - found
-- Performing Test HAVE_KYOTOCABINET
-- Performing Test HAVE_KYOTOCABINET - Failed
-- Configuring done
-- Generating done
-- Build files have been written to: /var/lib/phoronix-test-suite/installed-tests/pts/leveldb-1.0.2/leveldb-1.22/build
Scanning dependencies of target leveldb
[  0%] Building CXX object CMakeFiles/leveldb.dir/table/iterator.cc.o
[  1%] Building CXX object CMakeFiles/leveldb.dir/db/c.cc.o
[  1%] Building CXX object CMakeFiles/leveldb.dir/db/db_iter.cc.o
[  2%] Building CXX object CMakeFiles/leveldb.dir/db/dbformat.cc.o
[  4%] Building CXX object CMakeFiles/leveldb.dir/db/memtable.cc.o
[  4%] Building CXX object CMakeFiles/leveldb.dir/db/log_writer.cc.o
[  4%] Building CXX object CMakeFiles/leveldb.dir/db/repair.cc.o
[  4%] Building CXX object CMakeFiles/leveldb.dir/db/log_reader.cc.o
[  5%] Building CXX object CMakeFiles/leveldb.dir/db/table_cache.cc.o
[  5%] Building CXX object CMakeFiles/leveldb.dir/db/version_edit.cc.o
[  5%] Building CXX object CMakeFiles/leveldb.dir/db/builder.cc.o
[  6%] Building CXX object CMakeFiles/leveldb.dir/db/db_impl.cc.o
[  6%] Building CXX object CMakeFiles/leveldb.dir/table/filter_block.cc.o
[  6%] Building CXX object CMakeFiles/leveldb.dir/db/dumpfile.cc.o
[  7%] Building CXX object CMakeFiles/leveldb.dir/db/filename.cc.o
[  9%] Building CXX object CMakeFiles/leveldb.dir/table/format.cc.o
[  9%] Building CXX object CMakeFiles/leveldb.dir/table/merger.cc.o
[ 10%] Building CXX object CMakeFiles/leveldb.dir/table/table_builder.cc.o
[ 11%] Building CXX object CMakeFiles/leveldb.dir/db/version_set.cc.o
[ 12%] Building CXX object CMakeFiles/leveldb.dir/db/write_batch.cc.o
[ 13%] Building CXX object CMakeFiles/leveldb.dir/table/two_level_iterator.cc.o
[ 13%] Building CXX object CMakeFiles/leveldb.dir/table/block_builder.cc.o
[ 14%] Building CXX object CMakeFiles/leveldb.dir/table/block.cc.o
[ 14%] Building CXX object CMakeFiles/leveldb.dir/table/table.cc.o
[ 15%] Building CXX object CMakeFiles/leveldb.dir/util/arena.cc.o
[ 15%] Building CXX object CMakeFiles/leveldb.dir/util/bloom.cc.o
[ 16%] Building CXX object CMakeFiles/leveldb.dir/util/cache.cc.o
[ 16%] Building CXX object CMakeFiles/leveldb.dir/util/coding.cc.o
[ 16%] Building CXX object CMakeFiles/leveldb.dir/util/crc32c.cc.o
[ 17%] Building CXX object CMakeFiles/leveldb.dir/util/comparator.cc.o
[ 18%] Building CXX object CMakeFiles/leveldb.dir/util/filter_policy.cc.o
[ 19%] Building CXX object CMakeFiles/leveldb.dir/util/env.cc.o
[ 20%] Building CXX object CMakeFiles/leveldb.dir/util/logging.cc.o
[ 20%] Building CXX object CMakeFiles/leveldb.dir/util/hash.cc.o
[ 20%] Building CXX object CMakeFiles/leveldb.dir/util/options.cc.o
[ 22%] Building CXX object CMakeFiles/leveldb.dir/util/status.cc.o
[ 22%] Building CXX object CMakeFiles/leveldb.dir/util/env_posix.cc.o
[ 22%] Building CXX object CMakeFiles/leveldb.dir/helpers/memenv/memenv.cc.o
[ 23%] Linking CXX static library libleveldb.a
[ 23%] Built target leveldb
Scanning dependencies of target leveldbutil
Scanning dependencies of target issue320_test
Scanning dependencies of target db_bench_sqlite3
Scanning dependencies of target memenv_test
Scanning dependencies of target issue178_test
Scanning dependencies of target c_test
Scanning dependencies of target env_posix_test
Scanning dependencies of target no_destructor_test
Scanning dependencies of target logging_test
Scanning dependencies of target issue200_test
Scanning dependencies of target dbformat_test
Scanning dependencies of target db_bench
Scanning dependencies of target skiplist_test
Scanning dependencies of target cache_test
Scanning dependencies of target recovery_test
Scanning dependencies of target filter_block_test
Scanning dependencies of target autocompact_test
Scanning dependencies of target version_set_test
Scanning dependencies of target crc32c_test
Scanning dependencies of target corruption_test
Scanning dependencies of target filename_test
Scanning dependencies of target hash_test
Scanning dependencies of target coding_test
Scanning dependencies of target log_test
Scanning dependencies of target fault_injection_test
Scanning dependencies of target status_test
Scanning dependencies of target arena_test
Scanning dependencies of target version_edit_test
Scanning dependencies of target bloom_test
Scanning dependencies of target write_batch_test
Scanning dependencies of target db_test
Scanning dependencies of target env_test
Scanning dependencies of target table_test
[ 23%] Building CXX object CMakeFiles/leveldbutil.dir/db/leveldbutil.cc.o
[ 24%] Building CXX object CMakeFiles/memenv_test.dir/util/testharness.cc.o
[ 25%] Building CXX object CMakeFiles/issue320_test.dir/util/testharness.cc.o
[ 25%] Building CXX object CMakeFiles/issue178_test.dir/util/testharness.cc.o
[ 26%] Building CXX object CMakeFiles/c_test.dir/util/testutil.cc.o
[ 26%] Building CXX object CMakeFiles/c_test.dir/util/testharness.cc.o
[ 27%] Building CXX object CMakeFiles/issue178_test.dir/util/testutil.cc.o
[ 28%] Building CXX object CMakeFiles/db_bench_sqlite3.dir/util/testutil.cc.o
[ 29%] Building CXX object CMakeFiles/issue178_test.dir/issues/issue178_test.cc.o
[ 30%] Building CXX object CMakeFiles/issue320_test.dir/util/testutil.cc.o
[ 31%] Building CXX object CMakeFiles/no_destructor_test.dir/util/no_destructor_test.cc.o
[ 32%] Building CXX object CMakeFiles/db_bench_sqlite3.dir/util/histogram.cc.o
[ 32%] Building CXX object CMakeFiles/db_bench_sqlite3.dir/doc/bench/db_bench_sqlite3.cc.o
[ 32%] Building CXX object CMakeFiles/issue200_test.dir/util/testutil.cc.o
[ 33%] Building CXX object CMakeFiles/skiplist_test.dir/util/testharness.cc.o
[ 34%] Building CXX object CMakeFiles/db_bench.dir/util/histogram.cc.o
[ 34%] Building CXX object CMakeFiles/db_bench_sqlite3.dir/util/testharness.cc.o
[ 35%] Building CXX object CMakeFiles/skiplist_test.dir/util/testutil.cc.o
[ 35%] Building CXX object CMakeFiles/skiplist_test.dir/db/skiplist_test.cc.o
[ 35%] Building CXX object CMakeFiles/cache_test.dir/util/testharness.cc.o
[ 36%] Building CXX object CMakeFiles/memenv_test.dir/util/testutil.cc.o
[ 36%] Building CXX object CMakeFiles/logging_test.dir/util/testutil.cc.o
[ 37%] Building CXX object CMakeFiles/issue200_test.dir/issues/issue200_test.cc.o
[ 38%] Building CXX object CMakeFiles/hash_test.dir/util/hash_test.cc.o
[ 38%] Building CXX object CMakeFiles/dbformat_test.dir/util/testutil.cc.o
[ 38%] Building C object CMakeFiles/c_test.dir/db/c_test.c.o
[ 38%] Building CXX object CMakeFiles/issue320_test.dir/issues/issue320_test.cc.o
[ 38%] Building CXX object CMakeFiles/coding_test.dir/util/testutil.cc.o
[ 39%] Building CXX object CMakeFiles/filter_block_test.dir/util/testharness.cc.o
[ 40%] Building CXX object CMakeFiles/recovery_test.dir/util/testharness.cc.o
[ 41%] Building CXX object CMakeFiles/coding_test.dir/util/testharness.cc.o
[ 41%] Building CXX object CMakeFiles/corruption_test.dir/util/testharness.cc.o
[ 42%] Building CXX object CMakeFiles/fault_injection_test.dir/util/testharness.cc.o
[ 43%] Building CXX object CMakeFiles/logging_test.dir/util/testharness.cc.o
[ 43%] Building CXX object CMakeFiles/dbformat_test.dir/db/dbformat_test.cc.o
[ 44%] Building CXX object CMakeFiles/corruption_test.dir/util/testutil.cc.o
[ 44%] Building CXX object CMakeFiles/memenv_test.dir/helpers/memenv/memenv_test.cc.o
[ 45%] Building CXX object CMakeFiles/fault_injection_test.dir/util/testutil.cc.o
[ 46%] Building CXX object CMakeFiles/version_edit_test.dir/util/testharness.cc.o
[ 46%] Building CXX object CMakeFiles/env_posix_test.dir/util/env_posix_test.cc.o
[ 46%] Building CXX object CMakeFiles/env_posix_test.dir/util/testharness.cc.o
[ 46%] Building CXX object CMakeFiles/corruption_test.dir/db/corruption_test.cc.o
[ 47%] Building CXX object CMakeFiles/env_posix_test.dir/util/testutil.cc.o
[ 48%] Building CXX object CMakeFiles/version_set_test.dir/util/testutil.cc.o
[ 49%] Building CXX object CMakeFiles/filename_test.dir/util/testutil.cc.o
[ 51%] Building CXX object CMakeFiles/recovery_test.dir/db/recovery_test.cc.o
[ 51%] Building CXX object CMakeFiles/no_destructor_test.dir/util/testutil.cc.o
[ 52%] Building CXX object CMakeFiles/version_edit_test.dir/util/testutil.cc.o
[ 53%] Building CXX object CMakeFiles/db_bench.dir/util/testutil.cc.o
[ 54%] Building CXX object CMakeFiles/status_test.dir/util/testharness.cc.o
[ 54%] Building CXX object CMakeFiles/bloom_test.dir/util/testutil.cc.o
[ 54%] Building CXX object CMakeFiles/autocompact_test.dir/db/autocompact_test.cc.o
[ 55%] Building CXX object CMakeFiles/crc32c_test.dir/util/testutil.cc.o
[ 55%] Building CXX object CMakeFiles/arena_test.dir/util/testharness.cc.o
[ 57%] Building CXX object CMakeFiles/autocompact_test.dir/util/testutil.cc.o
[ 57%] Building CXX object CMakeFiles/log_test.dir/util/testutil.cc.o
[ 59%] Building CXX object CMakeFiles/table_test.dir/table/table_test.cc.o
[ 59%] Building CXX object CMakeFiles/issue200_test.dir/util/testharness.cc.o
[ 60%] Building CXX object CMakeFiles/logging_test.dir/util/logging_test.cc.o
[ 61%] Building CXX object CMakeFiles/db_test.dir/db/db_test.cc.o
[ 61%] Building CXX object CMakeFiles/write_batch_test.dir/util/testutil.cc.o
[ 62%] Building CXX object CMakeFiles/version_set_test.dir/util/testharness.cc.o
[ 62%] Building CXX object CMakeFiles/db_test.dir/util/testutil.cc.o
[ 62%] Building CXX object CMakeFiles/hash_test.dir/util/testutil.cc.o
[ 63%] Building CXX object CMakeFiles/status_test.dir/util/testutil.cc.o
[ 63%] Building CXX object CMakeFiles/no_destructor_test.dir/util/testharness.cc.o
[ 64%] Building CXX object CMakeFiles/db_test.dir/util/testharness.cc.o
[ 66%] Building CXX object CMakeFiles/bloom_test.dir/util/bloom_test.cc.o
[ 67%] Building CXX object CMakeFiles/version_set_test.dir/db/version_set_test.cc.o
[ 67%] Building CXX object CMakeFiles/coding_test.dir/util/coding_test.cc.o
[ 68%] Building CXX object CMakeFiles/log_test.dir/util/testharness.cc.o
[ 68%] Building CXX object CMakeFiles/env_test.dir/util/testharness.cc.o
[ 68%] Building CXX object CMakeFiles/fault_injection_test.dir/db/fault_injection_test.cc.o
[ 68%] Building CXX object CMakeFiles/db_bench.dir/util/testharness.cc.o
[ 70%] Building CXX object CMakeFiles/cache_test.dir/util/cache_test.cc.o
[ 70%] Building CXX object CMakeFiles/cache_test.dir/util/testutil.cc.o
[ 70%] Building CXX object CMakeFiles/recovery_test.dir/util/testutil.cc.o
[ 70%] Building CXX object CMakeFiles/env_test.dir/util/testutil.cc.o
[ 71%] Building CXX object CMakeFiles/dbformat_test.dir/util/testharness.cc.o
[ 73%] Building CXX object CMakeFiles/arena_test.dir/util/testutil.cc.o
[ 73%] Building CXX object CMakeFiles/bloom_test.dir/util/testharness.cc.o
[ 74%] Building CXX object CMakeFiles/hash_test.dir/util/testharness.cc.o
[ 76%] Building CXX object CMakeFiles/env_test.dir/util/env_test.cc.o
[ 76%] Building CXX object CMakeFiles/filename_test.dir/db/filename_test.cc.o
[ 77%] Building CXX object CMakeFiles/filter_block_test.dir/util/testutil.cc.o
[ 77%] Building CXX object CMakeFiles/db_bench.dir/db/db_bench.cc.o
[ 77%] Building CXX object CMakeFiles/table_test.dir/util/testutil.cc.o
[ 78%] Building CXX object CMakeFiles/filter_block_test.dir/table/filter_block_test.cc.o
[ 79%] Building CXX object CMakeFiles/log_test.dir/db/log_test.cc.o
[ 79%] Building CXX object CMakeFiles/arena_test.dir/util/arena_test.cc.o
[ 80%] Building CXX object CMakeFiles/crc32c_test.dir/util/crc32c_test.cc.o
[ 80%] Building CXX object CMakeFiles/filename_test.dir/util/testharness.cc.o
[ 80%] Building CXX object CMakeFiles/version_edit_test.dir/db/version_edit_test.cc.o
[ 81%] Building CXX object CMakeFiles/status_test.dir/util/status_test.cc.o
[ 81%] Building CXX object CMakeFiles/autocompact_test.dir/util/testharness.cc.o
[ 82%] Building CXX object CMakeFiles/crc32c_test.dir/util/testharness.cc.o
[ 82%] Building CXX object CMakeFiles/write_batch_test.dir/util/testharness.cc.o
[ 83%] Building CXX object CMakeFiles/table_test.dir/util/testharness.cc.o
[ 84%] Building CXX object CMakeFiles/write_batch_test.dir/db/write_batch_test.cc.o
[ 85%] Linking CXX executable leveldbutil
[ 85%] Built target leveldbutil
[ 85%] Linking CXX executable status_test
[ 86%] Linking CXX executable c_test
[ 86%] Linking CXX executable no_destructor_test
[ 87%] Linking CXX executable hash_test
[ 87%] Built target status_test
[ 87%] Linking CXX executable issue178_test
[ 88%] Linking CXX executable arena_test
[ 88%] Linking CXX executable crc32c_test
[ 88%] Built target no_destructor_test
[ 88%] Built target c_test
[ 88%] Built target hash_test
[ 89%] Linking CXX executable env_posix_test
[ 89%] Linking CXX executable issue200_test
[ 89%] Built target arena_test
[ 89%] Built target issue178_test
[ 89%] Built target crc32c_test
[ 90%] Linking CXX executable issue320_test
[ 91%] Linking CXX executable version_edit_test
[ 91%] Built target env_posix_test
[ 92%] Linking CXX executable bloom_test
[ 93%] Linking CXX executable write_batch_test
[ 93%] Built target issue200_test
[ 93%] Linking CXX executable filter_block_test
[ 93%] Linking CXX executable filename_test
[ 94%] Linking CXX executable dbformat_test
[ 94%] Built target issue320_test
[ 94%] Built target version_edit_test
[ 94%] Built target bloom_test
[ 94%] Built target write_batch_test
[ 94%] Linking CXX executable logging_test
[ 94%] Built target filter_block_test
[ 94%] Built target dbformat_test
[ 94%] Built target filename_test
[ 94%] Linking CXX executable autocompact_test
[ 95%] Linking CXX executable db_bench_sqlite3
[ 95%] Built target logging_test
[ 95%] Built target autocompact_test
[ 95%] Built target db_bench_sqlite3
[ 96%] Linking CXX executable skiplist_test
[ 97%] Linking CXX executable coding_test
[ 97%] Built target skiplist_test
[ 97%] Linking CXX executable env_test
[ 97%] Linking CXX executable db_bench
[ 97%] Built target coding_test
[ 97%] Linking CXX executable cache_test
[ 97%] Built target env_test
[ 97%] Built target db_bench
[ 97%] Built target cache_test
[ 98%] Linking CXX executable fault_injection_test
[ 99%] Linking CXX executable memenv_test
[ 99%] Built target fault_injection_test
[ 99%] Built target memenv_test
[100%] Linking CXX executable corruption_test
[100%] Linking CXX executable version_set_test
[100%] Linking CXX executable log_test
[100%] Built target corruption_test
[100%] Built target version_set_test
[100%] Built target log_test
[100%] Linking CXX executable recovery_test
[100%] Built target recovery_test
[100%] Linking CXX executable table_test
[100%] Built target table_test
[100%] Linking CXX executable db_test
[100%] Built target db_test
