The system is: Linux - 5.4.0-99-generic - x86_64
Compiling the C compiler identification source file "CMakeCCompilerId.c" succeeded.
Compiler: /usr/bin/clang 
Build flags: 
Id flags:  

The output was:
0


Compilation of the C compiler identification source "CMakeCCompilerId.c" produced "a.out"

The C compiler identification is Clang, found in "/var/lib/phoronix-test-suite/installed-tests/pts/svt-av1-2.4.0/SVT-AV1-v0.9.0/Build/linux/Release/CMakeFiles/3.16.3/CompilerIdC/a.out"

Compiling the CXX compiler identification source file "CMakeCXXCompilerId.cpp" succeeded.
Compiler: /usr/bin/clang++ 
Build flags: 
Id flags:  

The output was:
0


Compilation of the CXX compiler identification source "CMakeCXXCompilerId.cpp" produced "a.out"

The CXX compiler identification is Clang, found in "/var/lib/phoronix-test-suite/installed-tests/pts/svt-av1-2.4.0/SVT-AV1-v0.9.0/Build/linux/Release/CMakeFiles/3.16.3/CompilerIdCXX/a.out"

Determining if the C compiler works passed with the following output:
Change Dir: /var/lib/phoronix-test-suite/installed-tests/pts/svt-av1-2.4.0/SVT-AV1-v0.9.0/Build/linux/Release/CMakeFiles/CMakeTmp

Run Build Command(s):/usr/bin/make cmTC_c2912/fast && /usr/bin/make -f CMakeFiles/cmTC_c2912.dir/build.make CMakeFiles/cmTC_c2912.dir/build
make[1]: Entering directory '/var/lib/phoronix-test-suite/installed-tests/pts/svt-av1-2.4.0/SVT-AV1-v0.9.0/Build/linux/Release/CMakeFiles/CMakeTmp'
Building C object CMakeFiles/cmTC_c2912.dir/testCCompiler.c.o
/usr/bin/clang    -o CMakeFiles/cmTC_c2912.dir/testCCompiler.c.o   -c /var/lib/phoronix-test-suite/installed-tests/pts/svt-av1-2.4.0/SVT-AV1-v0.9.0/Build/linux/Release/CMakeFiles/CMakeTmp/testCCompiler.c
Linking C executable cmTC_c2912
/usr/bin/cmake -E cmake_link_script CMakeFiles/cmTC_c2912.dir/link.txt --verbose=1
/usr/bin/clang      CMakeFiles/cmTC_c2912.dir/testCCompiler.c.o  -o cmTC_c2912 
make[1]: Leaving directory '/var/lib/phoronix-test-suite/installed-tests/pts/svt-av1-2.4.0/SVT-AV1-v0.9.0/Build/linux/Release/CMakeFiles/CMakeTmp'



Detecting C compiler ABI info compiled with the following output:
Change Dir: /var/lib/phoronix-test-suite/installed-tests/pts/svt-av1-2.4.0/SVT-AV1-v0.9.0/Build/linux/Release/CMakeFiles/CMakeTmp

Run Build Command(s):/usr/bin/make cmTC_545a6/fast && /usr/bin/make -f CMakeFiles/cmTC_545a6.dir/build.make CMakeFiles/cmTC_545a6.dir/build
make[1]: Entering directory '/var/lib/phoronix-test-suite/installed-tests/pts/svt-av1-2.4.0/SVT-AV1-v0.9.0/Build/linux/Release/CMakeFiles/CMakeTmp'
Building C object CMakeFiles/cmTC_545a6.dir/CMakeCCompilerABI.c.o
/usr/bin/clang   -v -o CMakeFiles/cmTC_545a6.dir/CMakeCCompilerABI.c.o   -c /usr/share/cmake-3.16/Modules/CMakeCCompilerABI.c
clang version 10.0.0-4ubuntu1 
Target: x86_64-pc-linux-gnu
Thread model: posix
InstalledDir: /usr/bin
Found candidate GCC installation: /usr/bin/../lib/gcc/x86_64-linux-gnu/5
Found candidate GCC installation: /usr/bin/../lib/gcc/x86_64-linux-gnu/5.5.0
Found candidate GCC installation: /usr/bin/../lib/gcc/x86_64-linux-gnu/7
Found candidate GCC installation: /usr/bin/../lib/gcc/x86_64-linux-gnu/7.5.0
Found candidate GCC installation: /usr/bin/../lib/gcc/x86_64-linux-gnu/8
Found candidate GCC installation: /usr/bin/../lib/gcc/x86_64-linux-gnu/9
Found candidate GCC installation: /usr/lib/gcc/x86_64-linux-gnu/5
Found candidate GCC installation: /usr/lib/gcc/x86_64-linux-gnu/5.5.0
Found candidate GCC installation: /usr/lib/gcc/x86_64-linux-gnu/7
Found candidate GCC installation: /usr/lib/gcc/x86_64-linux-gnu/7.5.0
Found candidate GCC installation: /usr/lib/gcc/x86_64-linux-gnu/8
Found candidate GCC installation: /usr/lib/gcc/x86_64-linux-gnu/9
Selected GCC installation: /usr/bin/../lib/gcc/x86_64-linux-gnu/9
Candidate multilib: .;@m64
Selected multilib: .;@m64
 (in-process)
 "/usr/lib/llvm-10/bin/clang" -cc1 -triple x86_64-pc-linux-gnu -emit-obj -mrelax-all -disable-free -disable-llvm-verifier -discard-value-names -main-file-name CMakeCCompilerABI.c -mrelocation-model static -mthread-model posix -mframe-pointer=all -fmath-errno -fno-rounding-math -masm-verbose -mconstructor-aliases -munwind-tables -target-cpu x86-64 -dwarf-column-info -fno-split-dwarf-inlining -debugger-tuning=gdb -v -resource-dir /usr/lib/llvm-10/lib/clang/10.0.0 -internal-isystem /usr/local/include -internal-isystem /usr/lib/llvm-10/lib/clang/10.0.0/include -internal-externc-isystem /usr/include/x86_64-linux-gnu -internal-externc-isystem /include -internal-externc-isystem /usr/include -fdebug-compilation-dir /var/lib/phoronix-test-suite/installed-tests/pts/svt-av1-2.4.0/SVT-AV1-v0.9.0/Build/linux/Release/CMakeFiles/CMakeTmp -ferror-limit 19 -fmessage-length 0 -fgnuc-version=4.2.1 -fobjc-runtime=gcc -fdiagnostics-show-option -faddrsig -o CMakeFiles/cmTC_545a6.dir/CMakeCCompilerABI.c.o -x c /usr/share/cmake-3.16/Modules/CMakeCCompilerABI.c
clang -cc1 version 10.0.0 based upon LLVM 10.0.0 default target x86_64-pc-linux-gnu
ignoring nonexistent directory "/include"
#include "..." search starts here:
#include <...> search starts here:
 /usr/local/include
 /usr/lib/llvm-10/lib/clang/10.0.0/include
 /usr/include/x86_64-linux-gnu
 /usr/include
End of search list.
Linking C executable cmTC_545a6
/usr/bin/cmake -E cmake_link_script CMakeFiles/cmTC_545a6.dir/link.txt --verbose=1
/usr/bin/clang     -v CMakeFiles/cmTC_545a6.dir/CMakeCCompilerABI.c.o  -o cmTC_545a6 
clang version 10.0.0-4ubuntu1 
Target: x86_64-pc-linux-gnu
Thread model: posix
InstalledDir: /usr/bin
Found candidate GCC installation: /usr/bin/../lib/gcc/x86_64-linux-gnu/5
Found candidate GCC installation: /usr/bin/../lib/gcc/x86_64-linux-gnu/5.5.0
Found candidate GCC installation: /usr/bin/../lib/gcc/x86_64-linux-gnu/7
Found candidate GCC installation: /usr/bin/../lib/gcc/x86_64-linux-gnu/7.5.0
Found candidate GCC installation: /usr/bin/../lib/gcc/x86_64-linux-gnu/8
Found candidate GCC installation: /usr/bin/../lib/gcc/x86_64-linux-gnu/9
Found candidate GCC installation: /usr/lib/gcc/x86_64-linux-gnu/5
Found candidate GCC installation: /usr/lib/gcc/x86_64-linux-gnu/5.5.0
Found candidate GCC installation: /usr/lib/gcc/x86_64-linux-gnu/7
Found candidate GCC installation: /usr/lib/gcc/x86_64-linux-gnu/7.5.0
Found candidate GCC installation: /usr/lib/gcc/x86_64-linux-gnu/8
Found candidate GCC installation: /usr/lib/gcc/x86_64-linux-gnu/9
Selected GCC installation: /usr/bin/../lib/gcc/x86_64-linux-gnu/9
Candidate multilib: .;@m64
Selected multilib: .;@m64
 "/usr/bin/ld" -z relro --hash-style=gnu --build-id --eh-frame-hdr -m elf_x86_64 -dynamic-linker /lib64/ld-linux-x86-64.so.2 -o cmTC_545a6 /usr/bin/../lib/gcc/x86_64-linux-gnu/9/../../../x86_64-linux-gnu/crt1.o /usr/bin/../lib/gcc/x86_64-linux-gnu/9/../../../x86_64-linux-gnu/crti.o /usr/bin/../lib/gcc/x86_64-linux-gnu/9/crtbegin.o -L/usr/bin/../lib/gcc/x86_64-linux-gnu/9 -L/usr/bin/../lib/gcc/x86_64-linux-gnu/9/../../../x86_64-linux-gnu -L/usr/bin/../lib/gcc/x86_64-linux-gnu/9/../../../../lib64 -L/lib/x86_64-linux-gnu -L/lib/../lib64 -L/usr/lib/x86_64-linux-gnu -L/usr/lib/../lib64 -L/usr/lib/x86_64-linux-gnu/../../lib64 -L/usr/bin/../lib/gcc/x86_64-linux-gnu/9/../../.. -L/usr/lib/llvm-10/bin/../lib -L/lib -L/usr/lib CMakeFiles/cmTC_545a6.dir/CMakeCCompilerABI.c.o -lgcc --as-needed -lgcc_s --no-as-needed -lc -lgcc --as-needed -lgcc_s --no-as-needed /usr/bin/../lib/gcc/x86_64-linux-gnu/9/crtend.o /usr/bin/../lib/gcc/x86_64-linux-gnu/9/../../../x86_64-linux-gnu/crtn.o
make[1]: Leaving directory '/var/lib/phoronix-test-suite/installed-tests/pts/svt-av1-2.4.0/SVT-AV1-v0.9.0/Build/linux/Release/CMakeFiles/CMakeTmp'



Parsed C implicit include dir info from above output: rv=done
  found start of include info
  found start of implicit include info
    add: [/usr/local/include]
    add: [/usr/lib/llvm-10/lib/clang/10.0.0/include]
    add: [/usr/include/x86_64-linux-gnu]
    add: [/usr/include]
  end of search list found
  collapse include dir [/usr/local/include] ==> [/usr/local/include]
  collapse include dir [/usr/lib/llvm-10/lib/clang/10.0.0/include] ==> [/usr/lib/llvm-10/lib/clang/10.0.0/include]
  collapse include dir [/usr/include/x86_64-linux-gnu] ==> [/usr/include/x86_64-linux-gnu]
  collapse include dir [/usr/include] ==> [/usr/include]
  implicit include dirs: [/usr/local/include;/usr/lib/llvm-10/lib/clang/10.0.0/include;/usr/include/x86_64-linux-gnu;/usr/include]


Parsed C implicit link information from above output:
  link line regex: [^( *|.*[/\])(ld|CMAKE_LINK_STARTFILE-NOTFOUND|([^/\]+-)?ld|collect2)[^/\]*( |$)]
  ignore line: [Change Dir: /var/lib/phoronix-test-suite/installed-tests/pts/svt-av1-2.4.0/SVT-AV1-v0.9.0/Build/linux/Release/CMakeFiles/CMakeTmp]
  ignore line: []
  ignore line: [Run Build Command(s):/usr/bin/make cmTC_545a6/fast && /usr/bin/make -f CMakeFiles/cmTC_545a6.dir/build.make CMakeFiles/cmTC_545a6.dir/build]
  ignore line: [make[1]: Entering directory '/var/lib/phoronix-test-suite/installed-tests/pts/svt-av1-2.4.0/SVT-AV1-v0.9.0/Build/linux/Release/CMakeFiles/CMakeTmp']
  ignore line: [Building C object CMakeFiles/cmTC_545a6.dir/CMakeCCompilerABI.c.o]
  ignore line: [/usr/bin/clang   -v -o CMakeFiles/cmTC_545a6.dir/CMakeCCompilerABI.c.o   -c /usr/share/cmake-3.16/Modules/CMakeCCompilerABI.c]
  ignore line: [clang version 10.0.0-4ubuntu1 ]
  ignore line: [Target: x86_64-pc-linux-gnu]
  ignore line: [Thread model: posix]
  ignore line: [InstalledDir: /usr/bin]
  ignore line: [Found candidate GCC installation: /usr/bin/../lib/gcc/x86_64-linux-gnu/5]
  ignore line: [Found candidate GCC installation: /usr/bin/../lib/gcc/x86_64-linux-gnu/5.5.0]
  ignore line: [Found candidate GCC installation: /usr/bin/../lib/gcc/x86_64-linux-gnu/7]
  ignore line: [Found candidate GCC installation: /usr/bin/../lib/gcc/x86_64-linux-gnu/7.5.0]
  ignore line: [Found candidate GCC installation: /usr/bin/../lib/gcc/x86_64-linux-gnu/8]
  ignore line: [Found candidate GCC installation: /usr/bin/../lib/gcc/x86_64-linux-gnu/9]
  ignore line: [Found candidate GCC installation: /usr/lib/gcc/x86_64-linux-gnu/5]
  ignore line: [Found candidate GCC installation: /usr/lib/gcc/x86_64-linux-gnu/5.5.0]
  ignore line: [Found candidate GCC installation: /usr/lib/gcc/x86_64-linux-gnu/7]
  ignore line: [Found candidate GCC installation: /usr/lib/gcc/x86_64-linux-gnu/7.5.0]
  ignore line: [Found candidate GCC installation: /usr/lib/gcc/x86_64-linux-gnu/8]
  ignore line: [Found candidate GCC installation: /usr/lib/gcc/x86_64-linux-gnu/9]
  ignore line: [Selected GCC installation: /usr/bin/../lib/gcc/x86_64-linux-gnu/9]
  ignore line: [Candidate multilib: .]
  ignore line: [@m64]
  ignore line: [Selected multilib: .]
  ignore line: [@m64]
  ignore line: [ (in-process)]
  ignore line: [ "/usr/lib/llvm-10/bin/clang" -cc1 -triple x86_64-pc-linux-gnu -emit-obj -mrelax-all -disable-free -disable-llvm-verifier -discard-value-names -main-file-name CMakeCCompilerABI.c -mrelocation-model static -mthread-model posix -mframe-pointer=all -fmath-errno -fno-rounding-math -masm-verbose -mconstructor-aliases -munwind-tables -target-cpu x86-64 -dwarf-column-info -fno-split-dwarf-inlining -debugger-tuning=gdb -v -resource-dir /usr/lib/llvm-10/lib/clang/10.0.0 -internal-isystem /usr/local/include -internal-isystem /usr/lib/llvm-10/lib/clang/10.0.0/include -internal-externc-isystem /usr/include/x86_64-linux-gnu -internal-externc-isystem /include -internal-externc-isystem /usr/include -fdebug-compilation-dir /var/lib/phoronix-test-suite/installed-tests/pts/svt-av1-2.4.0/SVT-AV1-v0.9.0/Build/linux/Release/CMakeFiles/CMakeTmp -ferror-limit 19 -fmessage-length 0 -fgnuc-version=4.2.1 -fobjc-runtime=gcc -fdiagnostics-show-option -faddrsig -o CMakeFiles/cmTC_545a6.dir/CMakeCCompilerABI.c.o -x c /usr/share/cmake-3.16/Modules/CMakeCCompilerABI.c]
  ignore line: [clang -cc1 version 10.0.0 based upon LLVM 10.0.0 default target x86_64-pc-linux-gnu]
  ignore line: [ignoring nonexistent directory "/include"]
  ignore line: [#include "..." search starts here:]
  ignore line: [#include <...> search starts here:]
  ignore line: [ /usr/local/include]
  ignore line: [ /usr/lib/llvm-10/lib/clang/10.0.0/include]
  ignore line: [ /usr/include/x86_64-linux-gnu]
  ignore line: [ /usr/include]
  ignore line: [End of search list.]
  ignore line: [Linking C executable cmTC_545a6]
  ignore line: [/usr/bin/cmake -E cmake_link_script CMakeFiles/cmTC_545a6.dir/link.txt --verbose=1]
  ignore line: [/usr/bin/clang     -v CMakeFiles/cmTC_545a6.dir/CMakeCCompilerABI.c.o  -o cmTC_545a6 ]
  ignore line: [clang version 10.0.0-4ubuntu1 ]
  ignore line: [Target: x86_64-pc-linux-gnu]
  ignore line: [Thread model: posix]
  ignore line: [InstalledDir: /usr/bin]
  ignore line: [Found candidate GCC installation: /usr/bin/../lib/gcc/x86_64-linux-gnu/5]
  ignore line: [Found candidate GCC installation: /usr/bin/../lib/gcc/x86_64-linux-gnu/5.5.0]
  ignore line: [Found candidate GCC installation: /usr/bin/../lib/gcc/x86_64-linux-gnu/7]
  ignore line: [Found candidate GCC installation: /usr/bin/../lib/gcc/x86_64-linux-gnu/7.5.0]
  ignore line: [Found candidate GCC installation: /usr/bin/../lib/gcc/x86_64-linux-gnu/8]
  ignore line: [Found candidate GCC installation: /usr/bin/../lib/gcc/x86_64-linux-gnu/9]
  ignore line: [Found candidate GCC installation: /usr/lib/gcc/x86_64-linux-gnu/5]
  ignore line: [Found candidate GCC installation: /usr/lib/gcc/x86_64-linux-gnu/5.5.0]
  ignore line: [Found candidate GCC installation: /usr/lib/gcc/x86_64-linux-gnu/7]
  ignore line: [Found candidate GCC installation: /usr/lib/gcc/x86_64-linux-gnu/7.5.0]
  ignore line: [Found candidate GCC installation: /usr/lib/gcc/x86_64-linux-gnu/8]
  ignore line: [Found candidate GCC installation: /usr/lib/gcc/x86_64-linux-gnu/9]
  ignore line: [Selected GCC installation: /usr/bin/../lib/gcc/x86_64-linux-gnu/9]
  ignore line: [Candidate multilib: .]
  ignore line: [@m64]
  ignore line: [Selected multilib: .]
  ignore line: [@m64]
  link line: [ "/usr/bin/ld" -z relro --hash-style=gnu --build-id --eh-frame-hdr -m elf_x86_64 -dynamic-linker /lib64/ld-linux-x86-64.so.2 -o cmTC_545a6 /usr/bin/../lib/gcc/x86_64-linux-gnu/9/../../../x86_64-linux-gnu/crt1.o /usr/bin/../lib/gcc/x86_64-linux-gnu/9/../../../x86_64-linux-gnu/crti.o /usr/bin/../lib/gcc/x86_64-linux-gnu/9/crtbegin.o -L/usr/bin/../lib/gcc/x86_64-linux-gnu/9 -L/usr/bin/../lib/gcc/x86_64-linux-gnu/9/../../../x86_64-linux-gnu -L/usr/bin/../lib/gcc/x86_64-linux-gnu/9/../../../../lib64 -L/lib/x86_64-linux-gnu -L/lib/../lib64 -L/usr/lib/x86_64-linux-gnu -L/usr/lib/../lib64 -L/usr/lib/x86_64-linux-gnu/../../lib64 -L/usr/bin/../lib/gcc/x86_64-linux-gnu/9/../../.. -L/usr/lib/llvm-10/bin/../lib -L/lib -L/usr/lib CMakeFiles/cmTC_545a6.dir/CMakeCCompilerABI.c.o -lgcc --as-needed -lgcc_s --no-as-needed -lc -lgcc --as-needed -lgcc_s --no-as-needed /usr/bin/../lib/gcc/x86_64-linux-gnu/9/crtend.o /usr/bin/../lib/gcc/x86_64-linux-gnu/9/../../../x86_64-linux-gnu/crtn.o]
    arg [/usr/bin/ld] ==> ignore
    arg [-zrelro] ==> ignore
    arg [--hash-style=gnu] ==> ignore
    arg [--build-id] ==> ignore
    arg [--eh-frame-hdr] ==> ignore
    arg [-m] ==> ignore
    arg [elf_x86_64] ==> ignore
    arg [-dynamic-linker] ==> ignore
    arg [/lib64/ld-linux-x86-64.so.2] ==> ignore
    arg [-o] ==> ignore
    arg [cmTC_545a6] ==> ignore
    arg [/usr/bin/../lib/gcc/x86_64-linux-gnu/9/../../../x86_64-linux-gnu/crt1.o] ==> ignore
    arg [/usr/bin/../lib/gcc/x86_64-linux-gnu/9/../../../x86_64-linux-gnu/crti.o] ==> ignore
    arg [/usr/bin/../lib/gcc/x86_64-linux-gnu/9/crtbegin.o] ==> ignore
    arg [-L/usr/bin/../lib/gcc/x86_64-linux-gnu/9] ==> dir [/usr/bin/../lib/gcc/x86_64-linux-gnu/9]
    arg [-L/usr/bin/../lib/gcc/x86_64-linux-gnu/9/../../../x86_64-linux-gnu] ==> dir [/usr/bin/../lib/gcc/x86_64-linux-gnu/9/../../../x86_64-linux-gnu]
    arg [-L/usr/bin/../lib/gcc/x86_64-linux-gnu/9/../../../../lib64] ==> dir [/usr/bin/../lib/gcc/x86_64-linux-gnu/9/../../../../lib64]
    arg [-L/lib/x86_64-linux-gnu] ==> dir [/lib/x86_64-linux-gnu]
    arg [-L/lib/../lib64] ==> dir [/lib/../lib64]
    arg [-L/usr/lib/x86_64-linux-gnu] ==> dir [/usr/lib/x86_64-linux-gnu]
    arg [-L/usr/lib/../lib64] ==> dir [/usr/lib/../lib64]
    arg [-L/usr/lib/x86_64-linux-gnu/../../lib64] ==> dir [/usr/lib/x86_64-linux-gnu/../../lib64]
    arg [-L/usr/bin/../lib/gcc/x86_64-linux-gnu/9/../../..] ==> dir [/usr/bin/../lib/gcc/x86_64-linux-gnu/9/../../..]
    arg [-L/usr/lib/llvm-10/bin/../lib] ==> dir [/usr/lib/llvm-10/bin/../lib]
    arg [-L/lib] ==> dir [/lib]
    arg [-L/usr/lib] ==> dir [/usr/lib]
    arg [CMakeFiles/cmTC_545a6.dir/CMakeCCompilerABI.c.o] ==> ignore
    arg [-lgcc] ==> lib [gcc]
    arg [--as-needed] ==> ignore
    arg [-lgcc_s] ==> lib [gcc_s]
    arg [--no-as-needed] ==> ignore
    arg [-lc] ==> lib [c]
    arg [-lgcc] ==> lib [gcc]
    arg [--as-needed] ==> ignore
    arg [-lgcc_s] ==> lib [gcc_s]
    arg [--no-as-needed] ==> ignore
    arg [/usr/bin/../lib/gcc/x86_64-linux-gnu/9/crtend.o] ==> ignore
    arg [/usr/bin/../lib/gcc/x86_64-linux-gnu/9/../../../x86_64-linux-gnu/crtn.o] ==> ignore
  collapse library dir [/usr/bin/../lib/gcc/x86_64-linux-gnu/9] ==> [/usr/lib/gcc/x86_64-linux-gnu/9]
  collapse library dir [/usr/bin/../lib/gcc/x86_64-linux-gnu/9/../../../x86_64-linux-gnu] ==> [/usr/lib/x86_64-linux-gnu]
  collapse library dir [/usr/bin/../lib/gcc/x86_64-linux-gnu/9/../../../../lib64] ==> [/usr/lib64]
  collapse library dir [/lib/x86_64-linux-gnu] ==> [/lib/x86_64-linux-gnu]
  collapse library dir [/lib/../lib64] ==> [/lib64]
  collapse library dir [/usr/lib/x86_64-linux-gnu] ==> [/usr/lib/x86_64-linux-gnu]
  collapse library dir [/usr/lib/../lib64] ==> [/usr/lib64]
  collapse library dir [/usr/lib/x86_64-linux-gnu/../../lib64] ==> [/usr/lib64]
  collapse library dir [/usr/bin/../lib/gcc/x86_64-linux-gnu/9/../../..] ==> [/usr/lib]
  collapse library dir [/usr/lib/llvm-10/bin/../lib] ==> [/usr/lib/llvm-10/lib]
  collapse library dir [/lib] ==> [/lib]
  collapse library dir [/usr/lib] ==> [/usr/lib]
  implicit libs: [gcc;gcc_s;c;gcc;gcc_s]
  implicit dirs: [/usr/lib/gcc/x86_64-linux-gnu/9;/usr/lib/x86_64-linux-gnu;/usr/lib64;/lib/x86_64-linux-gnu;/lib64;/usr/lib;/usr/lib/llvm-10/lib;/lib]
  implicit fwks: []


Determining if the CXX compiler works passed with the following output:
Change Dir: /var/lib/phoronix-test-suite/installed-tests/pts/svt-av1-2.4.0/SVT-AV1-v0.9.0/Build/linux/Release/CMakeFiles/CMakeTmp

Run Build Command(s):/usr/bin/make cmTC_8747a/fast && /usr/bin/make -f CMakeFiles/cmTC_8747a.dir/build.make CMakeFiles/cmTC_8747a.dir/build
make[1]: Entering directory '/var/lib/phoronix-test-suite/installed-tests/pts/svt-av1-2.4.0/SVT-AV1-v0.9.0/Build/linux/Release/CMakeFiles/CMakeTmp'
Building CXX object CMakeFiles/cmTC_8747a.dir/testCXXCompiler.cxx.o
/usr/bin/clang++     -o CMakeFiles/cmTC_8747a.dir/testCXXCompiler.cxx.o -c /var/lib/phoronix-test-suite/installed-tests/pts/svt-av1-2.4.0/SVT-AV1-v0.9.0/Build/linux/Release/CMakeFiles/CMakeTmp/testCXXCompiler.cxx
Linking CXX executable cmTC_8747a
/usr/bin/cmake -E cmake_link_script CMakeFiles/cmTC_8747a.dir/link.txt --verbose=1
/usr/bin/clang++       CMakeFiles/cmTC_8747a.dir/testCXXCompiler.cxx.o  -o cmTC_8747a 
make[1]: Leaving directory '/var/lib/phoronix-test-suite/installed-tests/pts/svt-av1-2.4.0/SVT-AV1-v0.9.0/Build/linux/Release/CMakeFiles/CMakeTmp'



Detecting CXX compiler ABI info compiled with the following output:
Change Dir: /var/lib/phoronix-test-suite/installed-tests/pts/svt-av1-2.4.0/SVT-AV1-v0.9.0/Build/linux/Release/CMakeFiles/CMakeTmp

Run Build Command(s):/usr/bin/make cmTC_57dd4/fast && /usr/bin/make -f CMakeFiles/cmTC_57dd4.dir/build.make CMakeFiles/cmTC_57dd4.dir/build
make[1]: Entering directory '/var/lib/phoronix-test-suite/installed-tests/pts/svt-av1-2.4.0/SVT-AV1-v0.9.0/Build/linux/Release/CMakeFiles/CMakeTmp'
Building CXX object CMakeFiles/cmTC_57dd4.dir/CMakeCXXCompilerABI.cpp.o
/usr/bin/clang++    -v -o CMakeFiles/cmTC_57dd4.dir/CMakeCXXCompilerABI.cpp.o -c /usr/share/cmake-3.16/Modules/CMakeCXXCompilerABI.cpp
clang version 10.0.0-4ubuntu1 
Target: x86_64-pc-linux-gnu
Thread model: posix
InstalledDir: /usr/bin
Found candidate GCC installation: /usr/bin/../lib/gcc/x86_64-linux-gnu/5
Found candidate GCC installation: /usr/bin/../lib/gcc/x86_64-linux-gnu/5.5.0
Found candidate GCC installation: /usr/bin/../lib/gcc/x86_64-linux-gnu/7
Found candidate GCC installation: /usr/bin/../lib/gcc/x86_64-linux-gnu/7.5.0
Found candidate GCC installation: /usr/bin/../lib/gcc/x86_64-linux-gnu/8
Found candidate GCC installation: /usr/bin/../lib/gcc/x86_64-linux-gnu/9
Found candidate GCC installation: /usr/lib/gcc/x86_64-linux-gnu/5
Found candidate GCC installation: /usr/lib/gcc/x86_64-linux-gnu/5.5.0
Found candidate GCC installation: /usr/lib/gcc/x86_64-linux-gnu/7
Found candidate GCC installation: /usr/lib/gcc/x86_64-linux-gnu/7.5.0
Found candidate GCC installation: /usr/lib/gcc/x86_64-linux-gnu/8
Found candidate GCC installation: /usr/lib/gcc/x86_64-linux-gnu/9
Selected GCC installation: /usr/bin/../lib/gcc/x86_64-linux-gnu/9
Candidate multilib: .;@m64
Selected multilib: .;@m64
 (in-process)
 "/usr/lib/llvm-10/bin/clang" -cc1 -triple x86_64-pc-linux-gnu -emit-obj -mrelax-all -disable-free -disable-llvm-verifier -discard-value-names -main-file-name CMakeCXXCompilerABI.cpp -mrelocation-model static -mthread-model posix -mframe-pointer=all -fmath-errno -fno-rounding-math -masm-verbose -mconstructor-aliases -munwind-tables -target-cpu x86-64 -dwarf-column-info -fno-split-dwarf-inlining -debugger-tuning=gdb -v -resource-dir /usr/lib/llvm-10/lib/clang/10.0.0 -internal-isystem /usr/bin/../lib/gcc/x86_64-linux-gnu/9/../../../../include/c++/9 -internal-isystem /usr/bin/../lib/gcc/x86_64-linux-gnu/9/../../../../include/x86_64-linux-gnu/c++/9 -internal-isystem /usr/bin/../lib/gcc/x86_64-linux-gnu/9/../../../../include/x86_64-linux-gnu/c++/9 -internal-isystem /usr/bin/../lib/gcc/x86_64-linux-gnu/9/../../../../include/c++/9/backward -internal-isystem /usr/local/include -internal-isystem /usr/lib/llvm-10/lib/clang/10.0.0/include -internal-externc-isystem /usr/include/x86_64-linux-gnu -internal-externc-isystem /include -internal-externc-isystem /usr/include -fdeprecated-macro -fdebug-compilation-dir /var/lib/phoronix-test-suite/installed-tests/pts/svt-av1-2.4.0/SVT-AV1-v0.9.0/Build/linux/Release/CMakeFiles/CMakeTmp -ferror-limit 19 -fmessage-length 0 -fgnuc-version=4.2.1 -fobjc-runtime=gcc -fcxx-exceptions -fexceptions -fdiagnostics-show-option -faddrsig -o CMakeFiles/cmTC_57dd4.dir/CMakeCXXCompilerABI.cpp.o -x c++ /usr/share/cmake-3.16/Modules/CMakeCXXCompilerABI.cpp
clang -cc1 version 10.0.0 based upon LLVM 10.0.0 default target x86_64-pc-linux-gnu
ignoring nonexistent directory "/include"
ignoring duplicate directory "/usr/bin/../lib/gcc/x86_64-linux-gnu/9/../../../../include/x86_64-linux-gnu/c++/9"
#include "..." search starts here:
#include <...> search starts here:
 /usr/bin/../lib/gcc/x86_64-linux-gnu/9/../../../../include/c++/9
 /usr/bin/../lib/gcc/x86_64-linux-gnu/9/../../../../include/x86_64-linux-gnu/c++/9
 /usr/bin/../lib/gcc/x86_64-linux-gnu/9/../../../../include/c++/9/backward
 /usr/local/include
 /usr/lib/llvm-10/lib/clang/10.0.0/include
 /usr/include/x86_64-linux-gnu
 /usr/include
End of search list.
Linking CXX executable cmTC_57dd4
/usr/bin/cmake -E cmake_link_script CMakeFiles/cmTC_57dd4.dir/link.txt --verbose=1
/usr/bin/clang++      -v CMakeFiles/cmTC_57dd4.dir/CMakeCXXCompilerABI.cpp.o  -o cmTC_57dd4 
clang version 10.0.0-4ubuntu1 
Target: x86_64-pc-linux-gnu
Thread model: posix
InstalledDir: /usr/bin
Found candidate GCC installation: /usr/bin/../lib/gcc/x86_64-linux-gnu/5
Found candidate GCC installation: /usr/bin/../lib/gcc/x86_64-linux-gnu/5.5.0
Found candidate GCC installation: /usr/bin/../lib/gcc/x86_64-linux-gnu/7
Found candidate GCC installation: /usr/bin/../lib/gcc/x86_64-linux-gnu/7.5.0
Found candidate GCC installation: /usr/bin/../lib/gcc/x86_64-linux-gnu/8
Found candidate GCC installation: /usr/bin/../lib/gcc/x86_64-linux-gnu/9
Found candidate GCC installation: /usr/lib/gcc/x86_64-linux-gnu/5
Found candidate GCC installation: /usr/lib/gcc/x86_64-linux-gnu/5.5.0
Found candidate GCC installation: /usr/lib/gcc/x86_64-linux-gnu/7
Found candidate GCC installation: /usr/lib/gcc/x86_64-linux-gnu/7.5.0
Found candidate GCC installation: /usr/lib/gcc/x86_64-linux-gnu/8
Found candidate GCC installation: /usr/lib/gcc/x86_64-linux-gnu/9
Selected GCC installation: /usr/bin/../lib/gcc/x86_64-linux-gnu/9
Candidate multilib: .;@m64
Selected multilib: .;@m64
 "/usr/bin/ld" -z relro --hash-style=gnu --build-id --eh-frame-hdr -m elf_x86_64 -dynamic-linker /lib64/ld-linux-x86-64.so.2 -o cmTC_57dd4 /usr/bin/../lib/gcc/x86_64-linux-gnu/9/../../../x86_64-linux-gnu/crt1.o /usr/bin/../lib/gcc/x86_64-linux-gnu/9/../../../x86_64-linux-gnu/crti.o /usr/bin/../lib/gcc/x86_64-linux-gnu/9/crtbegin.o -L/usr/bin/../lib/gcc/x86_64-linux-gnu/9 -L/usr/bin/../lib/gcc/x86_64-linux-gnu/9/../../../x86_64-linux-gnu -L/usr/bin/../lib/gcc/x86_64-linux-gnu/9/../../../../lib64 -L/lib/x86_64-linux-gnu -L/lib/../lib64 -L/usr/lib/x86_64-linux-gnu -L/usr/lib/../lib64 -L/usr/lib/x86_64-linux-gnu/../../lib64 -L/usr/bin/../lib/gcc/x86_64-linux-gnu/9/../../.. -L/usr/lib/llvm-10/bin/../lib -L/lib -L/usr/lib CMakeFiles/cmTC_57dd4.dir/CMakeCXXCompilerABI.cpp.o -lstdc++ -lm -lgcc_s -lgcc -lc -lgcc_s -lgcc /usr/bin/../lib/gcc/x86_64-linux-gnu/9/crtend.o /usr/bin/../lib/gcc/x86_64-linux-gnu/9/../../../x86_64-linux-gnu/crtn.o
make[1]: Leaving directory '/var/lib/phoronix-test-suite/installed-tests/pts/svt-av1-2.4.0/SVT-AV1-v0.9.0/Build/linux/Release/CMakeFiles/CMakeTmp'



Parsed CXX implicit include dir info from above output: rv=done
  found start of include info
  found start of implicit include info
    add: [/usr/bin/../lib/gcc/x86_64-linux-gnu/9/../../../../include/c++/9]
    add: [/usr/bin/../lib/gcc/x86_64-linux-gnu/9/../../../../include/x86_64-linux-gnu/c++/9]
    add: [/usr/bin/../lib/gcc/x86_64-linux-gnu/9/../../../../include/c++/9/backward]
    add: [/usr/local/include]
    add: [/usr/lib/llvm-10/lib/clang/10.0.0/include]
    add: [/usr/include/x86_64-linux-gnu]
    add: [/usr/include]
  end of search list found
  collapse include dir [/usr/bin/../lib/gcc/x86_64-linux-gnu/9/../../../../include/c++/9] ==> [/usr/include/c++/9]
  collapse include dir [/usr/bin/../lib/gcc/x86_64-linux-gnu/9/../../../../include/x86_64-linux-gnu/c++/9] ==> [/usr/include/x86_64-linux-gnu/c++/9]
  collapse include dir [/usr/bin/../lib/gcc/x86_64-linux-gnu/9/../../../../include/c++/9/backward] ==> [/usr/include/c++/9/backward]
  collapse include dir [/usr/local/include] ==> [/usr/local/include]
  collapse include dir [/usr/lib/llvm-10/lib/clang/10.0.0/include] ==> [/usr/lib/llvm-10/lib/clang/10.0.0/include]
  collapse include dir [/usr/include/x86_64-linux-gnu] ==> [/usr/include/x86_64-linux-gnu]
  collapse include dir [/usr/include] ==> [/usr/include]
  implicit include dirs: [/usr/include/c++/9;/usr/include/x86_64-linux-gnu/c++/9;/usr/include/c++/9/backward;/usr/local/include;/usr/lib/llvm-10/lib/clang/10.0.0/include;/usr/include/x86_64-linux-gnu;/usr/include]


Parsed CXX implicit link information from above output:
  link line regex: [^( *|.*[/\])(ld|CMAKE_LINK_STARTFILE-NOTFOUND|([^/\]+-)?ld|collect2)[^/\]*( |$)]
  ignore line: [Change Dir: /var/lib/phoronix-test-suite/installed-tests/pts/svt-av1-2.4.0/SVT-AV1-v0.9.0/Build/linux/Release/CMakeFiles/CMakeTmp]
  ignore line: []
  ignore line: [Run Build Command(s):/usr/bin/make cmTC_57dd4/fast && /usr/bin/make -f CMakeFiles/cmTC_57dd4.dir/build.make CMakeFiles/cmTC_57dd4.dir/build]
  ignore line: [make[1]: Entering directory '/var/lib/phoronix-test-suite/installed-tests/pts/svt-av1-2.4.0/SVT-AV1-v0.9.0/Build/linux/Release/CMakeFiles/CMakeTmp']
  ignore line: [Building CXX object CMakeFiles/cmTC_57dd4.dir/CMakeCXXCompilerABI.cpp.o]
  ignore line: [/usr/bin/clang++    -v -o CMakeFiles/cmTC_57dd4.dir/CMakeCXXCompilerABI.cpp.o -c /usr/share/cmake-3.16/Modules/CMakeCXXCompilerABI.cpp]
  ignore line: [clang version 10.0.0-4ubuntu1 ]
  ignore line: [Target: x86_64-pc-linux-gnu]
  ignore line: [Thread model: posix]
  ignore line: [InstalledDir: /usr/bin]
  ignore line: [Found candidate GCC installation: /usr/bin/../lib/gcc/x86_64-linux-gnu/5]
  ignore line: [Found candidate GCC installation: /usr/bin/../lib/gcc/x86_64-linux-gnu/5.5.0]
  ignore line: [Found candidate GCC installation: /usr/bin/../lib/gcc/x86_64-linux-gnu/7]
  ignore line: [Found candidate GCC installation: /usr/bin/../lib/gcc/x86_64-linux-gnu/7.5.0]
  ignore line: [Found candidate GCC installation: /usr/bin/../lib/gcc/x86_64-linux-gnu/8]
  ignore line: [Found candidate GCC installation: /usr/bin/../lib/gcc/x86_64-linux-gnu/9]
  ignore line: [Found candidate GCC installation: /usr/lib/gcc/x86_64-linux-gnu/5]
  ignore line: [Found candidate GCC installation: /usr/lib/gcc/x86_64-linux-gnu/5.5.0]
  ignore line: [Found candidate GCC installation: /usr/lib/gcc/x86_64-linux-gnu/7]
  ignore line: [Found candidate GCC installation: /usr/lib/gcc/x86_64-linux-gnu/7.5.0]
  ignore line: [Found candidate GCC installation: /usr/lib/gcc/x86_64-linux-gnu/8]
  ignore line: [Found candidate GCC installation: /usr/lib/gcc/x86_64-linux-gnu/9]
  ignore line: [Selected GCC installation: /usr/bin/../lib/gcc/x86_64-linux-gnu/9]
  ignore line: [Candidate multilib: .]
  ignore line: [@m64]
  ignore line: [Selected multilib: .]
  ignore line: [@m64]
  ignore line: [ (in-process)]
  ignore line: [ "/usr/lib/llvm-10/bin/clang" -cc1 -triple x86_64-pc-linux-gnu -emit-obj -mrelax-all -disable-free -disable-llvm-verifier -discard-value-names -main-file-name CMakeCXXCompilerABI.cpp -mrelocation-model static -mthread-model posix -mframe-pointer=all -fmath-errno -fno-rounding-math -masm-verbose -mconstructor-aliases -munwind-tables -target-cpu x86-64 -dwarf-column-info -fno-split-dwarf-inlining -debugger-tuning=gdb -v -resource-dir /usr/lib/llvm-10/lib/clang/10.0.0 -internal-isystem /usr/bin/../lib/gcc/x86_64-linux-gnu/9/../../../../include/c++/9 -internal-isystem /usr/bin/../lib/gcc/x86_64-linux-gnu/9/../../../../include/x86_64-linux-gnu/c++/9 -internal-isystem /usr/bin/../lib/gcc/x86_64-linux-gnu/9/../../../../include/x86_64-linux-gnu/c++/9 -internal-isystem /usr/bin/../lib/gcc/x86_64-linux-gnu/9/../../../../include/c++/9/backward -internal-isystem /usr/local/include -internal-isystem /usr/lib/llvm-10/lib/clang/10.0.0/include -internal-externc-isystem /usr/include/x86_64-linux-gnu -internal-externc-isystem /include -internal-externc-isystem /usr/include -fdeprecated-macro -fdebug-compilation-dir /var/lib/phoronix-test-suite/installed-tests/pts/svt-av1-2.4.0/SVT-AV1-v0.9.0/Build/linux/Release/CMakeFiles/CMakeTmp -ferror-limit 19 -fmessage-length 0 -fgnuc-version=4.2.1 -fobjc-runtime=gcc -fcxx-exceptions -fexceptions -fdiagnostics-show-option -faddrsig -o CMakeFiles/cmTC_57dd4.dir/CMakeCXXCompilerABI.cpp.o -x c++ /usr/share/cmake-3.16/Modules/CMakeCXXCompilerABI.cpp]
  ignore line: [clang -cc1 version 10.0.0 based upon LLVM 10.0.0 default target x86_64-pc-linux-gnu]
  ignore line: [ignoring nonexistent directory "/include"]
  ignore line: [ignoring duplicate directory "/usr/bin/../lib/gcc/x86_64-linux-gnu/9/../../../../include/x86_64-linux-gnu/c++/9"]
  ignore line: [#include "..." search starts here:]
  ignore line: [#include <...> search starts here:]
  ignore line: [ /usr/bin/../lib/gcc/x86_64-linux-gnu/9/../../../../include/c++/9]
  ignore line: [ /usr/bin/../lib/gcc/x86_64-linux-gnu/9/../../../../include/x86_64-linux-gnu/c++/9]
  ignore line: [ /usr/bin/../lib/gcc/x86_64-linux-gnu/9/../../../../include/c++/9/backward]
  ignore line: [ /usr/local/include]
  ignore line: [ /usr/lib/llvm-10/lib/clang/10.0.0/include]
  ignore line: [ /usr/include/x86_64-linux-gnu]
  ignore line: [ /usr/include]
  ignore line: [End of search list.]
  ignore line: [Linking CXX executable cmTC_57dd4]
  ignore line: [/usr/bin/cmake -E cmake_link_script CMakeFiles/cmTC_57dd4.dir/link.txt --verbose=1]
  ignore line: [/usr/bin/clang++      -v CMakeFiles/cmTC_57dd4.dir/CMakeCXXCompilerABI.cpp.o  -o cmTC_57dd4 ]
  ignore line: [clang version 10.0.0-4ubuntu1 ]
  ignore line: [Target: x86_64-pc-linux-gnu]
  ignore line: [Thread model: posix]
  ignore line: [InstalledDir: /usr/bin]
  ignore line: [Found candidate GCC installation: /usr/bin/../lib/gcc/x86_64-linux-gnu/5]
  ignore line: [Found candidate GCC installation: /usr/bin/../lib/gcc/x86_64-linux-gnu/5.5.0]
  ignore line: [Found candidate GCC installation: /usr/bin/../lib/gcc/x86_64-linux-gnu/7]
  ignore line: [Found candidate GCC installation: /usr/bin/../lib/gcc/x86_64-linux-gnu/7.5.0]
  ignore line: [Found candidate GCC installation: /usr/bin/../lib/gcc/x86_64-linux-gnu/8]
  ignore line: [Found candidate GCC installation: /usr/bin/../lib/gcc/x86_64-linux-gnu/9]
  ignore line: [Found candidate GCC installation: /usr/lib/gcc/x86_64-linux-gnu/5]
  ignore line: [Found candidate GCC installation: /usr/lib/gcc/x86_64-linux-gnu/5.5.0]
  ignore line: [Found candidate GCC installation: /usr/lib/gcc/x86_64-linux-gnu/7]
  ignore line: [Found candidate GCC installation: /usr/lib/gcc/x86_64-linux-gnu/7.5.0]
  ignore line: [Found candidate GCC installation: /usr/lib/gcc/x86_64-linux-gnu/8]
  ignore line: [Found candidate GCC installation: /usr/lib/gcc/x86_64-linux-gnu/9]
  ignore line: [Selected GCC installation: /usr/bin/../lib/gcc/x86_64-linux-gnu/9]
  ignore line: [Candidate multilib: .]
  ignore line: [@m64]
  ignore line: [Selected multilib: .]
  ignore line: [@m64]
  link line: [ "/usr/bin/ld" -z relro --hash-style=gnu --build-id --eh-frame-hdr -m elf_x86_64 -dynamic-linker /lib64/ld-linux-x86-64.so.2 -o cmTC_57dd4 /usr/bin/../lib/gcc/x86_64-linux-gnu/9/../../../x86_64-linux-gnu/crt1.o /usr/bin/../lib/gcc/x86_64-linux-gnu/9/../../../x86_64-linux-gnu/crti.o /usr/bin/../lib/gcc/x86_64-linux-gnu/9/crtbegin.o -L/usr/bin/../lib/gcc/x86_64-linux-gnu/9 -L/usr/bin/../lib/gcc/x86_64-linux-gnu/9/../../../x86_64-linux-gnu -L/usr/bin/../lib/gcc/x86_64-linux-gnu/9/../../../../lib64 -L/lib/x86_64-linux-gnu -L/lib/../lib64 -L/usr/lib/x86_64-linux-gnu -L/usr/lib/../lib64 -L/usr/lib/x86_64-linux-gnu/../../lib64 -L/usr/bin/../lib/gcc/x86_64-linux-gnu/9/../../.. -L/usr/lib/llvm-10/bin/../lib -L/lib -L/usr/lib CMakeFiles/cmTC_57dd4.dir/CMakeCXXCompilerABI.cpp.o -lstdc++ -lm -lgcc_s -lgcc -lc -lgcc_s -lgcc /usr/bin/../lib/gcc/x86_64-linux-gnu/9/crtend.o /usr/bin/../lib/gcc/x86_64-linux-gnu/9/../../../x86_64-linux-gnu/crtn.o]
    arg [/usr/bin/ld] ==> ignore
    arg [-zrelro] ==> ignore
    arg [--hash-style=gnu] ==> ignore
    arg [--build-id] ==> ignore
    arg [--eh-frame-hdr] ==> ignore
    arg [-m] ==> ignore
    arg [elf_x86_64] ==> ignore
    arg [-dynamic-linker] ==> ignore
    arg [/lib64/ld-linux-x86-64.so.2] ==> ignore
    arg [-o] ==> ignore
    arg [cmTC_57dd4] ==> ignore
    arg [/usr/bin/../lib/gcc/x86_64-linux-gnu/9/../../../x86_64-linux-gnu/crt1.o] ==> ignore
    arg [/usr/bin/../lib/gcc/x86_64-linux-gnu/9/../../../x86_64-linux-gnu/crti.o] ==> ignore
    arg [/usr/bin/../lib/gcc/x86_64-linux-gnu/9/crtbegin.o] ==> ignore
    arg [-L/usr/bin/../lib/gcc/x86_64-linux-gnu/9] ==> dir [/usr/bin/../lib/gcc/x86_64-linux-gnu/9]
    arg [-L/usr/bin/../lib/gcc/x86_64-linux-gnu/9/../../../x86_64-linux-gnu] ==> dir [/usr/bin/../lib/gcc/x86_64-linux-gnu/9/../../../x86_64-linux-gnu]
    arg [-L/usr/bin/../lib/gcc/x86_64-linux-gnu/9/../../../../lib64] ==> dir [/usr/bin/../lib/gcc/x86_64-linux-gnu/9/../../../../lib64]
    arg [-L/lib/x86_64-linux-gnu] ==> dir [/lib/x86_64-linux-gnu]
    arg [-L/lib/../lib64] ==> dir [/lib/../lib64]
    arg [-L/usr/lib/x86_64-linux-gnu] ==> dir [/usr/lib/x86_64-linux-gnu]
    arg [-L/usr/lib/../lib64] ==> dir [/usr/lib/../lib64]
    arg [-L/usr/lib/x86_64-linux-gnu/../../lib64] ==> dir [/usr/lib/x86_64-linux-gnu/../../lib64]
    arg [-L/usr/bin/../lib/gcc/x86_64-linux-gnu/9/../../..] ==> dir [/usr/bin/../lib/gcc/x86_64-linux-gnu/9/../../..]
    arg [-L/usr/lib/llvm-10/bin/../lib] ==> dir [/usr/lib/llvm-10/bin/../lib]
    arg [-L/lib] ==> dir [/lib]
    arg [-L/usr/lib] ==> dir [/usr/lib]
    arg [CMakeFiles/cmTC_57dd4.dir/CMakeCXXCompilerABI.cpp.o] ==> ignore
    arg [-lstdc++] ==> lib [stdc++]
    arg [-lm] ==> lib [m]
    arg [-lgcc_s] ==> lib [gcc_s]
    arg [-lgcc] ==> lib [gcc]
    arg [-lc] ==> lib [c]
    arg [-lgcc_s] ==> lib [gcc_s]
    arg [-lgcc] ==> lib [gcc]
    arg [/usr/bin/../lib/gcc/x86_64-linux-gnu/9/crtend.o] ==> ignore
    arg [/usr/bin/../lib/gcc/x86_64-linux-gnu/9/../../../x86_64-linux-gnu/crtn.o] ==> ignore
  collapse library dir [/usr/bin/../lib/gcc/x86_64-linux-gnu/9] ==> [/usr/lib/gcc/x86_64-linux-gnu/9]
  collapse library dir [/usr/bin/../lib/gcc/x86_64-linux-gnu/9/../../../x86_64-linux-gnu] ==> [/usr/lib/x86_64-linux-gnu]
  collapse library dir [/usr/bin/../lib/gcc/x86_64-linux-gnu/9/../../../../lib64] ==> [/usr/lib64]
  collapse library dir [/lib/x86_64-linux-gnu] ==> [/lib/x86_64-linux-gnu]
  collapse library dir [/lib/../lib64] ==> [/lib64]
  collapse library dir [/usr/lib/x86_64-linux-gnu] ==> [/usr/lib/x86_64-linux-gnu]
  collapse library dir [/usr/lib/../lib64] ==> [/usr/lib64]
  collapse library dir [/usr/lib/x86_64-linux-gnu/../../lib64] ==> [/usr/lib64]
  collapse library dir [/usr/bin/../lib/gcc/x86_64-linux-gnu/9/../../..] ==> [/usr/lib]
  collapse library dir [/usr/lib/llvm-10/bin/../lib] ==> [/usr/lib/llvm-10/lib]
  collapse library dir [/lib] ==> [/lib]
  collapse library dir [/usr/lib] ==> [/usr/lib]
  implicit libs: [stdc++;m;gcc_s;gcc;c;gcc_s;gcc]
  implicit dirs: [/usr/lib/gcc/x86_64-linux-gnu/9;/usr/lib/x86_64-linux-gnu;/usr/lib64;/lib/x86_64-linux-gnu;/lib64;/usr/lib;/usr/lib/llvm-10/lib;/lib]
  implicit fwks: []


Performing C SOURCE FILE Test HAVE_X86_PLATFORM succeeded with the following output:
Change Dir: /var/lib/phoronix-test-suite/installed-tests/pts/svt-av1-2.4.0/SVT-AV1-v0.9.0/Build/linux/Release/CMakeFiles/CMakeTmp

Run Build Command(s):/usr/bin/make cmTC_b2c8b/fast && /usr/bin/make -f CMakeFiles/cmTC_b2c8b.dir/build.make CMakeFiles/cmTC_b2c8b.dir/build
make[1]: Entering directory '/var/lib/phoronix-test-suite/installed-tests/pts/svt-av1-2.4.0/SVT-AV1-v0.9.0/Build/linux/Release/CMakeFiles/CMakeTmp'
Building C object CMakeFiles/cmTC_b2c8b.dir/src.c.o
/usr/bin/clang   -DHAVE_X86_PLATFORM   -o CMakeFiles/cmTC_b2c8b.dir/src.c.o   -c /var/lib/phoronix-test-suite/installed-tests/pts/svt-av1-2.4.0/SVT-AV1-v0.9.0/Build/linux/Release/CMakeFiles/CMakeTmp/src.c
Linking C executable cmTC_b2c8b
/usr/bin/cmake -E cmake_link_script CMakeFiles/cmTC_b2c8b.dir/link.txt --verbose=1
/usr/bin/clang  -DHAVE_X86_PLATFORM    CMakeFiles/cmTC_b2c8b.dir/src.c.o  -o cmTC_b2c8b 
make[1]: Leaving directory '/var/lib/phoronix-test-suite/installed-tests/pts/svt-av1-2.4.0/SVT-AV1-v0.9.0/Build/linux/Release/CMakeFiles/CMakeTmp'


Source file was:

#if defined(_M_IX86) || defined(_M_X64) || defined(__i386__) || defined(__x86_64__)
#else
#error "Non-x86"
#endif
int main(void) {}

Checking whether the ASM_NASM compiler is YASM using "--version" matched "(yasm)":
yasm 1.3.0
Compiled on Apr  1 2020.
Copyright (c) 2001-2014 Peter Johnson and other Yasm developers.
Run yasm --license for licensing overview and summary.
Performing C SOURCE FILE Test C_FLAG_Wformat_security succeeded with the following output:
Change Dir: /var/lib/phoronix-test-suite/installed-tests/pts/svt-av1-2.4.0/SVT-AV1-v0.9.0/Build/linux/Release/CMakeFiles/CMakeTmp

Run Build Command(s):/usr/bin/make cmTC_6d7c2/fast && /usr/bin/make -f CMakeFiles/cmTC_6d7c2.dir/build.make CMakeFiles/cmTC_6d7c2.dir/build
make[1]: Entering directory '/var/lib/phoronix-test-suite/installed-tests/pts/svt-av1-2.4.0/SVT-AV1-v0.9.0/Build/linux/Release/CMakeFiles/CMakeTmp'
Building C object CMakeFiles/cmTC_6d7c2.dir/src.c.o
/usr/bin/clang   -DC_FLAG_Wformat_security -fPIE   -Wformat-security -o CMakeFiles/cmTC_6d7c2.dir/src.c.o   -c /var/lib/phoronix-test-suite/installed-tests/pts/svt-av1-2.4.0/SVT-AV1-v0.9.0/Build/linux/Release/CMakeFiles/CMakeTmp/src.c
Linking C executable cmTC_6d7c2
/usr/bin/cmake -E cmake_link_script CMakeFiles/cmTC_6d7c2.dir/link.txt --verbose=1
/usr/bin/clang  -DC_FLAG_Wformat_security   -pie -z noexecstack -z relro -z now  CMakeFiles/cmTC_6d7c2.dir/src.c.o  -o cmTC_6d7c2 
make[1]: Leaving directory '/var/lib/phoronix-test-suite/installed-tests/pts/svt-av1-2.4.0/SVT-AV1-v0.9.0/Build/linux/Release/CMakeFiles/CMakeTmp'


Source file was:
int main(void) { return 0; }
Performing C SOURCE FILE Test C_FLAG_Wformat succeeded with the following output:
Change Dir: /var/lib/phoronix-test-suite/installed-tests/pts/svt-av1-2.4.0/SVT-AV1-v0.9.0/Build/linux/Release/CMakeFiles/CMakeTmp

Run Build Command(s):/usr/bin/make cmTC_4baaf/fast && /usr/bin/make -f CMakeFiles/cmTC_4baaf.dir/build.make CMakeFiles/cmTC_4baaf.dir/build
make[1]: Entering directory '/var/lib/phoronix-test-suite/installed-tests/pts/svt-av1-2.4.0/SVT-AV1-v0.9.0/Build/linux/Release/CMakeFiles/CMakeTmp'
Building C object CMakeFiles/cmTC_4baaf.dir/src.c.o
/usr/bin/clang   -Wformat-security  -DC_FLAG_Wformat -fPIE   -Wformat -o CMakeFiles/cmTC_4baaf.dir/src.c.o   -c /var/lib/phoronix-test-suite/installed-tests/pts/svt-av1-2.4.0/SVT-AV1-v0.9.0/Build/linux/Release/CMakeFiles/CMakeTmp/src.c
Linking C executable cmTC_4baaf
/usr/bin/cmake -E cmake_link_script CMakeFiles/cmTC_4baaf.dir/link.txt --verbose=1
/usr/bin/clang -Wformat-security  -DC_FLAG_Wformat   -pie -z noexecstack -z relro -z now  CMakeFiles/cmTC_4baaf.dir/src.c.o  -o cmTC_4baaf 
make[1]: Leaving directory '/var/lib/phoronix-test-suite/installed-tests/pts/svt-av1-2.4.0/SVT-AV1-v0.9.0/Build/linux/Release/CMakeFiles/CMakeTmp'


Source file was:
int main(void) { return 0; }
Performing C SOURCE FILE Test C_FLAG_Wextra succeeded with the following output:
Change Dir: /var/lib/phoronix-test-suite/installed-tests/pts/svt-av1-2.4.0/SVT-AV1-v0.9.0/Build/linux/Release/CMakeFiles/CMakeTmp

Run Build Command(s):/usr/bin/make cmTC_c4b16/fast && /usr/bin/make -f CMakeFiles/cmTC_c4b16.dir/build.make CMakeFiles/cmTC_c4b16.dir/build
make[1]: Entering directory '/var/lib/phoronix-test-suite/installed-tests/pts/svt-av1-2.4.0/SVT-AV1-v0.9.0/Build/linux/Release/CMakeFiles/CMakeTmp'
Building C object CMakeFiles/cmTC_c4b16.dir/src.c.o
/usr/bin/clang   -Wformat -Wformat-security  -DC_FLAG_Wextra -fPIE   -Wextra -o CMakeFiles/cmTC_c4b16.dir/src.c.o   -c /var/lib/phoronix-test-suite/installed-tests/pts/svt-av1-2.4.0/SVT-AV1-v0.9.0/Build/linux/Release/CMakeFiles/CMakeTmp/src.c
Linking C executable cmTC_c4b16
/usr/bin/cmake -E cmake_link_script CMakeFiles/cmTC_c4b16.dir/link.txt --verbose=1
/usr/bin/clang -Wformat -Wformat-security  -DC_FLAG_Wextra   -pie -z noexecstack -z relro -z now  CMakeFiles/cmTC_c4b16.dir/src.c.o  -o cmTC_c4b16 
make[1]: Leaving directory '/var/lib/phoronix-test-suite/installed-tests/pts/svt-av1-2.4.0/SVT-AV1-v0.9.0/Build/linux/Release/CMakeFiles/CMakeTmp'


Source file was:
int main(void) { return 0; }
Performing C++ SOURCE FILE Test CXX_FLAG_Wformat_security succeeded with the following output:
Change Dir: /var/lib/phoronix-test-suite/installed-tests/pts/svt-av1-2.4.0/SVT-AV1-v0.9.0/Build/linux/Release/CMakeFiles/CMakeTmp

Run Build Command(s):/usr/bin/make cmTC_c4d31/fast && /usr/bin/make -f CMakeFiles/cmTC_c4d31.dir/build.make CMakeFiles/cmTC_c4d31.dir/build
make[1]: Entering directory '/var/lib/phoronix-test-suite/installed-tests/pts/svt-av1-2.4.0/SVT-AV1-v0.9.0/Build/linux/Release/CMakeFiles/CMakeTmp'
Building CXX object CMakeFiles/cmTC_c4d31.dir/src.cxx.o
/usr/bin/clang++    -DCXX_FLAG_Wformat_security -fPIE   -Wformat-security -o CMakeFiles/cmTC_c4d31.dir/src.cxx.o -c /var/lib/phoronix-test-suite/installed-tests/pts/svt-av1-2.4.0/SVT-AV1-v0.9.0/Build/linux/Release/CMakeFiles/CMakeTmp/src.cxx
Linking CXX executable cmTC_c4d31
/usr/bin/cmake -E cmake_link_script CMakeFiles/cmTC_c4d31.dir/link.txt --verbose=1
/usr/bin/clang++   -DCXX_FLAG_Wformat_security   -pie -z noexecstack -z relro -z now  CMakeFiles/cmTC_c4d31.dir/src.cxx.o  -o cmTC_c4d31 
make[1]: Leaving directory '/var/lib/phoronix-test-suite/installed-tests/pts/svt-av1-2.4.0/SVT-AV1-v0.9.0/Build/linux/Release/CMakeFiles/CMakeTmp'


Source file was:
int main() { return 0; }
Performing C++ SOURCE FILE Test CXX_FLAG_Wformat succeeded with the following output:
Change Dir: /var/lib/phoronix-test-suite/installed-tests/pts/svt-av1-2.4.0/SVT-AV1-v0.9.0/Build/linux/Release/CMakeFiles/CMakeTmp

Run Build Command(s):/usr/bin/make cmTC_da6aa/fast && /usr/bin/make -f CMakeFiles/cmTC_da6aa.dir/build.make CMakeFiles/cmTC_da6aa.dir/build
make[1]: Entering directory '/var/lib/phoronix-test-suite/installed-tests/pts/svt-av1-2.4.0/SVT-AV1-v0.9.0/Build/linux/Release/CMakeFiles/CMakeTmp'
Building CXX object CMakeFiles/cmTC_da6aa.dir/src.cxx.o
/usr/bin/clang++    -Wformat-security  -DCXX_FLAG_Wformat -fPIE   -Wformat -o CMakeFiles/cmTC_da6aa.dir/src.cxx.o -c /var/lib/phoronix-test-suite/installed-tests/pts/svt-av1-2.4.0/SVT-AV1-v0.9.0/Build/linux/Release/CMakeFiles/CMakeTmp/src.cxx
Linking CXX executable cmTC_da6aa
/usr/bin/cmake -E cmake_link_script CMakeFiles/cmTC_da6aa.dir/link.txt --verbose=1
/usr/bin/clang++  -Wformat-security  -DCXX_FLAG_Wformat   -pie -z noexecstack -z relro -z now  CMakeFiles/cmTC_da6aa.dir/src.cxx.o  -o cmTC_da6aa 
make[1]: Leaving directory '/var/lib/phoronix-test-suite/installed-tests/pts/svt-av1-2.4.0/SVT-AV1-v0.9.0/Build/linux/Release/CMakeFiles/CMakeTmp'


Source file was:
int main() { return 0; }
Performing C++ SOURCE FILE Test CXX_FLAG_Wextra succeeded with the following output:
Change Dir: /var/lib/phoronix-test-suite/installed-tests/pts/svt-av1-2.4.0/SVT-AV1-v0.9.0/Build/linux/Release/CMakeFiles/CMakeTmp

Run Build Command(s):/usr/bin/make cmTC_d879a/fast && /usr/bin/make -f CMakeFiles/cmTC_d879a.dir/build.make CMakeFiles/cmTC_d879a.dir/build
make[1]: Entering directory '/var/lib/phoronix-test-suite/installed-tests/pts/svt-av1-2.4.0/SVT-AV1-v0.9.0/Build/linux/Release/CMakeFiles/CMakeTmp'
Building CXX object CMakeFiles/cmTC_d879a.dir/src.cxx.o
/usr/bin/clang++    -Wformat -Wformat-security  -DCXX_FLAG_Wextra -fPIE   -Wextra -o CMakeFiles/cmTC_d879a.dir/src.cxx.o -c /var/lib/phoronix-test-suite/installed-tests/pts/svt-av1-2.4.0/SVT-AV1-v0.9.0/Build/linux/Release/CMakeFiles/CMakeTmp/src.cxx
Linking CXX executable cmTC_d879a
/usr/bin/cmake -E cmake_link_script CMakeFiles/cmTC_d879a.dir/link.txt --verbose=1
/usr/bin/clang++  -Wformat -Wformat-security  -DCXX_FLAG_Wextra   -pie -z noexecstack -z relro -z now  CMakeFiles/cmTC_d879a.dir/src.cxx.o  -o cmTC_d879a 
make[1]: Leaving directory '/var/lib/phoronix-test-suite/installed-tests/pts/svt-av1-2.4.0/SVT-AV1-v0.9.0/Build/linux/Release/CMakeFiles/CMakeTmp'


Source file was:
int main() { return 0; }
Performing C SOURCE FILE Test C_FLAG_Wall succeeded with the following output:
Change Dir: /var/lib/phoronix-test-suite/installed-tests/pts/svt-av1-2.4.0/SVT-AV1-v0.9.0/Build/linux/Release/CMakeFiles/CMakeTmp

Run Build Command(s):/usr/bin/make cmTC_645f7/fast && /usr/bin/make -f CMakeFiles/cmTC_645f7.dir/build.make CMakeFiles/cmTC_645f7.dir/build
make[1]: Entering directory '/var/lib/phoronix-test-suite/installed-tests/pts/svt-av1-2.4.0/SVT-AV1-v0.9.0/Build/linux/Release/CMakeFiles/CMakeTmp'
Building C object CMakeFiles/cmTC_645f7.dir/src.c.o
/usr/bin/clang   -Wextra -Wformat -Wformat-security  -DC_FLAG_Wall -fPIE   -Wall -o CMakeFiles/cmTC_645f7.dir/src.c.o   -c /var/lib/phoronix-test-suite/installed-tests/pts/svt-av1-2.4.0/SVT-AV1-v0.9.0/Build/linux/Release/CMakeFiles/CMakeTmp/src.c
Linking C executable cmTC_645f7
/usr/bin/cmake -E cmake_link_script CMakeFiles/cmTC_645f7.dir/link.txt --verbose=1
/usr/bin/clang -Wextra -Wformat -Wformat-security  -DC_FLAG_Wall   -pie -z noexecstack -z relro -z now  CMakeFiles/cmTC_645f7.dir/src.c.o  -o cmTC_645f7 
make[1]: Leaving directory '/var/lib/phoronix-test-suite/installed-tests/pts/svt-av1-2.4.0/SVT-AV1-v0.9.0/Build/linux/Release/CMakeFiles/CMakeTmp'


Source file was:
int main(void) { return 0; }
Performing C++ SOURCE FILE Test CXX_FLAG_Wall succeeded with the following output:
Change Dir: /var/lib/phoronix-test-suite/installed-tests/pts/svt-av1-2.4.0/SVT-AV1-v0.9.0/Build/linux/Release/CMakeFiles/CMakeTmp

Run Build Command(s):/usr/bin/make cmTC_833c3/fast && /usr/bin/make -f CMakeFiles/cmTC_833c3.dir/build.make CMakeFiles/cmTC_833c3.dir/build
make[1]: Entering directory '/var/lib/phoronix-test-suite/installed-tests/pts/svt-av1-2.4.0/SVT-AV1-v0.9.0/Build/linux/Release/CMakeFiles/CMakeTmp'
Building CXX object CMakeFiles/cmTC_833c3.dir/src.cxx.o
/usr/bin/clang++    -Wextra -Wformat -Wformat-security  -DCXX_FLAG_Wall -fPIE   -Wall -o CMakeFiles/cmTC_833c3.dir/src.cxx.o -c /var/lib/phoronix-test-suite/installed-tests/pts/svt-av1-2.4.0/SVT-AV1-v0.9.0/Build/linux/Release/CMakeFiles/CMakeTmp/src.cxx
Linking CXX executable cmTC_833c3
/usr/bin/cmake -E cmake_link_script CMakeFiles/cmTC_833c3.dir/link.txt --verbose=1
/usr/bin/clang++  -Wextra -Wformat -Wformat-security  -DCXX_FLAG_Wall   -pie -z noexecstack -z relro -z now  CMakeFiles/cmTC_833c3.dir/src.cxx.o  -o cmTC_833c3 
make[1]: Leaving directory '/var/lib/phoronix-test-suite/installed-tests/pts/svt-av1-2.4.0/SVT-AV1-v0.9.0/Build/linux/Release/CMakeFiles/CMakeTmp'


Source file was:
int main() { return 0; }
Performing C SOURCE FILE Test C_FLAG_march_native succeeded with the following output:
Change Dir: /var/lib/phoronix-test-suite/installed-tests/pts/svt-av1-2.4.0/SVT-AV1-v0.9.0/Build/linux/Release/CMakeFiles/CMakeTmp

Run Build Command(s):/usr/bin/make cmTC_ea9e8/fast && /usr/bin/make -f CMakeFiles/cmTC_ea9e8.dir/build.make CMakeFiles/cmTC_ea9e8.dir/build
make[1]: Entering directory '/var/lib/phoronix-test-suite/installed-tests/pts/svt-av1-2.4.0/SVT-AV1-v0.9.0/Build/linux/Release/CMakeFiles/CMakeTmp'
Building C object CMakeFiles/cmTC_ea9e8.dir/src.c.o
/usr/bin/clang   -Wall -Wextra -Wformat -Wformat-security  -DC_FLAG_march_native -fPIE   -march=native -o CMakeFiles/cmTC_ea9e8.dir/src.c.o   -c /var/lib/phoronix-test-suite/installed-tests/pts/svt-av1-2.4.0/SVT-AV1-v0.9.0/Build/linux/Release/CMakeFiles/CMakeTmp/src.c
Linking C executable cmTC_ea9e8
/usr/bin/cmake -E cmake_link_script CMakeFiles/cmTC_ea9e8.dir/link.txt --verbose=1
/usr/bin/clang -Wall -Wextra -Wformat -Wformat-security  -DC_FLAG_march_native   -pie -z noexecstack -z relro -z now  CMakeFiles/cmTC_ea9e8.dir/src.c.o  -o cmTC_ea9e8 
make[1]: Leaving directory '/var/lib/phoronix-test-suite/installed-tests/pts/svt-av1-2.4.0/SVT-AV1-v0.9.0/Build/linux/Release/CMakeFiles/CMakeTmp'


Source file was:
int main(void) { return 0; }
Performing C++ SOURCE FILE Test CXX_FLAG_march_native succeeded with the following output:
Change Dir: /var/lib/phoronix-test-suite/installed-tests/pts/svt-av1-2.4.0/SVT-AV1-v0.9.0/Build/linux/Release/CMakeFiles/CMakeTmp

Run Build Command(s):/usr/bin/make cmTC_66564/fast && /usr/bin/make -f CMakeFiles/cmTC_66564.dir/build.make CMakeFiles/cmTC_66564.dir/build
make[1]: Entering directory '/var/lib/phoronix-test-suite/installed-tests/pts/svt-av1-2.4.0/SVT-AV1-v0.9.0/Build/linux/Release/CMakeFiles/CMakeTmp'
Building CXX object CMakeFiles/cmTC_66564.dir/src.cxx.o
/usr/bin/clang++    -Wall -Wextra -Wformat -Wformat-security  -DCXX_FLAG_march_native -fPIE   -march=native -o CMakeFiles/cmTC_66564.dir/src.cxx.o -c /var/lib/phoronix-test-suite/installed-tests/pts/svt-av1-2.4.0/SVT-AV1-v0.9.0/Build/linux/Release/CMakeFiles/CMakeTmp/src.cxx
Linking CXX executable cmTC_66564
/usr/bin/cmake -E cmake_link_script CMakeFiles/cmTC_66564.dir/link.txt --verbose=1
/usr/bin/clang++  -Wall -Wextra -Wformat -Wformat-security  -DCXX_FLAG_march_native   -pie -z noexecstack -z relro -z now  CMakeFiles/cmTC_66564.dir/src.cxx.o  -o cmTC_66564 
make[1]: Leaving directory '/var/lib/phoronix-test-suite/installed-tests/pts/svt-av1-2.4.0/SVT-AV1-v0.9.0/Build/linux/Release/CMakeFiles/CMakeTmp'


Source file was:
int main() { return 0; }
Performing C SOURCE FILE Test C_FLAG_fstack_protector_strong succeeded with the following output:
Change Dir: /var/lib/phoronix-test-suite/installed-tests/pts/svt-av1-2.4.0/SVT-AV1-v0.9.0/Build/linux/Release/CMakeFiles/CMakeTmp

Run Build Command(s):/usr/bin/make cmTC_7a7da/fast && /usr/bin/make -f CMakeFiles/cmTC_7a7da.dir/build.make CMakeFiles/cmTC_7a7da.dir/build
make[1]: Entering directory '/var/lib/phoronix-test-suite/installed-tests/pts/svt-av1-2.4.0/SVT-AV1-v0.9.0/Build/linux/Release/CMakeFiles/CMakeTmp'
Building C object CMakeFiles/cmTC_7a7da.dir/src.c.o
/usr/bin/clang   -Wall -Wextra -Wformat -Wformat-security  -march=native -DC_FLAG_fstack_protector_strong -fPIE   -fstack-protector-strong -o CMakeFiles/cmTC_7a7da.dir/src.c.o   -c /var/lib/phoronix-test-suite/installed-tests/pts/svt-av1-2.4.0/SVT-AV1-v0.9.0/Build/linux/Release/CMakeFiles/CMakeTmp/src.c
Linking C executable cmTC_7a7da
/usr/bin/cmake -E cmake_link_script CMakeFiles/cmTC_7a7da.dir/link.txt --verbose=1
/usr/bin/clang -Wall -Wextra -Wformat -Wformat-security  -march=native -DC_FLAG_fstack_protector_strong   -pie -z noexecstack -z relro -z now  CMakeFiles/cmTC_7a7da.dir/src.c.o  -o cmTC_7a7da 
make[1]: Leaving directory '/var/lib/phoronix-test-suite/installed-tests/pts/svt-av1-2.4.0/SVT-AV1-v0.9.0/Build/linux/Release/CMakeFiles/CMakeTmp'


Source file was:
int main(void) { return 0; }
Performing C++ SOURCE FILE Test CXX_FLAG_fstack_protector_strong succeeded with the following output:
Change Dir: /var/lib/phoronix-test-suite/installed-tests/pts/svt-av1-2.4.0/SVT-AV1-v0.9.0/Build/linux/Release/CMakeFiles/CMakeTmp

Run Build Command(s):/usr/bin/make cmTC_ff144/fast && /usr/bin/make -f CMakeFiles/cmTC_ff144.dir/build.make CMakeFiles/cmTC_ff144.dir/build
make[1]: Entering directory '/var/lib/phoronix-test-suite/installed-tests/pts/svt-av1-2.4.0/SVT-AV1-v0.9.0/Build/linux/Release/CMakeFiles/CMakeTmp'
Building CXX object CMakeFiles/cmTC_ff144.dir/src.cxx.o
/usr/bin/clang++    -Wall -Wextra -Wformat -Wformat-security  -march=native -DCXX_FLAG_fstack_protector_strong -fPIE   -fstack-protector-strong -o CMakeFiles/cmTC_ff144.dir/src.cxx.o -c /var/lib/phoronix-test-suite/installed-tests/pts/svt-av1-2.4.0/SVT-AV1-v0.9.0/Build/linux/Release/CMakeFiles/CMakeTmp/src.cxx
Linking CXX executable cmTC_ff144
/usr/bin/cmake -E cmake_link_script CMakeFiles/cmTC_ff144.dir/link.txt --verbose=1
/usr/bin/clang++  -Wall -Wextra -Wformat -Wformat-security  -march=native -DCXX_FLAG_fstack_protector_strong   -pie -z noexecstack -z relro -z now  CMakeFiles/cmTC_ff144.dir/src.cxx.o  -o cmTC_ff144 
make[1]: Leaving directory '/var/lib/phoronix-test-suite/installed-tests/pts/svt-av1-2.4.0/SVT-AV1-v0.9.0/Build/linux/Release/CMakeFiles/CMakeTmp'


Source file was:
int main() { return 0; }
Performing C SOURCE FILE Test C_FLAG_mno_avx succeeded with the following output:
Change Dir: /var/lib/phoronix-test-suite/installed-tests/pts/svt-av1-2.4.0/SVT-AV1-v0.9.0/Build/linux/Release/CMakeFiles/CMakeTmp

Run Build Command(s):/usr/bin/make cmTC_28233/fast && /usr/bin/make -f CMakeFiles/cmTC_28233.dir/build.make CMakeFiles/cmTC_28233.dir/build
make[1]: Entering directory '/var/lib/phoronix-test-suite/installed-tests/pts/svt-av1-2.4.0/SVT-AV1-v0.9.0/Build/linux/Release/CMakeFiles/CMakeTmp'
Building C object CMakeFiles/cmTC_28233.dir/src.c.o
/usr/bin/clang   -Wall -Wextra -Wformat -Wformat-security  -march=native -fstack-protector-strong -DC_FLAG_mno_avx -fPIE   -mno-avx -o CMakeFiles/cmTC_28233.dir/src.c.o   -c /var/lib/phoronix-test-suite/installed-tests/pts/svt-av1-2.4.0/SVT-AV1-v0.9.0/Build/linux/Release/CMakeFiles/CMakeTmp/src.c
Linking C executable cmTC_28233
/usr/bin/cmake -E cmake_link_script CMakeFiles/cmTC_28233.dir/link.txt --verbose=1
/usr/bin/clang -Wall -Wextra -Wformat -Wformat-security  -march=native -fstack-protector-strong -DC_FLAG_mno_avx   -pie -z noexecstack -z relro -z now  CMakeFiles/cmTC_28233.dir/src.c.o  -o cmTC_28233 
make[1]: Leaving directory '/var/lib/phoronix-test-suite/installed-tests/pts/svt-av1-2.4.0/SVT-AV1-v0.9.0/Build/linux/Release/CMakeFiles/CMakeTmp'


Source file was:
int main(void) { return 0; }
Performing C++ SOURCE FILE Test CXX_FLAG_mno_avx succeeded with the following output:
Change Dir: /var/lib/phoronix-test-suite/installed-tests/pts/svt-av1-2.4.0/SVT-AV1-v0.9.0/Build/linux/Release/CMakeFiles/CMakeTmp

Run Build Command(s):/usr/bin/make cmTC_0c6c7/fast && /usr/bin/make -f CMakeFiles/cmTC_0c6c7.dir/build.make CMakeFiles/cmTC_0c6c7.dir/build
make[1]: Entering directory '/var/lib/phoronix-test-suite/installed-tests/pts/svt-av1-2.4.0/SVT-AV1-v0.9.0/Build/linux/Release/CMakeFiles/CMakeTmp'
Building CXX object CMakeFiles/cmTC_0c6c7.dir/src.cxx.o
/usr/bin/clang++    -Wall -Wextra -Wformat -Wformat-security  -march=native -fstack-protector-strong -DCXX_FLAG_mno_avx -fPIE   -mno-avx -o CMakeFiles/cmTC_0c6c7.dir/src.cxx.o -c /var/lib/phoronix-test-suite/installed-tests/pts/svt-av1-2.4.0/SVT-AV1-v0.9.0/Build/linux/Release/CMakeFiles/CMakeTmp/src.cxx
Linking CXX executable cmTC_0c6c7
/usr/bin/cmake -E cmake_link_script CMakeFiles/cmTC_0c6c7.dir/link.txt --verbose=1
/usr/bin/clang++  -Wall -Wextra -Wformat -Wformat-security  -march=native -fstack-protector-strong -DCXX_FLAG_mno_avx   -pie -z noexecstack -z relro -z now  CMakeFiles/cmTC_0c6c7.dir/src.cxx.o  -o cmTC_0c6c7 
make[1]: Leaving directory '/var/lib/phoronix-test-suite/installed-tests/pts/svt-av1-2.4.0/SVT-AV1-v0.9.0/Build/linux/Release/CMakeFiles/CMakeTmp'


Source file was:
int main() { return 0; }
Determining if the _mm512_extracti64x4_epi64 exist passed with the following output:
Change Dir: /var/lib/phoronix-test-suite/installed-tests/pts/svt-av1-2.4.0/SVT-AV1-v0.9.0/Build/linux/Release/CMakeFiles/CMakeTmp

Run Build Command(s):/usr/bin/make cmTC_e8d2a/fast && /usr/bin/make -f CMakeFiles/cmTC_e8d2a.dir/build.make CMakeFiles/cmTC_e8d2a.dir/build
make[1]: Entering directory '/var/lib/phoronix-test-suite/installed-tests/pts/svt-av1-2.4.0/SVT-AV1-v0.9.0/Build/linux/Release/CMakeFiles/CMakeTmp'
Building C object CMakeFiles/cmTC_e8d2a.dir/CheckSymbolExists.c.o
/usr/bin/clang   -Wall -Wextra -Wformat -Wformat-security  -march=native -fstack-protector-strong -mno-avx  -fPIE   -o CMakeFiles/cmTC_e8d2a.dir/CheckSymbolExists.c.o   -c /var/lib/phoronix-test-suite/installed-tests/pts/svt-av1-2.4.0/SVT-AV1-v0.9.0/Build/linux/Release/CMakeFiles/CMakeTmp/CheckSymbolExists.c
Linking C executable cmTC_e8d2a
/usr/bin/cmake -E cmake_link_script CMakeFiles/cmTC_e8d2a.dir/link.txt --verbose=1
/usr/bin/clang -Wall -Wextra -Wformat -Wformat-security  -march=native -fstack-protector-strong -mno-avx    -pie -z noexecstack -z relro -z now  CMakeFiles/cmTC_e8d2a.dir/CheckSymbolExists.c.o  -o cmTC_e8d2a 
make[1]: Leaving directory '/var/lib/phoronix-test-suite/installed-tests/pts/svt-av1-2.4.0/SVT-AV1-v0.9.0/Build/linux/Release/CMakeFiles/CMakeTmp'


File /var/lib/phoronix-test-suite/installed-tests/pts/svt-av1-2.4.0/SVT-AV1-v0.9.0/Build/linux/Release/CMakeFiles/CMakeTmp/CheckSymbolExists.c:
/* */
#include <immintrin.h>

int main(int argc, char** argv)
{
  (void)argv;
#ifndef _mm512_extracti64x4_epi64
  return ((int*)(&_mm512_extracti64x4_epi64))[argc];
#else
  (void)argc;
  return 0;
#endif
}
Determining if the include file pthread.h exists passed with the following output:
Change Dir: /var/lib/phoronix-test-suite/installed-tests/pts/svt-av1-2.4.0/SVT-AV1-v0.9.0/Build/linux/Release/CMakeFiles/CMakeTmp

Run Build Command(s):/usr/bin/make cmTC_5140a/fast && /usr/bin/make -f CMakeFiles/cmTC_5140a.dir/build.make CMakeFiles/cmTC_5140a.dir/build
make[1]: Entering directory '/var/lib/phoronix-test-suite/installed-tests/pts/svt-av1-2.4.0/SVT-AV1-v0.9.0/Build/linux/Release/CMakeFiles/CMakeTmp'
Building C object CMakeFiles/cmTC_5140a.dir/CheckIncludeFile.c.o
/usr/bin/clang   -Wall -Wextra -Wformat -Wformat-security  -march=native -fstack-protector-strong -mno-avx  -fPIE   -o CMakeFiles/cmTC_5140a.dir/CheckIncludeFile.c.o   -c /var/lib/phoronix-test-suite/installed-tests/pts/svt-av1-2.4.0/SVT-AV1-v0.9.0/Build/linux/Release/CMakeFiles/CMakeTmp/CheckIncludeFile.c
Linking C executable cmTC_5140a
/usr/bin/cmake -E cmake_link_script CMakeFiles/cmTC_5140a.dir/link.txt --verbose=1
/usr/bin/clang -Wall -Wextra -Wformat -Wformat-security  -march=native -fstack-protector-strong -mno-avx    -pie -z noexecstack -z relro -z now  CMakeFiles/cmTC_5140a.dir/CheckIncludeFile.c.o  -o cmTC_5140a 
make[1]: Leaving directory '/var/lib/phoronix-test-suite/installed-tests/pts/svt-av1-2.4.0/SVT-AV1-v0.9.0/Build/linux/Release/CMakeFiles/CMakeTmp'



Determining if the function pthread_create exists in the pthread passed with the following output:
Change Dir: /var/lib/phoronix-test-suite/installed-tests/pts/svt-av1-2.4.0/SVT-AV1-v0.9.0/Build/linux/Release/CMakeFiles/CMakeTmp

Run Build Command(s):/usr/bin/make cmTC_73297/fast && /usr/bin/make -f CMakeFiles/cmTC_73297.dir/build.make CMakeFiles/cmTC_73297.dir/build
make[1]: Entering directory '/var/lib/phoronix-test-suite/installed-tests/pts/svt-av1-2.4.0/SVT-AV1-v0.9.0/Build/linux/Release/CMakeFiles/CMakeTmp'
Building C object CMakeFiles/cmTC_73297.dir/CheckFunctionExists.c.o
/usr/bin/clang   -Wall -Wextra -Wformat -Wformat-security  -march=native -fstack-protector-strong -mno-avx -DCHECK_FUNCTION_EXISTS=pthread_create -fPIE   -o CMakeFiles/cmTC_73297.dir/CheckFunctionExists.c.o   -c /usr/share/cmake-3.16/Modules/CheckFunctionExists.c
Linking C executable cmTC_73297
/usr/bin/cmake -E cmake_link_script CMakeFiles/cmTC_73297.dir/link.txt --verbose=1
/usr/bin/clang -Wall -Wextra -Wformat -Wformat-security  -march=native -fstack-protector-strong -mno-avx -DCHECK_FUNCTION_EXISTS=pthread_create   -pie -z noexecstack -z relro -z now  CMakeFiles/cmTC_73297.dir/CheckFunctionExists.c.o  -o cmTC_73297  -lpthread 
make[1]: Leaving directory '/var/lib/phoronix-test-suite/installed-tests/pts/svt-av1-2.4.0/SVT-AV1-v0.9.0/Build/linux/Release/CMakeFiles/CMakeTmp'



Performing C SOURCE FILE Test C_FLAG_msse2 succeeded with the following output:
Change Dir: /var/lib/phoronix-test-suite/installed-tests/pts/svt-av1-2.4.0/SVT-AV1-v0.9.0/Build/linux/Release/CMakeFiles/CMakeTmp

Run Build Command(s):/usr/bin/make cmTC_a82b2/fast && /usr/bin/make -f CMakeFiles/cmTC_a82b2.dir/build.make CMakeFiles/cmTC_a82b2.dir/build
make[1]: Entering directory '/var/lib/phoronix-test-suite/installed-tests/pts/svt-av1-2.4.0/SVT-AV1-v0.9.0/Build/linux/Release/CMakeFiles/CMakeTmp'
Building C object CMakeFiles/cmTC_a82b2.dir/src.c.o
/usr/bin/clang   -Wall -Wextra -Wformat -Wformat-security  -march=native -fstack-protector-strong -mno-avx -DC_FLAG_msse2 -fPIE   -msse2 -o CMakeFiles/cmTC_a82b2.dir/src.c.o   -c /var/lib/phoronix-test-suite/installed-tests/pts/svt-av1-2.4.0/SVT-AV1-v0.9.0/Build/linux/Release/CMakeFiles/CMakeTmp/src.c
Linking C executable cmTC_a82b2
/usr/bin/cmake -E cmake_link_script CMakeFiles/cmTC_a82b2.dir/link.txt --verbose=1
/usr/bin/clang -Wall -Wextra -Wformat -Wformat-security  -march=native -fstack-protector-strong -mno-avx -DC_FLAG_msse2   -pie -z noexecstack -z relro -z now  CMakeFiles/cmTC_a82b2.dir/src.c.o  -o cmTC_a82b2 
make[1]: Leaving directory '/var/lib/phoronix-test-suite/installed-tests/pts/svt-av1-2.4.0/SVT-AV1-v0.9.0/Build/linux/Release/CMakeFiles/CMakeTmp'


Source file was:
int main(void) { return 0; }
Performing C++ SOURCE FILE Test CXX_FLAG_msse2 succeeded with the following output:
Change Dir: /var/lib/phoronix-test-suite/installed-tests/pts/svt-av1-2.4.0/SVT-AV1-v0.9.0/Build/linux/Release/CMakeFiles/CMakeTmp

Run Build Command(s):/usr/bin/make cmTC_72f5b/fast && /usr/bin/make -f CMakeFiles/cmTC_72f5b.dir/build.make CMakeFiles/cmTC_72f5b.dir/build
make[1]: Entering directory '/var/lib/phoronix-test-suite/installed-tests/pts/svt-av1-2.4.0/SVT-AV1-v0.9.0/Build/linux/Release/CMakeFiles/CMakeTmp'
Building CXX object CMakeFiles/cmTC_72f5b.dir/src.cxx.o
/usr/bin/clang++    -Wall -Wextra -Wformat -Wformat-security  -march=native -fstack-protector-strong -mno-avx -DCXX_FLAG_msse2 -fPIE   -msse2 -o CMakeFiles/cmTC_72f5b.dir/src.cxx.o -c /var/lib/phoronix-test-suite/installed-tests/pts/svt-av1-2.4.0/SVT-AV1-v0.9.0/Build/linux/Release/CMakeFiles/CMakeTmp/src.cxx
Linking CXX executable cmTC_72f5b
/usr/bin/cmake -E cmake_link_script CMakeFiles/cmTC_72f5b.dir/link.txt --verbose=1
/usr/bin/clang++  -Wall -Wextra -Wformat -Wformat-security  -march=native -fstack-protector-strong -mno-avx -DCXX_FLAG_msse2   -pie -z noexecstack -z relro -z now  CMakeFiles/cmTC_72f5b.dir/src.cxx.o  -o cmTC_72f5b 
make[1]: Leaving directory '/var/lib/phoronix-test-suite/installed-tests/pts/svt-av1-2.4.0/SVT-AV1-v0.9.0/Build/linux/Release/CMakeFiles/CMakeTmp'


Source file was:
int main() { return 0; }
Performing C SOURCE FILE Test C_FLAG_mssse3 succeeded with the following output:
Change Dir: /var/lib/phoronix-test-suite/installed-tests/pts/svt-av1-2.4.0/SVT-AV1-v0.9.0/Build/linux/Release/CMakeFiles/CMakeTmp

Run Build Command(s):/usr/bin/make cmTC_75605/fast && /usr/bin/make -f CMakeFiles/cmTC_75605.dir/build.make CMakeFiles/cmTC_75605.dir/build
make[1]: Entering directory '/var/lib/phoronix-test-suite/installed-tests/pts/svt-av1-2.4.0/SVT-AV1-v0.9.0/Build/linux/Release/CMakeFiles/CMakeTmp'
Building C object CMakeFiles/cmTC_75605.dir/src.c.o
/usr/bin/clang   -Wall -Wextra -Wformat -Wformat-security  -march=native -fstack-protector-strong -mno-avx -DC_FLAG_mssse3 -fPIE   -mssse3 -o CMakeFiles/cmTC_75605.dir/src.c.o   -c /var/lib/phoronix-test-suite/installed-tests/pts/svt-av1-2.4.0/SVT-AV1-v0.9.0/Build/linux/Release/CMakeFiles/CMakeTmp/src.c
Linking C executable cmTC_75605
/usr/bin/cmake -E cmake_link_script CMakeFiles/cmTC_75605.dir/link.txt --verbose=1
/usr/bin/clang -Wall -Wextra -Wformat -Wformat-security  -march=native -fstack-protector-strong -mno-avx -DC_FLAG_mssse3   -pie -z noexecstack -z relro -z now  CMakeFiles/cmTC_75605.dir/src.c.o  -o cmTC_75605 
make[1]: Leaving directory '/var/lib/phoronix-test-suite/installed-tests/pts/svt-av1-2.4.0/SVT-AV1-v0.9.0/Build/linux/Release/CMakeFiles/CMakeTmp'


Source file was:
int main(void) { return 0; }
Performing C++ SOURCE FILE Test CXX_FLAG_mssse3 succeeded with the following output:
Change Dir: /var/lib/phoronix-test-suite/installed-tests/pts/svt-av1-2.4.0/SVT-AV1-v0.9.0/Build/linux/Release/CMakeFiles/CMakeTmp

Run Build Command(s):/usr/bin/make cmTC_a8944/fast && /usr/bin/make -f CMakeFiles/cmTC_a8944.dir/build.make CMakeFiles/cmTC_a8944.dir/build
make[1]: Entering directory '/var/lib/phoronix-test-suite/installed-tests/pts/svt-av1-2.4.0/SVT-AV1-v0.9.0/Build/linux/Release/CMakeFiles/CMakeTmp'
Building CXX object CMakeFiles/cmTC_a8944.dir/src.cxx.o
/usr/bin/clang++    -Wall -Wextra -Wformat -Wformat-security  -march=native -fstack-protector-strong -mno-avx -DCXX_FLAG_mssse3 -fPIE   -mssse3 -o CMakeFiles/cmTC_a8944.dir/src.cxx.o -c /var/lib/phoronix-test-suite/installed-tests/pts/svt-av1-2.4.0/SVT-AV1-v0.9.0/Build/linux/Release/CMakeFiles/CMakeTmp/src.cxx
Linking CXX executable cmTC_a8944
/usr/bin/cmake -E cmake_link_script CMakeFiles/cmTC_a8944.dir/link.txt --verbose=1
/usr/bin/clang++  -Wall -Wextra -Wformat -Wformat-security  -march=native -fstack-protector-strong -mno-avx -DCXX_FLAG_mssse3   -pie -z noexecstack -z relro -z now  CMakeFiles/cmTC_a8944.dir/src.cxx.o  -o cmTC_a8944 
make[1]: Leaving directory '/var/lib/phoronix-test-suite/installed-tests/pts/svt-av1-2.4.0/SVT-AV1-v0.9.0/Build/linux/Release/CMakeFiles/CMakeTmp'


Source file was:
int main() { return 0; }
Performing C SOURCE FILE Test C_FLAG_msse4_1 succeeded with the following output:
Change Dir: /var/lib/phoronix-test-suite/installed-tests/pts/svt-av1-2.4.0/SVT-AV1-v0.9.0/Build/linux/Release/CMakeFiles/CMakeTmp

Run Build Command(s):/usr/bin/make cmTC_09044/fast && /usr/bin/make -f CMakeFiles/cmTC_09044.dir/build.make CMakeFiles/cmTC_09044.dir/build
make[1]: Entering directory '/var/lib/phoronix-test-suite/installed-tests/pts/svt-av1-2.4.0/SVT-AV1-v0.9.0/Build/linux/Release/CMakeFiles/CMakeTmp'
Building C object CMakeFiles/cmTC_09044.dir/src.c.o
/usr/bin/clang   -Wall -Wextra -Wformat -Wformat-security  -march=native -fstack-protector-strong -mno-avx -DC_FLAG_msse4_1 -fPIE   -msse4.1 -o CMakeFiles/cmTC_09044.dir/src.c.o   -c /var/lib/phoronix-test-suite/installed-tests/pts/svt-av1-2.4.0/SVT-AV1-v0.9.0/Build/linux/Release/CMakeFiles/CMakeTmp/src.c
Linking C executable cmTC_09044
/usr/bin/cmake -E cmake_link_script CMakeFiles/cmTC_09044.dir/link.txt --verbose=1
/usr/bin/clang -Wall -Wextra -Wformat -Wformat-security  -march=native -fstack-protector-strong -mno-avx -DC_FLAG_msse4_1   -pie -z noexecstack -z relro -z now  CMakeFiles/cmTC_09044.dir/src.c.o  -o cmTC_09044 
make[1]: Leaving directory '/var/lib/phoronix-test-suite/installed-tests/pts/svt-av1-2.4.0/SVT-AV1-v0.9.0/Build/linux/Release/CMakeFiles/CMakeTmp'


Source file was:
int main(void) { return 0; }
Performing C++ SOURCE FILE Test CXX_FLAG_msse4_1 succeeded with the following output:
Change Dir: /var/lib/phoronix-test-suite/installed-tests/pts/svt-av1-2.4.0/SVT-AV1-v0.9.0/Build/linux/Release/CMakeFiles/CMakeTmp

Run Build Command(s):/usr/bin/make cmTC_872f3/fast && /usr/bin/make -f CMakeFiles/cmTC_872f3.dir/build.make CMakeFiles/cmTC_872f3.dir/build
make[1]: Entering directory '/var/lib/phoronix-test-suite/installed-tests/pts/svt-av1-2.4.0/SVT-AV1-v0.9.0/Build/linux/Release/CMakeFiles/CMakeTmp'
Building CXX object CMakeFiles/cmTC_872f3.dir/src.cxx.o
/usr/bin/clang++    -Wall -Wextra -Wformat -Wformat-security  -march=native -fstack-protector-strong -mno-avx -DCXX_FLAG_msse4_1 -fPIE   -msse4.1 -o CMakeFiles/cmTC_872f3.dir/src.cxx.o -c /var/lib/phoronix-test-suite/installed-tests/pts/svt-av1-2.4.0/SVT-AV1-v0.9.0/Build/linux/Release/CMakeFiles/CMakeTmp/src.cxx
Linking CXX executable cmTC_872f3
/usr/bin/cmake -E cmake_link_script CMakeFiles/cmTC_872f3.dir/link.txt --verbose=1
/usr/bin/clang++  -Wall -Wextra -Wformat -Wformat-security  -march=native -fstack-protector-strong -mno-avx -DCXX_FLAG_msse4_1   -pie -z noexecstack -z relro -z now  CMakeFiles/cmTC_872f3.dir/src.cxx.o  -o cmTC_872f3 
make[1]: Leaving directory '/var/lib/phoronix-test-suite/installed-tests/pts/svt-av1-2.4.0/SVT-AV1-v0.9.0/Build/linux/Release/CMakeFiles/CMakeTmp'


Source file was:
int main() { return 0; }
Performing C SOURCE FILE Test C_FLAG_mavx2 succeeded with the following output:
Change Dir: /var/lib/phoronix-test-suite/installed-tests/pts/svt-av1-2.4.0/SVT-AV1-v0.9.0/Build/linux/Release/CMakeFiles/CMakeTmp

Run Build Command(s):/usr/bin/make cmTC_b1da5/fast && /usr/bin/make -f CMakeFiles/cmTC_b1da5.dir/build.make CMakeFiles/cmTC_b1da5.dir/build
make[1]: Entering directory '/var/lib/phoronix-test-suite/installed-tests/pts/svt-av1-2.4.0/SVT-AV1-v0.9.0/Build/linux/Release/CMakeFiles/CMakeTmp'
Building C object CMakeFiles/cmTC_b1da5.dir/src.c.o
/usr/bin/clang   -Wall -Wextra -Wformat -Wformat-security  -march=native -fstack-protector-strong -mno-avx -DC_FLAG_mavx2 -fPIE   -mavx2 -o CMakeFiles/cmTC_b1da5.dir/src.c.o   -c /var/lib/phoronix-test-suite/installed-tests/pts/svt-av1-2.4.0/SVT-AV1-v0.9.0/Build/linux/Release/CMakeFiles/CMakeTmp/src.c
Linking C executable cmTC_b1da5
/usr/bin/cmake -E cmake_link_script CMakeFiles/cmTC_b1da5.dir/link.txt --verbose=1
/usr/bin/clang -Wall -Wextra -Wformat -Wformat-security  -march=native -fstack-protector-strong -mno-avx -DC_FLAG_mavx2   -pie -z noexecstack -z relro -z now  CMakeFiles/cmTC_b1da5.dir/src.c.o  -o cmTC_b1da5 
make[1]: Leaving directory '/var/lib/phoronix-test-suite/installed-tests/pts/svt-av1-2.4.0/SVT-AV1-v0.9.0/Build/linux/Release/CMakeFiles/CMakeTmp'


Source file was:
int main(void) { return 0; }
Performing C++ SOURCE FILE Test CXX_FLAG_mavx2 succeeded with the following output:
Change Dir: /var/lib/phoronix-test-suite/installed-tests/pts/svt-av1-2.4.0/SVT-AV1-v0.9.0/Build/linux/Release/CMakeFiles/CMakeTmp

Run Build Command(s):/usr/bin/make cmTC_be5af/fast && /usr/bin/make -f CMakeFiles/cmTC_be5af.dir/build.make CMakeFiles/cmTC_be5af.dir/build
make[1]: Entering directory '/var/lib/phoronix-test-suite/installed-tests/pts/svt-av1-2.4.0/SVT-AV1-v0.9.0/Build/linux/Release/CMakeFiles/CMakeTmp'
Building CXX object CMakeFiles/cmTC_be5af.dir/src.cxx.o
/usr/bin/clang++    -Wall -Wextra -Wformat -Wformat-security  -march=native -fstack-protector-strong -mno-avx -DCXX_FLAG_mavx2 -fPIE   -mavx2 -o CMakeFiles/cmTC_be5af.dir/src.cxx.o -c /var/lib/phoronix-test-suite/installed-tests/pts/svt-av1-2.4.0/SVT-AV1-v0.9.0/Build/linux/Release/CMakeFiles/CMakeTmp/src.cxx
Linking CXX executable cmTC_be5af
/usr/bin/cmake -E cmake_link_script CMakeFiles/cmTC_be5af.dir/link.txt --verbose=1
/usr/bin/clang++  -Wall -Wextra -Wformat -Wformat-security  -march=native -fstack-protector-strong -mno-avx -DCXX_FLAG_mavx2   -pie -z noexecstack -z relro -z now  CMakeFiles/cmTC_be5af.dir/src.cxx.o  -o cmTC_be5af 
make[1]: Leaving directory '/var/lib/phoronix-test-suite/installed-tests/pts/svt-av1-2.4.0/SVT-AV1-v0.9.0/Build/linux/Release/CMakeFiles/CMakeTmp'


Source file was:
int main() { return 0; }
Performing C SOURCE FILE Test C_FLAG_mavx512f succeeded with the following output:
Change Dir: /var/lib/phoronix-test-suite/installed-tests/pts/svt-av1-2.4.0/SVT-AV1-v0.9.0/Build/linux/Release/CMakeFiles/CMakeTmp

Run Build Command(s):/usr/bin/make cmTC_d0a65/fast && /usr/bin/make -f CMakeFiles/cmTC_d0a65.dir/build.make CMakeFiles/cmTC_d0a65.dir/build
make[1]: Entering directory '/var/lib/phoronix-test-suite/installed-tests/pts/svt-av1-2.4.0/SVT-AV1-v0.9.0/Build/linux/Release/CMakeFiles/CMakeTmp'
Building C object CMakeFiles/cmTC_d0a65.dir/src.c.o
/usr/bin/clang   -Wall -Wextra -Wformat -Wformat-security  -march=native -fstack-protector-strong -mno-avx -mavx2 -DC_FLAG_mavx512f -fPIE   -mavx512f -o CMakeFiles/cmTC_d0a65.dir/src.c.o   -c /var/lib/phoronix-test-suite/installed-tests/pts/svt-av1-2.4.0/SVT-AV1-v0.9.0/Build/linux/Release/CMakeFiles/CMakeTmp/src.c
Linking C executable cmTC_d0a65
/usr/bin/cmake -E cmake_link_script CMakeFiles/cmTC_d0a65.dir/link.txt --verbose=1
/usr/bin/clang -Wall -Wextra -Wformat -Wformat-security  -march=native -fstack-protector-strong -mno-avx -mavx2 -DC_FLAG_mavx512f   -pie -z noexecstack -z relro -z now  CMakeFiles/cmTC_d0a65.dir/src.c.o  -o cmTC_d0a65 
make[1]: Leaving directory '/var/lib/phoronix-test-suite/installed-tests/pts/svt-av1-2.4.0/SVT-AV1-v0.9.0/Build/linux/Release/CMakeFiles/CMakeTmp'


Source file was:
int main(void) { return 0; }
Performing C SOURCE FILE Test C_FLAG_mavx512bw succeeded with the following output:
Change Dir: /var/lib/phoronix-test-suite/installed-tests/pts/svt-av1-2.4.0/SVT-AV1-v0.9.0/Build/linux/Release/CMakeFiles/CMakeTmp

Run Build Command(s):/usr/bin/make cmTC_a0e32/fast && /usr/bin/make -f CMakeFiles/cmTC_a0e32.dir/build.make CMakeFiles/cmTC_a0e32.dir/build
make[1]: Entering directory '/var/lib/phoronix-test-suite/installed-tests/pts/svt-av1-2.4.0/SVT-AV1-v0.9.0/Build/linux/Release/CMakeFiles/CMakeTmp'
Building C object CMakeFiles/cmTC_a0e32.dir/src.c.o
/usr/bin/clang   -Wall -Wextra -Wformat -Wformat-security  -march=native -fstack-protector-strong -mno-avx -mavx2 -mavx512f -DC_FLAG_mavx512bw -fPIE   -mavx512bw -o CMakeFiles/cmTC_a0e32.dir/src.c.o   -c /var/lib/phoronix-test-suite/installed-tests/pts/svt-av1-2.4.0/SVT-AV1-v0.9.0/Build/linux/Release/CMakeFiles/CMakeTmp/src.c
Linking C executable cmTC_a0e32
/usr/bin/cmake -E cmake_link_script CMakeFiles/cmTC_a0e32.dir/link.txt --verbose=1
/usr/bin/clang -Wall -Wextra -Wformat -Wformat-security  -march=native -fstack-protector-strong -mno-avx -mavx2 -mavx512f -DC_FLAG_mavx512bw   -pie -z noexecstack -z relro -z now  CMakeFiles/cmTC_a0e32.dir/src.c.o  -o cmTC_a0e32 
make[1]: Leaving directory '/var/lib/phoronix-test-suite/installed-tests/pts/svt-av1-2.4.0/SVT-AV1-v0.9.0/Build/linux/Release/CMakeFiles/CMakeTmp'


Source file was:
int main(void) { return 0; }
Performing C SOURCE FILE Test C_FLAG_mavx512dq succeeded with the following output:
Change Dir: /var/lib/phoronix-test-suite/installed-tests/pts/svt-av1-2.4.0/SVT-AV1-v0.9.0/Build/linux/Release/CMakeFiles/CMakeTmp

Run Build Command(s):/usr/bin/make cmTC_55342/fast && /usr/bin/make -f CMakeFiles/cmTC_55342.dir/build.make CMakeFiles/cmTC_55342.dir/build
make[1]: Entering directory '/var/lib/phoronix-test-suite/installed-tests/pts/svt-av1-2.4.0/SVT-AV1-v0.9.0/Build/linux/Release/CMakeFiles/CMakeTmp'
Building C object CMakeFiles/cmTC_55342.dir/src.c.o
/usr/bin/clang   -Wall -Wextra -Wformat -Wformat-security  -march=native -fstack-protector-strong -mno-avx -mavx2 -mavx512f -mavx512bw -DC_FLAG_mavx512dq -fPIE   -mavx512dq -o CMakeFiles/cmTC_55342.dir/src.c.o   -c /var/lib/phoronix-test-suite/installed-tests/pts/svt-av1-2.4.0/SVT-AV1-v0.9.0/Build/linux/Release/CMakeFiles/CMakeTmp/src.c
Linking C executable cmTC_55342
/usr/bin/cmake -E cmake_link_script CMakeFiles/cmTC_55342.dir/link.txt --verbose=1
/usr/bin/clang -Wall -Wextra -Wformat -Wformat-security  -march=native -fstack-protector-strong -mno-avx -mavx2 -mavx512f -mavx512bw -DC_FLAG_mavx512dq   -pie -z noexecstack -z relro -z now  CMakeFiles/cmTC_55342.dir/src.c.o  -o cmTC_55342 
make[1]: Leaving directory '/var/lib/phoronix-test-suite/installed-tests/pts/svt-av1-2.4.0/SVT-AV1-v0.9.0/Build/linux/Release/CMakeFiles/CMakeTmp'


Source file was:
int main(void) { return 0; }
Performing C SOURCE FILE Test C_FLAG_mavx512vl succeeded with the following output:
Change Dir: /var/lib/phoronix-test-suite/installed-tests/pts/svt-av1-2.4.0/SVT-AV1-v0.9.0/Build/linux/Release/CMakeFiles/CMakeTmp

Run Build Command(s):/usr/bin/make cmTC_944fa/fast && /usr/bin/make -f CMakeFiles/cmTC_944fa.dir/build.make CMakeFiles/cmTC_944fa.dir/build
make[1]: Entering directory '/var/lib/phoronix-test-suite/installed-tests/pts/svt-av1-2.4.0/SVT-AV1-v0.9.0/Build/linux/Release/CMakeFiles/CMakeTmp'
Building C object CMakeFiles/cmTC_944fa.dir/src.c.o
/usr/bin/clang   -Wall -Wextra -Wformat -Wformat-security  -march=native -fstack-protector-strong -mno-avx -mavx2 -mavx512f -mavx512bw -mavx512dq -DC_FLAG_mavx512vl -fPIE   -mavx512vl -o CMakeFiles/cmTC_944fa.dir/src.c.o   -c /var/lib/phoronix-test-suite/installed-tests/pts/svt-av1-2.4.0/SVT-AV1-v0.9.0/Build/linux/Release/CMakeFiles/CMakeTmp/src.c
Linking C executable cmTC_944fa
/usr/bin/cmake -E cmake_link_script CMakeFiles/cmTC_944fa.dir/link.txt --verbose=1
/usr/bin/clang -Wall -Wextra -Wformat -Wformat-security  -march=native -fstack-protector-strong -mno-avx -mavx2 -mavx512f -mavx512bw -mavx512dq -DC_FLAG_mavx512vl   -pie -z noexecstack -z relro -z now  CMakeFiles/cmTC_944fa.dir/src.c.o  -o cmTC_944fa 
make[1]: Leaving directory '/var/lib/phoronix-test-suite/installed-tests/pts/svt-av1-2.4.0/SVT-AV1-v0.9.0/Build/linux/Release/CMakeFiles/CMakeTmp'


Source file was:
int main(void) { return 0; }
Performing C++ SOURCE FILE Test CXX_FLAG_mavx512f succeeded with the following output:
Change Dir: /var/lib/phoronix-test-suite/installed-tests/pts/svt-av1-2.4.0/SVT-AV1-v0.9.0/Build/linux/Release/CMakeFiles/CMakeTmp

Run Build Command(s):/usr/bin/make cmTC_e438a/fast && /usr/bin/make -f CMakeFiles/cmTC_e438a.dir/build.make CMakeFiles/cmTC_e438a.dir/build
make[1]: Entering directory '/var/lib/phoronix-test-suite/installed-tests/pts/svt-av1-2.4.0/SVT-AV1-v0.9.0/Build/linux/Release/CMakeFiles/CMakeTmp'
Building CXX object CMakeFiles/cmTC_e438a.dir/src.cxx.o
/usr/bin/clang++    -Wall -Wextra -Wformat -Wformat-security  -march=native -fstack-protector-strong -mno-avx -mavx2 -DCXX_FLAG_mavx512f -fPIE   -mavx512f -o CMakeFiles/cmTC_e438a.dir/src.cxx.o -c /var/lib/phoronix-test-suite/installed-tests/pts/svt-av1-2.4.0/SVT-AV1-v0.9.0/Build/linux/Release/CMakeFiles/CMakeTmp/src.cxx
Linking CXX executable cmTC_e438a
/usr/bin/cmake -E cmake_link_script CMakeFiles/cmTC_e438a.dir/link.txt --verbose=1
/usr/bin/clang++  -Wall -Wextra -Wformat -Wformat-security  -march=native -fstack-protector-strong -mno-avx -mavx2 -DCXX_FLAG_mavx512f   -pie -z noexecstack -z relro -z now  CMakeFiles/cmTC_e438a.dir/src.cxx.o  -o cmTC_e438a 
make[1]: Leaving directory '/var/lib/phoronix-test-suite/installed-tests/pts/svt-av1-2.4.0/SVT-AV1-v0.9.0/Build/linux/Release/CMakeFiles/CMakeTmp'


Source file was:
int main() { return 0; }
Performing C++ SOURCE FILE Test CXX_FLAG_mavx512bw succeeded with the following output:
Change Dir: /var/lib/phoronix-test-suite/installed-tests/pts/svt-av1-2.4.0/SVT-AV1-v0.9.0/Build/linux/Release/CMakeFiles/CMakeTmp

Run Build Command(s):/usr/bin/make cmTC_5a3ba/fast && /usr/bin/make -f CMakeFiles/cmTC_5a3ba.dir/build.make CMakeFiles/cmTC_5a3ba.dir/build
make[1]: Entering directory '/var/lib/phoronix-test-suite/installed-tests/pts/svt-av1-2.4.0/SVT-AV1-v0.9.0/Build/linux/Release/CMakeFiles/CMakeTmp'
Building CXX object CMakeFiles/cmTC_5a3ba.dir/src.cxx.o
/usr/bin/clang++    -Wall -Wextra -Wformat -Wformat-security  -march=native -fstack-protector-strong -mno-avx -mavx2 -mavx512f -DCXX_FLAG_mavx512bw -fPIE   -mavx512bw -o CMakeFiles/cmTC_5a3ba.dir/src.cxx.o -c /var/lib/phoronix-test-suite/installed-tests/pts/svt-av1-2.4.0/SVT-AV1-v0.9.0/Build/linux/Release/CMakeFiles/CMakeTmp/src.cxx
Linking CXX executable cmTC_5a3ba
/usr/bin/cmake -E cmake_link_script CMakeFiles/cmTC_5a3ba.dir/link.txt --verbose=1
/usr/bin/clang++  -Wall -Wextra -Wformat -Wformat-security  -march=native -fstack-protector-strong -mno-avx -mavx2 -mavx512f -DCXX_FLAG_mavx512bw   -pie -z noexecstack -z relro -z now  CMakeFiles/cmTC_5a3ba.dir/src.cxx.o  -o cmTC_5a3ba 
make[1]: Leaving directory '/var/lib/phoronix-test-suite/installed-tests/pts/svt-av1-2.4.0/SVT-AV1-v0.9.0/Build/linux/Release/CMakeFiles/CMakeTmp'


Source file was:
int main() { return 0; }
Performing C++ SOURCE FILE Test CXX_FLAG_mavx512dq succeeded with the following output:
Change Dir: /var/lib/phoronix-test-suite/installed-tests/pts/svt-av1-2.4.0/SVT-AV1-v0.9.0/Build/linux/Release/CMakeFiles/CMakeTmp

Run Build Command(s):/usr/bin/make cmTC_78bb9/fast && /usr/bin/make -f CMakeFiles/cmTC_78bb9.dir/build.make CMakeFiles/cmTC_78bb9.dir/build
make[1]: Entering directory '/var/lib/phoronix-test-suite/installed-tests/pts/svt-av1-2.4.0/SVT-AV1-v0.9.0/Build/linux/Release/CMakeFiles/CMakeTmp'
Building CXX object CMakeFiles/cmTC_78bb9.dir/src.cxx.o
/usr/bin/clang++    -Wall -Wextra -Wformat -Wformat-security  -march=native -fstack-protector-strong -mno-avx -mavx2 -mavx512f -mavx512bw -DCXX_FLAG_mavx512dq -fPIE   -mavx512dq -o CMakeFiles/cmTC_78bb9.dir/src.cxx.o -c /var/lib/phoronix-test-suite/installed-tests/pts/svt-av1-2.4.0/SVT-AV1-v0.9.0/Build/linux/Release/CMakeFiles/CMakeTmp/src.cxx
Linking CXX executable cmTC_78bb9
/usr/bin/cmake -E cmake_link_script CMakeFiles/cmTC_78bb9.dir/link.txt --verbose=1
/usr/bin/clang++  -Wall -Wextra -Wformat -Wformat-security  -march=native -fstack-protector-strong -mno-avx -mavx2 -mavx512f -mavx512bw -DCXX_FLAG_mavx512dq   -pie -z noexecstack -z relro -z now  CMakeFiles/cmTC_78bb9.dir/src.cxx.o  -o cmTC_78bb9 
make[1]: Leaving directory '/var/lib/phoronix-test-suite/installed-tests/pts/svt-av1-2.4.0/SVT-AV1-v0.9.0/Build/linux/Release/CMakeFiles/CMakeTmp'


Source file was:
int main() { return 0; }
Performing C++ SOURCE FILE Test CXX_FLAG_mavx512vl succeeded with the following output:
Change Dir: /var/lib/phoronix-test-suite/installed-tests/pts/svt-av1-2.4.0/SVT-AV1-v0.9.0/Build/linux/Release/CMakeFiles/CMakeTmp

Run Build Command(s):/usr/bin/make cmTC_7d96f/fast && /usr/bin/make -f CMakeFiles/cmTC_7d96f.dir/build.make CMakeFiles/cmTC_7d96f.dir/build
make[1]: Entering directory '/var/lib/phoronix-test-suite/installed-tests/pts/svt-av1-2.4.0/SVT-AV1-v0.9.0/Build/linux/Release/CMakeFiles/CMakeTmp'
Building CXX object CMakeFiles/cmTC_7d96f.dir/src.cxx.o
/usr/bin/clang++    -Wall -Wextra -Wformat -Wformat-security  -march=native -fstack-protector-strong -mno-avx -mavx2 -mavx512f -mavx512bw -mavx512dq -DCXX_FLAG_mavx512vl -fPIE   -mavx512vl -o CMakeFiles/cmTC_7d96f.dir/src.cxx.o -c /var/lib/phoronix-test-suite/installed-tests/pts/svt-av1-2.4.0/SVT-AV1-v0.9.0/Build/linux/Release/CMakeFiles/CMakeTmp/src.cxx
Linking CXX executable cmTC_7d96f
/usr/bin/cmake -E cmake_link_script CMakeFiles/cmTC_7d96f.dir/link.txt --verbose=1
/usr/bin/clang++  -Wall -Wextra -Wformat -Wformat-security  -march=native -fstack-protector-strong -mno-avx -mavx2 -mavx512f -mavx512bw -mavx512dq -DCXX_FLAG_mavx512vl   -pie -z noexecstack -z relro -z now  CMakeFiles/cmTC_7d96f.dir/src.cxx.o  -o cmTC_7d96f 
make[1]: Leaving directory '/var/lib/phoronix-test-suite/installed-tests/pts/svt-av1-2.4.0/SVT-AV1-v0.9.0/Build/linux/Release/CMakeFiles/CMakeTmp'


Source file was:
int main() { return 0; }
