Archive:  scimark2_1c.zip
  inflating: scimark2_files/array.h  
  inflating: scimark2_files/constants.h  
  inflating: scimark2_files/FFT.h    
  inflating: scimark2_files/kernel.h  
  inflating: scimark2_files/LU.h     
  inflating: scimark2_files/MonteCarlo.h  
  inflating: scimark2_files/Random.h  
  inflating: scimark2_files/scimark2.h  
  inflating: scimark2_files/SOR.h    
  inflating: scimark2_files/SparseCompRow.h  
  inflating: scimark2_files/Stopwatch.h  
  inflating: scimark2_files/array.c  
  inflating: scimark2_files/FFT.c    
  inflating: scimark2_files/kernel.c  
  inflating: scimark2_files/LU.c     
  inflating: scimark2_files/MonteCarlo.c  
  inflating: scimark2_files/Random.c  
  inflating: scimark2_files/scimark2.c  
  inflating: scimark2_files/SOR.c    
  inflating: scimark2_files/SparseCompRow.c  
  inflating: scimark2_files/Stopwatch.c  
  inflating: scimark2_files/Makefile  
  inflating: scimark2_files/README   
