This file contains any messages produced by compilers while
running configure, to aid debugging if configure makes a mistake.

It was created by nettle configure 3.5.1, which was
generated by GNU Autoconf 2.69.  Invocation command line was

  $ ./configure --prefix=/var/lib/phoronix-test-suite/installed-tests/pts/nettle-1.0.1//install

## --------- ##
## Platform. ##
## --------- ##

hostname = s2lab03
uname -m = x86_64
uname -r = 5.4.0-99-generic
uname -s = Linux
uname -v = #112-Ubuntu SMP Thu Feb 3 13:50:55 UTC 2022

/usr/bin/uname -p = x86_64
/bin/uname -X     = unknown

/bin/arch              = x86_64
/usr/bin/arch -k       = unknown
/usr/convex/getsysinfo = unknown
/usr/bin/hostinfo      = unknown
/bin/machine           = unknown
/usr/bin/oslevel       = unknown
/bin/universe          = unknown

PATH: /tmp/pts-compiler-mask-nettle1.0.1/
PATH: /usr/local/sbin
PATH: /usr/local/bin
PATH: /usr/sbin
PATH: /usr/bin
PATH: /sbin
PATH: /bin
PATH: /snap/bin


## ----------- ##
## Core tests. ##
## ----------- ##

configure:2563: checking build system type
configure:2577: result: x86_64-pc-linux-gnu
configure:2597: checking host system type
configure:2610: result: x86_64-pc-linux-gnu
configure:2772: checking for -R flag
configure:2794: result: using -Wl,-rpath,
configure:2801: result: Searching for libraries
configure:2808: checking /var/lib/phoronix-test-suite/installed-tests/pts/nettle-1.0.1//install/lib
configure:2835: result: not found
configure:2808: checking /usr/local/lib
configure:2826: result: added
configure:2808: checking /sw/local/lib
configure:2835: result: not found
configure:2808: checking /sw/lib
configure:2835: result: not found
configure:2808: checking /usr/gnu/lib
configure:2835: result: not found
configure:2808: checking /opt/gnu/lib
configure:2835: result: not found
configure:2808: checking /sw/gnu/lib
configure:2835: result: not found
configure:2808: checking /usr/freeware/lib
configure:2835: result: not found
configure:2808: checking /usr/pkg/lib
configure:2835: result: not found
configure:2891: checking for gcc
configure:2907: found /tmp/pts-compiler-mask-nettle1.0.1//gcc
configure:2918: result: gcc
configure:3147: checking for C compiler version
configure:3156: gcc --version >&5
gcc (Ubuntu 9.3.0-17ubuntu1~20.04) 9.3.0
Copyright (C) 2019 Free Software Foundation, Inc.
This is free software; see the source for copying conditions.  There is NO
warranty; not even for MERCHANTABILITY or FITNESS FOR A PARTICULAR PURPOSE.

configure:3167: $? = 0
configure:3156: gcc -v >&5
Using built-in specs.
COLLECT_GCC=/usr/bin/gcc
COLLECT_LTO_WRAPPER=/usr/lib/gcc/x86_64-linux-gnu/9/lto-wrapper
OFFLOAD_TARGET_NAMES=nvptx-none:hsa
OFFLOAD_TARGET_DEFAULT=1
Target: x86_64-linux-gnu
Configured with: ../src/configure -v --with-pkgversion='Ubuntu 9.3.0-17ubuntu1~20.04' --with-bugurl=file:///usr/share/doc/gcc-9/README.Bugs --enable-languages=c,ada,c++,go,brig,d,fortran,objc,obj-c++,gm2 --prefix=/usr --with-gcc-major-version-only --program-suffix=-9 --program-prefix=x86_64-linux-gnu- --enable-shared --enable-linker-build-id --libexecdir=/usr/lib --without-included-gettext --enable-threads=posix --libdir=/usr/lib --enable-nls --enable-clocale=gnu --enable-libstdcxx-debug --enable-libstdcxx-time=yes --with-default-libstdcxx-abi=new --enable-gnu-unique-object --disable-vtable-verify --enable-plugin --enable-default-pie --with-system-zlib --with-target-system-zlib=auto --enable-objc-gc=auto --enable-multiarch --disable-werror --with-arch-32=i686 --with-abi=m64 --with-multilib-list=m32,m64,mx32 --enable-multilib --with-tune=generic --enable-offload-targets=nvptx-none=/build/gcc-9-HskZEa/gcc-9-9.3.0/debian/tmp-nvptx/usr,hsa --without-cuda-driver --enable-checking=release --build=x86_64-linux-gnu --host=x86_64-linux-gnu --target=x86_64-linux-gnu
Thread model: posix
gcc version 9.3.0 (Ubuntu 9.3.0-17ubuntu1~20.04) 
configure:3167: $? = 0
configure:3156: gcc -V >&5
gcc: error: unrecognized command line option '-V'
gcc: fatal error: no input files
compilation terminated.
configure:3167: $? = 1
configure:3156: gcc -qversion >&5
gcc: error: unrecognized command line option '-qversion'; did you mean '--version'?
gcc: fatal error: no input files
compilation terminated.
configure:3167: $? = 1
configure:3187: checking whether the C compiler works
configure:3209: gcc    conftest.c  >&5
configure:3213: $? = 0
configure:3261: result: yes
configure:3264: checking for C compiler default output file name
configure:3266: result: a.out
configure:3272: checking for suffix of executables
configure:3279: gcc -o conftest    conftest.c  >&5
configure:3283: $? = 0
configure:3305: result: 
configure:3327: checking whether we are cross compiling
configure:3335: gcc -o conftest    conftest.c  >&5
configure:3339: $? = 0
configure:3346: ./conftest
configure:3350: $? = 0
configure:3338: result: no
configure:3343: checking for suffix of object files
configure:3365: gcc -c   conftest.c >&5
configure:3369: $? = 0
configure:3390: result: o
configure:3394: checking whether we are using the GNU C compiler
configure:3413: gcc -c   conftest.c >&5
configure:3413: $? = 0
configure:3422: result: yes
configure:3431: checking whether gcc accepts -g
configure:3451: gcc -c -g  conftest.c >&5
configure:3451: $? = 0
configure:3492: result: yes
configure:3509: checking for gcc option to accept ISO C89
configure:3572: gcc  -c -g -O2  conftest.c >&5
configure:3572: $? = 0
configure:3585: result: none needed
configure:3608: checking for ifunc support
configure:3643: gcc -o conftest -g -O2   conftest.c  >&5
conftest.c:19:1: warning: 'ifunc' resolver for 'foo' should return 'int (*)(int)' [-Wattribute-alias=]
   19 | foo_resolv(void)
      | ^~~~~~~~~~
conftest.c:24:5: note: resolver indirect function declared here
   24 | int foo (int x) __attribute__ ((ifunc("foo_resolv")));
      |     ^~~
configure:3643: $? = 0
configure:3651: result: yes
configure:3735: checking for g++
configure:3751: found /tmp/pts-compiler-mask-nettle1.0.1//g++
configure:3762: result: g++
configure:3789: checking for C++ compiler version
configure:3798: g++ --version >&5
g++ (Ubuntu 9.3.0-17ubuntu1~20.04) 9.3.0
Copyright (C) 2019 Free Software Foundation, Inc.
This is free software; see the source for copying conditions.  There is NO
warranty; not even for MERCHANTABILITY or FITNESS FOR A PARTICULAR PURPOSE.

configure:3809: $? = 0
configure:3798: g++ -v >&5
Using built-in specs.
COLLECT_GCC=/usr/bin/g++
COLLECT_LTO_WRAPPER=/usr/lib/gcc/x86_64-linux-gnu/9/lto-wrapper
OFFLOAD_TARGET_NAMES=nvptx-none:hsa
OFFLOAD_TARGET_DEFAULT=1
Target: x86_64-linux-gnu
Configured with: ../src/configure -v --with-pkgversion='Ubuntu 9.3.0-17ubuntu1~20.04' --with-bugurl=file:///usr/share/doc/gcc-9/README.Bugs --enable-languages=c,ada,c++,go,brig,d,fortran,objc,obj-c++,gm2 --prefix=/usr --with-gcc-major-version-only --program-suffix=-9 --program-prefix=x86_64-linux-gnu- --enable-shared --enable-linker-build-id --libexecdir=/usr/lib --without-included-gettext --enable-threads=posix --libdir=/usr/lib --enable-nls --enable-clocale=gnu --enable-libstdcxx-debug --enable-libstdcxx-time=yes --with-default-libstdcxx-abi=new --enable-gnu-unique-object --disable-vtable-verify --enable-plugin --enable-default-pie --with-system-zlib --with-target-system-zlib=auto --enable-objc-gc=auto --enable-multiarch --disable-werror --with-arch-32=i686 --with-abi=m64 --with-multilib-list=m32,m64,mx32 --enable-multilib --with-tune=generic --enable-offload-targets=nvptx-none=/build/gcc-9-HskZEa/gcc-9-9.3.0/debian/tmp-nvptx/usr,hsa --without-cuda-driver --enable-checking=release --build=x86_64-linux-gnu --host=x86_64-linux-gnu --target=x86_64-linux-gnu
Thread model: posix
gcc version 9.3.0 (Ubuntu 9.3.0-17ubuntu1~20.04) 
configure:3809: $? = 0
configure:3798: g++ -V >&5
g++: error: unrecognized command line option '-V'
g++: fatal error: no input files
compilation terminated.
configure:3809: $? = 1
configure:3798: g++ -qversion >&5
g++: error: unrecognized command line option '-qversion'; did you mean '--version'?
g++: fatal error: no input files
compilation terminated.
configure:3809: $? = 1
configure:3813: checking whether we are using the GNU C++ compiler
configure:3832: g++ -c   conftest.cpp >&5
configure:3832: $? = 0
configure:3841: result: yes
configure:3850: checking whether g++ accepts -g
configure:3870: g++ -c -g  conftest.cpp >&5
configure:3870: $? = 0
configure:3911: result: yes
configure:3953: g++ -c -g -O2  conftest.cpp >&5
configure:3953: $? = 0
configure:3974: checking if LD -Wl,--version-script works
configure:3992: gcc -o conftest -g -O2   -Wl,--version-script=conftest.map conftest.c  >&5
/usr/bin/ld:conftest.map:0: syntax error in VERSION script
collect2: error: ld returned 1 exit status
configure:3992: $? = 1
configure: failed program was:
| /* confdefs.h */
| #define PACKAGE_NAME "nettle"
| #define PACKAGE_TARNAME "nettle"
| #define PACKAGE_VERSION "3.5.1"
| #define PACKAGE_STRING "nettle 3.5.1"
| #define PACKAGE_BUGREPORT "nettle-bugs@lists.lysator.liu.se"
| #define PACKAGE_URL ""
| #define HAVE_LINK_IFUNC 1
| /* end confdefs.h.  */
| 
| int
| main ()
| {
| 
|   ;
|   return 0;
| }
configure:4020: gcc -o conftest -g -O2   -Wl,--version-script=conftest.map conftest.c  >&5
configure:4020: $? = 0
configure:4032: result: yes
configure:4043: checking whether make sets $(MAKE)
configure:4065: result: yes
configure:4117: checking for ranlib
configure:4133: found /usr/bin/ranlib
configure:4144: result: ranlib
configure:4209: checking for nm
configure:4225: found /usr/bin/nm
configure:4236: result: nm
configure:4302: checking for objdump
configure:4318: found /usr/bin/objdump
configure:4329: result: objdump
configure:4394: checking for ar
configure:4410: found /usr/bin/ar
configure:4421: result: ar
configure:4462: checking for a BSD-compatible install
configure:4530: result: /usr/bin/install -c
configure:4544: checking for a thread-safe mkdir -p
configure:4583: result: /usr/bin/mkdir -p
configure:4587: checking whether ln -s works
configure:4591: result: yes
configure:4716: checking for build system executable suffix
configure:4751: result: 
configure:4812: checking for an ANSI C-conforming const
configure:4878: gcc -c -g -O2  conftest.c >&5
configure:4878: $? = 0
configure:4885: result: yes
configure:4893: checking for inline
configure:4909: gcc -c -g -O2  conftest.c >&5
configure:4909: $? = 0
configure:4917: result: inline
configure:4940: checking how to run the C preprocessor
configure:4971: gcc -E  conftest.c
configure:4971: $? = 0
configure:4985: gcc -E  conftest.c
conftest.c:10:10: fatal error: ac_nonexistent.h: No such file or directory
   10 | #include <ac_nonexistent.h>
      |          ^~~~~~~~~~~~~~~~~~
compilation terminated.
configure:4985: $? = 1
configure: failed program was:
| /* confdefs.h */
| #define PACKAGE_NAME "nettle"
| #define PACKAGE_TARNAME "nettle"
| #define PACKAGE_VERSION "3.5.1"
| #define PACKAGE_STRING "nettle 3.5.1"
| #define PACKAGE_BUGREPORT "nettle-bugs@lists.lysator.liu.se"
| #define PACKAGE_URL ""
| #define HAVE_LINK_IFUNC 1
| /* end confdefs.h.  */
| #include <ac_nonexistent.h>
configure:5010: result: gcc -E
configure:5030: gcc -E  conftest.c
configure:5030: $? = 0
configure:5044: gcc -E  conftest.c
conftest.c:10:10: fatal error: ac_nonexistent.h: No such file or directory
   10 | #include <ac_nonexistent.h>
      |          ^~~~~~~~~~~~~~~~~~
compilation terminated.
configure:5044: $? = 1
configure: failed program was:
| /* confdefs.h */
| #define PACKAGE_NAME "nettle"
| #define PACKAGE_TARNAME "nettle"
| #define PACKAGE_VERSION "3.5.1"
| #define PACKAGE_STRING "nettle 3.5.1"
| #define PACKAGE_BUGREPORT "nettle-bugs@lists.lysator.liu.se"
| #define PACKAGE_URL ""
| #define HAVE_LINK_IFUNC 1
| /* end confdefs.h.  */
| #include <ac_nonexistent.h>
configure:5073: checking for grep that handles long lines and -e
configure:5131: result: /usr/bin/grep
configure:5136: checking for egrep
configure:5198: result: /usr/bin/grep -E
configure:5203: checking for uid_t in sys/types.h
configure:5222: result: yes
configure:5233: checking for ANSI C header files
configure:5253: gcc -c -g -O2  conftest.c >&5
configure:5253: $? = 0
configure:5326: gcc -o conftest -g -O2   conftest.c  >&5
configure:5326: $? = 0
configure:5326: ./conftest
configure:5326: $? = 0
configure:5337: result: yes
configure:5350: checking for sys/types.h
configure:5350: gcc -c -g -O2  conftest.c >&5
configure:5350: $? = 0
configure:5350: result: yes
configure:5350: checking for sys/stat.h
configure:5350: gcc -c -g -O2  conftest.c >&5
configure:5350: $? = 0
configure:5350: result: yes
configure:5350: checking for stdlib.h
configure:5350: gcc -c -g -O2  conftest.c >&5
configure:5350: $? = 0
configure:5350: result: yes
configure:5350: checking for string.h
configure:5350: gcc -c -g -O2  conftest.c >&5
configure:5350: $? = 0
configure:5350: result: yes
configure:5350: checking for memory.h
configure:5350: gcc -c -g -O2  conftest.c >&5
configure:5350: $? = 0
configure:5350: result: yes
configure:5350: checking for strings.h
configure:5350: gcc -c -g -O2  conftest.c >&5
configure:5350: $? = 0
configure:5350: result: yes
configure:5350: checking for inttypes.h
configure:5350: gcc -c -g -O2  conftest.c >&5
configure:5350: $? = 0
configure:5350: result: yes
configure:5350: checking for stdint.h
configure:5350: gcc -c -g -O2  conftest.c >&5
configure:5350: $? = 0
configure:5350: result: yes
configure:5350: checking for unistd.h
configure:5350: gcc -c -g -O2  conftest.c >&5
configure:5350: $? = 0
configure:5350: result: yes
configure:5362: checking for size_t
configure:5362: gcc -c -g -O2  conftest.c >&5
configure:5362: $? = 0
configure:5362: gcc -c -g -O2  conftest.c >&5
conftest.c: In function 'main':
conftest.c:56:21: error: expected expression before ')' token
   56 | if (sizeof ((size_t)))
      |                     ^
configure:5362: $? = 1
configure: failed program was:
| /* confdefs.h */
| #define PACKAGE_NAME "nettle"
| #define PACKAGE_TARNAME "nettle"
| #define PACKAGE_VERSION "3.5.1"
| #define PACKAGE_STRING "nettle 3.5.1"
| #define PACKAGE_BUGREPORT "nettle-bugs@lists.lysator.liu.se"
| #define PACKAGE_URL ""
| #define HAVE_LINK_IFUNC 1
| #define STDC_HEADERS 1
| #define HAVE_SYS_TYPES_H 1
| #define HAVE_SYS_STAT_H 1
| #define HAVE_STDLIB_H 1
| #define HAVE_STRING_H 1
| #define HAVE_MEMORY_H 1
| #define HAVE_STRINGS_H 1
| #define HAVE_INTTYPES_H 1
| #define HAVE_STDINT_H 1
| #define HAVE_UNISTD_H 1
| /* end confdefs.h.  */
| #include <stdio.h>
| #ifdef HAVE_SYS_TYPES_H
| # include <sys/types.h>
| #endif
| #ifdef HAVE_SYS_STAT_H
| # include <sys/stat.h>
| #endif
| #ifdef STDC_HEADERS
| # include <stdlib.h>
| # include <stddef.h>
| #else
| # ifdef HAVE_STDLIB_H
| #  include <stdlib.h>
| # endif
| #endif
| #ifdef HAVE_STRING_H
| # if !defined STDC_HEADERS && defined HAVE_MEMORY_H
| #  include <memory.h>
| # endif
| # include <string.h>
| #endif
| #ifdef HAVE_STRINGS_H
| # include <strings.h>
| #endif
| #ifdef HAVE_INTTYPES_H
| # include <inttypes.h>
| #endif
| #ifdef HAVE_STDINT_H
| # include <stdint.h>
| #endif
| #ifdef HAVE_UNISTD_H
| # include <unistd.h>
| #endif
| int
| main ()
| {
| if (sizeof ((size_t)))
| 	    return 0;
|   ;
|   return 0;
| }
configure:5362: result: yes
configure:5373: checking whether time.h and sys/time.h may both be included
configure:5393: gcc -c -g -O2  conftest.c >&5
configure:5393: $? = 0
configure:5400: result: yes
configure:5412: checking size of long
configure:5417: gcc -o conftest -g -O2   conftest.c  >&5
configure:5417: $? = 0
configure:5417: ./conftest
configure:5417: $? = 0
configure:5431: result: 8
configure:5445: checking size of size_t
configure:5450: gcc -o conftest -g -O2   conftest.c  >&5
configure:5450: $? = 0
configure:5450: ./conftest
configure:5450: $? = 0
configure:5464: result: 8
configure:5478: checking openssl/evp.h usability
configure:5478: gcc -c -g -O2  conftest.c >&5
configure:5478: $? = 0
configure:5478: result: yes
configure:5478: checking openssl/evp.h presence
configure:5478: gcc -E  conftest.c
configure:5478: $? = 0
configure:5478: result: yes
configure:5478: checking for openssl/evp.h
configure:5478: result: yes
configure:5478: checking openssl/ecdsa.h usability
configure:5478: gcc -c -g -O2  conftest.c >&5
configure:5478: $? = 0
configure:5478: result: yes
configure:5478: checking openssl/ecdsa.h presence
configure:5478: gcc -E  conftest.c
configure:5478: $? = 0
configure:5478: result: yes
configure:5478: checking for openssl/ecdsa.h
configure:5478: result: yes
configure:5495: checking valgrind/memcheck.h usability
configure:5495: gcc -c -g -O2  conftest.c >&5
conftest.c:58:10: fatal error: valgrind/memcheck.h: No such file or directory
   58 | #include <valgrind/memcheck.h>
      |          ^~~~~~~~~~~~~~~~~~~~~
compilation terminated.
configure:5495: $? = 1
configure: failed program was:
| /* confdefs.h */
| #define PACKAGE_NAME "nettle"
| #define PACKAGE_TARNAME "nettle"
| #define PACKAGE_VERSION "3.5.1"
| #define PACKAGE_STRING "nettle 3.5.1"
| #define PACKAGE_BUGREPORT "nettle-bugs@lists.lysator.liu.se"
| #define PACKAGE_URL ""
| #define HAVE_LINK_IFUNC 1
| #define STDC_HEADERS 1
| #define HAVE_SYS_TYPES_H 1
| #define HAVE_SYS_STAT_H 1
| #define HAVE_STDLIB_H 1
| #define HAVE_STRING_H 1
| #define HAVE_MEMORY_H 1
| #define HAVE_STRINGS_H 1
| #define HAVE_INTTYPES_H 1
| #define HAVE_STDINT_H 1
| #define HAVE_UNISTD_H 1
| #define TIME_WITH_SYS_TIME 1
| #define SIZEOF_LONG 8
| #define SIZEOF_SIZE_T 8
| #define HAVE_OPENSSL_EVP_H 1
| #define HAVE_OPENSSL_ECDSA_H 1
| /* end confdefs.h.  */
| #include <stdio.h>
| #ifdef HAVE_SYS_TYPES_H
| # include <sys/types.h>
| #endif
| #ifdef HAVE_SYS_STAT_H
| # include <sys/stat.h>
| #endif
| #ifdef STDC_HEADERS
| # include <stdlib.h>
| # include <stddef.h>
| #else
| # ifdef HAVE_STDLIB_H
| #  include <stdlib.h>
| # endif
| #endif
| #ifdef HAVE_STRING_H
| # if !defined STDC_HEADERS && defined HAVE_MEMORY_H
| #  include <memory.h>
| # endif
| # include <string.h>
| #endif
| #ifdef HAVE_STRINGS_H
| # include <strings.h>
| #endif
| #ifdef HAVE_INTTYPES_H
| # include <inttypes.h>
| #endif
| #ifdef HAVE_STDINT_H
| # include <stdint.h>
| #endif
| #ifdef HAVE_UNISTD_H
| # include <unistd.h>
| #endif
| #include <valgrind/memcheck.h>
configure:5495: result: no
configure:5495: checking valgrind/memcheck.h presence
configure:5495: gcc -E  conftest.c
conftest.c:25:10: fatal error: valgrind/memcheck.h: No such file or directory
   25 | #include <valgrind/memcheck.h>
      |          ^~~~~~~~~~~~~~~~~~~~~
compilation terminated.
configure:5495: $? = 1
configure: failed program was:
| /* confdefs.h */
| #define PACKAGE_NAME "nettle"
| #define PACKAGE_TARNAME "nettle"
| #define PACKAGE_VERSION "3.5.1"
| #define PACKAGE_STRING "nettle 3.5.1"
| #define PACKAGE_BUGREPORT "nettle-bugs@lists.lysator.liu.se"
| #define PACKAGE_URL ""
| #define HAVE_LINK_IFUNC 1
| #define STDC_HEADERS 1
| #define HAVE_SYS_TYPES_H 1
| #define HAVE_SYS_STAT_H 1
| #define HAVE_STDLIB_H 1
| #define HAVE_STRING_H 1
| #define HAVE_MEMORY_H 1
| #define HAVE_STRINGS_H 1
| #define HAVE_INTTYPES_H 1
| #define HAVE_STDINT_H 1
| #define HAVE_UNISTD_H 1
| #define TIME_WITH_SYS_TIME 1
| #define SIZEOF_LONG 8
| #define SIZEOF_SIZE_T 8
| #define HAVE_OPENSSL_EVP_H 1
| #define HAVE_OPENSSL_ECDSA_H 1
| /* end confdefs.h.  */
| #include <valgrind/memcheck.h>
configure:5495: result: no
configure:5495: checking for valgrind/memcheck.h
configure:5495: result: no
configure:5507: checking dlfcn.h usability
configure:5507: gcc -c -g -O2  conftest.c >&5
configure:5507: $? = 0
configure:5507: result: yes
configure:5507: checking dlfcn.h presence
configure:5507: gcc -E  conftest.c
configure:5507: $? = 0
configure:5507: result: yes
configure:5507: checking for dlfcn.h
configure:5507: result: yes
configure:5517: checking for dlopen in -ldl
configure:5542: gcc -o conftest -g -O2   conftest.c -ldl   >&5
configure:5542: $? = 0
configure:5551: result: yes
configure:5562: checking for working alloca.h
configure:5579: gcc -o conftest -g -O2   conftest.c  >&5
configure:5579: $? = 0
configure:5587: result: yes
configure:5595: checking for alloca
configure:5632: gcc -o conftest -g -O2   conftest.c  >&5
configure:5632: $? = 0
configure:5640: result: yes
configure:5748: checking malloc.h usability
configure:5748: gcc -c -g -O2  conftest.c >&5
configure:5748: $? = 0
configure:5748: result: yes
configure:5748: checking malloc.h presence
configure:5748: gcc -E  conftest.c
configure:5748: $? = 0
configure:5748: result: yes
configure:5748: checking for malloc.h
configure:5748: result: yes
configure:5761: checking for strerror
configure:5761: gcc -o conftest -g -O2   conftest.c  >&5
configure:5761: $? = 0
configure:5761: result: yes
configure:5776: checking for secure_getenv
configure:5776: gcc -o conftest -g -O2   conftest.c  >&5
configure:5776: $? = 0
configure:5776: result: yes
configure:5776: checking for getline
configure:5776: gcc -o conftest -g -O2   conftest.c  >&5
configure:5776: $? = 0
configure:5776: result: yes
configure:5787: checking whether byte ordering is bigendian
configure:5802: gcc -c -g -O2  conftest.c >&5
conftest.c:34:9: error: unknown type name 'not'
   34 |         not a universal capable compiler
      |         ^~~
conftest.c:34:15: error: expected '=', ',', ';', 'asm' or '__attribute__' before 'universal'
   34 |         not a universal capable compiler
      |               ^~~~~~~~~
conftest.c:34:15: error: unknown type name 'universal'
configure:5802: $? = 1
configure: failed program was:
| /* confdefs.h */
| #define PACKAGE_NAME "nettle"
| #define PACKAGE_TARNAME "nettle"
| #define PACKAGE_VERSION "3.5.1"
| #define PACKAGE_STRING "nettle 3.5.1"
| #define PACKAGE_BUGREPORT "nettle-bugs@lists.lysator.liu.se"
| #define PACKAGE_URL ""
| #define HAVE_LINK_IFUNC 1
| #define STDC_HEADERS 1
| #define HAVE_SYS_TYPES_H 1
| #define HAVE_SYS_STAT_H 1
| #define HAVE_STDLIB_H 1
| #define HAVE_STRING_H 1
| #define HAVE_MEMORY_H 1
| #define HAVE_STRINGS_H 1
| #define HAVE_INTTYPES_H 1
| #define HAVE_STDINT_H 1
| #define HAVE_UNISTD_H 1
| #define TIME_WITH_SYS_TIME 1
| #define SIZEOF_LONG 8
| #define SIZEOF_SIZE_T 8
| #define HAVE_OPENSSL_EVP_H 1
| #define HAVE_OPENSSL_ECDSA_H 1
| #define HAVE_DLFCN_H 1
| #define HAVE_LIBDL 1
| #define HAVE_ALLOCA_H 1
| #define HAVE_ALLOCA 1
| #define HAVE_MALLOC_H 1
| #define HAVE_STRERROR 1
| #define HAVE_SECURE_GETENV 1
| #define HAVE_GETLINE 1
| /* end confdefs.h.  */
| #ifndef __APPLE_CC__
| 	       not a universal capable compiler
| 	     #endif
| 	     typedef int dummy;
| 
configure:5847: gcc -c -g -O2  conftest.c >&5
configure:5847: $? = 0
configure:5865: gcc -c -g -O2  conftest.c >&5
conftest.c: In function 'main':
conftest.c:40:4: error: unknown type name 'not'; did you mean 'ino_t'?
   40 |    not big endian
      |    ^~~
      |    ino_t
conftest.c:40:12: error: expected '=', ',', ';', 'asm' or '__attribute__' before 'endian'
   40 |    not big endian
      |            ^~~~~~
configure:5865: $? = 1
configure: failed program was:
| /* confdefs.h */
| #define PACKAGE_NAME "nettle"
| #define PACKAGE_TARNAME "nettle"
| #define PACKAGE_VERSION "3.5.1"
| #define PACKAGE_STRING "nettle 3.5.1"
| #define PACKAGE_BUGREPORT "nettle-bugs@lists.lysator.liu.se"
| #define PACKAGE_URL ""
| #define HAVE_LINK_IFUNC 1
| #define STDC_HEADERS 1
| #define HAVE_SYS_TYPES_H 1
| #define HAVE_SYS_STAT_H 1
| #define HAVE_STDLIB_H 1
| #define HAVE_STRING_H 1
| #define HAVE_MEMORY_H 1
| #define HAVE_STRINGS_H 1
| #define HAVE_INTTYPES_H 1
| #define HAVE_STDINT_H 1
| #define HAVE_UNISTD_H 1
| #define TIME_WITH_SYS_TIME 1
| #define SIZEOF_LONG 8
| #define SIZEOF_SIZE_T 8
| #define HAVE_OPENSSL_EVP_H 1
| #define HAVE_OPENSSL_ECDSA_H 1
| #define HAVE_DLFCN_H 1
| #define HAVE_LIBDL 1
| #define HAVE_ALLOCA_H 1
| #define HAVE_ALLOCA 1
| #define HAVE_MALLOC_H 1
| #define HAVE_STRERROR 1
| #define HAVE_SECURE_GETENV 1
| #define HAVE_GETLINE 1
| /* end confdefs.h.  */
| #include <sys/types.h>
| 		#include <sys/param.h>
| 
| int
| main ()
| {
| #if BYTE_ORDER != BIG_ENDIAN
| 		 not big endian
| 		#endif
| 
|   ;
|   return 0;
| }
configure:5993: result: no
configure:6013: checking for __builtin_bswap64
configure:6034: gcc -c -g -O2  conftest.c >&5
configure:6034: $? = 0
configure:6041: result: yes
configure:6050: checking for __attribute__
configure:6076: gcc -c -g -O2  conftest.c >&5
configure:6076: $? = 0
configure:6083: result: yes
configure:6096: checking for fcntl file locking
configure:6123: gcc -c -g -O2  conftest.c >&5
configure:6123: $? = 0
configure:6130: result: yes
configure:6142: checking for __gmpn_sec_div_r in -lgmp
configure:6167: gcc -o conftest -g -O2   conftest.c -lgmp   >&5
configure:6167: $? = 0
configure:6176: result: yes
configure:6204: gcc -o conftest -g -O2   conftest.c -lgmp  >&5
configure:6204: $? = 0
configure:6204: ./conftest
configure:6204: $? = 0
configure:6278: checking for GMP limb size
configure:6280: gcc -o conftest -g -O2   conftest.c -lgmp  >&5
configure:6280: $? = 0
configure:6280: ./conftest
configure:6280: $? = 0
configure:6290: result: 64 bits
configure:6327: gcc -c -g -O2  conftest.c >&5
conftest.c:39:2: error: #error 64-bit x86
   39 | #error 64-bit x86
      |  ^~~~~
configure:6327: $? = 1
configure: failed program was:
| /* confdefs.h */
| #define PACKAGE_NAME "nettle"
| #define PACKAGE_TARNAME "nettle"
| #define PACKAGE_VERSION "3.5.1"
| #define PACKAGE_STRING "nettle 3.5.1"
| #define PACKAGE_BUGREPORT "nettle-bugs@lists.lysator.liu.se"
| #define PACKAGE_URL ""
| #define HAVE_LINK_IFUNC 1
| #define STDC_HEADERS 1
| #define HAVE_SYS_TYPES_H 1
| #define HAVE_SYS_STAT_H 1
| #define HAVE_STDLIB_H 1
| #define HAVE_STRING_H 1
| #define HAVE_MEMORY_H 1
| #define HAVE_STRINGS_H 1
| #define HAVE_INTTYPES_H 1
| #define HAVE_STDINT_H 1
| #define HAVE_UNISTD_H 1
| #define TIME_WITH_SYS_TIME 1
| #define SIZEOF_LONG 8
| #define SIZEOF_SIZE_T 8
| #define HAVE_OPENSSL_EVP_H 1
| #define HAVE_OPENSSL_ECDSA_H 1
| #define HAVE_DLFCN_H 1
| #define HAVE_LIBDL 1
| #define HAVE_ALLOCA_H 1
| #define HAVE_ALLOCA 1
| #define HAVE_MALLOC_H 1
| #define HAVE_STRERROR 1
| #define HAVE_SECURE_GETENV 1
| #define HAVE_GETLINE 1
| #define HAVE_BUILTIN_BSWAP64 1
| #define HAVE_GCC_ATTRIBUTE 1
| #define HAVE_FCNTL_LOCKING 1
| #define HAVE_LIBGMP 1
| /* end confdefs.h.  */
| 
| #if defined(__x86_64__) || defined(__arch64__)
| #error 64-bit x86
| #endif
| 
| int
| main ()
| {
| 
|   ;
|   return 0;
| }
configure:6395: Compiler uses 64-bit ABI. To change, set CC.
configure:6446: Libraries to be installed in ${exec_prefix}/lib64.
configure:6589: Looking for assembler files in x86_64.
configure:6680: checking CCPIC
configure:6724: gcc -c -g -O2 -fpic  conftest.c >&5
conftest.c: In function 'main':
conftest.c:48:1: warning: implicit declaration of function 'exit' [-Wimplicit-function-declaration]
   48 | exit(0);
      | ^~~~
conftest.c:48:1: warning: incompatible implicit declaration of built-in function 'exit'
conftest.c:1:1: note: include '<stdlib.h>' or provide a declaration of 'exit'
    1 | /* confdefs.h */
configure:6724: $? = 0
configure:6735: result: -fpic
configure:6848: checking if globals are prefixed by underscore
configure:6859: gcc -c -g -O2  conftest.c >&5
configure:6859: $? = 0
configure:6875: result: no
configure:6881: checking for ELF-style .type,%function pseudo-ops
configure:6898: gcc -g -O2  -c conftest.s >conftest.out 2>&1
configure:6901: $? = 0
configure:6914: result: yes
configure:6917: checking for ELF-style .type,#function pseudo-ops
configure:6934: gcc -g -O2  -c conftest.s >conftest.out 2>&1
configure:6937: $? = 1
conftest.s: Assembler messages:
conftest.s:4: Error: unrecognized symbol type ""
configure: failed program was:

.text
.globl foo
.type foo,#function
foo:
.Lend:

.size foo, .Lend - foo

configure:6950: result: no
configure:6965: checking for COFF-style .type directive
configure:6982: gcc -g -O2  -c conftest.s >conftest.out 2>&1
configure:6985: $? = 1
conftest.s: Assembler messages:
conftest.s:4: Error: unknown pseudo-op: `.def'
conftest.s:5: Error: unknown pseudo-op: `.scl'
conftest.s:6: Error: Missing symbol name in directive
conftest.s:6: Error: unrecognized symbol type "32"
conftest.s:7: Error: unknown pseudo-op: `.endef'
configure: failed program was:

.text
.globl _foo
.def _foo
.scl 2
.type 32
.endef
_foo:

configure:6998: result: no
configure:7004: checking if we should use a .note.GNU-stack section
configure:7016: gcc -g -O2  -c conftest.c >conftest.out 2>&1
configure:7019: $? = 0
configure:7031: result: yes
configure:7037: checking if .align assembly directive is logarithmic
configure:7048: gcc -g -O2  -c conftest.s >conftest.out 2>&1
configure:7051: $? = 1
conftest.s: Assembler messages:
conftest.s:2: Error: alignment not a power of 2
configure: failed program was:

.align 3

configure:7064: result: no
configure:7100: checking for m4
configure:7118: found /usr/bin/m4
configure:7131: result: /usr/bin/m4
configure:7172: checking for makeinfo
configure:7190: found /usr/bin/makeinfo
configure:7203: result: /usr/bin/makeinfo
configure:7249: checking for EVP_CIPHER_CTX_new in -lcrypto
configure:7274: gcc -o conftest -g -O2   conftest.c -lcrypto  -lgmp  >&5
configure:7274: $? = 0
configure:7283: result: yes
configure:7309: checking for library containing clock_gettime
configure:7340: gcc -o conftest -g -O2   conftest.c -lgmp  >&5
configure:7340: $? = 0
configure:7357: result: none required
configure:7510: creating ./config.status

## ---------------------- ##
## Running config.status. ##
## ---------------------- ##

This file was extended by nettle config.status 3.5.1, which was
generated by GNU Autoconf 2.69.  Invocation command line was

  CONFIG_FILES    = 
  CONFIG_HEADERS  = 
  CONFIG_LINKS    = 
  CONFIG_COMMANDS = 
  $ ./config.status 

on s2lab03

config.status:928: creating config.make
config.status:928: creating config.m4
config.status:928: creating Makefile
config.status:928: creating version.h
config.status:928: creating tools/Makefile
config.status:928: creating testsuite/Makefile
config.status:928: creating examples/Makefile
config.status:928: creating nettle.pc
config.status:928: creating hogweed.pc
config.status:928: creating libnettle.map
config.status:928: creating libhogweed.map
config.status:928: creating config.h
config.status:1135: linking x86_64/aes-encrypt-internal.asm to aes-encrypt-internal.asm
config.status:1135: linking x86_64/aes-decrypt-internal.asm to aes-decrypt-internal.asm
config.status:1135: linking x86_64/camellia-crypt-internal.asm to camellia-crypt-internal.asm
config.status:1135: linking x86_64/md5-compress.asm to md5-compress.asm
config.status:1135: linking x86_64/memxor.asm to memxor.asm
config.status:1135: linking x86_64/memxor3.asm to memxor3.asm
config.status:1135: linking x86_64/poly1305-internal.asm to poly1305-internal.asm
config.status:1135: linking x86_64/chacha-core-internal.asm to chacha-core-internal.asm
config.status:1135: linking x86_64/salsa20-crypt.asm to salsa20-crypt.asm
config.status:1135: linking x86_64/salsa20-core-internal.asm to salsa20-core-internal.asm
config.status:1135: linking x86_64/serpent-encrypt.asm to serpent-encrypt.asm
config.status:1135: linking x86_64/serpent-decrypt.asm to serpent-decrypt.asm
config.status:1135: linking x86_64/sha1-compress.asm to sha1-compress.asm
config.status:1135: linking x86_64/sha256-compress.asm to sha256-compress.asm
config.status:1135: linking x86_64/sha512-compress.asm to sha512-compress.asm
config.status:1135: linking x86_64/sha3-permute.asm to sha3-permute.asm
config.status:1135: linking x86_64/umac-nh.asm to umac-nh.asm
config.status:1135: linking x86_64/umac-nh-n.asm to umac-nh-n.asm
config.status:1135: linking x86_64/machine.m4 to machine.m4
config.status:1135: linking x86_64/gcm-hash8.asm to gcm-hash8.asm
config.status:1135: linking x86_64/ecc-192-modp.asm to ecc-192-modp.asm
config.status:1135: linking x86_64/ecc-224-modp.asm to ecc-224-modp.asm
config.status:1135: linking x86_64/ecc-25519-modp.asm to ecc-25519-modp.asm
config.status:1135: linking x86_64/ecc-256-redc.asm to ecc-256-redc.asm
config.status:1135: linking x86_64/ecc-384-modp.asm to ecc-384-modp.asm
config.status:1135: linking x86_64/ecc-521-modp.asm to ecc-521-modp.asm
config.status:1154: executing dummy-dep-files commands
configure:8762: summary of build options:

  Version:           nettle 3.5.1
  Host type:         x86_64-pc-linux-gnu
  ABI:               64
  Assembly files:    x86_64
  Install prefix:    /var/lib/phoronix-test-suite/installed-tests/pts/nettle-1.0.1//install
  Library directory: ${exec_prefix}/lib64
  Compiler:          gcc
  Static libraries:  yes
  Shared libraries:  yes
  Public key crypto: yes
  Using mini-gmp:    no
  Documentation:     yes


## ---------------- ##
## Cache variables. ##
## ---------------- ##

ac_cv_build=x86_64-pc-linux-gnu
ac_cv_c_bigendian=no
ac_cv_c_compiler_gnu=yes
ac_cv_c_const=yes
ac_cv_c_inline=inline
ac_cv_cxx_compiler_gnu=yes
ac_cv_env_CCC_set=
ac_cv_env_CCC_value=
ac_cv_env_CC_FOR_BUILD_set=
ac_cv_env_CC_FOR_BUILD_value=
ac_cv_env_CC_set=
ac_cv_env_CC_value=
ac_cv_env_CFLAGS_set=
ac_cv_env_CFLAGS_value=
ac_cv_env_CPPFLAGS_set=
ac_cv_env_CPPFLAGS_value=
ac_cv_env_CPP_set=
ac_cv_env_CPP_value=
ac_cv_env_CXXFLAGS_set=
ac_cv_env_CXXFLAGS_value=
ac_cv_env_CXX_set=
ac_cv_env_CXX_value=
ac_cv_env_LDFLAGS_set=
ac_cv_env_LDFLAGS_value=
ac_cv_env_LIBS_set=
ac_cv_env_LIBS_value=
ac_cv_env_build_alias_set=
ac_cv_env_build_alias_value=
ac_cv_env_host_alias_set=
ac_cv_env_host_alias_value=
ac_cv_env_target_alias_set=
ac_cv_env_target_alias_value=
ac_cv_func_alloca_works=yes
ac_cv_func_getline=yes
ac_cv_func_secure_getenv=yes
ac_cv_func_strerror=yes
ac_cv_header_dlfcn_h=yes
ac_cv_header_inttypes_h=yes
ac_cv_header_malloc_h=yes
ac_cv_header_memory_h=yes
ac_cv_header_openssl_ecdsa_h=yes
ac_cv_header_openssl_evp_h=yes
ac_cv_header_stdc=yes
ac_cv_header_stdint_h=yes
ac_cv_header_stdlib_h=yes
ac_cv_header_string_h=yes
ac_cv_header_strings_h=yes
ac_cv_header_sys_stat_h=yes
ac_cv_header_sys_types_h=yes
ac_cv_header_time=yes
ac_cv_header_unistd_h=yes
ac_cv_header_valgrind_memcheck_h=no
ac_cv_host=x86_64-pc-linux-gnu
ac_cv_lib_crypto_EVP_CIPHER_CTX_new=yes
ac_cv_lib_dl_dlopen=yes
ac_cv_lib_gmp___gmpn_sec_div_r=yes
ac_cv_objext=o
ac_cv_path_EGREP='/usr/bin/grep -E'
ac_cv_path_GREP=/usr/bin/grep
ac_cv_path_M4=/usr/bin/m4
ac_cv_path_MAKEINFO=/usr/bin/makeinfo
ac_cv_path_install='/usr/bin/install -c'
ac_cv_path_mkdir=/usr/bin/mkdir
ac_cv_prog_CPP='gcc -E'
ac_cv_prog_ac_ct_AR=ar
ac_cv_prog_ac_ct_CC=gcc
ac_cv_prog_ac_ct_CXX=g++
ac_cv_prog_ac_ct_NM=nm
ac_cv_prog_ac_ct_OBJDUMP=objdump
ac_cv_prog_ac_ct_RANLIB=ranlib
ac_cv_prog_cc_c89=
ac_cv_prog_cc_g=yes
ac_cv_prog_cxx_g=yes
ac_cv_prog_make_make_set=yes
ac_cv_search_clock_gettime='none required'
ac_cv_sizeof_long=8
ac_cv_sizeof_size_t=8
ac_cv_type_size_t=yes
ac_cv_type_uid_t=yes
ac_cv_working_alloca_h=yes
gmp_cv_prog_exeext_for_build=
lsh_cv_c_attribute=yes
lsh_cv_sys_ccpic=-fpic
nettle_cv_asm_align_log=no
nettle_cv_asm_coff_type=no
nettle_cv_asm_gnu_stack=yes
nettle_cv_asm_type_hash_function=no
nettle_cv_asm_type_percent_function=yes
nettle_cv_asm_underscore=no
nettle_cv_c_builtin_bswap64=yes
nettle_cv_fcntl_locking=yes
nettle_cv_gmp_numb_bits=64
nettle_cv_link_ifunc=yes

## ----------------- ##
## Output variables. ##
## ----------------- ##

ALLOCA=''
AR='ar'
ASM_ALIGN_LOG='no'
ASM_COFF_STYLE='no'
ASM_ELF_STYLE='yes'
ASM_MARK_NOEXEC_STACK='.section .note.GNU-stack,"",TYPE_PROGBITS'
ASM_RODATA='.section .rodata'
ASM_SYMBOL_PREFIX=''
ASM_TYPE_FUNCTION='%function'
ASM_TYPE_PROGBITS='%progbits'
ASM_WORDS_BIGENDIAN='no'
BENCH_LIBS='-lgmp '
CC='gcc'
CCPIC='-fpic'
CC_FOR_BUILD='gcc -O -g'
CFLAGS='-g -O2 -ggdb3 -Wall -W   -Wmissing-prototypes -Wmissing-declarations -Wstrict-prototypes   -Wpointer-arith -Wbad-function-cast -Wnested-externs'
CPP='gcc -E'
CPPFLAGS=''
CXX='g++'
CXXFLAGS='-g -O2'
DEFS='-DHAVE_CONFIG_H'
DEP_FLAGS='-MT $@ -MD -MP -MF $@.d'
DEP_INCLUDE='include '
DEP_PROCESS='true'
ECHO_C=''
ECHO_N='-n'
ECHO_T=''
EGREP='/usr/bin/grep -E'
EMULATOR=''
EXEEXT=''
EXEEXT_FOR_BUILD=''
EXTRA_HOGWEED_LINKER_FLAGS='-Wl,--version-script=libhogweed.map'
EXTRA_LINKER_FLAGS='-Wl,--version-script=libnettle.map'
GMP_NUMB_BITS='n/a'
GREP='/usr/bin/grep'
HOGWEED_EXTRA_SYMBOLS=''
IF_ASM=''
IF_CXX=''
IF_DLL='#'
IF_DLOPEN_TEST=''
IF_DOCUMENTATION=''
IF_HOGWEED=''
IF_MINI_GMP='#'
IF_NOT_SHARED='#'
IF_SHARED=''
IF_STATIC=''
INSTALL_DATA='${INSTALL} -m 644'
INSTALL_PROGRAM='${INSTALL}'
INSTALL_SCRIPT='${INSTALL}'
LDFLAGS=''
LIBHOGWEED_FILE='$(LIBHOGWEED_SONAME).$(LIBHOGWEED_MINOR)'
LIBHOGWEED_FILE_SRC='$(LIBHOGWEED_FORLINK)'
LIBHOGWEED_FORLINK='libhogweed.so'
LIBHOGWEED_LIBS='libnettle.so $(LIBS)'
LIBHOGWEED_LINK='$(CC) $(CFLAGS) $(LDFLAGS) -shared -Wl,-soname=$(LIBHOGWEED_SONAME)'
LIBHOGWEED_MAJOR='5'
LIBHOGWEED_MINOR='0'
LIBHOGWEED_SONAME='$(LIBHOGWEED_FORLINK).$(LIBHOGWEED_MAJOR)'
LIBNETTLE_FILE='$(LIBNETTLE_SONAME).$(LIBNETTLE_MINOR)'
LIBNETTLE_FILE_SRC='$(LIBNETTLE_FORLINK)'
LIBNETTLE_FORLINK='libnettle.so'
LIBNETTLE_LIBS=''
LIBNETTLE_LINK='$(CC) $(CFLAGS) $(LDFLAGS) -shared -Wl,-soname=$(LIBNETTLE_SONAME)'
LIBNETTLE_MAJOR='7'
LIBNETTLE_MINOR='0'
LIBNETTLE_SONAME='$(LIBNETTLE_FORLINK).$(LIBNETTLE_MAJOR)'
LIBOBJS=''
LIBS='-lgmp '
LN_S='ln -s'
LTLIBOBJS=''
M4='/usr/bin/m4'
MAJOR_VERSION='3'
MAKEINFO='/usr/bin/makeinfo'
MINOR_VERSION='5'
MKDIR_P='/usr/bin/mkdir -p'
NETTLE_USE_MINI_GMP='0'
NM='nm'
NUMB_BITS='64'
OBJDUMP='objdump'
OBJEXT='o'
OPENSSL_LIBFLAGS='-lcrypto'
OPT_HOGWEED_OBJS=' ecc-192-modp.$(OBJEXT) ecc-224-modp.$(OBJEXT) ecc-25519-modp.$(OBJEXT) ecc-256-redc.$(OBJEXT) ecc-384-modp.$(OBJEXT) ecc-521-modp.$(OBJEXT)'
OPT_NETTLE_OBJS=' gcm-hash8.$(OBJEXT)'
OPT_NETTLE_SOURCES=''
PACKAGE_BUGREPORT='nettle-bugs@lists.lysator.liu.se'
PACKAGE_NAME='nettle'
PACKAGE_STRING='nettle 3.5.1'
PACKAGE_TARNAME='nettle'
PACKAGE_URL=''
PACKAGE_VERSION='3.5.1'
PATH_SEPARATOR=':'
RANLIB='ranlib'
SET_MAKE=''
SHELL='/bin/bash'
W64_ABI='no'
ac_ct_CC='gcc'
ac_ct_CXX='g++'
bindir='${exec_prefix}/bin'
build='x86_64-pc-linux-gnu'
build_alias=''
build_cpu='x86_64'
build_os='linux-gnu'
build_vendor='pc'
datadir='${datarootdir}'
datarootdir='${prefix}/share'
docdir='${datarootdir}/doc/${PACKAGE_TARNAME}'
dvidir='${docdir}'
exec_prefix='${prefix}'
host='x86_64-pc-linux-gnu'
host_alias=''
host_cpu='x86_64'
host_os='linux-gnu'
host_vendor='pc'
htmldir='${docdir}'
includedir='${prefix}/include'
infodir='${datarootdir}/info'
libdir='${exec_prefix}/lib64'
libexecdir='${exec_prefix}/libexec'
localedir='${datarootdir}/locale'
localstatedir='${prefix}/var'
mandir='${datarootdir}/man'
oldincludedir='/usr/include'
pdfdir='${docdir}'
prefix='/var/lib/phoronix-test-suite/installed-tests/pts/nettle-1.0.1//install'
program_transform_name='s,x,x,'
psdir='${docdir}'
runstatedir='${localstatedir}/run'
sbindir='${exec_prefix}/sbin'
sharedstatedir='${prefix}/com'
sysconfdir='${prefix}/etc'
target_alias=''

## ----------- ##
## confdefs.h. ##
## ----------- ##

/* confdefs.h */
#define PACKAGE_NAME "nettle"
#define PACKAGE_TARNAME "nettle"
#define PACKAGE_VERSION "3.5.1"
#define PACKAGE_STRING "nettle 3.5.1"
#define PACKAGE_BUGREPORT "nettle-bugs@lists.lysator.liu.se"
#define PACKAGE_URL ""
#define HAVE_LINK_IFUNC 1
#define STDC_HEADERS 1
#define HAVE_SYS_TYPES_H 1
#define HAVE_SYS_STAT_H 1
#define HAVE_STDLIB_H 1
#define HAVE_STRING_H 1
#define HAVE_MEMORY_H 1
#define HAVE_STRINGS_H 1
#define HAVE_INTTYPES_H 1
#define HAVE_STDINT_H 1
#define HAVE_UNISTD_H 1
#define TIME_WITH_SYS_TIME 1
#define SIZEOF_LONG 8
#define SIZEOF_SIZE_T 8
#define HAVE_OPENSSL_EVP_H 1
#define HAVE_OPENSSL_ECDSA_H 1
#define HAVE_DLFCN_H 1
#define HAVE_LIBDL 1
#define HAVE_ALLOCA_H 1
#define HAVE_ALLOCA 1
#define HAVE_MALLOC_H 1
#define HAVE_STRERROR 1
#define HAVE_SECURE_GETENV 1
#define HAVE_GETLINE 1
#define HAVE_BUILTIN_BSWAP64 1
#define HAVE_GCC_ATTRIBUTE 1
#define HAVE_FCNTL_LOCKING 1
#define HAVE_LIBGMP 1
#define HAVE_NATIVE_gcm_hash8 1
#define HAVE_NATIVE_ecc_192_modp 1
#define HAVE_NATIVE_ecc_224_modp 1
#define HAVE_NATIVE_ecc_25519_modp 1
#define HAVE_NATIVE_ecc_256_redc 1
#define HAVE_NATIVE_ecc_384_modp 1
#define HAVE_NATIVE_ecc_521_modp 1
#define WITH_HOGWEED 1
#define WITH_OPENSSL 1
#define HAVE_CLOCK_GETTIME 1

configure: exit 0

## ---------------------- ##
## Running config.status. ##
## ---------------------- ##

This file was extended by nettle config.status 3.5.1, which was
generated by GNU Autoconf 2.69.  Invocation command line was

  CONFIG_FILES    = 
  CONFIG_HEADERS  = 
  CONFIG_LINKS    = 
  CONFIG_COMMANDS = 
  $ ./config.status config.h

on s2lab03

config.status:928: creating config.h
config.status:1109: config.h is unchanged
