make all \
"ARCH = linux-64-thr" \
"CC = gcc" \
"CFLAGS = -m64 -Wall -O3 -fomit-frame-pointer -ffast-math -DLinux  -DTHR -DUSEATOMICBARRIERS -D_REENTRANT       " \
"AR = ar" \
"ARFLAGS = r" \
"STRIP = strip" \
"RANLIB = ranlib" \
"LIBS = -L. -ltachyon    -lm -lpthread"
make[1]: Entering directory '/var/lib/phoronix-test-suite/installed-tests/pts/tachyon-1.3.0/tachyon/unix'
Building Tachyon Parallel Ray Tracing library
Copyright 1994-2007, John E. Stone
All Rights Reserveed
Making architecture directory ../compile/linux-64-thr
Making library directory ../compile/linux-64-thr/libtachyon
make ../compile ../compile/linux-64-thr ../compile/linux-64-thr/libtachyon  ../compile/linux-64-thr/libtachyon.a  ../compile/linux-64-thr/tachyon
make[2]: Entering directory '/var/lib/phoronix-test-suite/installed-tests/pts/tachyon-1.3.0/tachyon/unix'
make[2]: Nothing to be done for '../compile'.
make[2]: Nothing to be done for '../compile/linux-64-thr'.
make[2]: Nothing to be done for '../compile/linux-64-thr/libtachyon'.
gcc -m64 -Wall -O3 -fomit-frame-pointer -ffast-math -DLinux  -DTHR -DUSEATOMICBARRIERS -D_REENTRANT        -c ../src/api.c -o ../compile/linux-64-thr/libtachyon/api.o
gcc -m64 -Wall -O3 -fomit-frame-pointer -ffast-math -DLinux  -DTHR -DUSEATOMICBARRIERS -D_REENTRANT        -c ../src/apigeom.c -o ../compile/linux-64-thr/libtachyon/apigeom.o
gcc -m64 -Wall -O3 -fomit-frame-pointer -ffast-math -DLinux  -DTHR -DUSEATOMICBARRIERS -D_REENTRANT        -c ../src/box.c -o ../compile/linux-64-thr/libtachyon/box.o
gcc -m64 -Wall -O3 -fomit-frame-pointer -ffast-math -DLinux  -DTHR -DUSEATOMICBARRIERS -D_REENTRANT        -c ../src/global.c -o ../compile/linux-64-thr/libtachyon/global.o
gcc -m64 -Wall -O3 -fomit-frame-pointer -ffast-math -DLinux  -DTHR -DUSEATOMICBARRIERS -D_REENTRANT        -c ../src/hash.c -o ../compile/linux-64-thr/libtachyon/hash.o
gcc -m64 -Wall -O3 -fomit-frame-pointer -ffast-math -DLinux  -DTHR -DUSEATOMICBARRIERS -D_REENTRANT        -c ../src/parallel.c -o ../compile/linux-64-thr/libtachyon/parallel.o
gcc -m64 -Wall -O3 -fomit-frame-pointer -ffast-math -DLinux  -DTHR -DUSEATOMICBARRIERS -D_REENTRANT        -c ../src/threads.c -o ../compile/linux-64-thr/libtachyon/threads.o
gcc -m64 -Wall -O3 -fomit-frame-pointer -ffast-math -DLinux  -DTHR -DUSEATOMICBARRIERS -D_REENTRANT        -c ../src/camera.c -o ../compile/linux-64-thr/libtachyon/camera.o
gcc -m64 -Wall -O3 -fomit-frame-pointer -ffast-math -DLinux  -DTHR -DUSEATOMICBARRIERS -D_REENTRANT        -c ../src/render.c -o ../compile/linux-64-thr/libtachyon/render.o
gcc -m64 -Wall -O3 -fomit-frame-pointer -ffast-math -DLinux  -DTHR -DUSEATOMICBARRIERS -D_REENTRANT        -c ../src/trace.c -o ../compile/linux-64-thr/libtachyon/trace.o
gcc -m64 -Wall -O3 -fomit-frame-pointer -ffast-math -DLinux  -DTHR -DUSEATOMICBARRIERS -D_REENTRANT        -c ../src/grid.c -o ../compile/linux-64-thr/libtachyon/grid.o
gcc -m64 -Wall -O3 -fomit-frame-pointer -ffast-math -DLinux  -DTHR -DUSEATOMICBARRIERS -D_REENTRANT        -c ../src/intersect.c -o ../compile/linux-64-thr/libtachyon/intersect.o
gcc -m64 -Wall -O3 -fomit-frame-pointer -ffast-math -DLinux  -DTHR -DUSEATOMICBARRIERS -D_REENTRANT        -c ../src/sphere.c -o ../compile/linux-64-thr/libtachyon/sphere.o
gcc -m64 -Wall -O3 -fomit-frame-pointer -ffast-math -DLinux  -DTHR -DUSEATOMICBARRIERS -D_REENTRANT        -c ../src/plane.c -o ../compile/linux-64-thr/libtachyon/plane.o
gcc -m64 -Wall -O3 -fomit-frame-pointer -ffast-math -DLinux  -DTHR -DUSEATOMICBARRIERS -D_REENTRANT        -c ../src/ring.c -o ../compile/linux-64-thr/libtachyon/ring.o
gcc -m64 -Wall -O3 -fomit-frame-pointer -ffast-math -DLinux  -DTHR -DUSEATOMICBARRIERS -D_REENTRANT        -c ../src/triangle.c -o ../compile/linux-64-thr/libtachyon/triangle.o
gcc -m64 -Wall -O3 -fomit-frame-pointer -ffast-math -DLinux  -DTHR -DUSEATOMICBARRIERS -D_REENTRANT        -c ../src/cylinder.c -o ../compile/linux-64-thr/libtachyon/cylinder.o
gcc -m64 -Wall -O3 -fomit-frame-pointer -ffast-math -DLinux  -DTHR -DUSEATOMICBARRIERS -D_REENTRANT        -c ../src/quadric.c -o ../compile/linux-64-thr/libtachyon/quadric.o
gcc -m64 -Wall -O3 -fomit-frame-pointer -ffast-math -DLinux  -DTHR -DUSEATOMICBARRIERS -D_REENTRANT        -c ../src/extvol.c -o ../compile/linux-64-thr/libtachyon/extvol.o
gcc -m64 -Wall -O3 -fomit-frame-pointer -ffast-math -DLinux  -DTHR -DUSEATOMICBARRIERS -D_REENTRANT        -c ../src/vol.c -o ../compile/linux-64-thr/libtachyon/vol.o
gcc -m64 -Wall -O3 -fomit-frame-pointer -ffast-math -DLinux  -DTHR -DUSEATOMICBARRIERS -D_REENTRANT        -c ../src/ui.c -o ../compile/linux-64-thr/libtachyon/ui.o
gcc -m64 -Wall -O3 -fomit-frame-pointer -ffast-math -DLinux  -DTHR -DUSEATOMICBARRIERS -D_REENTRANT        -c ../src/util.c -o ../compile/linux-64-thr/libtachyon/util.o
gcc -m64 -Wall -O3 -fomit-frame-pointer -ffast-math -DLinux  -DTHR -DUSEATOMICBARRIERS -D_REENTRANT        -c ../src/vector.c -o ../compile/linux-64-thr/libtachyon/vector.o
gcc -m64 -Wall -O3 -fomit-frame-pointer -ffast-math -DLinux  -DTHR -DUSEATOMICBARRIERS -D_REENTRANT        -c ../src/shade.c -o ../compile/linux-64-thr/libtachyon/shade.o
gcc -m64 -Wall -O3 -fomit-frame-pointer -ffast-math -DLinux  -DTHR -DUSEATOMICBARRIERS -D_REENTRANT        -c ../src/texture.c -o ../compile/linux-64-thr/libtachyon/texture.o
gcc -m64 -Wall -O3 -fomit-frame-pointer -ffast-math -DLinux  -DTHR -DUSEATOMICBARRIERS -D_REENTRANT        -c ../src/coordsys.c -o ../compile/linux-64-thr/libtachyon/coordsys.o
gcc -m64 -Wall -O3 -fomit-frame-pointer -ffast-math -DLinux  -DTHR -DUSEATOMICBARRIERS -D_REENTRANT        -c ../src/imap.c -o ../compile/linux-64-thr/libtachyon/imap.o
gcc -m64 -Wall -O3 -fomit-frame-pointer -ffast-math -DLinux  -DTHR -DUSEATOMICBARRIERS -D_REENTRANT        -c ../src/light.c -o ../compile/linux-64-thr/libtachyon/light.o
gcc -m64 -Wall -O3 -fomit-frame-pointer -ffast-math -DLinux  -DTHR -DUSEATOMICBARRIERS -D_REENTRANT        -c ../src/imageio.c -o ../compile/linux-64-thr/libtachyon/imageio.o
gcc -m64 -Wall -O3 -fomit-frame-pointer -ffast-math -DLinux  -DTHR -DUSEATOMICBARRIERS -D_REENTRANT        -c ../src/jpeg.c -o ../compile/linux-64-thr/libtachyon/jpeg.o
gcc -m64 -Wall -O3 -fomit-frame-pointer -ffast-math -DLinux  -DTHR -DUSEATOMICBARRIERS -D_REENTRANT        -c ../src/pngfile.c -o ../compile/linux-64-thr/libtachyon/pngfile.o
gcc -m64 -Wall -O3 -fomit-frame-pointer -ffast-math -DLinux  -DTHR -DUSEATOMICBARRIERS -D_REENTRANT        -c ../src/ppm.c -o ../compile/linux-64-thr/libtachyon/ppm.o
../src/ppm.c: In function ‘getint’:
../src/ppm.c:30:9: warning: ignoring return value of ‘fgets’, declared with attribute warn_unused_result [-Wunused-result]
   30 |         fgets(ch, sizeof(ch), dfile);
      |         ^~~~~~~~~~~~~~~~~~~~~~~~~~~~
gcc -m64 -Wall -O3 -fomit-frame-pointer -ffast-math -DLinux  -DTHR -DUSEATOMICBARRIERS -D_REENTRANT        -c ../src/psd.c -o ../compile/linux-64-thr/libtachyon/psd.o
gcc -m64 -Wall -O3 -fomit-frame-pointer -ffast-math -DLinux  -DTHR -DUSEATOMICBARRIERS -D_REENTRANT        -c ../src/sgirgb.c -o ../compile/linux-64-thr/libtachyon/sgirgb.o
gcc -m64 -Wall -O3 -fomit-frame-pointer -ffast-math -DLinux  -DTHR -DUSEATOMICBARRIERS -D_REENTRANT        -c ../src/tgafile.c -o ../compile/linux-64-thr/libtachyon/tgafile.o
gcc -m64 -Wall -O3 -fomit-frame-pointer -ffast-math -DLinux  -DTHR -DUSEATOMICBARRIERS -D_REENTRANT        -c ../src/winbmp.c -o ../compile/linux-64-thr/libtachyon/winbmp.o
rm -f ../compile/linux-64-thr/libtachyon.a
ar r ../compile/linux-64-thr/libtachyon.a ../compile/linux-64-thr/libtachyon/api.o ../compile/linux-64-thr/libtachyon/apigeom.o ../compile/linux-64-thr/libtachyon/box.o ../compile/linux-64-thr/libtachyon/global.o ../compile/linux-64-thr/libtachyon/hash.o ../compile/linux-64-thr/libtachyon/parallel.o ../compile/linux-64-thr/libtachyon/threads.o ../compile/linux-64-thr/libtachyon/camera.o ../compile/linux-64-thr/libtachyon/render.o ../compile/linux-64-thr/libtachyon/trace.o ../compile/linux-64-thr/libtachyon/grid.o ../compile/linux-64-thr/libtachyon/intersect.o ../compile/linux-64-thr/libtachyon/sphere.o ../compile/linux-64-thr/libtachyon/plane.o ../compile/linux-64-thr/libtachyon/ring.o ../compile/linux-64-thr/libtachyon/triangle.o ../compile/linux-64-thr/libtachyon/cylinder.o ../compile/linux-64-thr/libtachyon/quadric.o ../compile/linux-64-thr/libtachyon/extvol.o ../compile/linux-64-thr/libtachyon/vol.o ../compile/linux-64-thr/libtachyon/ui.o ../compile/linux-64-thr/libtachyon/util.o ../compile/linux-64-thr/libtachyon/vector.o ../compile/linux-64-thr/libtachyon/shade.o ../compile/linux-64-thr/libtachyon/texture.o ../compile/linux-64-thr/libtachyon/coordsys.o ../compile/linux-64-thr/libtachyon/imap.o ../compile/linux-64-thr/libtachyon/light.o ../compile/linux-64-thr/libtachyon/imageio.o ../compile/linux-64-thr/libtachyon/jpeg.o ../compile/linux-64-thr/libtachyon/pngfile.o ../compile/linux-64-thr/libtachyon/ppm.o ../compile/linux-64-thr/libtachyon/psd.o ../compile/linux-64-thr/libtachyon/sgirgb.o ../compile/linux-64-thr/libtachyon/tgafile.o ../compile/linux-64-thr/libtachyon/winbmp.o
ar: creating ../compile/linux-64-thr/libtachyon.a
ranlib ../compile/linux-64-thr/libtachyon.a
gcc -m64 -Wall -O3 -fomit-frame-pointer -ffast-math -DLinux  -DTHR -DUSEATOMICBARRIERS -D_REENTRANT        -I../src -I../demosrc -c ../demosrc/main.c -o ../compile/linux-64-thr/libtachyon/main.o
../demosrc/main.c: In function ‘animate_scene’:
../demosrc/main.c:516:7: warning: ignoring return value of ‘fscanf’, declared with attribute warn_unused_result [-Wunused-result]
  516 |       fscanf(camfp, "%f %f %f  %f %f %f  %f %f %f",
      |       ^~~~~~~~~~~~~~~~~~~~~~~~~~~~~~~~~~~~~~~~~~~~~
  517 |         &cv.x, &cv.y, &cv.z, &cu.x, &cu.y, &cu.z, &cc.x, &cc.y, &cc.z);
      |         ~~~~~~~~~~~~~~~~~~~~~~~~~~~~~~~~~~~~~~~~~~~~~~~~~~~~~~~~~~~~~~
gcc -m64 -Wall -O3 -fomit-frame-pointer -ffast-math -DLinux  -DTHR -DUSEATOMICBARRIERS -D_REENTRANT        -I../src -I../demosrc -c ../demosrc/getargs.c -o ../compile/linux-64-thr/libtachyon/getargs.o
gcc -m64 -Wall -O3 -fomit-frame-pointer -ffast-math -DLinux  -DTHR -DUSEATOMICBARRIERS -D_REENTRANT         -I../src -I../demosrc -c ../demosrc/parse.c -o ../compile/linux-64-thr/libtachyon/parse.o
../demosrc/parse.c: In function ‘readmodel’:
../demosrc/parse.c:242:5: warning: ignoring return value of ‘fscanf’, declared with attribute warn_unused_result [-Wunused-result]
  242 |     fscanf(ph.ifp, "%s", tmp);
      |     ^~~~~~~~~~~~~~~~~~~~~~~~~
../demosrc/parse.c: In function ‘GetScenedefs’:
../demosrc/parse.c:321:3: warning: ignoring return value of ‘fscanf’, declared with attribute warn_unused_result [-Wunused-result]
  321 |   fscanf(ph->ifp, "%d %d", &xres, &yres);
      |   ^~~~~~~~~~~~~~~~~~~~~~~~~~~~~~~~~~~~~~
../demosrc/parse.c: In function ‘GetString’:
../demosrc/parse.c:212:3: warning: ignoring return value of ‘fscanf’, declared with attribute warn_unused_result [-Wunused-result]
  212 |   fscanf(ph->ifp, "%s", data);
      |   ^~~~~~~~~~~~~~~~~~~~~~~~~~~
../demosrc/parse.c: In function ‘PrintSyntaxError’:
../demosrc/parse.c:189:5: warning: ignoring return value of ‘fread’, declared with attribute warn_unused_result [-Wunused-result]
  189 |     fread(cbuf, readsize, 1, ph->ifp);
      |     ^~~~~~~~~~~~~~~~~~~~~~~~~~~~~~~~~
../demosrc/parse.c: In function ‘GetObject’:
../demosrc/parse.c:616:5: warning: ignoring return value of ‘fscanf’, declared with attribute warn_unused_result [-Wunused-result]
  616 |     fscanf(ph->ifp, "%s", includefile);
      |     ^~~~~~~~~~~~~~~~~~~~~~~~~~~~~~~~~~
../demosrc/parse.c: In function ‘GetTexture’:
../demosrc/parse.c:789:3: warning: ignoring return value of ‘fscanf’, declared with attribute warn_unused_result [-Wunused-result]
  789 |   fscanf(ph->ifp, "%s", tmp);
      |   ^~~~~~~~~~~~~~~~~~~~~~~~~~
../demosrc/parse.c: In function ‘GetVCSTri’:
../demosrc/parse.c:1476:3: warning: ignoring return value of ‘fscanf’, declared with attribute warn_unused_result [-Wunused-result]
 1476 |   fscanf(ph->ifp, "%f %f %f", &a, &b, &c);
      |   ^~~~~~~~~~~~~~~~~~~~~~~~~~~~~~~~~~~~~~~
../demosrc/parse.c:1482:3: warning: ignoring return value of ‘fscanf’, declared with attribute warn_unused_result [-Wunused-result]
 1482 |   fscanf(ph->ifp, "%f %f %f", &a, &b, &c);
      |   ^~~~~~~~~~~~~~~~~~~~~~~~~~~~~~~~~~~~~~~
../demosrc/parse.c:1488:3: warning: ignoring return value of ‘fscanf’, declared with attribute warn_unused_result [-Wunused-result]
 1488 |   fscanf(ph->ifp, "%f %f %f", &a, &b, &c);
      |   ^~~~~~~~~~~~~~~~~~~~~~~~~~~~~~~~~~~~~~~
../demosrc/parse.c: In function ‘GetVertexArray’:
../demosrc/parse.c:1592:3: warning: ignoring return value of ‘fscanf’, declared with attribute warn_unused_result [-Wunused-result]
 1592 |   fscanf(ph->ifp, "%s", arraytype); /* read next array type */
      |   ^~~~~~~~~~~~~~~~~~~~~~~~~~~~~~~~
../demosrc/parse.c:1598:7: warning: ignoring return value of ‘fscanf’, declared with attribute warn_unused_result [-Wunused-result]
 1598 |       fscanf(ph->ifp, "%f %f %f", &v[i], &v[i+1], &v[i+2]);
      |       ^~~~~~~~~~~~~~~~~~~~~~~~~~~~~~~~~~~~~~~~~~~~~~~~~~~~
../demosrc/parse.c:1600:5: warning: ignoring return value of ‘fscanf’, declared with attribute warn_unused_result [-Wunused-result]
 1600 |     fscanf(ph->ifp, "%s", arraytype); /* read next array type */
      |     ^~~~~~~~~~~~~~~~~~~~~~~~~~~~~~~~
../demosrc/parse.c:1610:7: warning: ignoring return value of ‘fscanf’, declared with attribute warn_unused_result [-Wunused-result]
 1610 |       fscanf(ph->ifp, "%f %f %f", &n[i], &n[i+1], &n[i+2]);
      |       ^~~~~~~~~~~~~~~~~~~~~~~~~~~~~~~~~~~~~~~~~~~~~~~~~~~~
../demosrc/parse.c:1612:5: warning: ignoring return value of ‘fscanf’, declared with attribute warn_unused_result [-Wunused-result]
 1612 |     fscanf(ph->ifp, "%s", arraytype); /* read next array type */
      |     ^~~~~~~~~~~~~~~~~~~~~~~~~~~~~~~~
../demosrc/parse.c:1630:9: warning: ignoring return value of ‘fscanf’, declared with attribute warn_unused_result [-Wunused-result]
 1630 |         fscanf(ph->ifp, "%f %f %f", &c[i], &c[i+1], &c[i+2]);
      |         ^~~~~~~~~~~~~~~~~~~~~~~~~~~~~~~~~~~~~~~~~~~~~~~~~~~~
../demosrc/parse.c:1670:9: warning: ignoring return value of ‘fscanf’, declared with attribute warn_unused_result [-Wunused-result]
 1670 |         fscanf(ph->ifp, "%d", &facets[i]);
      |         ^~~~~~~~~~~~~~~~~~~~~~~~~~~~~~~~~
../demosrc/parse.c:1737:9: warning: ignoring return value of ‘fscanf’, declared with attribute warn_unused_result [-Wunused-result]
 1737 |         fscanf(ph->ifp, "%d %d %d", &facets[i], &facets[i+1], &facets[i+2]);
      |         ^~~~~~~~~~~~~~~~~~~~~~~~~~~~~~~~~~~~~~~~~~~~~~~~~~~~~~~~~~~~~~~~~~~
../demosrc/parse.c:1798:7: warning: ignoring return value of ‘fscanf’, declared with attribute warn_unused_result [-Wunused-result]
 1798 |       fscanf(ph->ifp, "%s", arraytype); /* read next array type */
      |       ^~~~~~~~~~~~~~~~~~~~~~~~~~~~~~~~
../demosrc/parse.c: In function ‘GetSphere’:
../demosrc/parse.c:1311:3: warning: ignoring return value of ‘fscanf’, declared with attribute warn_unused_result [-Wunused-result]
 1311 |   fscanf(ph->ifp, "%f", &a);
      |   ^~~~~~~~~~~~~~~~~~~~~~~~~
../demosrc/parse.c: In function ‘GetFCylinder’:
../demosrc/parse.c:1262:3: warning: ignoring return value of ‘fscanf’, declared with attribute warn_unused_result [-Wunused-result]
 1262 |   fscanf(ph->ifp, "%f", &a);
      |   ^~~~~~~~~~~~~~~~~~~~~~~~~
../demosrc/parse.c: In function ‘GetRing’:
../demosrc/parse.c:1388:3: warning: ignoring return value of ‘fscanf’, declared with attribute warn_unused_result [-Wunused-result]
 1388 |   fscanf(ph->ifp, " %f ", &a);
      |   ^~~~~~~~~~~~~~~~~~~~~~~~~~~
../demosrc/parse.c:1390:3: warning: ignoring return value of ‘fscanf’, declared with attribute warn_unused_result [-Wunused-result]
 1390 |   fscanf(ph->ifp, " %f ", &b);
      |   ^~~~~~~~~~~~~~~~~~~~~~~~~~~
../demosrc/parse.c: In function ‘GetPolyCylinder’:
../demosrc/parse.c:1280:3: warning: ignoring return value of ‘fscanf’, declared with attribute warn_unused_result [-Wunused-result]
 1280 |   fscanf(ph->ifp, "%d", &numpts);
      |   ^~~~~~~~~~~~~~~~~~~~~~~~~~~~~~
../demosrc/parse.c:1289:3: warning: ignoring return value of ‘fscanf’, declared with attribute warn_unused_result [-Wunused-result]
 1289 |   fscanf(ph->ifp, "%f", &a);
      |   ^~~~~~~~~~~~~~~~~~~~~~~~~
../demosrc/parse.c: In function ‘GetCylinder’:
../demosrc/parse.c:1233:3: warning: ignoring return value of ‘fscanf’, declared with attribute warn_unused_result [-Wunused-result]
 1233 |   fscanf(ph->ifp, "%f", &a);
      |   ^~~~~~~~~~~~~~~~~~~~~~~~~
../demosrc/parse.c: In function ‘GetVol’:
../demosrc/parse.c:1350:3: warning: ignoring return value of ‘fscanf’, declared with attribute warn_unused_result [-Wunused-result]
 1350 |   fscanf(ph->ifp, "%d %d %d ", &x, &y, &z);
      |   ^~~~~~~~~~~~~~~~~~~~~~~~~~~~~~~~~~~~~~~~
../demosrc/parse.c:1352:3: warning: ignoring return value of ‘fscanf’, declared with attribute warn_unused_result [-Wunused-result]
 1352 |   fscanf(ph->ifp, "%s", fname);
      |   ^~~~~~~~~~~~~~~~~~~~~~~~~~~~
../demosrc/parse.c: In function ‘GetImageDef’:
../demosrc/parse.c:689:3: warning: ignoring return value of ‘fscanf’, declared with attribute warn_unused_result [-Wunused-result]
  689 |   fscanf(ph->ifp, "%s", texname);
      |   ^~~~~~~~~~~~~~~~~~~~~~~~~~~~~~
../demosrc/parse.c:713:9: warning: ignoring return value of ‘fscanf’, declared with attribute warn_unused_result [-Wunused-result]
  713 |         fscanf(ph->ifp, "%s", clrstr);
      |         ^~~~~~~~~~~~~~~~~~~~~~~~~~~~~
../demosrc/parse.c: In function ‘GetTexDef’:
../demosrc/parse.c:767:3: warning: ignoring return value of ‘fscanf’, declared with attribute warn_unused_result [-Wunused-result]
  767 |   fscanf(ph->ifp, "%s", texname);
      |   ^~~~~~~~~~~~~~~~~~~~~~~~~~~~~~
../demosrc/parse.c: In function ‘GetTexAlias’:
../demosrc/parse.c:777:3: warning: ignoring return value of ‘fscanf’, declared with attribute warn_unused_result [-Wunused-result]
  777 |   fscanf(ph->ifp, "%s", texname);
      |   ^~~~~~~~~~~~~~~~~~~~~~~~~~~~~~
../demosrc/parse.c:778:3: warning: ignoring return value of ‘fscanf’, declared with attribute warn_unused_result [-Wunused-result]
  778 |   fscanf(ph->ifp, "%s", aliasname);
      |   ^~~~~~~~~~~~~~~~~~~~~~~~~~~~~~~~
../demosrc/parse.c: In function ‘GetLight’:
../demosrc/parse.c:1006:3: warning: ignoring return value of ‘fscanf’, declared with attribute warn_unused_result [-Wunused-result]
 1006 |   fscanf(ph->ifp, "%f", &a);  /* read in radius */
      |   ^~~~~~~~~~~~~~~~~~~~~~~~~
../demosrc/parse.c:1009:3: warning: ignoring return value of ‘fscanf’, declared with attribute warn_unused_result [-Wunused-result]
 1009 |   fscanf(ph->ifp, "%s", tmp);
      |   ^~~~~~~~~~~~~~~~~~~~~~~~~~
../demosrc/parse.c:1011:5: warning: ignoring return value of ‘fscanf’, declared with attribute warn_unused_result [-Wunused-result]
 1011 |     fscanf(ph->ifp, "%f %f %f", &r, &g, &b);
      |     ^~~~~~~~~~~~~~~~~~~~~~~~~~~~~~~~~~~~~~~
../demosrc/parse.c:1023:5: warning: ignoring return value of ‘fscanf’, declared with attribute warn_unused_result [-Wunused-result]
 1023 |     fscanf(ph->ifp, "%f", &a);
      |     ^~~~~~~~~~~~~~~~~~~~~~~~~
../demosrc/parse.c:1026:5: warning: ignoring return value of ‘fscanf’, declared with attribute warn_unused_result [-Wunused-result]
 1026 |     fscanf(ph->ifp, "%f", &a);
      |     ^~~~~~~~~~~~~~~~~~~~~~~~~
../demosrc/parse.c:1029:5: warning: ignoring return value of ‘fscanf’, declared with attribute warn_unused_result [-Wunused-result]
 1029 |     fscanf(ph->ifp, "%f", &a);
      |     ^~~~~~~~~~~~~~~~~~~~~~~~~
../demosrc/parse.c: In function ‘GetColor’:
../demosrc/parse.c:674:3: warning: ignoring return value of ‘fscanf’, declared with attribute warn_unused_result [-Wunused-result]
  674 |   fscanf(ph->ifp, "%f %f %f", &r, &g, &b);
      |   ^~~~~~~~~~~~~~~~~~~~~~~~~~~~~~~~~~~~~~~
../demosrc/parse.c: In function ‘GetDirLight’:
../demosrc/parse.c:979:3: warning: ignoring return value of ‘fscanf’, declared with attribute warn_unused_result [-Wunused-result]
  979 |   fscanf(ph->ifp, "%s", tmp);
      |   ^~~~~~~~~~~~~~~~~~~~~~~~~~
../demosrc/parse.c:981:5: warning: ignoring return value of ‘fscanf’, declared with attribute warn_unused_result [-Wunused-result]
  981 |     fscanf(ph->ifp, "%f %f %f", &r, &g, &b);
      |     ^~~~~~~~~~~~~~~~~~~~~~~~~~~~~~~~~~~~~~~
../demosrc/parse.c: In function ‘GetSkyLight’:
../demosrc/parse.c:1052:3: warning: ignoring return value of ‘fscanf’, declared with attribute warn_unused_result [-Wunused-result]
 1052 |   fscanf(ph->ifp, "%d", &numsamples);
      |   ^~~~~~~~~~~~~~~~~~~~~~~~~~~~~~~~~~
../demosrc/parse.c:1055:3: warning: ignoring return value of ‘fscanf’, declared with attribute warn_unused_result [-Wunused-result]
 1055 |   fscanf(ph->ifp, "%s", tmp);
      |   ^~~~~~~~~~~~~~~~~~~~~~~~~~
../demosrc/parse.c:1057:5: warning: ignoring return value of ‘fscanf’, declared with attribute warn_unused_result [-Wunused-result]
 1057 |     fscanf(ph->ifp, "%f", &maxdist);
      |     ^~~~~~~~~~~~~~~~~~~~~~~~~~~~~~~
../demosrc/parse.c:1060:5: warning: ignoring return value of ‘fscanf’, declared with attribute warn_unused_result [-Wunused-result]
 1060 |     fscanf(ph->ifp, "%f %f %f", &ambcol.r, &ambcol.g, &ambcol.b);
      |     ^~~~~~~~~~~~~~~~~~~~~~~~~~~~~~~~~~~~~~~~~~~~~~~~~~~~~~~~~~~~
../demosrc/parse.c:1062:5: warning: ignoring return value of ‘fscanf’, declared with attribute warn_unused_result [-Wunused-result]
 1062 |     fscanf(ph->ifp, "%f %f %f", &ambcol.r, &ambcol.g, &ambcol.b);
      |     ^~~~~~~~~~~~~~~~~~~~~~~~~~~~~~~~~~~~~~~~~~~~~~~~~~~~~~~~~~~~
../demosrc/parse.c: In function ‘GetSpotLight’:
../demosrc/parse.c:1086:3: warning: ignoring return value of ‘fscanf’, declared with attribute warn_unused_result [-Wunused-result]
 1086 |   fscanf(ph->ifp, "%f", &a);  /* read in radius */
      |   ^~~~~~~~~~~~~~~~~~~~~~~~~
../demosrc/parse.c:1092:3: warning: ignoring return value of ‘fscanf’, declared with attribute warn_unused_result [-Wunused-result]
 1092 |   fscanf(ph->ifp, "%f",&a);
      |   ^~~~~~~~~~~~~~~~~~~~~~~~
../demosrc/parse.c:1095:3: warning: ignoring return value of ‘fscanf’, declared with attribute warn_unused_result [-Wunused-result]
 1095 |   fscanf(ph->ifp, "%f", &a);
      |   ^~~~~~~~~~~~~~~~~~~~~~~~~
../demosrc/parse.c:1098:3: warning: ignoring return value of ‘fscanf’, declared with attribute warn_unused_result [-Wunused-result]
 1098 |   fscanf(ph->ifp, "%s", tmp);
      |   ^~~~~~~~~~~~~~~~~~~~~~~~~~
../demosrc/parse.c:1100:5: warning: ignoring return value of ‘fscanf’, declared with attribute warn_unused_result [-Wunused-result]
 1100 |     fscanf(ph->ifp, "%f %f %f", &r, &g, &b);
      |     ^~~~~~~~~~~~~~~~~~~~~~~~~~~~~~~~~~~~~~~
../demosrc/parse.c:1111:5: warning: ignoring return value of ‘fscanf’, declared with attribute warn_unused_result [-Wunused-result]
 1111 |     fscanf(ph->ifp, "%f", &a);
      |     ^~~~~~~~~~~~~~~~~~~~~~~~~
../demosrc/parse.c:1114:5: warning: ignoring return value of ‘fscanf’, declared with attribute warn_unused_result [-Wunused-result]
 1114 |     fscanf(ph->ifp, "%f", &a);
      |     ^~~~~~~~~~~~~~~~~~~~~~~~~
../demosrc/parse.c:1117:5: warning: ignoring return value of ‘fscanf’, declared with attribute warn_unused_result [-Wunused-result]
 1117 |     fscanf(ph->ifp, "%f", &a);
      |     ^~~~~~~~~~~~~~~~~~~~~~~~~
../demosrc/parse.c: In function ‘GetLandScape’:
../demosrc/parse.c:1822:3: warning: ignoring return value of ‘fscanf’, declared with attribute warn_unused_result [-Wunused-result]
 1822 |   fscanf(ph->ifp, "%d %d", &m, &n);
      |   ^~~~~~~~~~~~~~~~~~~~~~~~~~~~~~~~
../demosrc/parse.c:1825:3: warning: ignoring return value of ‘fscanf’, declared with attribute warn_unused_result [-Wunused-result]
 1825 |   fscanf(ph->ifp, "%f %f", &a, &b);
      |   ^~~~~~~~~~~~~~~~~~~~~~~~~~~~~~~~
../demosrc/parse.c: In function ‘GetShaderMode’:
../demosrc/parse.c:334:3: warning: ignoring return value of ‘fscanf’, declared with attribute warn_unused_result [-Wunused-result]
  334 |   fscanf(ph->ifp, "%s", data);
      |   ^~~~~~~~~~~~~~~~~~~~~~~~~~~
../demosrc/parse.c:349:5: warning: ignoring return value of ‘fscanf’, declared with attribute warn_unused_result [-Wunused-result]
  349 |     fscanf(ph->ifp, "%s", data);
      |     ^~~~~~~~~~~~~~~~~~~~~~~~~~~
../demosrc/parse.c:358:7: warning: ignoring return value of ‘fscanf’, declared with attribute warn_unused_result [-Wunused-result]
  358 |       fscanf(ph->ifp, "%d", &transmaxsurf);
      |       ^~~~~~~~~~~~~~~~~~~~~~~~~~~~~~~~~~~~
../demosrc/parse.c:379:7: warning: ignoring return value of ‘fscanf’, declared with attribute warn_unused_result [-Wunused-result]
  379 |       fscanf(ph->ifp, "%s", tmp);
      |       ^~~~~~~~~~~~~~~~~~~~~~~~~~
../demosrc/parse.c:381:9: warning: ignoring return value of ‘fscanf’, declared with attribute warn_unused_result [-Wunused-result]
  381 |         fscanf(ph->ifp, "%f", &maxdist);
      |         ^~~~~~~~~~~~~~~~~~~~~~~~~~~~~~~
../demosrc/parse.c:384:9: warning: ignoring return value of ‘fscanf’, declared with attribute warn_unused_result [-Wunused-result]
  384 |         fscanf(ph->ifp, "%f %f %f", &aoambient.r, &aoambient.g, &aoambient.b);
      |         ^~~~~~~~~~~~~~~~~~~~~~~~~~~~~~~~~~~~~~~~~~~~~~~~~~~~~~~~~~~~~~~~~~~~~
../demosrc/parse.c:386:9: warning: ignoring return value of ‘fscanf’, declared with attribute warn_unused_result [-Wunused-result]
  386 |         fscanf(ph->ifp, "%f %f %f", &aoambient.r, &aoambient.g, &aoambient.b);
      |         ^~~~~~~~~~~~~~~~~~~~~~~~~~~~~~~~~~~~~~~~~~~~~~~~~~~~~~~~~~~~~~~~~~~~~
../demosrc/parse.c:390:7: warning: ignoring return value of ‘fscanf’, declared with attribute warn_unused_result [-Wunused-result]
  390 |       fscanf(ph->ifp, "%f", &aodirect);
      |       ^~~~~~~~~~~~~~~~~~~~~~~~~~~~~~~~
../demosrc/parse.c:393:7: warning: ignoring return value of ‘fscanf’, declared with attribute warn_unused_result [-Wunused-result]
  393 |       fscanf(ph->ifp, "%d", &aosamples);
      |       ^~~~~~~~~~~~~~~~~~~~~~~~~~~~~~~~~
../demosrc/parse.c: In function ‘GetCamera’:
../demosrc/parse.c:416:3: warning: ignoring return value of ‘fscanf’, declared with attribute warn_unused_result [-Wunused-result]
  416 |   fscanf(ph->ifp, "%s", data);
      |   ^~~~~~~~~~~~~~~~~~~~~~~~~~~
../demosrc/parse.c:418:5: warning: ignoring return value of ‘fscanf’, declared with attribute warn_unused_result [-Wunused-result]
  418 |     fscanf(ph->ifp, "%s", data);
      |     ^~~~~~~~~~~~~~~~~~~~~~~~~~~
../demosrc/parse.c:429:7: warning: ignoring return value of ‘fscanf’, declared with attribute warn_unused_result [-Wunused-result]
  429 |       fscanf(ph->ifp, "%f", &a);
      |       ^~~~~~~~~~~~~~~~~~~~~~~~~
../demosrc/parse.c:432:7: warning: ignoring return value of ‘fscanf’, declared with attribute warn_unused_result [-Wunused-result]
  432 |       fscanf(ph->ifp, "%f", &b);
      |       ^~~~~~~~~~~~~~~~~~~~~~~~~
../demosrc/parse.c:440:7: warning: ignoring return value of ‘fscanf’, declared with attribute warn_unused_result [-Wunused-result]
  440 |       fscanf(ph->ifp, "%f", &a);
      |       ^~~~~~~~~~~~~~~~~~~~~~~~~
../demosrc/parse.c:445:5: warning: ignoring return value of ‘fscanf’, declared with attribute warn_unused_result [-Wunused-result]
  445 |     fscanf(ph->ifp, "%f", &a);
      |     ^~~~~~~~~~~~~~~~~~~~~~~~~
../demosrc/parse.c:448:5: warning: ignoring return value of ‘fscanf’, declared with attribute warn_unused_result [-Wunused-result]
  448 |     fscanf(ph->ifp, "%f", &a);
      |     ^~~~~~~~~~~~~~~~~~~~~~~~~
../demosrc/parse.c:456:3: warning: ignoring return value of ‘fscanf’, declared with attribute warn_unused_result [-Wunused-result]
  456 |   fscanf(ph->ifp, "%f", &b);
      |   ^~~~~~~~~~~~~~~~~~~~~~~~~
../demosrc/parse.c:460:3: warning: ignoring return value of ‘fscanf’, declared with attribute warn_unused_result [-Wunused-result]
  460 |   fscanf(ph->ifp, "%d", &antialiasing);
      |   ^~~~~~~~~~~~~~~~~~~~~~~~~~~~~~~~~~~~
../demosrc/parse.c:463:3: warning: ignoring return value of ‘fscanf’, declared with attribute warn_unused_result [-Wunused-result]
  463 |   fscanf(ph->ifp, "%d", &raydepth);
      |   ^~~~~~~~~~~~~~~~~~~~~~~~~~~~~~~~
../demosrc/parse.c:466:3: warning: ignoring return value of ‘fscanf’, declared with attribute warn_unused_result [-Wunused-result]
  466 |   fscanf(ph->ifp, "%f %f %f", &a, &b, &c);
      |   ^~~~~~~~~~~~~~~~~~~~~~~~~~~~~~~~~~~~~~~
../demosrc/parse.c:472:3: warning: ignoring return value of ‘fscanf’, declared with attribute warn_unused_result [-Wunused-result]
  472 |   fscanf(ph->ifp, "%f %f %f", &a, &b, &c);
      |   ^~~~~~~~~~~~~~~~~~~~~~~~~~~~~~~~~~~~~~~
../demosrc/parse.c:478:3: warning: ignoring return value of ‘fscanf’, declared with attribute warn_unused_result [-Wunused-result]
  478 |   fscanf(ph->ifp, "%f %f %f", &a, &b, &c);
      |   ^~~~~~~~~~~~~~~~~~~~~~~~~~~~~~~~~~~~~~~
../demosrc/parse.c:491:3: warning: ignoring return value of ‘fscanf’, declared with attribute warn_unused_result [-Wunused-result]
  491 |   fscanf(ph->ifp, "%s", data);
      |   ^~~~~~~~~~~~~~~~~~~~~~~~~~~
../demosrc/parse.c:493:5: warning: ignoring return value of ‘fscanf’, declared with attribute warn_unused_result [-Wunused-result]
  493 |     fscanf(ph->ifp, "%f %f %f %f", &a, &b, &c, &d);
      |     ^~~~~~~~~~~~~~~~~~~~~~~~~~~~~~~~~~~~~~~~~~~~~~
../demosrc/parse.c:495:5: warning: ignoring return value of ‘fscanf’, declared with attribute warn_unused_result [-Wunused-result]
  495 |     fscanf(ph->ifp, "%s", data);
      |     ^~~~~~~~~~~~~~~~~~~~~~~~~~~
../demosrc/parse.c: In function ‘GetTPolyFile’:
../demosrc/parse.c:1867:3: warning: ignoring return value of ‘fscanf’, declared with attribute warn_unused_result [-Wunused-result]
 1867 |   fscanf(ph->ifp, "%s", ifname);
      |   ^~~~~~~~~~~~~~~~~~~~~~~~~~~~~
../demosrc/parse.c:1877:5: warning: ignoring return value of ‘fscanf’, declared with attribute warn_unused_result [-Wunused-result]
 1877 |     fscanf(ifp, "%d", &v);
      |     ^~~~~~~~~~~~~~~~~~~~~
../demosrc/parse.c: In function ‘GetBackGnd’:
../demosrc/parse.c:1167:3: warning: ignoring return value of ‘fscanf’, declared with attribute warn_unused_result [-Wunused-result]
 1167 |   fscanf(ph->ifp, "%f %f %f", &r, &g, &b);
      |   ^~~~~~~~~~~~~~~~~~~~~~~~~~~~~~~~~~~~~~~
../demosrc/parse.c: In function ‘GetBackGndGradient’:
../demosrc/parse.c:1184:3: warning: ignoring return value of ‘fscanf’, declared with attribute warn_unused_result [-Wunused-result]
 1184 |   fscanf(ph->ifp, "%s", gradienttype); /* read next array type */
      |   ^~~~~~~~~~~~~~~~~~~~~~~~~~~~~~~~~~~
../demosrc/parse.c:1198:3: warning: ignoring return value of ‘fscanf’, declared with attribute warn_unused_result [-Wunused-result]
 1198 |   fscanf(ph->ifp, "%f %f %f", &updir[0], &updir[1], &updir[2]);
      |   ^~~~~~~~~~~~~~~~~~~~~~~~~~~~~~~~~~~~~~~~~~~~~~~~~~~~~~~~~~~~
../demosrc/parse.c:1201:3: warning: ignoring return value of ‘fscanf’, declared with attribute warn_unused_result [-Wunused-result]
 1201 |   fscanf(ph->ifp, "%f", &topval);
      |   ^~~~~~~~~~~~~~~~~~~~~~~~~~~~~~
../demosrc/parse.c:1204:3: warning: ignoring return value of ‘fscanf’, declared with attribute warn_unused_result [-Wunused-result]
 1204 |   fscanf(ph->ifp, "%f", &botval);
      |   ^~~~~~~~~~~~~~~~~~~~~~~~~~~~~~
../demosrc/parse.c:1207:3: warning: ignoring return value of ‘fscanf’, declared with attribute warn_unused_result [-Wunused-result]
 1207 |   fscanf(ph->ifp, "%f %f %f", &topcol[0], &topcol[1], &topcol[2]);
      |   ^~~~~~~~~~~~~~~~~~~~~~~~~~~~~~~~~~~~~~~~~~~~~~~~~~~~~~~~~~~~~~~
../demosrc/parse.c:1210:3: warning: ignoring return value of ‘fscanf’, declared with attribute warn_unused_result [-Wunused-result]
 1210 |   fscanf(ph->ifp, "%f %f %f", &botcol[0], &botcol[1], &botcol[2]);
      |   ^~~~~~~~~~~~~~~~~~~~~~~~~~~~~~~~~~~~~~~~~~~~~~~~~~~~~~~~~~~~~~~
../demosrc/parse.c: In function ‘GetFog’:
../demosrc/parse.c:1135:3: warning: ignoring return value of ‘fscanf’, declared with attribute warn_unused_result [-Wunused-result]
 1135 |   fscanf(ph->ifp, "%s", tmp);
      |   ^~~~~~~~~~~~~~~~~~~~~~~~~~
../demosrc/parse.c:1147:3: warning: ignoring return value of ‘fscanf’, declared with attribute warn_unused_result [-Wunused-result]
 1147 |   fscanf(ph->ifp, "%f", &start);
      |   ^~~~~~~~~~~~~~~~~~~~~~~~~~~~~
../demosrc/parse.c:1150:3: warning: ignoring return value of ‘fscanf’, declared with attribute warn_unused_result [-Wunused-result]
 1150 |   fscanf(ph->ifp, "%f", &end);
      |   ^~~~~~~~~~~~~~~~~~~~~~~~~~~
../demosrc/parse.c:1153:3: warning: ignoring return value of ‘fscanf’, declared with attribute warn_unused_result [-Wunused-result]
 1153 |   fscanf(ph->ifp, "%f", &density);
      |   ^~~~~~~~~~~~~~~~~~~~~~~~~~~~~~~
../demosrc/parse.c: In function ‘GetTexBody’:
../demosrc/parse.c:819:3: warning: ignoring return value of ‘fscanf’, declared with attribute warn_unused_result [-Wunused-result]
  819 |   fscanf(ph->ifp, "%f", &a);
      |   ^~~~~~~~~~~~~~~~~~~~~~~~~
../demosrc/parse.c:823:3: warning: ignoring return value of ‘fscanf’, declared with attribute warn_unused_result [-Wunused-result]
  823 |   fscanf(ph->ifp, "%f", &b);
      |   ^~~~~~~~~~~~~~~~~~~~~~~~~
../demosrc/parse.c:827:3: warning: ignoring return value of ‘fscanf’, declared with attribute warn_unused_result [-Wunused-result]
  827 |   fscanf(ph->ifp, "%f", &c);
      |   ^~~~~~~~~~~~~~~~~~~~~~~~~
../demosrc/parse.c:831:3: warning: ignoring return value of ‘fscanf’, declared with attribute warn_unused_result [-Wunused-result]
  831 |   fscanf(ph->ifp, "%f", &d);
      |   ^~~~~~~~~~~~~~~~~~~~~~~~~
../demosrc/parse.c:834:3: warning: ignoring return value of ‘fscanf’, declared with attribute warn_unused_result [-Wunused-result]
  834 |   fscanf(ph->ifp, "%s", tmp);
      |   ^~~~~~~~~~~~~~~~~~~~~~~~~~
../demosrc/parse.c:836:5: warning: ignoring return value of ‘fscanf’, declared with attribute warn_unused_result [-Wunused-result]
  836 |     fscanf(ph->ifp, "%s", tmp);
      |     ^~~~~~~~~~~~~~~~~~~~~~~~~~
../demosrc/parse.c:840:5: warning: ignoring return value of ‘fscanf’, declared with attribute warn_unused_result [-Wunused-result]
  840 |     fscanf(ph->ifp, "%s", tmp); /* read next item */
      |     ^~~~~~~~~~~~~~~~~~~~~~~~~~
../demosrc/parse.c:844:5: warning: ignoring return value of ‘fscanf’, declared with attribute warn_unused_result [-Wunused-result]
  844 |     fscanf(ph->ifp, "%f", &outline);
      |     ^~~~~~~~~~~~~~~~~~~~~~~~~~~~~~~
../demosrc/parse.c:846:5: warning: ignoring return value of ‘fscanf’, declared with attribute warn_unused_result [-Wunused-result]
  846 |     fscanf(ph->ifp, "%f", &outlinewidth);
      |     ^~~~~~~~~~~~~~~~~~~~~~~~~~~~~~~~~~~~
../demosrc/parse.c:847:5: warning: ignoring return value of ‘fscanf’, declared with attribute warn_unused_result [-Wunused-result]
  847 |     fscanf(ph->ifp, "%s", tmp); /* read next item */
      |     ^~~~~~~~~~~~~~~~~~~~~~~~~~
../demosrc/parse.c:851:5: warning: ignoring return value of ‘fscanf’, declared with attribute warn_unused_result [-Wunused-result]
  851 |     fscanf(ph->ifp, "%s", tmp);
      |     ^~~~~~~~~~~~~~~~~~~~~~~~~~
../demosrc/parse.c:860:5: warning: ignoring return value of ‘fscanf’, declared with attribute warn_unused_result [-Wunused-result]
  860 |     fscanf(ph->ifp, "%f", &phong);
      |     ^~~~~~~~~~~~~~~~~~~~~~~~~~~~~
../demosrc/parse.c:862:5: warning: ignoring return value of ‘fscanf’, declared with attribute warn_unused_result [-Wunused-result]
  862 |     fscanf(ph->ifp, "%f", &phongexp);
      |     ^~~~~~~~~~~~~~~~~~~~~~~~~~~~~~~~
../demosrc/parse.c:863:5: warning: ignoring return value of ‘fscanf’, declared with attribute warn_unused_result [-Wunused-result]
  863 |     fscanf(ph->ifp, "%s", tmp);
      |     ^~~~~~~~~~~~~~~~~~~~~~~~~~
../demosrc/parse.c:877:5: warning: ignoring return value of ‘fscanf’, declared with attribute warn_unused_result [-Wunused-result]
  877 |     fscanf(ph->ifp, "%f %f %f", &a, &b, &c);
      |     ^~~~~~~~~~~~~~~~~~~~~~~~~~~~~~~~~~~~~~~
../demosrc/parse.c:885:5: warning: ignoring return value of ‘fscanf’, declared with attribute warn_unused_result [-Wunused-result]
  885 |     fscanf(ph->ifp, "%d", &tex.texturefunc);
      |     ^~~~~~~~~~~~~~~~~~~~~~~~~~~~~~~~~~~~~~~
../demosrc/parse.c:908:9: warning: ignoring return value of ‘fscanf’, declared with attribute warn_unused_result [-Wunused-result]
  908 |         fscanf(ph->ifp, "%s", tex.imap);
      |         ^~~~~~~~~~~~~~~~~~~~~~~~~~~~~~~
../demosrc/parse.c:918:9: warning: ignoring return value of ‘fscanf’, declared with attribute warn_unused_result [-Wunused-result]
  918 |         fscanf(ph->ifp, "%s", tex.imap);
      |         ^~~~~~~~~~~~~~~~~~~~~~~~~~~~~~~
../demosrc/parse.c:932:9: warning: ignoring return value of ‘fscanf’, declared with attribute warn_unused_result [-Wunused-result]
  932 |         fscanf(ph->ifp, "%s", tex.imap);
      |         ^~~~~~~~~~~~~~~~~~~~~~~~~~~~~~~
At top level:
../demosrc/parse.c:1500:16: warning: ‘GetSphereArray’ defined but not used [-Wunused-function]
 1500 | static errcode GetSphereArray(parsehandle * ph, SceneHandle scene) {
      |                ^~~~~~~~~~~~~~
gcc -m64 -Wall -O3 -fomit-frame-pointer -ffast-math -DLinux  -DTHR -DUSEATOMICBARRIERS -D_REENTRANT         -I../src -I../demosrc -c ../demosrc/nffparse.c -o ../compile/linux-64-thr/libtachyon/nffparse.o
../demosrc/nffparse.c: In function ‘NFFGetString’:
../demosrc/nffparse.c:47:3: warning: ignoring return value of ‘fscanf’, declared with attribute warn_unused_result [-Wunused-result]
   47 |   fscanf(dfile,"%s",data);
      |   ^~~~~~~~~~~~~~~~~~~~~~~
../demosrc/nffparse.c: In function ‘NFFGetVector’:
../demosrc/nffparse.c:59:3: warning: ignoring return value of ‘fscanf’, declared with attribute warn_unused_result [-Wunused-result]
   59 |   fscanf(dfile, "%f %f %f", &a, &b, &c);
      |   ^~~~~~~~~~~~~~~~~~~~~~~~~~~~~~~~~~~~~
../demosrc/nffparse.c: In function ‘NFFGetScenedefs’:
../demosrc/nffparse.c:109:3: warning: ignoring return value of ‘fscanf’, declared with attribute warn_unused_result [-Wunused-result]
  109 |   fscanf(dfile, "%f", &vangle);
      |   ^~~~~~~~~~~~~~~~~~~~~~~~~~~~
../demosrc/nffparse.c:114:3: warning: ignoring return value of ‘fscanf’, declared with attribute warn_unused_result [-Wunused-result]
  114 |   fscanf(dfile, "%f", &hither);
      |   ^~~~~~~~~~~~~~~~~~~~~~~~~~~~
../demosrc/nffparse.c:117:3: warning: ignoring return value of ‘fscanf’, declared with attribute warn_unused_result [-Wunused-result]
  117 |   fscanf(dfile, "%d %d", &xres, &yres);
      |   ^~~~~~~~~~~~~~~~~~~~~~~~~~~~~~~~~~~~
../demosrc/nffparse.c: In function ‘NFFGetBackground’:
../demosrc/nffparse.c:138:3: warning: ignoring return value of ‘fscanf’, declared with attribute warn_unused_result [-Wunused-result]
  138 |   fscanf(dfile, "%f %f %f", &r, &g, &b);
      |   ^~~~~~~~~~~~~~~~~~~~~~~~~~~~~~~~~~~~~
../demosrc/nffparse.c: In function ‘NFFGetLight’:
../demosrc/nffparse.c:157:3: warning: ignoring return value of ‘fscanf’, declared with attribute warn_unused_result [-Wunused-result]
  157 |   fscanf(dfile, "%f %f %f", &r, &g, &b);
      |   ^~~~~~~~~~~~~~~~~~~~~~~~~~~~~~~~~~~~~
../demosrc/nffparse.c: In function ‘NFFGetTexture’:
../demosrc/nffparse.c:171:3: warning: ignoring return value of ‘fscanf’, declared with attribute warn_unused_result [-Wunused-result]
  171 |   fscanf(dfile, "%f %f %f %f %f %f %f %f",
      |   ^~~~~~~~~~~~~~~~~~~~~~~~~~~~~~~~~~~~~~~~
  172 |          &r, &g, &b, &Kd, &Ks, &Shine, &T, &IOR);
      |          ~~~~~~~~~~~~~~~~~~~~~~~~~~~~~~~~~~~~~~~
../demosrc/nffparse.c: In function ‘NFFGetCylCone’:
../demosrc/nffparse.c:193:3: warning: ignoring return value of ‘fscanf’, declared with attribute warn_unused_result [-Wunused-result]
  193 |   fscanf(dfile, "%f", &baserad);
      |   ^~~~~~~~~~~~~~~~~~~~~~~~~~~~~
../demosrc/nffparse.c:196:3: warning: ignoring return value of ‘fscanf’, declared with attribute warn_unused_result [-Wunused-result]
  196 |   fscanf(dfile, "%f", &apexrad);
      |   ^~~~~~~~~~~~~~~~~~~~~~~~~~~~~
../demosrc/nffparse.c: In function ‘NFFGetSphere’:
../demosrc/nffparse.c:215:3: warning: ignoring return value of ‘fscanf’, declared with attribute warn_unused_result [-Wunused-result]
  215 |   fscanf(dfile, "%f", &a);
      |   ^~~~~~~~~~~~~~~~~~~~~~~
../demosrc/nffparse.c: In function ‘NFFGetPolygon’:
../demosrc/nffparse.c:227:3: warning: ignoring return value of ‘fscanf’, declared with attribute warn_unused_result [-Wunused-result]
  227 |   fscanf(dfile, "%d", &numverts);
      |   ^~~~~~~~~~~~~~~~~~~~~~~~~~~~~~
../demosrc/nffparse.c: In function ‘NFFGetPatch’:
../demosrc/nffparse.c:246:3: warning: ignoring return value of ‘fscanf’, declared with attribute warn_unused_result [-Wunused-result]
  246 |   fscanf(dfile, "%d", &numverts);
      |   ^~~~~~~~~~~~~~~~~~~~~~~~~~~~~~
gcc -m64 -Wall -O3 -fomit-frame-pointer -ffast-math -DLinux  -DTHR -DUSEATOMICBARRIERS -D_REENTRANT        -I../src -I../demosrc -c ../demosrc/glwin.c -o ../compile/linux-64-thr/libtachyon/glwin.o
gcc -m64 -Wall -O3 -fomit-frame-pointer -ffast-math -DLinux  -DTHR -DUSEATOMICBARRIERS -D_REENTRANT        -I../src -I../demosrc -c ../demosrc/spaceball.c -o ../compile/linux-64-thr/libtachyon/spaceball.o
gcc -m64 -Wall -O3 -fomit-frame-pointer -ffast-math -DLinux  -DTHR -DUSEATOMICBARRIERS -D_REENTRANT        -I../src -I../demosrc -c ../demosrc/trackball.c -o ../compile/linux-64-thr/libtachyon/trackball.o
gcc -m64 -Wall -O3 -fomit-frame-pointer -ffast-math -DLinux  -DTHR -DUSEATOMICBARRIERS -D_REENTRANT         -I../src -I../demosrc  -c ../demosrc/mgfparse.c -o ../compile/linux-64-thr/libtachyon/mgfparse.o
gcc -m64 -Wall -O3 -fomit-frame-pointer -ffast-math -DLinux  -DTHR -DUSEATOMICBARRIERS -D_REENTRANT         -I../src -I../demosrc -c ../demosrc/ac3dparse.c -o ../compile/linux-64-thr/libtachyon/ac3dparse.o
../demosrc/ac3dparse.c: In function ‘ParseAC3D’:
../demosrc/ac3dparse.c:105:3: warning: ignoring return value of ‘fscanf’, declared with attribute warn_unused_result [-Wunused-result]
  105 |   fscanf(dfile, "%s", filehdr);
      |   ^~~~~~~~~~~~~~~~~~~~~~~~~~~~
../demosrc/ac3dparse.c: In function ‘GetMaterial’:
../demosrc/ac3dparse.c:207:3: warning: ignoring return value of ‘fscanf’, declared with attribute warn_unused_result [-Wunused-result]
  207 |   fscanf(dfile, "%s", texname);
      |   ^~~~~~~~~~~~~~~~~~~~~~~~~~~~
../demosrc/ac3dparse.c:210:3: warning: ignoring return value of ‘fscanf’, declared with attribute warn_unused_result [-Wunused-result]
  210 |   fscanf(dfile, "%f %f %f", &a, &b, &c);
      |   ^~~~~~~~~~~~~~~~~~~~~~~~~~~~~~~~~~~~~
../demosrc/ac3dparse.c:217:3: warning: ignoring return value of ‘fscanf’, declared with attribute warn_unused_result [-Wunused-result]
  217 |   fscanf(dfile, "%f %f %f", &a, &b, &c);
      |   ^~~~~~~~~~~~~~~~~~~~~~~~~~~~~~~~~~~~~
../demosrc/ac3dparse.c:221:3: warning: ignoring return value of ‘fscanf’, declared with attribute warn_unused_result [-Wunused-result]
  221 |   fscanf(dfile, "%f %f %f", &a, &b, &c);
      |   ^~~~~~~~~~~~~~~~~~~~~~~~~~~~~~~~~~~~~
../demosrc/ac3dparse.c:224:3: warning: ignoring return value of ‘fscanf’, declared with attribute warn_unused_result [-Wunused-result]
  224 |   fscanf(dfile, "%f %f %f", &a, &b, &c);
      |   ^~~~~~~~~~~~~~~~~~~~~~~~~~~~~~~~~~~~~
../demosrc/ac3dparse.c:228:3: warning: ignoring return value of ‘fscanf’, declared with attribute warn_unused_result [-Wunused-result]
  228 |   fscanf(dfile, "%d", &e);
      |   ^~~~~~~~~~~~~~~~~~~~~~~
../demosrc/ac3dparse.c:231:3: warning: ignoring return value of ‘fscanf’, declared with attribute warn_unused_result [-Wunused-result]
  231 |   fscanf(dfile, "%f", &d);
      |   ^~~~~~~~~~~~~~~~~~~~~~~
../demosrc/ac3dparse.c: In function ‘GetString’:
../demosrc/ac3dparse.c:82:3: warning: ignoring return value of ‘fscanf’, declared with attribute warn_unused_result [-Wunused-result]
   82 |   fscanf(dfile,"%s",data);
      |   ^~~~~~~~~~~~~~~~~~~~~~~
../demosrc/ac3dparse.c: In function ‘GetRecurseObject’:
../demosrc/ac3dparse.c:398:3: warning: ignoring return value of ‘fscanf’, declared with attribute warn_unused_result [-Wunused-result]
  398 |   fscanf(dfile, "%s", objname);
      |   ^~~~~~~~~~~~~~~~~~~~~~~~~~~~
../demosrc/ac3dparse.c:399:3: warning: ignoring return value of ‘fscanf’, declared with attribute warn_unused_result [-Wunused-result]
  399 |   fscanf(dfile, "%s", token);
      |   ^~~~~~~~~~~~~~~~~~~~~~~~~~
../demosrc/ac3dparse.c:402:5: warning: ignoring return value of ‘fscanf’, declared with attribute warn_unused_result [-Wunused-result]
  402 |     fscanf(dfile, "%s", token);
      |     ^~~~~~~~~~~~~~~~~~~~~~~~~~
../demosrc/ac3dparse.c:405:5: warning: ignoring return value of ‘fscanf’, declared with attribute warn_unused_result [-Wunused-result]
  405 |     fscanf(dfile, "%d", &data);
      |     ^~~~~~~~~~~~~~~~~~~~~~~~~~
../demosrc/ac3dparse.c:406:5: warning: ignoring return value of ‘fscanf’, declared with attribute warn_unused_result [-Wunused-result]
  406 |     fscanf(dfile, "%s", token);
      |     ^~~~~~~~~~~~~~~~~~~~~~~~~~
../demosrc/ac3dparse.c:409:5: warning: ignoring return value of ‘fscanf’, declared with attribute warn_unused_result [-Wunused-result]
  409 |     fscanf(dfile, "%s", texname);
      |     ^~~~~~~~~~~~~~~~~~~~~~~~~~~~
../demosrc/ac3dparse.c:410:5: warning: ignoring return value of ‘fscanf’, declared with attribute warn_unused_result [-Wunused-result]
  410 |     fscanf(dfile, "%s", token);
      |     ^~~~~~~~~~~~~~~~~~~~~~~~~~
../demosrc/ac3dparse.c:413:5: warning: ignoring return value of ‘fscanf’, declared with attribute warn_unused_result [-Wunused-result]
  413 |     fscanf(dfile, "%f %f", &txrepa, &txrepb);
      |     ^~~~~~~~~~~~~~~~~~~~~~~~~~~~~~~~~~~~~~~~
../demosrc/ac3dparse.c:414:5: warning: ignoring return value of ‘fscanf’, declared with attribute warn_unused_result [-Wunused-result]
  414 |     fscanf(dfile, "%s", token);
      |     ^~~~~~~~~~~~~~~~~~~~~~~~~~
../demosrc/ac3dparse.c:419:9: warning: ignoring return value of ‘fscanf’, declared with attribute warn_unused_result [-Wunused-result]
  419 |         fscanf(dfile, "%f", &localrmat[j][i]);
      |         ^~~~~~~~~~~~~~~~~~~~~~~~~~~~~~~~~~~~~
../demosrc/ac3dparse.c:422:5: warning: ignoring return value of ‘fscanf’, declared with attribute warn_unused_result [-Wunused-result]
  422 |     fscanf(dfile, "%s", token);
      |     ^~~~~~~~~~~~~~~~~~~~~~~~~~
../demosrc/ac3dparse.c:426:7: warning: ignoring return value of ‘fscanf’, declared with attribute warn_unused_result [-Wunused-result]
  426 |       fscanf(dfile, "%f", &localtmat[j]);
      |       ^~~~~~~~~~~~~~~~~~~~~~~~~~~~~~~~~~
../demosrc/ac3dparse.c:428:5: warning: ignoring return value of ‘fscanf’, declared with attribute warn_unused_result [-Wunused-result]
  428 |     fscanf(dfile, "%s", token);
      |     ^~~~~~~~~~~~~~~~~~~~~~~~~~
../demosrc/ac3dparse.c:433:9: warning: ignoring return value of ‘fscanf’, declared with attribute warn_unused_result [-Wunused-result]
  433 |         fscanf(dfile, "%f", &localrmat[j][i]);
      |         ^~~~~~~~~~~~~~~~~~~~~~~~~~~~~~~~~~~~~
../demosrc/ac3dparse.c:436:5: warning: ignoring return value of ‘fscanf’, declared with attribute warn_unused_result [-Wunused-result]
  436 |     fscanf(dfile, "%s", token);
      |     ^~~~~~~~~~~~~~~~~~~~~~~~~~
../demosrc/ac3dparse.c:447:5: warning: ignoring return value of ‘fscanf’, declared with attribute warn_unused_result [-Wunused-result]
  447 |     fscanf(dfile, "%s", urlname);
      |     ^~~~~~~~~~~~~~~~~~~~~~~~~~~~
../demosrc/ac3dparse.c:448:5: warning: ignoring return value of ‘fscanf’, declared with attribute warn_unused_result [-Wunused-result]
  448 |     fscanf(dfile, "%s", token);
      |     ^~~~~~~~~~~~~~~~~~~~~~~~~~
../demosrc/ac3dparse.c:452:5: warning: ignoring return value of ‘fscanf’, declared with attribute warn_unused_result [-Wunused-result]
  452 |     fscanf(dfile, "%s", token);
      |     ^~~~~~~~~~~~~~~~~~~~~~~~~~
../demosrc/ac3dparse.c:457:5: warning: ignoring return value of ‘fscanf’, declared with attribute warn_unused_result [-Wunused-result]
  457 |     fscanf(dfile, "%d", &numvert);
      |     ^~~~~~~~~~~~~~~~~~~~~~~~~~~~~
../demosrc/ac3dparse.c:467:7: warning: ignoring return value of ‘fscanf’, declared with attribute warn_unused_result [-Wunused-result]
  467 |       fscanf(dfile, "%f %f %f", &vtx[0], &vtx[1], &vtx[2]);
      |       ^~~~~~~~~~~~~~~~~~~~~~~~~~~~~~~~~~~~~~~~~~~~~~~~~~~~
../demosrc/ac3dparse.c:475:5: warning: ignoring return value of ‘fscanf’, declared with attribute warn_unused_result [-Wunused-result]
  475 |     fscanf(dfile, "%s", token);
      |     ^~~~~~~~~~~~~~~~~~~~~~~~~~
../demosrc/ac3dparse.c:478:5: warning: ignoring return value of ‘fscanf’, declared with attribute warn_unused_result [-Wunused-result]
  478 |     fscanf(dfile, "%d", &numsurf);
      |     ^~~~~~~~~~~~~~~~~~~~~~~~~~~~~
../demosrc/ac3dparse.c:479:5: warning: ignoring return value of ‘fscanf’, declared with attribute warn_unused_result [-Wunused-result]
  479 |     fscanf(dfile, "%s", token);
      |     ^~~~~~~~~~~~~~~~~~~~~~~~~~
../demosrc/ac3dparse.c:492:9: warning: ignoring return value of ‘fscanf’, declared with attribute warn_unused_result [-Wunused-result]
  492 |         fscanf(dfile, "%s", token);
      |         ^~~~~~~~~~~~~~~~~~~~~~~~~~
../demosrc/ac3dparse.c:497:9: warning: ignoring return value of ‘fscanf’, declared with attribute warn_unused_result [-Wunused-result]
  497 |         fscanf(dfile, "%s", token);
      |         ^~~~~~~~~~~~~~~~~~~~~~~~~~
../demosrc/ac3dparse.c:500:9: warning: ignoring return value of ‘fscanf’, declared with attribute warn_unused_result [-Wunused-result]
  500 |         fscanf(dfile, "%d", &materialnum);
      |         ^~~~~~~~~~~~~~~~~~~~~~~~~~~~~~~~~
../demosrc/ac3dparse.c:501:9: warning: ignoring return value of ‘fscanf’, declared with attribute warn_unused_result [-Wunused-result]
  501 |         fscanf(dfile, "%s", token);
      |         ^~~~~~~~~~~~~~~~~~~~~~~~~~
../demosrc/ac3dparse.c:504:9: warning: ignoring return value of ‘fscanf’, declared with attribute warn_unused_result [-Wunused-result]
  504 |         fscanf(dfile, "%d", &numrefs);
      |         ^~~~~~~~~~~~~~~~~~~~~~~~~~~~~
../demosrc/ac3dparse.c:510:9: warning: ignoring return value of ‘fscanf’, declared with attribute warn_unused_result [-Wunused-result]
  510 |         fscanf(dfile, "%d %f %f", &refarray[i], &a, &b);
      |         ^~~~~~~~~~~~~~~~~~~~~~~~~~~~~~~~~~~~~~~~~~~~~~~
../demosrc/ac3dparse.c:542:7: warning: ignoring return value of ‘fscanf’, declared with attribute warn_unused_result [-Wunused-result]
  542 |       fscanf(dfile, "%s", token);
      |       ^~~~~~~~~~~~~~~~~~~~~~~~~~
../demosrc/ac3dparse.c:566:5: warning: ignoring return value of ‘fscanf’, declared with attribute warn_unused_result [-Wunused-result]
  566 |     fscanf(dfile, "%d", &numkids);
      |     ^~~~~~~~~~~~~~~~~~~~~~~~~~~~~
gcc -m64 -Wall -O3 -fomit-frame-pointer -ffast-math -DLinux  -DTHR -DUSEATOMICBARRIERS -D_REENTRANT        -I../src -I../demosrc -o ../compile/linux-64-thr/tachyon ../compile/linux-64-thr/libtachyon/main.o ../compile/linux-64-thr/libtachyon/getargs.o ../compile/linux-64-thr/libtachyon/parse.o ../compile/linux-64-thr/libtachyon/nffparse.o ../compile/linux-64-thr/libtachyon/glwin.o ../compile/linux-64-thr/libtachyon/spaceball.o ../compile/linux-64-thr/libtachyon/trackball.o ../compile/linux-64-thr/libtachyon/mgfparse.o ../compile/linux-64-thr/libtachyon/ac3dparse.o  -L../compile/linux-64-thr   -L. -ltachyon    -lm -lpthread
strip ../compile/linux-64-thr/tachyon
make[2]: Leaving directory '/var/lib/phoronix-test-suite/installed-tests/pts/tachyon-1.3.0/tachyon/unix'

Build Complete
make[1]: Leaving directory '/var/lib/phoronix-test-suite/installed-tests/pts/tachyon-1.3.0/tachyon/unix'
